
**** Clean-only build of configuration Debug for project kf1304_master ****

make clean 
rm -rf  ./src/GlobalHelper.o ./src/StringHelper.o ./src/TextLogger.o ./src/kf1304_master.o ./src/master.o ./src/slaver.o  ./src/GlobalHelper.d ./src/StringHelper.d ./src/TextLogger.d ./src/kf1304_master.d ./src/master.d ./src/slaver.d  kf1304_master
 

**** Build Finished ****

**** Build of configuration Debug for project kf1304_master ****

make all 
Building file: ../src/GlobalHelper.cpp
Invoking: GCC C++ Compiler
g++ -O0 -g3 -Wall -c -fmessage-length=0 -MMD -MP -MF"src/GlobalHelper.d" -MT"src/GlobalHelper.d" -o "src/GlobalHelper.o" "../src/GlobalHelper.cpp"
Finished building: ../src/GlobalHelper.cpp
 
Building file: ../src/StringHelper.cpp
Invoking: GCC C++ Compiler
g++ -O0 -g3 -Wall -c -fmessage-length=0 -MMD -MP -MF"src/StringHelper.d" -MT"src/StringHelper.d" -o "src/StringHelper.o" "../src/StringHelper.cpp"
Finished building: ../src/StringHelper.cpp
 
Building file: ../src/TextLogger.cpp
Invoking: GCC C++ Compiler
g++ -O0 -g3 -Wall -c -fmessage-length=0 -MMD -MP -MF"src/TextLogger.d" -MT"src/TextLogger.d" -o "src/TextLogger.o" "../src/TextLogger.cpp"
Finished building: ../src/TextLogger.cpp
 
Building file: ../src/kf1304_master.cpp
Invoking: GCC C++ Compiler
g++ -O0 -g3 -Wall -c -fmessage-length=0 -MMD -MP -MF"src/kf1304_master.d" -MT"src/kf1304_master.d" -o "src/kf1304_master.o" "../src/kf1304_master.cpp"
Finished building: ../src/kf1304_master.cpp
 
Building file: ../src/master.cpp
Invoking: GCC C++ Compiler
g++ -O0 -g3 -Wall -c -fmessage-length=0 -MMD -MP -MF"src/master.d" -MT"src/master.d" -o "src/master.o" "../src/master.cpp"
Finished building: ../src/master.cpp
 
Building file: ../src/slaver.cpp
Invoking: GCC C++ Compiler
g++ -O0 -g3 -Wall -c -fmessage-length=0 -MMD -MP -MF"src/slaver.d" -MT"src/slaver.d" -o "src/slaver.o" "../src/slaver.cpp"
Finished building: ../src/slaver.cpp
 
Building target: kf1304_master
Invoking: GCC C++ Linker
g++  -o "kf1304_master"  ./src/GlobalHelper.o ./src/StringHelper.o ./src/TextLogger.o ./src/kf1304_master.o ./src/master.o ./src/slaver.o   
Finished building target: kf1304_master
 

**** Build Finished ****

**** Build of configuration Debug for project kf1304_master ****

make all 
Building file: ../src/kf1304_master.cpp
Invoking: GCC C++ Compiler
g++ -O0 -g3 -Wall -c -fmessage-length=0 -MMD -MP -MF"src/kf1304_master.d" -MT"src/kf1304_master.d" -o "src/kf1304_master.o" "../src/kf1304_master.cpp"
Finished building: ../src/kf1304_master.cpp
 
Building file: ../src/master.cpp
Invoking: GCC C++ Compiler
g++ -O0 -g3 -Wall -c -fmessage-length=0 -MMD -MP -MF"src/master.d" -MT"src/master.d" -o "src/master.o" "../src/master.cpp"
Finished building: ../src/master.cpp
 
Building target: kf1304_master
Invoking: GCC C++ Linker
g++  -o "kf1304_master"  ./src/GlobalHelper.o ./src/StringHelper.o ./src/TextLogger.o ./src/kf1304_master.o ./src/master.o ./src/slaver.o   
Finished building target: kf1304_master
 

**** Build Finished ****

**** Build of configuration Debug for project kf1304_master ****

make all 
Building file: ../src/GlobalHelper.cpp
Invoking: GCC C++ Compiler
g++ -O0 -g3 -Wall -c -fmessage-length=0 -MMD -MP -MF"src/GlobalHelper.d" -MT"src/GlobalHelper.d" -o "src/GlobalHelper.o" "../src/GlobalHelper.cpp"
../src/GlobalHelper.h: In member function ‘void poseidon::GlobalHelper::init_address(sockaddr_in*, int, int, in_addr_t)’:
../src/GlobalHelper.h:223: 错误：expected `;' before ‘)’ token
make: *** [src/GlobalHelper.o] 错误 1

**** Build Finished ****

**** Build of configuration Debug for project kf1304_master ****

make all 
Building file: ../src/GlobalHelper.cpp
Invoking: GCC C++ Compiler
g++ -O0 -g3 -Wall -c -fmessage-length=0 -MMD -MP -MF"src/GlobalHelper.d" -MT"src/GlobalHelper.d" -o "src/GlobalHelper.o" "../src/GlobalHelper.cpp"
../src/GlobalHelper.h: In member function ‘void poseidon::GlobalHelper::init_address(sockaddr_in*, int, int, in_addr_t)’:
../src/GlobalHelper.h:223: 错误：expected `;' before ‘)’ token
make: *** [src/GlobalHelper.o] 错误 1

**** Build Finished ****

**** Build of configuration Debug for project kf1304_master ****

make all 
Building file: ../src/GlobalHelper.cpp
Invoking: GCC C++ Compiler
g++ -O0 -g3 -Wall -c -fmessage-length=0 -MMD -MP -MF"src/GlobalHelper.d" -MT"src/GlobalHelper.d" -o "src/GlobalHelper.o" "../src/GlobalHelper.cpp"
Finished building: ../src/GlobalHelper.cpp
 
Building file: ../src/kf1304_master.cpp
Invoking: GCC C++ Compiler
g++ -O0 -g3 -Wall -c -fmessage-length=0 -MMD -MP -MF"src/kf1304_master.d" -MT"src/kf1304_master.d" -o "src/kf1304_master.o" "../src/kf1304_master.cpp"
Finished building: ../src/kf1304_master.cpp
 
Building file: ../src/master.cpp
Invoking: GCC C++ Compiler
g++ -O0 -g3 -Wall -c -fmessage-length=0 -MMD -MP -MF"src/master.d" -MT"src/master.d" -o "src/master.o" "../src/master.cpp"
Finished building: ../src/master.cpp
 
Building file: ../src/slaver.cpp
Invoking: GCC C++ Compiler
g++ -O0 -g3 -Wall -c -fmessage-length=0 -MMD -MP -MF"src/slaver.d" -MT"src/slaver.d" -o "src/slaver.o" "../src/slaver.cpp"
Finished building: ../src/slaver.cpp
 
Building target: kf1304_master
Invoking: GCC C++ Linker
g++  -o "kf1304_master"  ./src/GlobalHelper.o ./src/StringHelper.o ./src/TextLogger.o ./src/kf1304_master.o ./src/master.o ./src/slaver.o   
Finished building target: kf1304_master
 

**** Build Finished ****

**** Build of configuration Debug for project kf1304_master ****

make all 
make: Nothing to be done for `all'.

**** Build Finished ****

**** Build of configuration Debug for project kf1304_master ****

make all 
Building file: ../src/kf1304_master.cpp
Invoking: GCC C++ Compiler
g++ -O0 -g3 -Wall -c -fmessage-length=0 -MMD -MP -MF"src/kf1304_master.d" -MT"src/kf1304_master.d" -o "src/kf1304_master.o" "../src/kf1304_master.cpp"
../src/master.h: In member function ‘int poseidon::master::service()’:
../src/master.h:73: 错误：‘sizeof’ 不能用于不完全的类型 ‘poseidon::socketaddr_in’
make: *** [src/kf1304_master.o] 错误 1

**** Build Finished ****

**** Build of configuration Debug for project kf1304_master ****

make all 
Building file: ../src/kf1304_master.cpp
Invoking: GCC C++ Compiler
g++ -O0 -g3 -Wall -c -fmessage-length=0 -MMD -MP -MF"src/kf1304_master.d" -MT"src/kf1304_master.d" -o "src/kf1304_master.o" "../src/kf1304_master.cpp"
../src/master.h: In member function ‘int poseidon::master::service()’:
../src/master.h:73: 错误：‘sizeof’ 不能用于不完全的类型 ‘poseidon::socketaddr_in’
make: *** [src/kf1304_master.o] 错误 1

**** Build Finished ****

**** Build of configuration Debug for project kf1304_master ****

make all 
Building file: ../src/kf1304_master.cpp
Invoking: GCC C++ Compiler
g++ -O0 -g3 -Wall -c -fmessage-length=0 -MMD -MP -MF"src/kf1304_master.d" -MT"src/kf1304_master.d" -o "src/kf1304_master.o" "../src/kf1304_master.cpp"
../src/master.h: In member function ‘int poseidon::master::service()’:
../src/master.h:73: 错误：‘socketaddr_in’ 在此作用域中尚未声明
make: *** [src/kf1304_master.o] 错误 1

**** Build Finished ****

**** Build of configuration Debug for project kf1304_master ****

make all 
Building file: ../src/kf1304_master.cpp
Invoking: GCC C++ Compiler
g++ -O0 -g3 -Wall -c -fmessage-length=0 -MMD -MP -MF"src/kf1304_master.d" -MT"src/kf1304_master.d" -o "src/kf1304_master.o" "../src/kf1304_master.cpp"
Finished building: ../src/kf1304_master.cpp
 
Building file: ../src/master.cpp
Invoking: GCC C++ Compiler
g++ -O0 -g3 -Wall -c -fmessage-length=0 -MMD -MP -MF"src/master.d" -MT"src/master.d" -o "src/master.o" "../src/master.cpp"
Finished building: ../src/master.cpp
 
Building target: kf1304_master
Invoking: GCC C++ Linker
g++  -o "kf1304_master"  ./src/GlobalHelper.o ./src/StringHelper.o ./src/TextLogger.o ./src/kf1304_master.o ./src/master.o ./src/slaver.o   
Finished building target: kf1304_master
 

**** Build Finished ****

**** Build of configuration Debug for project kf1304_master ****

make all 
Building file: ../src/GlobalHelper.cpp
Invoking: GCC C++ Compiler
g++ -O0 -g3 -Wall -c -fmessage-length=0 -MMD -MP -MF"src/GlobalHelper.d" -MT"src/GlobalHelper.d" -o "src/GlobalHelper.o" "../src/GlobalHelper.cpp"
../src/GlobalHelper.h:61: 错误：ISO C++ 不允许成员 ‘BUFSIZE’ 的初始化
../src/GlobalHelper.h:61: 错误：使 ‘BUFSIZE’ 成为静态的
../src/GlobalHelper.h:61: 错误：ISO C++ 不允许在类内初始化非常量静态成员 ‘BUFSIZE’
make: *** [src/GlobalHelper.o] 错误 1

**** Build Finished ****

**** Build of configuration Debug for project kf1304_master ****

make all 
Building file: ../src/GlobalHelper.cpp
Invoking: GCC C++ Compiler
g++ -O0 -g3 -Wall -c -fmessage-length=0 -MMD -MP -MF"src/GlobalHelper.d" -MT"src/GlobalHelper.d" -o "src/GlobalHelper.o" "../src/GlobalHelper.cpp"
../src/GlobalHelper.h:61: 错误：ISO C++ 不允许成员 ‘BUFSIZE’ 的初始化
../src/GlobalHelper.h:61: 错误：使 ‘BUFSIZE’ 成为静态的
make: *** [src/GlobalHelper.o] 错误 1

**** Build Finished ****

**** Build of configuration Debug for project kf1304_master ****

make all 
Building file: ../src/GlobalHelper.cpp
Invoking: GCC C++ Compiler
g++ -O0 -g3 -Wall -c -fmessage-length=0 -MMD -MP -MF"src/GlobalHelper.d" -MT"src/GlobalHelper.d" -o "src/GlobalHelper.o" "../src/GlobalHelper.cpp"
../src/GlobalHelper.h: In constructor ‘poseidon::GlobalHelper::GlobalHelper()’:
../src/GlobalHelper.h:62: 错误：未初始化的成员 ‘poseidon::GlobalHelper::BUFSIZE’ 具有 ‘const’ 类型 ‘const int’
../src/GlobalHelper.h:63: 错误：assignment of read-only data-member ‘poseidon::GlobalHelper::BUFSIZE’
../src/GlobalHelper.cpp: At global scope:
../src/GlobalHelper.cpp:11: 错误：redefinition of ‘poseidon::GlobalHelper::GlobalHelper()’
../src/GlobalHelper.h:62: 错误：‘poseidon::GlobalHelper::GlobalHelper()’ 已在此定义过
../src/GlobalHelper.h: In constructor ‘poseidon::GlobalHelper::GlobalHelper()’:
../src/GlobalHelper.h:62: 错误：未初始化的成员 ‘poseidon::GlobalHelper::BUFSIZE’ 具有 ‘const’ 类型 ‘const int’
make: *** [src/GlobalHelper.o] 错误 1

**** Build Finished ****

**** Build of configuration Debug for project kf1304_master ****

make all 
Building file: ../src/GlobalHelper.cpp
Invoking: GCC C++ Compiler
g++ -O0 -g3 -Wall -c -fmessage-length=0 -MMD -MP -MF"src/GlobalHelper.d" -MT"src/GlobalHelper.d" -o "src/GlobalHelper.o" "../src/GlobalHelper.cpp"
../src/GlobalHelper.cpp:11: 错误：redefinition of ‘poseidon::GlobalHelper::GlobalHelper()’
../src/GlobalHelper.h:62: 错误：‘poseidon::GlobalHelper::GlobalHelper()’ 已在此定义过
make: *** [src/GlobalHelper.o] 错误 1

**** Build Finished ****

**** Build of configuration Debug for project kf1304_master ****

make all 
Building file: ../src/GlobalHelper.cpp
Invoking: GCC C++ Compiler
g++ -O0 -g3 -Wall -c -fmessage-length=0 -MMD -MP -MF"src/GlobalHelper.d" -MT"src/GlobalHelper.d" -o "src/GlobalHelper.o" "../src/GlobalHelper.cpp"
Finished building: ../src/GlobalHelper.cpp
 
Building file: ../src/kf1304_master.cpp
Invoking: GCC C++ Compiler
g++ -O0 -g3 -Wall -c -fmessage-length=0 -MMD -MP -MF"src/kf1304_master.d" -MT"src/kf1304_master.d" -o "src/kf1304_master.o" "../src/kf1304_master.cpp"
../src/master.h: In member function ‘int poseidon::master::service()’:
../src/master.h:52: 错误：‘request_buff’ 的存储大小未知
../src/master.h:82: 错误：‘reqBuf’ 在此作用域中尚未声明
../src/master.h:82: 错误：expected primary-expression before ‘)’ token
../src/master.h:52: 警告：未使用的变量 ‘request_buff’
make: *** [src/kf1304_master.o] 错误 1

**** Build Finished ****

**** Build of configuration Debug for project kf1304_master ****

make all 
Building file: ../src/GlobalHelper.cpp
Invoking: GCC C++ Compiler
g++ -O0 -g3 -Wall -c -fmessage-length=0 -MMD -MP -MF"src/GlobalHelper.d" -MT"src/GlobalHelper.d" -o "src/GlobalHelper.o" "../src/GlobalHelper.cpp"
Finished building: ../src/GlobalHelper.cpp
 
Building file: ../src/kf1304_master.cpp
Invoking: GCC C++ Compiler
g++ -O0 -g3 -Wall -c -fmessage-length=0 -MMD -MP -MF"src/kf1304_master.d" -MT"src/kf1304_master.d" -o "src/kf1304_master.o" "../src/kf1304_master.cpp"
../src/master.h: In member function ‘int poseidon::master::service()’:
../src/master.h:82: 错误：‘reqBuf’ 在此作用域中尚未声明
../src/master.h:82: 错误：expected primary-expression before ‘)’ token
../src/master.h:52: 警告：未使用的变量 ‘request_buff’
make: *** [src/kf1304_master.o] 错误 1

**** Build Finished ****

**** Build of configuration Debug for project kf1304_master ****

make all 
Building file: ../src/GlobalHelper.cpp
Invoking: GCC C++ Compiler
g++ -O0 -g3 -Wall -c -fmessage-length=0 -MMD -MP -MF"src/GlobalHelper.d" -MT"src/GlobalHelper.d" -o "src/GlobalHelper.o" "../src/GlobalHelper.cpp"
Finished building: ../src/GlobalHelper.cpp
 
Building file: ../src/kf1304_master.cpp
Invoking: GCC C++ Compiler
g++ -O0 -g3 -Wall -c -fmessage-length=0 -MMD -MP -MF"src/kf1304_master.d" -MT"src/kf1304_master.d" -o "src/kf1304_master.o" "../src/kf1304_master.cpp"
Finished building: ../src/kf1304_master.cpp
 
Building file: ../src/master.cpp
Invoking: GCC C++ Compiler
g++ -O0 -g3 -Wall -c -fmessage-length=0 -MMD -MP -MF"src/master.d" -MT"src/master.d" -o "src/master.o" "../src/master.cpp"
Finished building: ../src/master.cpp
 
Building file: ../src/slaver.cpp
Invoking: GCC C++ Compiler
g++ -O0 -g3 -Wall -c -fmessage-length=0 -MMD -MP -MF"src/slaver.d" -MT"src/slaver.d" -o "src/slaver.o" "../src/slaver.cpp"
Finished building: ../src/slaver.cpp
 
Building target: kf1304_master
Invoking: GCC C++ Linker
g++  -o "kf1304_master"  ./src/GlobalHelper.o ./src/StringHelper.o ./src/TextLogger.o ./src/kf1304_master.o ./src/master.o ./src/slaver.o   
Finished building target: kf1304_master
 

**** Build Finished ****

**** Build of configuration Debug for project kf1304_master ****

make all 
Building file: ../src/kf1304_master.cpp
Invoking: GCC C++ Compiler
g++ -O0 -g3 -Wall -c -fmessage-length=0 -MMD -MP -MF"src/kf1304_master.d" -MT"src/kf1304_master.d" -o "src/kf1304_master.o" "../src/kf1304_master.cpp"
Finished building: ../src/kf1304_master.cpp
 
Building file: ../src/master.cpp
Invoking: GCC C++ Compiler
g++ -O0 -g3 -Wall -c -fmessage-length=0 -MMD -MP -MF"src/master.d" -MT"src/master.d" -o "src/master.o" "../src/master.cpp"
Finished building: ../src/master.cpp
 
Building target: kf1304_master
Invoking: GCC C++ Linker
g++  -o "kf1304_master"  ./src/GlobalHelper.o ./src/StringHelper.o ./src/TextLogger.o ./src/kf1304_master.o ./src/master.o ./src/slaver.o   
Finished building target: kf1304_master
 

**** Build Finished ****

**** Build of configuration Debug for project kf1304_master ****

make all 
Building file: ../src/GlobalHelper.cpp
Invoking: GCC C++ Compiler
g++ -O0 -g3 -Wall -c -fmessage-length=0 -MMD -MP -MF"src/GlobalHelper.d" -MT"src/GlobalHelper.d" -o "src/GlobalHelper.o" "../src/GlobalHelper.cpp"
Finished building: ../src/GlobalHelper.cpp
 
Building file: ../src/kf1304_master.cpp
Invoking: GCC C++ Compiler
g++ -O0 -g3 -Wall -c -fmessage-length=0 -MMD -MP -MF"src/kf1304_master.d" -MT"src/kf1304_master.d" -o "src/kf1304_master.o" "../src/kf1304_master.cpp"
Finished building: ../src/kf1304_master.cpp
 
Building file: ../src/master.cpp
Invoking: GCC C++ Compiler
g++ -O0 -g3 -Wall -c -fmessage-length=0 -MMD -MP -MF"src/master.d" -MT"src/master.d" -o "src/master.o" "../src/master.cpp"
Finished building: ../src/master.cpp
 
Building file: ../src/slaver.cpp
Invoking: GCC C++ Compiler
g++ -O0 -g3 -Wall -c -fmessage-length=0 -MMD -MP -MF"src/slaver.d" -MT"src/slaver.d" -o "src/slaver.o" "../src/slaver.cpp"
Finished building: ../src/slaver.cpp
 
Building target: kf1304_master
Invoking: GCC C++ Linker
g++  -o "kf1304_master"  ./src/GlobalHelper.o ./src/StringHelper.o ./src/TextLogger.o ./src/kf1304_master.o ./src/master.o ./src/slaver.o   
Finished building target: kf1304_master
 

**** Build Finished ****

**** Build of configuration Debug for project kf1304_master ****

make all 
make: Nothing to be done for `all'.

**** Build Finished ****

**** Build of configuration Debug for project kf1304_master ****

make all 
Building file: ../src/kf1304_master.cpp
Invoking: GCC C++ Compiler
g++ -O0 -g3 -Wall -c -fmessage-length=0 -MMD -MP -MF"src/kf1304_master.d" -MT"src/kf1304_master.d" -o "src/kf1304_master.o" "../src/kf1304_master.cpp"
Finished building: ../src/kf1304_master.cpp
 
Building file: ../src/master.cpp
Invoking: GCC C++ Compiler
g++ -O0 -g3 -Wall -c -fmessage-length=0 -MMD -MP -MF"src/master.d" -MT"src/master.d" -o "src/master.o" "../src/master.cpp"
Finished building: ../src/master.cpp
 
Building target: kf1304_master
Invoking: GCC C++ Linker
g++  -o "kf1304_master"  ./src/GlobalHelper.o ./src/StringHelper.o ./src/TextLogger.o ./src/kf1304_master.o ./src/master.o ./src/slaver.o   
Finished building target: kf1304_master
 

**** Build Finished ****

**** Build of configuration Debug for project kf1304_master ****

make all 
make: Nothing to be done for `all'.

**** Build Finished ****

**** Build of configuration Debug for project kf1304_master ****

make all 
make: Nothing to be done for `all'.

**** Build Finished ****

**** Build of configuration Debug for project kf1304_master ****

make all 
make: Nothing to be done for `all'.

**** Build Finished ****

**** Build of configuration Debug for project kf1304_master ****

make all 
make: Nothing to be done for `all'.

**** Build Finished ****

**** Build of configuration Debug for project kf1304_master ****

make all 
make: Nothing to be done for `all'.

**** Build Finished ****

**** Build of configuration Debug for project kf1304_master ****

make all 
Building file: ../src/kf1304_master.cpp
Invoking: GCC C++ Compiler
g++ -O0 -g3 -Wall -c -fmessage-length=0 -MMD -MP -MF"src/kf1304_master.d" -MT"src/kf1304_master.d" -o "src/kf1304_master.o" "../src/kf1304_master.cpp"
Finished building: ../src/kf1304_master.cpp
 
Building file: ../src/master.cpp
Invoking: GCC C++ Compiler
g++ -O0 -g3 -Wall -c -fmessage-length=0 -MMD -MP -MF"src/master.d" -MT"src/master.d" -o "src/master.o" "../src/master.cpp"
Finished building: ../src/master.cpp
 
Building target: kf1304_master
Invoking: GCC C++ Linker
g++  -o "kf1304_master"  ./src/GlobalHelper.o ./src/StringHelper.o ./src/TextLogger.o ./src/kf1304_master.o ./src/master.o ./src/slaver.o   
Finished building target: kf1304_master
 

**** Build Finished ****

**** Build of configuration Debug for project kf1304_master ****

make all 
make: Nothing to be done for `all'.

**** Build Finished ****

**** Build of configuration Debug for project kf1304_master ****

make all 
make: Nothing to be done for `all'.

**** Build Finished ****

**** Build of configuration Debug for project kf1304_master ****

make all 
make: Nothing to be done for `all'.

**** Build Finished ****

**** Build of configuration Debug for project kf1304_master ****

make all 
Building file: ../src/kf1304_master.cpp
Invoking: GCC C++ Compiler
g++ -O0 -g3 -Wall -c -fmessage-length=0 -MMD -MP -MF"src/kf1304_master.d" -MT"src/kf1304_master.d" -o "src/kf1304_master.o" "../src/kf1304_master.cpp"
Finished building: ../src/kf1304_master.cpp
 
Building file: ../src/master.cpp
Invoking: GCC C++ Compiler
g++ -O0 -g3 -Wall -c -fmessage-length=0 -MMD -MP -MF"src/master.d" -MT"src/master.d" -o "src/master.o" "../src/master.cpp"
Finished building: ../src/master.cpp
 
Building target: kf1304_master
Invoking: GCC C++ Linker
g++  -o "kf1304_master"  ./src/GlobalHelper.o ./src/StringHelper.o ./src/TextLogger.o ./src/kf1304_master.o ./src/master.o ./src/slaver.o   
Finished building target: kf1304_master
 

**** Build Finished ****

**** Build of configuration Debug for project kf1304_master ****

make all 
Building file: ../src/kf1304_master.cpp
Invoking: GCC C++ Compiler
g++ -O0 -g3 -Wall -c -fmessage-length=0 -MMD -MP -MF"src/kf1304_master.d" -MT"src/kf1304_master.d" -o "src/kf1304_master.o" "../src/kf1304_master.cpp"
Finished building: ../src/kf1304_master.cpp
 
Building file: ../src/master.cpp
Invoking: GCC C++ Compiler
g++ -O0 -g3 -Wall -c -fmessage-length=0 -MMD -MP -MF"src/master.d" -MT"src/master.d" -o "src/master.o" "../src/master.cpp"
Finished building: ../src/master.cpp
 
Building target: kf1304_master
Invoking: GCC C++ Linker
g++  -o "kf1304_master"  ./src/GlobalHelper.o ./src/StringHelper.o ./src/TextLogger.o ./src/kf1304_master.o ./src/master.o ./src/slaver.o   
Finished building target: kf1304_master
 

**** Build Finished ****

**** Build of configuration Debug for project kf1304_master ****

make all 
Building file: ../src/GlobalHelper.cpp
Invoking: GCC C++ Compiler
g++ -O0 -g3 -Wall -c -fmessage-length=0 -MMD -MP -MF"src/GlobalHelper.d" -MT"src/GlobalHelper.d" -o "src/GlobalHelper.o" "../src/GlobalHelper.cpp"
../src/GlobalHelper.h:201: 错误：‘vector’ 未声明
../src/GlobalHelper.h:201: 错误：expected ‘,’ or ‘...’ before ‘<’ token
../src/GlobalHelper.h:211: 错误：‘vector’ 未声明
../src/GlobalHelper.h:211: 错误：expected ‘,’ or ‘...’ before ‘<’ token
../src/GlobalHelper.h: In member function ‘void poseidon::GlobalHelper::split_line(std::string, int)’:
../src/GlobalHelper.h:206: 错误：‘vec’ 在此作用域中尚未声明
../src/GlobalHelper.h: In member function ‘void poseidon::GlobalHelper::split_by_split_char(std::string, int)’:
../src/GlobalHelper.h:214: 错误：‘vec’ 在此作用域中尚未声明
../src/GlobalHelper.h: In member function ‘bool poseidon::GlobalHelper::split_line_test()’:
../src/GlobalHelper.h:219: 错误：‘vector’ 在此作用域中尚未声明
../src/GlobalHelper.h:219: 错误：expected primary-expression before ‘>’ token
../src/GlobalHelper.h:219: 错误：‘vec’ 在此作用域中尚未声明
../src/GlobalHelper.h:219: 错误：expected type-specifier before ‘vector’
../src/GlobalHelper.h:219: 错误：expected `;' before ‘vector’
../src/GlobalHelper.h:232: 错误：expected primary-expression before ‘>’ token
../src/GlobalHelper.h:232: 错误：‘vec2’ 在此作用域中尚未声明
../src/GlobalHelper.h:232: 错误：expected type-specifier before ‘vector’
../src/GlobalHelper.h:232: 错误：expected `;' before ‘vector’
make: *** [src/GlobalHelper.o] 错误 1

**** Build Finished ****

**** Build of configuration Debug for project kf1304_master ****

make all 
Building file: ../src/GlobalHelper.cpp
Invoking: GCC C++ Compiler
g++ -O0 -g3 -Wall -c -fmessage-length=0 -MMD -MP -MF"src/GlobalHelper.d" -MT"src/GlobalHelper.d" -o "src/GlobalHelper.o" "../src/GlobalHelper.cpp"
Finished building: ../src/GlobalHelper.cpp
 
Building file: ../src/kf1304_master.cpp
Invoking: GCC C++ Compiler
g++ -O0 -g3 -Wall -c -fmessage-length=0 -MMD -MP -MF"src/kf1304_master.d" -MT"src/kf1304_master.d" -o "src/kf1304_master.o" "../src/kf1304_master.cpp"
../src/master.h: In member function ‘int poseidon::master::service()’:
../src/master.h:114: 错误：不能将 ‘std::basic_string<char, std::char_traits<char>, std::allocator<char> >’ 转换为 ‘int’，在 initialization 中
make: *** [src/kf1304_master.o] 错误 1

**** Build Finished ****

**** Build of configuration Debug for project kf1304_master ****

make all 
Building file: ../src/kf1304_master.cpp
Invoking: GCC C++ Compiler
g++ -O0 -g3 -Wall -c -fmessage-length=0 -MMD -MP -MF"src/kf1304_master.d" -MT"src/kf1304_master.d" -o "src/kf1304_master.o" "../src/kf1304_master.cpp"
Finished building: ../src/kf1304_master.cpp
 
Building file: ../src/master.cpp
Invoking: GCC C++ Compiler
g++ -O0 -g3 -Wall -c -fmessage-length=0 -MMD -MP -MF"src/master.d" -MT"src/master.d" -o "src/master.o" "../src/master.cpp"
Finished building: ../src/master.cpp
 
Building file: ../src/slaver.cpp
Invoking: GCC C++ Compiler
g++ -O0 -g3 -Wall -c -fmessage-length=0 -MMD -MP -MF"src/slaver.d" -MT"src/slaver.d" -o "src/slaver.o" "../src/slaver.cpp"
Finished building: ../src/slaver.cpp
 
Building target: kf1304_master
Invoking: GCC C++ Linker
g++  -o "kf1304_master"  ./src/GlobalHelper.o ./src/StringHelper.o ./src/TextLogger.o ./src/kf1304_master.o ./src/master.o ./src/slaver.o   
Finished building target: kf1304_master
 

**** Build Finished ****

**** Build of configuration Debug for project kf1304_master ****

make all 
make: Nothing to be done for `all'.

**** Build Finished ****

**** Build of configuration Debug for project kf1304_master ****

make all 
Building file: ../src/kf1304_master.cpp
Invoking: GCC C++ Compiler
g++ -O0 -g3 -Wall -c -fmessage-length=0 -MMD -MP -MF"src/kf1304_master.d" -MT"src/kf1304_master.d" -o "src/kf1304_master.o" "../src/kf1304_master.cpp"
Finished building: ../src/kf1304_master.cpp
 
Building file: ../src/master.cpp
Invoking: GCC C++ Compiler
g++ -O0 -g3 -Wall -c -fmessage-length=0 -MMD -MP -MF"src/master.d" -MT"src/master.d" -o "src/master.o" "../src/master.cpp"
Finished building: ../src/master.cpp
 
Building target: kf1304_master
Invoking: GCC C++ Linker
g++  -o "kf1304_master"  ./src/GlobalHelper.o ./src/StringHelper.o ./src/TextLogger.o ./src/kf1304_master.o ./src/master.o ./src/slaver.o   
Finished building target: kf1304_master
 

**** Build Finished ****

**** Build of configuration Debug for project kf1304_master ****

make all 
make: Nothing to be done for `all'.

**** Build Finished ****

**** Build of configuration Debug for project kf1304_master ****

make all 
Building file: ../src/kf1304_master.cpp
Invoking: GCC C++ Compiler
g++ -O0 -g3 -Wall -c -fmessage-length=0 -MMD -MP -MF"src/kf1304_master.d" -MT"src/kf1304_master.d" -o "src/kf1304_master.o" "../src/kf1304_master.cpp"
Finished building: ../src/kf1304_master.cpp
 
Building file: ../src/master.cpp
Invoking: GCC C++ Compiler
g++ -O0 -g3 -Wall -c -fmessage-length=0 -MMD -MP -MF"src/master.d" -MT"src/master.d" -o "src/master.o" "../src/master.cpp"
Finished building: ../src/master.cpp
 
Building target: kf1304_master
Invoking: GCC C++ Linker
g++  -o "kf1304_master"  ./src/GlobalHelper.o ./src/StringHelper.o ./src/TextLogger.o ./src/kf1304_master.o ./src/master.o ./src/slaver.o   
Finished building target: kf1304_master
 

**** Build Finished ****

**** Build of configuration Debug for project kf1304_master ****

make all 
Building file: ../src/GlobalHelper.cpp
Invoking: GCC C++ Compiler
g++ -O0 -g3 -Wall -c -fmessage-length=0 -MMD -MP -MF"src/GlobalHelper.d" -MT"src/GlobalHelper.d" -o "src/GlobalHelper.o" "../src/GlobalHelper.cpp"
Finished building: ../src/GlobalHelper.cpp
 
Building file: ../src/kf1304_master.cpp
Invoking: GCC C++ Compiler
g++ -O0 -g3 -Wall -c -fmessage-length=0 -MMD -MP -MF"src/kf1304_master.d" -MT"src/kf1304_master.d" -o "src/kf1304_master.o" "../src/kf1304_master.cpp"
Finished building: ../src/kf1304_master.cpp
 
Building file: ../src/master.cpp
Invoking: GCC C++ Compiler
g++ -O0 -g3 -Wall -c -fmessage-length=0 -MMD -MP -MF"src/master.d" -MT"src/master.d" -o "src/master.o" "../src/master.cpp"
Finished building: ../src/master.cpp
 
Building file: ../src/slaver.cpp
Invoking: GCC C++ Compiler
g++ -O0 -g3 -Wall -c -fmessage-length=0 -MMD -MP -MF"src/slaver.d" -MT"src/slaver.d" -o "src/slaver.o" "../src/slaver.cpp"
Finished building: ../src/slaver.cpp
 
Building target: kf1304_master
Invoking: GCC C++ Linker
g++  -o "kf1304_master"  ./src/GlobalHelper.o ./src/StringHelper.o ./src/TextLogger.o ./src/kf1304_master.o ./src/master.o ./src/slaver.o   
Finished building target: kf1304_master
 

**** Build Finished ****

**** Build of configuration Debug for project kf1304_master ****

make all 
make: Nothing to be done for `all'.

**** Build Finished ****

**** Build of configuration Debug for project kf1304_master ****

make all 
make: Nothing to be done for `all'.

**** Build Finished ****

**** Build of configuration Debug for project kf1304_master ****

make all 
make: Nothing to be done for `all'.

**** Build Finished ****

**** Build of configuration Debug for project kf1304_master ****

make all 
Building file: ../src/kf1304_master.cpp
Invoking: GCC C++ Compiler
g++ -O0 -g3 -Wall -c -fmessage-length=0 -MMD -MP -MF"src/kf1304_master.d" -MT"src/kf1304_master.d" -o "src/kf1304_master.o" "../src/kf1304_master.cpp"
Finished building: ../src/kf1304_master.cpp
 
Building target: kf1304_master
Invoking: GCC C++ Linker
g++  -o "kf1304_master"  ./src/GlobalHelper.o ./src/StringHelper.o ./src/TextLogger.o ./src/kf1304_master.o ./src/master.o ./src/slaver.o   
Finished building target: kf1304_master
 

**** Build Finished ****
