#
# A fatal error has been detected by the Java Runtime Environment:
#
#  SIGSEGV (0xb) at pc=0x00db32ae, pid=8432, tid=3086067920
#
# JRE version: 6.0_38-b05
# Java VM: Java HotSpot(TM) Client VM (20.13-b02 mixed mode, sharing linux-x86 )
# Problematic frame:
# C  [libpango-1.0.so.0+0x122ae]  pango_context_load_font+0x3e
#
# If you would like to submit a bug report, please visit:
#   http://java.sun.com/webapps/bugreport/crash.jsp
# The crash happened outside the Java Virtual Machine in native code.
# See problematic frame for where to report the bug.
#

---------------  T H R E A D  ---------------

Current thread (0x09cc0400):  JavaThread "main" [_thread_in_native, id=8432, stack(0xbf9d4000,0xbfa24000)]

siginfo:si_signo=SIGSEGV: si_errno=0, si_code=1 (SEGV_MAPERR), si_addr=0x0000001b

Registers:
EAX=0x0b59a050, EBX=0x00ddf0e0, ECX=0x0b699120, EDX=0x0ae2a4f8
ESP=0xbfa224a0, EBP=0xbfa224b8, ESI=0xffffffff, EDI=0x0b699120
EIP=0x00db32ae, EFLAGS=0x00210206, CR2=0x0000001b

Top of Stack: (sp=0xbfa224a0)
0xbfa224a0:   0b699120 ffffffff 0b699120 00ddf0e0
0xbfa224b0:   00000000 0b43e1c0 bfa22548 00db8f66
0xbfa224c0:   ffffffff 0b699120 00000000 00000000
0xbfa224d0:   00000000 00000000 00000000 00a9d124
0xbfa224e0:   00000000 00000000 bfa22534 bfa22530
0xbfa224f0:   09c880d0 40212df0 00000001 0b699120
0xbfa22500:   bfa22568 0ae2a4f8 6b8caf88 00a850ee
0xbfa22510:   0abc797c 00000004 00000003 00a9d124 

Instructions: (pc=0x00db32ae)
0x00db328e:   7d 0c 85 f6 8d 83 d3 b9 fe ff 74 32 89 3c 24 e8
0x00db329e:   a6 60 ff ff 85 c0 74 20 89 7c 24 08 89 74 24 04
0x00db32ae:   8b 46 1c 89 04 24 e8 8f 5f ff ff 8b 5d f4 8b 75
0x00db32be:   f8 8b 7d fc 89 ec 5d c3 8d 83 e0 ba fe ff 89 44 

Register to memory mapping:

EAX=0x0b59a050 is an unknown value
EBX=0x00ddf0e0: <offset 0x3e0e0> in /usr/lib/libpango-1.0.so.0 at 0x00da1000
ECX=0x0b699120 is an unknown value
EDX=0x0ae2a4f8 is an unknown value
ESP=0xbfa224a0 is pointing into the stack for thread: 0x09cc0400
EBP=0xbfa224b8 is pointing into the stack for thread: 0x09cc0400
ESI=0xffffffff is an unknown value
EDI=0x0b699120 is an unknown value


Stack: [0xbf9d4000,0xbfa24000],  sp=0xbfa224a0,  free space=313k
Native frames: (J=compiled Java code, j=interpreted, Vv=VM code, C=native code)
C  [libpango-1.0.so.0+0x122ae]  pango_context_load_font+0x3e
C  [libpango-1.0.so.0+0x17f66]  pango_layout_line_get_extents+0x286
C  [libpango-1.0.so.0+0x1826f]  __float128+0x1826f
C  [libpango-1.0.so.0+0x1adc5]  __float128+0x1adc5
C  [libpango-1.0.so.0+0x1af91]  __float128+0x1af91
C  [libpango-1.0.so.0+0x1b0ef]  pango_layout_get_iter+0xaf
C  [libswt-pi-gtk-3740.so+0x4b3c1]  Java_org_eclipse_swt_internal_gtk_OS__1pango_1layout_1get_1iter+0x1b
J  org.eclipse.swt.internal.gtk.OS._pango_layout_get_iter(I)I
J  org.eclipse.swt.graphics.TextLayout.getOffset(II[I)I
J  org.eclipse.ui.console.TextConsoleViewer.mouseMove(Lorg/eclipse/swt/events/MouseEvent;)V
j  org.eclipse.ui.internal.Workbench.access$4(Lorg/eclipse/ui/internal/Workbench;)I+1
j  org.eclipse.ui.internal.Workbench$7.run()V+73
j  org.eclipse.core.databinding.observable.Realm.runWithDefault(Lorg/eclipse/core/databinding/observable/Realm;Ljava/lang/Runnable;)V+12
j  org.eclipse.ui.internal.Workbench.createAndRunWorkbench(Lorg/eclipse/swt/widgets/Display;Lorg/eclipse/ui/application/WorkbenchAdvisor;)I+18
j  org.eclipse.ui.PlatformUI.createAndRunWorkbench(Lorg/eclipse/swt/widgets/Display;Lorg/eclipse/ui/application/WorkbenchAdvisor;)I+2
j  org.eclipse.ui.internal.ide.application.IDEApplication.start(Lorg/eclipse/equinox/app/IApplicationContext;)Ljava/lang/Object;+108
j  org.eclipse.equinox.internal.app.EclipseAppHandle.run(Ljava/lang/Object;)Ljava/lang/Object;+135
j  org.eclipse.core.runtime.internal.adaptor.EclipseAppLauncher.runApplication(Ljava/lang/Object;)Ljava/lang/Object;+103
j  org.eclipse.core.runtime.internal.adaptor.EclipseAppLauncher.start(Ljava/lang/Object;)Ljava/lang/Object;+29
j  org.eclipse.core.runtime.adaptor.EclipseStarter.run(Ljava/lang/Object;)Ljava/lang/Object;+149
j  org.eclipse.core.runtime.adaptor.EclipseStarter.run([Ljava/lang/String;Ljava/lang/Runnable;)Ljava/lang/Object;+183
v  ~StubRoutines::call_stub
V  [libjvm.so+0x24d7e1]  JavaCalls::call_helper(JavaValue*, methodHandle*, JavaCallArguments*, Thread*)+0x1c1
V  [libjvm.so+0x38e088]  os::os_exception_wrapper(void (*)(JavaValue*, methodHandle*, JavaCallArguments*, Thread*), JavaValue*, methodHandle*, JavaCallArguments*, Thread*)+0x18
V  [libjvm.so+0x24d60f]  JavaCalls::call(JavaValue*, methodHandle, JavaCallArguments*, Thread*)+0x2f
V  [libjvm.so+0x3be2c5]  Reflection::invoke(instanceKlassHandle, methodHandle, Handle, bool, objArrayHandle, BasicType, objArrayHandle, bool, Thread*)+0x445
V  [libjvm.so+0x3c1687]  Reflection::invoke_method(oopDesc*, Handle, objArrayHandle, Thread*)+0x127
V  [libjvm.so+0x2cd1bf]  JVM_InvokeMethod+0x1ff
C  [libjava.so+0x15294]  Java_sun_reflect_NativeMethodAccessorImpl_invoke0+0x34
j  sun.reflect.NativeMethodAccessorImpl.invoke0(Ljava/lang/reflect/Method;Ljava/lang/Object;[Ljava/lang/Object;)Ljava/lang/Object;+0
j  sun.reflect.NativeMethodAccessorImpl.invoke(Ljava/lang/Object;[Ljava/lang/Object;)Ljava/lang/Object;+87
j  sun.reflect.DelegatingMethodAccessorImpl.invoke(Ljava/lang/Object;[Ljava/lang/Object;)Ljava/lang/Object;+6
j  java.lang.reflect.Method.invoke(Ljava/lang/Object;[Ljava/lang/Object;)Ljava/lang/Object;+161
j  org.eclipse.equinox.launcher.Main.invokeFramework([Ljava/lang/String;[Ljava/net/URL;)V+211
j  org.eclipse.equinox.launcher.Main.basicRun([Ljava/lang/String;)V+126
j  org.eclipse.equinox.launcher.Main.run([Ljava/lang/String;)I+4
v  ~StubRoutines::call_stub
V  [libjvm.so+0x24d7e1]  JavaCalls::call_helper(JavaValue*, methodHandle*, JavaCallArguments*, Thread*)+0x1c1
V  [libjvm.so+0x38e088]  os::os_exception_wrapper(void (*)(JavaValue*, methodHandle*, JavaCallArguments*, Thread*), JavaValue*, methodHandle*, JavaCallArguments*, Thread*)+0x18
V  [libjvm.so+0x24d60f]  JavaCalls::call(JavaValue*, methodHandle, JavaCallArguments*, Thread*)+0x2f
V  [libjvm.so+0x281e87]  jni_invoke_nonstatic(JNIEnv_*, JavaValue*, _jobject*, JNICallType, _jmethodID*, JNI_ArgumentPusher*, Thread*)+0x197
V  [libjvm.so+0x2625ae]  unsigned+0x14e
C  [eclipse_1407.so+0x83d9]  short+0x418
C  [eclipse_1407.so+0x9878]  short+0x24
C  [eclipse_1407.so+0x314b]  run+0x59d
C  [eclipse+0x10ee]  short+0x10ee
C  [libc.so.6+0x15e9c]  __libc_start_main+0xdc

Java frames: (J=compiled Java code, j=interpreted, Vv=VM code)
J  org.eclipse.swt.internal.gtk.OS._pango_layout_get_iter(I)I
J  org.eclipse.swt.graphics.TextLayout.getOffset(II[I)I
J  org.eclipse.swt.custom.StyledText.getOffsetAtPoint(II[IZ)I
j  org.eclipse.swt.custom.StyledText.getOffsetAtLocation(Lorg/eclipse/swt/graphics/Point;)I+27
J  org.eclipse.ui.console.TextConsoleViewer.mouseMove(Lorg/eclipse/swt/events/MouseEvent;)V
J  org.eclipse.swt.widgets.TypedListener.handleEvent(Lorg/eclipse/swt/widgets/Event;)V
J  org.eclipse.swt.widgets.EventTable.sendEvent(Lorg/eclipse/swt/widgets/Event;)V
J  org.eclipse.swt.widgets.Display.runDeferredEvents()Z
J  org.eclipse.swt.widgets.Display.readAndDispatch()Z
J  org.eclipse.ui.internal.Workbench.runEventLoop(Lorg/eclipse/jface/window/Window$IExceptionHandler;Lorg/eclipse/swt/widgets/Display;)V
j  org.eclipse.ui.internal.Workbench.runUI()I+555
j  org.eclipse.ui.internal.Workbench.access$4(Lorg/eclipse/ui/internal/Workbench;)I+1
j  org.eclipse.ui.internal.Workbench$7.run()V+73
j  org.eclipse.core.databinding.observable.Realm.runWithDefault(Lorg/eclipse/core/databinding/observable/Realm;Ljava/lang/Runnable;)V+12
j  org.eclipse.ui.internal.Workbench.createAndRunWorkbench(Lorg/eclipse/swt/widgets/Display;Lorg/eclipse/ui/application/WorkbenchAdvisor;)I+18
j  org.eclipse.ui.PlatformUI.createAndRunWorkbench(Lorg/eclipse/swt/widgets/Display;Lorg/eclipse/ui/application/WorkbenchAdvisor;)I+2
j  org.eclipse.ui.internal.ide.application.IDEApplication.start(Lorg/eclipse/equinox/app/IApplicationContext;)Ljava/lang/Object;+108
j  org.eclipse.equinox.internal.app.EclipseAppHandle.run(Ljava/lang/Object;)Ljava/lang/Object;+135
j  org.eclipse.core.runtime.internal.adaptor.EclipseAppLauncher.runApplication(Ljava/lang/Object;)Ljava/lang/Object;+103
j  org.eclipse.core.runtime.internal.adaptor.EclipseAppLauncher.start(Ljava/lang/Object;)Ljava/lang/Object;+29
j  org.eclipse.core.runtime.adaptor.EclipseStarter.run(Ljava/lang/Object;)Ljava/lang/Object;+149
j  org.eclipse.core.runtime.adaptor.EclipseStarter.run([Ljava/lang/String;Ljava/lang/Runnable;)Ljava/lang/Object;+183
v  ~StubRoutines::call_stub
j  sun.reflect.NativeMethodAccessorImpl.invoke0(Ljava/lang/reflect/Method;Ljava/lang/Object;[Ljava/lang/Object;)Ljava/lang/Object;+0
j  sun.reflect.NativeMethodAccessorImpl.invoke(Ljava/lang/Object;[Ljava/lang/Object;)Ljava/lang/Object;+87
j  sun.reflect.DelegatingMethodAccessorImpl.invoke(Ljava/lang/Object;[Ljava/lang/Object;)Ljava/lang/Object;+6
j  java.lang.reflect.Method.invoke(Ljava/lang/Object;[Ljava/lang/Object;)Ljava/lang/Object;+161
j  org.eclipse.equinox.launcher.Main.invokeFramework([Ljava/lang/String;[Ljava/net/URL;)V+211
j  org.eclipse.equinox.launcher.Main.basicRun([Ljava/lang/String;)V+126
j  org.eclipse.equinox.launcher.Main.run([Ljava/lang/String;)I+4
v  ~StubRoutines::call_stub

---------------  P R O C E S S  ---------------

Java Threads: ( => current thread )
  0x0b535000 JavaThread "Worker-295" [_thread_blocked, id=2070, stack(0x064aa000,0x064fb000)]
  0xb0440c00 JavaThread "Worker-292" [_thread_blocked, id=2067, stack(0x069cc000,0x06a1d000)]
  0x0b285400 JavaThread "org.eclipse.cdt.internal.ui.text.CReconciler" daemon [_thread_blocked, id=1042, stack(0x01cf6000,0x01d47000)]
  0x0a909400 JavaThread "org.eclipse.cdt.internal.ui.text.CReconciler" daemon [_thread_blocked, id=32629, stack(0x0145e000,0x014af000)]
  0x0af49400 JavaThread "org.eclipse.cdt.internal.ui.text.CReconciler" daemon [_thread_blocked, id=32542, stack(0x07a89000,0x07ada000)]
  0x0abea800 JavaThread "org.eclipse.cdt.internal.ui.text.CReconciler" daemon [_thread_blocked, id=32541, stack(0x01402000,0x01453000)]
  0x0a6d1c00 JavaThread "[ThreadPool Manager] - Idle Thread" daemon [_thread_blocked, id=8499, stack(0x02cde000,0x02d2f000)]
  0x09e39c00 JavaThread "Worker-5" [_thread_blocked, id=8475, stack(0x08465000,0x084b6000)]
  0x0a4e8800 JavaThread "Bundle File Closer" daemon [_thread_blocked, id=8471, stack(0x0424e000,0x0429f000)]
  0x09f37800 JavaThread "Java indexing" daemon [_thread_blocked, id=8470, stack(0x06a7c000,0x06acd000)]
  0xb55e8000 JavaThread "Worker-JM" [_thread_blocked, id=8447, stack(0x055f4000,0x05645000)]
  0xb55da000 JavaThread "[Timer] - Main Queue Handler" daemon [_thread_blocked, id=8446, stack(0x07299000,0x072ea000)]
  0xb553cc00 JavaThread "Framework Event Dispatcher" daemon [_thread_blocked, id=8444, stack(0x006f9000,0x0074a000)]
  0xb5544800 JavaThread "Start Level Event Dispatcher" daemon [_thread_blocked, id=8443, stack(0x006a8000,0x006f9000)]
  0xb5555c00 JavaThread "State Data Manager" daemon [_thread_blocked, id=8442, stack(0x00643000,0x00694000)]
  0xb555a800 JavaThread "Framework Active Thread" [_thread_blocked, id=8441, stack(0x005d6000,0x00627000)]
  0xb5505c00 JavaThread "Low Memory Detector" daemon [_thread_blocked, id=8438, stack(0x003a9000,0x003fa000)]
  0xb5503c00 JavaThread "C1 CompilerThread0" daemon [_thread_blocked, id=8437, stack(0x00328000,0x003a9000)]
  0xb5502400 JavaThread "Signal Dispatcher" daemon [_thread_blocked, id=8436, stack(0x002d7000,0x00328000)]
  0x09cefc00 JavaThread "Finalizer" daemon [_thread_blocked, id=8435, stack(0x00286000,0x002d7000)]
  0x09cee400 JavaThread "Reference Handler" daemon [_thread_blocked, id=8434, stack(0x009f8000,0x00a49000)]
=>0x09cc0400 JavaThread "main" [_thread_in_native, id=8432, stack(0xbf9d4000,0xbfa24000)]

Other Threads:
  0x09ce3c00 VMThread [stack: 0x00205000,0x00286000] [id=8433]
  0xb5508000 WatcherThread [stack: 0x003fa000,0x0047b000] [id=8439]

VM state:not at safepoint (normal execution)

VM Mutex/Monitor currently owned by a thread: None

Heap
 def new generation   total 53376K, used 6535K [0x6b720000, 0x6f100000, 0x73720000)
  eden space 47488K,   6% used [0x6b720000, 0x6ba4f468, 0x6e580000)
  from space 5888K,  55% used [0x6e580000, 0x6e8b2af8, 0x6eb40000)
  to   space 5888K,   0% used [0x6eb40000, 0x6eb40000, 0x6f100000)
 tenured generation   total 118240K, used 93694K [0x73720000, 0x7aa98000, 0x83720000)
   the space 118240K,  79% used [0x73720000, 0x7929fb58, 0x7929fc00, 0x7aa98000)
 compacting perm gen  total 71424K, used 71355K [0x83720000, 0x87ce0000, 0x93720000)
   the space 71424K,  99% used [0x83720000, 0x87ccee38, 0x87ccf000, 0x87ce0000)
    ro space 10240K,  61% used [0x93720000, 0x93d4afa0, 0x93d4b000, 0x94120000)
    rw space 12288K,  60% used [0x94120000, 0x9485a788, 0x9485a800, 0x94d20000)

Code Cache  [0xb5af4000, 0xb6e6c000, 0xb7af4000)
 total_blobs=8686 nmethods=8470 adapters=146 free_code_cache=13200128 largest_free_block=384

Dynamic libraries:
00110000-001ad000 r-xp 00000000 fd:00 3966568    /lib/libglib-2.0.so.0.1200.3
001ad000-001ae000 rwxp 0009c000 fd:00 3966568    /lib/libglib-2.0.so.0.1200.3
001ae000-001b8000 r-xp 00000000 fd:00 3966546    /lib/libnss_files-2.5.so
001b8000-001b9000 r-xp 00009000 fd:00 3966546    /lib/libnss_files-2.5.so
001b9000-001ba000 rwxp 0000a000 fd:00 3966546    /lib/libnss_files-2.5.so
001ba000-001bb000 r-xp 00000000 fd:00 4751698    /usr/lib/gconv/ISO8859-1.so
001bb000-001bd000 rwxp 00000000 fd:00 4751698    /usr/lib/gconv/ISO8859-1.so
001bd000-001ce000 r-xp 00000000 fd:00 2034135    /usr/lib/gtk-2.0/2.10.0/engines/libclearlooks.so
001ce000-001cf000 rwxp 00011000 fd:00 2034135    /usr/lib/gtk-2.0/2.10.0/engines/libclearlooks.so
001cf000-001d2000 r-xp 00000000 fd:00 2033787    /usr/lib/gtk-2.0/2.10.0/loaders/libpixbufloader-bmp.so
001d2000-001d3000 rwxp 00002000 fd:00 2033787    /usr/lib/gtk-2.0/2.10.0/loaders/libpixbufloader-bmp.so
001d3000-001de000 r-xp 00000000 fd:00 1310782    /opt/java/jdk1.6.0_38/jre/lib/i386/libverify.so
001de000-001df000 rwxp 0000b000 fd:00 1310782    /opt/java/jdk1.6.0_38/jre/lib/i386/libverify.so
001df000-00203000 r-xp 00000000 fd:00 1310783    /opt/java/jdk1.6.0_38/jre/lib/i386/libjava.so
00203000-00205000 rwxp 00023000 fd:00 1310783    /opt/java/jdk1.6.0_38/jre/lib/i386/libjava.so
00205000-00206000 --xp 00205000 00:00 0 
00206000-00286000 rwxp 00206000 00:00 0 
00286000-00289000 --xp 00286000 00:00 0 
00289000-002d7000 rwxp 00289000 00:00 0 
002d7000-002da000 --xp 002d7000 00:00 0 
002da000-00328000 rwxp 002da000 00:00 0 
00328000-0032b000 --xp 00328000 00:00 0 
0032b000-003a9000 rwxp 0032b000 00:00 0 
003a9000-003ac000 --xp 003a9000 00:00 0 
003ac000-003fa000 rwxp 003ac000 00:00 0 
003fa000-003fb000 --xp 003fa000 00:00 0 
003fb000-0047b000 rwxp 003fb000 00:00 0 
0047b000-0048f000 r-xp 00000000 fd:00 1310791    /opt/java/jdk1.6.0_38/jre/lib/i386/libnet.so
0048f000-00490000 rwxp 00013000 fd:00 1310791    /opt/java/jdk1.6.0_38/jre/lib/i386/libnet.so
00490000-00497000 r-xp 00000000 fd:00 1310792    /opt/java/jdk1.6.0_38/jre/lib/i386/libnio.so
00497000-00498000 rwxp 00006000 fd:00 1310792    /opt/java/jdk1.6.0_38/jre/lib/i386/libnio.so
00498000-0049c000 rwxp 00498000 00:00 0 
0049c000-00526000 r-xp 00000000 fd:00 1662525    /usr/lib/libgdk-x11-2.0.so.0.1000.4
00526000-00529000 rwxp 0008a000 fd:00 1662525    /usr/lib/libgdk-x11-2.0.so.0.1000.4
00529000-0052a000 r-xp 00000000 fd:00 1933471    /usr/lib/pango/1.5.0/modules/pango-arabic-lang.so
0052a000-0052b000 rwxp 00000000 fd:00 1933471    /usr/lib/pango/1.5.0/modules/pango-arabic-lang.so
0052b000-00558000 r-xp 00000000 fd:00 1662517    /usr/lib/libpangoft2-1.0.so.0.1400.9
00558000-00559000 rwxp 0002c000 fd:00 1662517    /usr/lib/libpangoft2-1.0.so.0.1400.9
00559000-0055d000 r-xp 00000000 fd:00 3964964    /lib/libnss_dns-2.5.so
0055d000-0055e000 r-xp 00003000 fd:00 3964964    /lib/libnss_dns-2.5.so
0055e000-0055f000 rwxp 00004000 fd:00 3964964    /lib/libnss_dns-2.5.so
0055f000-00570000 r-xp 00000000 fd:00 3966898    /lib/libresolv-2.5.so
00570000-00571000 r-xp 00010000 fd:00 3966898    /lib/libresolv-2.5.so
00571000-00572000 rwxp 00011000 fd:00 3966898    /lib/libresolv-2.5.so
00572000-00574000 rwxp 00572000 00:00 0 
00574000-00577000 r-xp 00000000 fd:00 1737384    /usr/lib/gconv/EUC-CN.so
00577000-00579000 rwxp 00002000 fd:00 1737384    /usr/lib/gconv/EUC-CN.so
00579000-00589000 r-xp 00000000 fd:00 4751753    /usr/lib/gconv/libGB.so
00589000-0058b000 rwxp 0000f000 fd:00 4751753    /usr/lib/gconv/libGB.so
0058b000-0058e000 r-xp 00000000 fd:00 918038     /soft/eclipse/eclipse/configuration/org.eclipse.osgi/bundles/271/1/.cp/libswt-gtk-3740.so
0058e000-0058f000 rwxp 00002000 fd:00 918038     /soft/eclipse/eclipse/configuration/org.eclipse.osgi/bundles/271/1/.cp/libswt-gtk-3740.so
0058f000-00590000 rwxp 0058f000 00:00 0 
00590000-00594000 r-xp 00000000 fd:00 3966874    /lib/libgthread-2.0.so.0.1200.3
00594000-00595000 rwxp 00003000 fd:00 3966874    /lib/libgthread-2.0.so.0.1200.3
00595000-00599000 r-xp 00000000 fd:00 2033792    /usr/lib/gtk-2.0/2.10.0/loaders/libpixbufloader-png.so
00599000-0059a000 rwxp 00003000 fd:00 2033792    /usr/lib/gtk-2.0/2.10.0/loaders/libpixbufloader-png.so
0059a000-0059c000 r-xp 00000000 fd:00 920001     /soft/eclipse/eclipse/configuration/org.eclipse.osgi/bundles/84/1/.cp/os/linux/x86/libunixfile_1_0_0.so
0059c000-0059d000 rwxp 00001000 fd:00 920001     /soft/eclipse/eclipse/configuration/org.eclipse.osgi/bundles/84/1/.cp/os/linux/x86/libunixfile_1_0_0.so
0059d000-005ae000 r-xp 00000000 fd:00 2033793    /usr/lib/gtk-2.0/immodules/im-scim-bridge.so
005ae000-005af000 rwxp 00011000 fd:00 2033793    /usr/lib/gtk-2.0/immodules/im-scim-bridge.so
005af000-005b1000 r-xp 00000000 fd:00 1933472    /usr/lib/pango/1.5.0/modules/pango-basic-fc.so
005b1000-005b2000 rwxp 00001000 fd:00 1933472    /usr/lib/pango/1.5.0/modules/pango-basic-fc.so
005b2000-005bb000 r-xp 00000000 fd:00 918049     /soft/eclipse/eclipse/configuration/org.eclipse.osgi/bundles/271/1/.cp/libswt-atk-gtk-3740.so
005bb000-005bc000 rwxp 00009000 fd:00 918049     /soft/eclipse/eclipse/configuration/org.eclipse.osgi/bundles/271/1/.cp/libswt-atk-gtk-3740.so
005bd000-005d2000 r-xp 00000000 fd:00 3966877    /lib/libnsl-2.5.so
005d2000-005d3000 r-xp 00014000 fd:00 3966877    /lib/libnsl-2.5.so
005d3000-005d4000 rwxp 00015000 fd:00 3966877    /lib/libnsl-2.5.so
005d4000-005d6000 rwxp 005d4000 00:00 0 
005d6000-005d9000 --xp 005d6000 00:00 0 
005d9000-00627000 rwxp 005d9000 00:00 0 
00627000-0062c000 r-xp 00000000 fd:00 2033788    /usr/lib/gtk-2.0/2.10.0/loaders/libpixbufloader-gif.so
0062c000-0062d000 rwxp 00005000 fd:00 2033788    /usr/lib/gtk-2.0/2.10.0/loaders/libpixbufloader-gif.so
0062d000-00630000 r-xp 00000000 fd:00 920107     /soft/eclipse/eclipse/configuration/org.eclipse.osgi/bundles/271/1/.cp/libswt-gnome-gtk-3740.so
00630000-00631000 rwxp 00002000 fd:00 920107     /soft/eclipse/eclipse/configuration/org.eclipse.osgi/bundles/271/1/.cp/libswt-gnome-gtk-3740.so
00632000-00641000 r-xp 00000000 fd:00 1310787    /opt/java/jdk1.6.0_38/jre/lib/i386/libzip.so
00641000-00643000 rwxp 0000e000 fd:00 1310787    /opt/java/jdk1.6.0_38/jre/lib/i386/libzip.so
00643000-00646000 --xp 00643000 00:00 0 
00646000-00694000 rwxp 00646000 00:00 0 
00694000-0069e000 r-xp 00000000 fd:00 918083     /soft/eclipse/eclipse/configuration/org.eclipse.osgi/bundles/271/1/.cp/libswt-cairo-gtk-3740.so
0069e000-0069f000 rwxp 00009000 fd:00 918083     /soft/eclipse/eclipse/configuration/org.eclipse.osgi/bundles/271/1/.cp/libswt-cairo-gtk-3740.so
0069f000-006a6000 r-xp 00000000 fd:00 1662554    /usr/lib/libpopt.so.0.0.0
006a6000-006a7000 rwxp 00006000 fd:00 1662554    /usr/lib/libpopt.so.0.0.0
006a8000-006ab000 --xp 006a8000 00:00 0 
006ab000-006f9000 rwxp 006ab000 00:00 0 
006f9000-006fc000 --xp 006f9000 00:00 0 
006fc000-0074a000 rwxp 006fc000 00:00 0 
0074a000-0074d000 --xp 0074a000 00:00 0 
0074d000-0079b000 rwxp 0074d000 00:00 0 
0079b000-007b0000 r-xp 00000000 fd:00 1662555    /usr/lib/libgnome-2.so.0.1600.0
007b0000-007b1000 rwxp 00014000 fd:00 1662555    /usr/lib/libgnome-2.so.0.1600.0
007b1000-007ce000 r-xp 00000000 fd:00 1662540    /usr/lib/libdbus-glib-1.so.2.1.0
007ce000-007cf000 rwxp 0001d000 fd:00 1662540    /usr/lib/libdbus-glib-1.so.2.1.0
007cf000-007d7000 r-xp 00000000 fd:00 1662529    /usr/lib/libSM.so.6.0.0
007d7000-007d8000 rwxp 00007000 fd:00 1662529    /usr/lib/libSM.so.6.0.0
007d8000-007da000 r-xp 00000000 fd:00 3966911    /lib/libcom_err.so.2.1
007da000-007db000 rwxp 00001000 fd:00 3966911    /lib/libcom_err.so.2.1
007db000-007dc000 r-xp 007db000 00:00 0          [vdso]
007dc000-007de000 r-xp 00000000 fd:00 3966878    /lib/libkeyutils-1.2.so
007de000-007df000 rwxp 00001000 fd:00 3966878    /lib/libkeyutils-1.2.so
007df000-007e1000 r-xp 00000000 fd:00 3966914    /lib/libutil-2.5.so
007e1000-007e2000 r-xp 00001000 fd:00 3966914    /lib/libutil-2.5.so
007e2000-007e3000 rwxp 00002000 fd:00 3966914    /lib/libutil-2.5.so
007e3000-007e4000 r-xp 00000000 fd:00 920160     /soft/eclipse/eclipse/configuration/org.eclipse.osgi/bundles/44/1/.cp/os/linux/x86/libpty.so
007e4000-007e5000 rwxp 00001000 fd:00 920160     /soft/eclipse/eclipse/configuration/org.eclipse.osgi/bundles/44/1/.cp/os/linux/x86/libpty.so
007e5000-007e7000 r-xp 00000000 fd:00 1662546    /usr/lib/libavahi-glib.so.1.0.1
007e7000-007e8000 rwxp 00002000 fd:00 1662546    /usr/lib/libavahi-glib.so.1.0.1
007ea000-00805000 r-xp 00000000 fd:00 3964992    /lib/ld-2.5.so
00805000-00806000 r-xp 0001a000 fd:00 3964992    /lib/ld-2.5.so
00806000-00807000 rwxp 0001b000 fd:00 3964992    /lib/ld-2.5.so
00809000-0095b000 r-xp 00000000 fd:00 3966564    /lib/libc-2.5.so
0095b000-0095c000 --xp 00152000 fd:00 3966564    /lib/libc-2.5.so
0095c000-0095e000 r-xp 00152000 fd:00 3966564    /lib/libc-2.5.so
0095e000-0095f000 rwxp 00154000 fd:00 3966564    /lib/libc-2.5.so
0095f000-00962000 rwxp 0095f000 00:00 0 
00964000-0098b000 r-xp 00000000 fd:00 3966870    /lib/libm-2.5.so
0098b000-0098c000 r-xp 00026000 fd:00 3966870    /lib/libm-2.5.so
0098c000-0098d000 rwxp 00027000 fd:00 3966870    /lib/libm-2.5.so
0098f000-00992000 r-xp 00000000 fd:00 3966565    /lib/libdl-2.5.so
00992000-00993000 r-xp 00002000 fd:00 3966565    /lib/libdl-2.5.so
00993000-00994000 rwxp 00003000 fd:00 3966565    /lib/libdl-2.5.so
00996000-009ab000 r-xp 00000000 fd:00 3966566    /lib/libpthread-2.5.so
009ab000-009ac000 --xp 00015000 fd:00 3966566    /lib/libpthread-2.5.so
009ac000-009ad000 r-xp 00015000 fd:00 3966566    /lib/libpthread-2.5.so
009ad000-009ae000 rwxp 00016000 fd:00 3966566    /lib/libpthread-2.5.so
009ae000-009b0000 rwxp 009ae000 00:00 0 
009b2000-009c4000 r-xp 00000000 fd:00 3966871    /lib/libz.so.1.2.3
009c4000-009c5000 rwxp 00011000 fd:00 3966871    /lib/libz.so.1.2.3
009c7000-009ce000 r-xp 00000000 fd:00 3966567    /lib/librt-2.5.so
009ce000-009cf000 r-xp 00007000 fd:00 3966567    /lib/librt-2.5.so
009cf000-009d0000 rwxp 00008000 fd:00 3966567    /lib/librt-2.5.so
009d0000-009e6000 r-xp 00000000 fd:00 3966908    /lib/libselinux.so.1
009e6000-009e8000 rwxp 00015000 fd:00 3966908    /lib/libselinux.so.1
009e8000-009eb000 r-xp 00000000 fd:00 3966875    /lib/libcap.so.1.10
009eb000-009ec000 rwxp 00002000 fd:00 3966875    /lib/libcap.so.1.10
009ec000-009f4000 r-xp 00000000 fd:00 1662541    /usr/lib/libkrb5support.so.0.1
009f4000-009f5000 rwxp 00007000 fd:00 1662541    /usr/lib/libkrb5support.so.0.1
009f5000-009f7000 r-xp 00000000 fd:00 1933479    /usr/lib/pango/1.5.0/modules/pango-syriac-fc.so
009f7000-009f8000 rwxp 00002000 fd:00 1933479    /usr/lib/pango/1.5.0/modules/pango-syriac-fc.so
009f8000-009fb000 --xp 009f8000 00:00 0 
009fb000-00a49000 rwxp 009fb000 00:00 0 
00a4a000-00a56000 r-xp 00000000 fd:00 917531     /soft/eclipse/eclipse/plugins/org.eclipse.equinox.launcher.gtk.linux.x86_1.1.100.v20110505/eclipse_1407.so
00a56000-00a57000 rwxp 0000c000 fd:00 917531     /soft/eclipse/eclipse/plugins/org.eclipse.equinox.launcher.gtk.linux.x86_1.1.100.v20110505/eclipse_1407.so
00a57000-00a65000 r-xp 00000000 fd:00 2261582    /usr/lib/gnome-vfs-2.0/modules/libfile.so
00a65000-00a66000 rwxp 0000d000 fd:00 2261582    /usr/lib/gnome-vfs-2.0/modules/libfile.so
00a66000-00a6a000 r-xp 00000000 fd:00 3966560    /lib/libattr.so.1.1.0
00a6a000-00a6b000 rwxp 00003000 fd:00 3966560    /lib/libattr.so.1.1.0
00a6b000-00a71000 r-xp 00000000 fd:00 3965248    /lib/libacl.so.1.1.0
00a71000-00a72000 rwxp 00005000 fd:00 3965248    /lib/libacl.so.1.1.0
00a72000-00a77000 r-xp 00000000 fd:00 1662504    /usr/lib/libXdmcp.so.6.0.0
00a77000-00a78000 rwxp 00004000 fd:00 1662504    /usr/lib/libXdmcp.so.6.0.0
00a7a000-00ab8000 r-xp 00000000 fd:00 3966869    /lib/libgobject-2.0.so.0.1200.3
00ab8000-00ab9000 rwxp 0003e000 fd:00 3966869    /lib/libgobject-2.0.so.0.1200.3
00abb000-00abd000 r-xp 00000000 fd:00 1662503    /usr/lib/libXau.so.6.0.0
00abd000-00abe000 rwxp 00001000 fd:00 1662503    /usr/lib/libXau.so.6.0.0
00ac0000-00bbf000 r-xp 00000000 fd:00 1662514    /usr/lib/libX11.so.6.2.0
00bbf000-00bc3000 rwxp 000ff000 fd:00 1662514    /usr/lib/libX11.so.6.2.0
00bc5000-00bc7000 r-xp 00000000 fd:00 3966868    /lib/libgmodule-2.0.so.0.1200.3
00bc7000-00bc8000 rwxp 00002000 fd:00 3966868    /lib/libgmodule-2.0.so.0.1200.3
00bca000-00bd9000 r-xp 00000000 fd:00 1662519    /usr/lib/libXext.so.6.4.0
00bd9000-00bda000 rwxp 0000e000 fd:00 1662519    /usr/lib/libXext.so.6.4.0
00bdc000-00c59000 r-xp 00000000 fd:00 1662236    /usr/lib/libfreetype.so.6.3.10
00c59000-00c5c000 rwxp 0007d000 fd:00 1662236    /usr/lib/libfreetype.so.6.3.10
00c5e000-00c7d000 r-xp 00000000 fd:00 3966872    /lib/libexpat.so.0.5.0
00c7d000-00c7f000 rwxp 0001e000 fd:00 3966872    /lib/libexpat.so.0.5.0
00c81000-00ca8000 r-xp 00000000 fd:00 1662501    /usr/lib/libfontconfig.so.1.1.0
00ca8000-00cb0000 rwxp 00027000 fd:00 1662501    /usr/lib/libfontconfig.so.1.1.0
00cb2000-00cd7000 r-xp 00000000 fd:00 1662502    /usr/lib/libpng12.so.0.10.0
00cd7000-00cd8000 rwxp 00024000 fd:00 1662502    /usr/lib/libpng12.so.0.10.0
00cda000-00ce2000 r-xp 00000000 fd:00 1662515    /usr/lib/libXrender.so.1.3.0
00ce2000-00ce3000 rwxp 00007000 fd:00 1662515    /usr/lib/libXrender.so.1.3.0
00ce5000-00cff000 r-xp 00000000 fd:00 1662526    /usr/lib/libatk-1.0.so.0.1212.0
00cff000-00d01000 rwxp 0001a000 fd:00 1662526    /usr/lib/libatk-1.0.so.0.1212.0
00d03000-00d19000 r-xp 00000000 fd:00 1642576    /usr/lib/libgdk_pixbuf-2.0.so.0.1000.4
00d19000-00d1a000 rwxp 00016000 fd:00 1642576    /usr/lib/libgdk_pixbuf-2.0.so.0.1000.4
00d1c000-00d88000 r-xp 00000000 fd:00 1662516    /usr/lib/libcairo.so.2.9.2
00d88000-00d8a000 rwxp 0006b000 fd:00 1662516    /usr/lib/libcairo.so.2.9.2
00d8c000-00d8f000 r-xp 00000000 fd:00 1662522    /usr/lib/libXrandr.so.2.0.0
00d8f000-00d90000 rwxp 00002000 fd:00 1662522    /usr/lib/libXrandr.so.2.0.0
00d92000-00d99000 r-xp 00000000 fd:00 1662521    /usr/lib/libXi.so.6.0.0
00d99000-00d9a000 rwxp 00006000 fd:00 1662521    /usr/lib/libXi.so.6.0.0
00d9c000-00d9e000 r-xp 00000000 fd:00 1662520    /usr/lib/libXinerama.so.1.0.0
00d9e000-00d9f000 rwxp 00001000 fd:00 1662520    /usr/lib/libXinerama.so.1.0.0
00da1000-00dde000 r-xp 00000000 fd:00 1662234    /usr/lib/libpango-1.0.so.0.1400.9
00dde000-00de0000 rwxp 0003c000 fd:00 1662234    /usr/lib/libpango-1.0.so.0.1400.9
00de2000-00de6000 r-xp 00000000 fd:00 1662523    /usr/lib/libXfixes.so.3.1.0
00de6000-00de7000 rwxp 00003000 fd:00 1662523    /usr/lib/libXfixes.so.3.1.0
00de9000-00df1000 r-xp 00000000 fd:00 1662518    /usr/lib/libpangocairo-1.0.so.0.1400.9
00df1000-00df2000 rwxp 00007000 fd:00 1662518    /usr/lib/libpangocairo-1.0.so.0.1400.9
00df4000-00dfd000 r-xp 00000000 fd:00 1662524    /usr/lib/libXcursor.so.1.0.2
00dfd000-00dfe000 rwxp 00008000 fd:00 1662524    /usr/lib/libXcursor.so.1.0.2
00dfe000-01190000 r-xp 00000000 fd:00 1662527    /usr/lib/libgtk-x11-2.0.so.0.1000.4
01190000-01196000 rwxp 00391000 fd:00 1662527    /usr/lib/libgtk-x11-2.0.so.0.1000.4
01196000-01197000 rwxp 01196000 00:00 0 
01197000-0119a000 --xp 01197000 00:00 0 
0119a000-011e8000 rwxp 0119a000 00:00 0 
011e8000-011eb000 --xp 011e8000 00:00 0 
011eb000-01239000 rwxp 011eb000 00:00 0 
01239000-0123c000 --xp 01239000 00:00 0 
0123c000-0128a000 rwxp 0123c000 00:00 0 
0128a000-013b6000 r-xp 00000000 fd:00 1662533    /usr/lib/libxml2.so.2.6.26
013b6000-013bb000 rwxp 0012c000 fd:00 1662533    /usr/lib/libxml2.so.2.6.26
013bb000-013bc000 rwxp 013bb000 00:00 0 
013bc000-013f7000 r-xp 00000000 fd:00 3966899    /lib/libsepol.so.1
013f7000-013f8000 rwxp 0003b000 fd:00 3966899    /lib/libsepol.so.1
013f8000-01402000 rwxp 013f8000 00:00 0 
01402000-01405000 --xp 01402000 00:00 0 
01405000-01453000 rwxp 01405000 00:00 0 
0145e000-01461000 --xp 0145e000 00:00 0 
01461000-014af000 rwxp 01461000 00:00 0 
014af000-014b2000 --xp 014af000 00:00 0 
014b2000-01500000 rwxp 014b2000 00:00 0 
01500000-01503000 --xp 01500000 00:00 0 
01503000-01551000 rwxp 01503000 00:00 0 
01551000-01554000 --xp 01551000 00:00 0 
01554000-015a2000 rwxp 01554000 00:00 0 
015a2000-015a5000 --xp 015a2000 00:00 0 
015a5000-015f3000 rwxp 015a5000 00:00 0 
01768000-0176b000 --xp 01768000 00:00 0 
0176b000-017b9000 rwxp 0176b000 00:00 0 
01872000-01875000 r-xp 00000000 fd:00 1933387    /usr/lib/pango/1.5.0/modules/pango-arabic-fc.so
01875000-01876000 rwxp 00002000 fd:00 1933387    /usr/lib/pango/1.5.0/modules/pango-arabic-fc.so
01886000-01889000 --xp 01886000 00:00 0 
01889000-018d7000 rwxp 01889000 00:00 0 
01bce000-01bd1000 --xp 01bce000 00:00 0 
01bd1000-01c1f000 rwxp 01bd1000 00:00 0 
01c4c000-01c4f000 --xp 01c4c000 00:00 0 
01c4f000-01c9d000 rwxp 01c4f000 00:00 0 
01cf6000-01cf9000 --xp 01cf6000 00:00 0 
01cf9000-01d47000 rwxp 01cf9000 00:00 0 
02570000-02573000 --xp 02570000 00:00 0 
02573000-025c1000 rwxp 02573000 00:00 0 
0268b000-0271e000 r-xp 00000000 fd:00 1662543    /usr/lib/libkrb5.so.3.3
0271e000-02721000 rwxp 00092000 fd:00 1662543    /usr/lib/libkrb5.so.3.3
02723000-02750000 r-xp 00000000 fd:00 1662544    /usr/lib/libgssapi_krb5.so.2.2
02750000-02751000 rwxp 0002d000 fd:00 1662544    /usr/lib/libgssapi_krb5.so.2.2
02753000-02779000 r-xp 00000000 fd:00 1662542    /usr/lib/libk5crypto.so.3.1
02779000-0277a000 rwxp 00025000 fd:00 1662542    /usr/lib/libk5crypto.so.3.1
0277c000-02793000 r-xp 00000000 fd:00 1662528    /usr/lib/libICE.so.6.3.0
02793000-02794000 rwxp 00016000 fd:00 1662528    /usr/lib/libICE.so.6.3.0
02794000-02796000 rwxp 02794000 00:00 0 
02798000-028c2000 r-xp 00000000 fd:00 3966912    /lib/libcrypto.so.0.9.8e
028c2000-028d5000 rwxp 00129000 fd:00 3966912    /lib/libcrypto.so.0.9.8e
028d5000-028d9000 rwxp 028d5000 00:00 0 
028db000-028e1000 r-xp 00000000 fd:00 1652217    /usr/lib/libfam.so.0.0.0
028e1000-028e2000 rwxp 00006000 fd:00 1652217    /usr/lib/libfam.so.0.0.0
028e9000-0292d000 r-xp 00000000 fd:00 3966913    /lib/libssl.so.0.9.8e
0292d000-02931000 rwxp 00043000 fd:00 3966913    /lib/libssl.so.0.9.8e
02933000-02981000 r-xp 00000000 fd:00 1662538    /usr/lib/libORBit-2.so.0.1.0
02981000-0298b000 rwxp 0004d000 fd:00 1662538    /usr/lib/libORBit-2.so.0.1.0
0298d000-029c0000 r-xp 00000000 fd:00 1662539    /usr/lib/libgconf-2.so.4.1.0
029c0000-029c3000 rwxp 00032000 fd:00 1662539    /usr/lib/libgconf-2.so.4.1.0
029c5000-02a9f000 r-xp 00000000 fd:00 3966915    /lib/libasound.so.2.0.0
02a9f000-02aa4000 rwxp 000d9000 fd:00 3966915    /lib/libasound.so.2.0.0
02aa6000-02ab1000 r-xp 00000000 fd:00 1662545    /usr/lib/libavahi-common.so.3.4.3
02ab1000-02ab2000 rwxp 0000a000 fd:00 1662545    /usr/lib/libavahi-common.so.3.4.3
02ab4000-02b14000 r-xp 00000000 fd:00 1662548    /usr/lib/libgnomevfs-2.so.0.1600.2
02b14000-02b17000 rwxp 0005f000 fd:00 1662548    /usr/lib/libgnomevfs-2.so.0.1600.2
02b19000-02b28000 r-xp 00000000 fd:00 1662547    /usr/lib/libavahi-client.so.3.2.1
02b28000-02b29000 rwxp 0000e000 fd:00 1662547    /usr/lib/libavahi-client.so.3.2.1
02c18000-02c72000 r-xp 00000000 fd:00 1662551    /usr/lib/libbonobo-2.so.0.0.0
02c72000-02c7c000 rwxp 0005a000 fd:00 1662551    /usr/lib/libbonobo-2.so.0.0.0
02c7e000-02c87000 r-xp 00000000 fd:00 1662553    /usr/lib/libesd.so.0.2.36
02c87000-02c88000 rwxp 00009000 fd:00 1662553    /usr/lib/libesd.so.0.2.36
02c8a000-02cb2000 r-xp 00000000 fd:00 1662552    /usr/lib/libaudiofile.so.0.0.2
02cb2000-02cb5000 rwxp 00027000 fd:00 1662552    /usr/lib/libaudiofile.so.0.0.2
02cb7000-02ccb000 r-xp 00000000 fd:00 1662550    /usr/lib/libbonobo-activation.so.4.0.0
02ccb000-02ccd000 rwxp 00014000 fd:00 1662550    /usr/lib/libbonobo-activation.so.4.0.0
02ccf000-02cd3000 r-xp 00000000 fd:00 1662549    /usr/lib/libORBitCosNaming-2.so.0.1.0
02cd3000-02cd4000 rwxp 00004000 fd:00 1662549    /usr/lib/libORBitCosNaming-2.so.0.1.0
02cde000-02ce1000 --xp 02cde000 00:00 0 
02ce1000-02d2f000 rwxp 02ce1000 00:00 0 
02d6b000-02d6e000 r-xp 00000000 fd:00 920008     /soft/eclipse/eclipse/configuration/org.eclipse.osgi/bundles/44/1/.cp/os/linux/x86/libspawner.so
02d6e000-02d6f000 rwxp 00002000 fd:00 920008     /soft/eclipse/eclipse/configuration/org.eclipse.osgi/bundles/44/1/.cp/os/linux/x86/libspawner.so
02d84000-02d90000 r-xp 00000000 fd:00 1662557    /usr/lib/libgnome-keyring.so.0.0.1
02d90000-02d91000 rwxp 0000b000 fd:00 1662557    /usr/lib/libgnome-keyring.so.0.0.1
02d93000-02dbf000 r-xp 00000000 fd:00 1662537    /usr/lib/libgnomecanvas-2.so.0.1400.0
02dbf000-02dc0000 rwxp 0002b000 fd:00 1662537    /usr/lib/libgnomecanvas-2.so.0.1400.0
02dc2000-02e26000 r-xp 00000000 fd:00 1662556    /usr/lib/libbonoboui-2.so.0.0.0
02e26000-02e29000 rwxp 00063000 fd:00 1662556    /usr/lib/libbonoboui-2.so.0.0.0
02e2b000-02e41000 r-xp 00000000 fd:00 1651232    /usr/lib/libart_lgpl_2.so.2.3.17
02e41000-02e42000 rwxp 00015000 fd:00 1651232    /usr/lib/libart_lgpl_2.so.2.3.17
02e5e000-02e63000 r-xp 00000000 fd:00 1648703    /usr/lib/libXtst.so.6.1.0
02e63000-02e64000 rwxp 00004000 fd:00 1648703    /usr/lib/libXtst.so.6.1.0
02ec4000-02ec7000 --xp 02ec4000 00:00 0 
02ec7000-02f15000 rwxp 02ec7000 00:00 0 
02f26000-02f29000 --xp 02f26000 00:00 0 
02f29000-02f77000 rwxp 02f29000 00:00 0 
031f6000-031f9000 --xp 031f6000 00:00 0 
031f9000-03247000 rwxp 031f9000 00:00 0 
03288000-0328b000 --xp 03288000 00:00 0 
0328b000-032d9000 rwxp 0328b000 00:00 0 
03566000-03569000 --xp 03566000 00:00 0 
03569000-035b7000 rwxp 03569000 00:00 0 
038ff000-03902000 --xp 038ff000 00:00 0 
03902000-03950000 rwxp 03902000 00:00 0 
03ab3000-03ab6000 --xp 03ab3000 00:00 0 
03ab6000-03b04000 rwxp 03ab6000 00:00 0 
03ccd000-03cd0000 --xp 03ccd000 00:00 0 
03cd0000-03d1e000 rwxp 03cd0000 00:00 0 
03dfb000-03dfe000 --xp 03dfb000 00:00 0 
03dfe000-03e4c000 rwxp 03dfe000 00:00 0 
04012000-04015000 --xp 04012000 00:00 0 
04015000-04063000 rwxp 04015000 00:00 0 
041a6000-041a9000 --xp 041a6000 00:00 0 
041a9000-041f7000 rwxp 041a9000 00:00 0 
0424e000-04251000 --xp 0424e000 00:00 0 
04251000-0429f000 rwxp 04251000 00:00 0 
055b3000-055d4000 r-xp 00000000 fd:00 1662558    /usr/lib/libjpeg.so.62.0.0
055d4000-055d5000 rwxp 00020000 fd:00 1662558    /usr/lib/libjpeg.so.62.0.0
055f4000-055f7000 --xp 055f4000 00:00 0 
055f7000-05645000 rwxp 055f7000 00:00 0 
05a07000-05a44000 r-xp 00000000 fd:00 3966876    /lib/libdbus-1.so.3.4.0
05a44000-05a46000 rwxp 0003c000 fd:00 3966876    /lib/libdbus-1.so.3.4.0
05e49000-05e4c000 --xp 05e49000 00:00 0 
05e4c000-05e9a000 rwxp 05e4c000 00:00 0 
06227000-0622a000 --xp 06227000 00:00 0 
0622a000-06278000 rwxp 0622a000 00:00 0 
063a3000-063a6000 --xp 063a3000 00:00 0 
063a6000-063f4000 rwxp 063a6000 00:00 0 
064aa000-064ad000 --xp 064aa000 00:00 0 
064ad000-064fb000 rwxp 064ad000 00:00 0 
0650e000-06511000 --xp 0650e000 00:00 0 
06511000-0655f000 rwxp 06511000 00:00 0 
06657000-0665a000 --xp 06657000 00:00 0 
0665a000-066a8000 rwxp 0665a000 00:00 0 
0671f000-06722000 r-xp 00000000 fd:00 1933475    /usr/lib/pango/1.5.0/modules/pango-hebrew-fc.so
06722000-06723000 rwxp 00002000 fd:00 1933475    /usr/lib/pango/1.5.0/modules/pango-hebrew-fc.so
0675e000-067ee000 r-xp 00000000 fd:00 1662559    /usr/lib/libgnomeui-2.so.0.1600.0
067ee000-067f1000 rwxp 0008f000 fd:00 1662559    /usr/lib/libgnomeui-2.so.0.1600.0
067f1000-067f2000 rwxp 067f1000 00:00 0 
0687d000-06880000 --xp 0687d000 00:00 0 
06880000-068ce000 rwxp 06880000 00:00 0 
069cc000-069cf000 --xp 069cc000 00:00 0 
069cf000-06a1d000 rwxp 069cf000 00:00 0 
06a7c000-06a7f000 --xp 06a7c000 00:00 0 
06a7f000-06acd000 rwxp 06a7f000 00:00 0 
07299000-0729c000 --xp 07299000 00:00 0 
0729c000-072ea000 rwxp 0729c000 00:00 0 
07761000-077bc000 r-xp 00000000 fd:00 918039     /soft/eclipse/eclipse/configuration/org.eclipse.osgi/bundles/271/1/.cp/libswt-pi-gtk-3740.so
077bc000-077be000 rwxp 0005a000 fd:00 918039     /soft/eclipse/eclipse/configuration/org.eclipse.osgi/bundles/271/1/.cp/libswt-pi-gtk-3740.so
077be000-077bf000 rwxp 077be000 00:00 0 
07831000-07834000 --xp 07831000 00:00 0 
07834000-07882000 rwxp 07834000 00:00 0 
07898000-0789b000 --xp 07898000 00:00 0 
0789b000-078e9000 rwxp 0789b000 00:00 0 
0795d000-07960000 --xp 0795d000 00:00 0 
07960000-079ae000 rwxp 07960000 00:00 0 
07a89000-07a8c000 --xp 07a89000 00:00 0 
07a8c000-07ada000 rwxp 07a8c000 00:00 0 
07bcb000-07bce000 --xp 07bcb000 00:00 0 
07bce000-07c1c000 rwxp 07bce000 00:00 0 
07de2000-07de5000 --xp 07de2000 00:00 0 
07de5000-07e33000 rwxp 07de5000 00:00 0 
07f7a000-07f7d000 --xp 07f7a000 00:00 0 
07f7d000-07fcb000 rwxp 07f7d000 00:00 0 
08048000-0804c000 r-xp 00000000 fd:00 885891     /soft/eclipse/eclipse/eclipse
0804c000-0804d000 rwxp 00003000 fd:00 885891     /soft/eclipse/eclipse/eclipse
082a2000-082a5000 --xp 082a2000 00:00 0 
082a5000-082f3000 rwxp 082a5000 00:00 0 
083e1000-083e4000 --xp 083e1000 00:00 0 
083e4000-08432000 rwxp 083e4000 00:00 0 
08465000-08468000 --xp 08465000 00:00 0 
08468000-084b6000 rwxp 08468000 00:00 0 
0852c000-08a10000 r-xp 00000000 fd:00 1310776    /opt/java/jdk1.6.0_38/jre/lib/i386/client/libjvm.so
08a10000-08a33000 rwxp 004e3000 fd:00 1310776    /opt/java/jdk1.6.0_38/jre/lib/i386/client/libjvm.so
08a33000-08e4f000 rwxp 08a33000 00:00 0 
08f77000-08f7a000 --xp 08f77000 00:00 0 
08f7a000-08fc8000 rwxp 08f7a000 00:00 0 
09306000-09308000 r-xp 00000000 fd:00 1933474    /usr/lib/pango/1.5.0/modules/pango-hangul-fc.so
09308000-09309000 rwxp 00001000 fd:00 1933474    /usr/lib/pango/1.5.0/modules/pango-hangul-fc.so
09315000-09318000 --xp 09315000 00:00 0 
09318000-09366000 rwxp 09318000 00:00 0 
09c68000-0b809000 rwxp 09c68000 00:00 0          [heap]
6b720000-6f100000 rwxp 6b720000 00:00 0 
6f100000-73720000 rwxp 6f100000 00:00 0 
73720000-7aa98000 rwxp 73720000 00:00 0 
7aa98000-83720000 rwxp 7aa98000 00:00 0 
83720000-87ce0000 rwxp 83720000 00:00 0 
87ce0000-93720000 rwxp 87ce0000 00:00 0 
93720000-93d4b000 r-xs 00001000 fd:00 1313913    /opt/java/jdk1.6.0_38/jre/lib/i386/client/classes.jsa
93d4b000-94120000 rwxp 93d4b000 00:00 0 
94120000-9485b000 rwxp 0062c000 fd:00 1313913    /opt/java/jdk1.6.0_38/jre/lib/i386/client/classes.jsa
9485b000-94d20000 rwxp 9485b000 00:00 0 
94d20000-94e02000 rwxp 00d67000 fd:00 1313913    /opt/java/jdk1.6.0_38/jre/lib/i386/client/classes.jsa
94e02000-95120000 rwxp 94e02000 00:00 0 
95120000-95128000 r-xs 00e49000 fd:00 1313913    /opt/java/jdk1.6.0_38/jre/lib/i386/client/classes.jsa
95128000-95520000 rwxp 95128000 00:00 0 
afc00000-afcb5000 rwxp afc00000 00:00 0 
afcb5000-afd00000 --xp afcb5000 00:00 0 
afe00000-b0000000 rwxp afe00000 00:00 0 
b0000000-b00f8000 rwxp b0000000 00:00 0 
b00f8000-b0100000 --xp b00f8000 00:00 0 
b0100000-b01fa000 rwxp b0100000 00:00 0 
b01fa000-b0200000 --xp b01fa000 00:00 0 
b0200000-b03d0000 rwxp b0200000 00:00 0 
b03d0000-b0400000 --xp b03d0000 00:00 0 
b0400000-b0500000 rwxp b0400000 00:00 0 
b05ed000-b0600000 r-xs 000b5000 fd:00 885724     /soft/eclipse/eclipse/plugins/org.eclipse.linuxtools.cdt.autotools.ui_1.0.1.201202152032.jar
b0600000-b06fc000 rwxp b0600000 00:00 0 
b06fc000-b0700000 --xp b06fc000 00:00 0 
b0700000-b07fc000 rwxp b0700000 00:00 0 
b07fc000-b0800000 --xp b07fc000 00:00 0 
b0800000-b08fa000 rwxp b0800000 00:00 0 
b08fa000-b0900000 --xp b08fa000 00:00 0 
b0908000-b0924000 r-xs 0011e000 fd:00 885569     /soft/eclipse/eclipse/plugins/org.eclipse.cdt.dsf.ui_2.2.1.201202111925.jar
b0924000-b093d000 r-xs 00115000 fd:00 885768     /soft/eclipse/eclipse/plugins/org.eclipse.cdt.dsf.gdb_4.0.2.201202111925.jar
b093d000-b096b000 r-xp 00000000 fd:00 2033515    /usr/share/fonts/dejavu-lgc/DejaVuLGCSansMono-Oblique.ttf
b096b000-b099b000 r-xp 00000000 fd:00 2033063    /usr/share/fonts/bitmap-fonts/console8x16.pcf
b099b000-b09bd000 r-xp 00000000 fd:00 2229142    /usr/share/fonts/default/Type1/n022003l.pfb
b09bd000-b09dc000 r-xp 00000000 fd:00 2229189    /usr/share/X11/fonts/Type1/cour.pfa
b09dc000-b0a56000 r-xp 00000000 fd:00 2033054    /usr/share/fonts/bitmap-fonts/6x13.pcf
b0a56000-b0af6000 r-xp 00000000 fd:00 2033048    /usr/share/fonts/bitmap-fonts/10x20.pcf
b0af6000-b0b81000 r-xp 00000000 fd:00 2033059    /usr/share/fonts/bitmap-fonts/9x15.pcf
b0b81000-b0cde000 r-xp 00000000 fd:00 2034203    /usr/share/icons/hicolor/icon-theme.cache
b0cde000-b12cf000 r-xp 00000000 fd:00 2135547    /usr/share/icons/gnome/icon-theme.cache
b12cf000-b2034000 r-xp 00000000 fd:00 2072709    /usr/share/icons/Bluecurve/icon-theme.cache
b2034000-b2191000 r-xp 00000000 fd:00 2034203    /usr/share/icons/hicolor/icon-theme.cache
b2191000-b2782000 r-xp 00000000 fd:00 2135547    /usr/share/icons/gnome/icon-theme.cache
b2782000-b34e7000 r-xp 00000000 fd:00 2072709    /usr/share/icons/Bluecurve/icon-theme.cache
b34e7000-b3550000 r-xp 00000000 fd:00 2033504    /usr/share/fonts/dejavu-lgc/DejaVuLGCSans-Bold.ttf
b3550000-b3599000 r-xs 0040a000 fd:00 885627     /soft/eclipse/eclipse/plugins/org.eclipse.cdt.core_5.3.2.201202111925.jar
b3599000-b3600000 r-xp 00000000 fd:00 2033507    /usr/share/fonts/dejavu-lgc/DejaVuLGCSans-Oblique.ttf
b3600000-b36fa000 rwxp b3600000 00:00 0 
b36fa000-b3700000 --xp b36fa000 00:00 0 
b370c000-b3718000 r-xs 00079000 fd:00 885823     /soft/eclipse/eclipse/plugins/org.eclipse.cdt.debug.mi.core_7.1.1.201202111925.jar
b3718000-b3731000 r-xs 000ed000 fd:00 885620     /soft/eclipse/eclipse/plugins/org.eclipse.cdt.debug.ui_7.1.2.201202111925.jar
b3731000-b374c000 r-xs 00145000 fd:00 885577     /soft/eclipse/eclipse/plugins/org.eclipse.team.ui_3.6.101.R37x_v20111109-0800.jar
b374c000-b375a000 r-xs 000a6000 fd:00 885576     /soft/eclipse/eclipse/plugins/org.eclipse.compare_3.5.202.R37x_v20111109-0800.jar
b375a000-b3765000 r-xs 0006c000 fd:00 885626     /soft/eclipse/eclipse/plugins/org.eclipse.cdt.dsf.gdb.ui_2.2.1.201202111925.jar
b3765000-b376f000 r-xs 00085000 fd:00 885429     /soft/eclipse/eclipse/plugins/org.eclipse.team.cvs.core_3.3.400.I20110510-0800.jar
b376f000-b378c000 r-xs 0017c000 fd:00 885549     /soft/eclipse/eclipse/plugins/org.eclipse.team.cvs.ui_3.3.401.v20120126-1227.jar
b378c000-b37a6000 r-xs 0016d000 fd:00 885553     /soft/eclipse/eclipse/plugins/org.eclipse.jgit_1.3.0.201202151440-r.jar
b37a6000-b37ab000 r-xs 00044000 fd:00 885733     /soft/eclipse/eclipse/plugins/org.eclipse.egit.core_1.3.0.201202151440-r.jar
b37ab000-b37b1000 r-xs 00039000 fd:00 885551     /soft/eclipse/eclipse/plugins/org.eclipse.epp.mpc.ui_1.1.1.I20110907-0947.jar
b37b9000-b37c7000 r-xp 00000000 fd:00 2001805    /usr/share/icons/Clearlooks/icon-theme.cache
b37c7000-b3800000 r-xp 00000000 fd:00 2033513    /usr/share/fonts/dejavu-lgc/DejaVuLGCSansMono-Bold.ttf
b3800000-b38f8000 rwxp b3800000 00:00 0 
b38f8000-b3900000 --xp b38f8000 00:00 0 
b3904000-b3906000 r-xs 00004000 fd:00 885858     /soft/eclipse/eclipse/plugins/org.eclipse.cdt.codan.ui.cxx_2.0.0.201202111925.jar
b390a000-b3918000 r-xp 00000000 fd:00 2001805    /usr/share/icons/Clearlooks/icon-theme.cache
b3918000-b3942000 r-xs 0043b000 fd:00 885914     /soft/eclipse/eclipse/plugins/org.eclipse.jdt.core_3.7.3.v20120119-1537.jar
b3942000-b394b000 r-xs 0005a000 fd:00 885595     /soft/eclipse/eclipse/plugins/org.eclipse.ui.navigator_3.5.101.v20120106-1355.jar
b394b000-b394f000 r-xs 0001a000 fd:00 885844     /soft/eclipse/eclipse/plugins/org.eclipse.ui.navigator.resources_3.4.300.v20110928-1505.jar
b3950000-b3959000 r-xs 00042000 fd:00 885754     /soft/eclipse/eclipse/plugins/org.eclipse.cdt.dsf_2.2.0.201202111925.jar
b3959000-b395d000 r-xs 00024000 fd:00 885571     /soft/eclipse/eclipse/plugins/org.eclipse.ui.console_3.5.100.v20111007_r372.jar
b395f000-b3999000 r-xp 00000000 fd:00 2033516    /usr/share/fonts/dejavu-lgc/DejaVuLGCSansMono.ttf
b3999000-b399d000 r-xs 0001e000 fd:00 885516     /soft/eclipse/eclipse/plugins/org.eclipse.ui.externaltools_3.2.0.v20111007_r372.jar
b399d000-b39a5000 r-xs 00115000 fd:00 1310883    /opt/java/jdk1.6.0_38/jre/lib/resources.jar
b39a5000-b39a9000 r-xs 00033000 fd:00 885753     /soft/eclipse/eclipse/plugins/org.eclipse.cdt.launch_7.0.0.201202111925.jar
b39a9000-b39bc000 r-xs 000dd000 fd:00 885562     /soft/eclipse/eclipse/plugins/org.eclipse.jface.text_3.7.2.v20111213-1208.jar
b39bc000-b39c5000 r-xs 00058000 fd:00 885766     /soft/eclipse/eclipse/plugins/org.eclipse.team.core_3.6.0.I20110525-0800.jar
b39c5000-b3a5a000 r-xs 00929000 fd:00 885917     /soft/eclipse/eclipse/plugins/org.eclipse.jdt.ui_3.7.2.v20120109-1427.jar
b3a5a000-b3a66000 r-xs 00072000 fd:00 885520     /soft/eclipse/eclipse/plugins/org.eclipse.cdt.debug.core_7.1.0.201202111925.jar
b3a66000-b3a6f000 r-xs 0005b000 fd:00 885847     /soft/eclipse/eclipse/plugins/org.eclipse.mylyn.tasks.core_3.6.1.v20120201-0100.jar
b3a6f000-b3a97000 r-xs 001ce000 fd:00 885974     /soft/eclipse/eclipse/plugins/org.tigris.subversion.subclipse.ui_1.8.9.jar
b3a97000-b3a9b000 r-xs 00013000 fd:00 885834     /soft/eclipse/eclipse/plugins/org.eclipse.ui.views_3.6.0.v20110928-1505.jar
b3a9b000-b3aab000 r-xs 00111000 fd:00 885795     /soft/eclipse/eclipse/plugins/org.eclipse.cdt.managedbuilder.core_8.0.2.201202111925.jar
b3aac000-b3ab0000 r-xs 0001d000 fd:00 885598     /soft/eclipse/eclipse/plugins/org.eclipse.cdt.codan.core_2.0.0.201202111925.jar
b3ab0000-b3ab4000 r-xs 00025000 fd:00 885970     /soft/eclipse/eclipse/plugins/org.tigris.subversion.clientadapter.javahl_1.7.4.1.jar
b3ab4000-b3ab7000 r-xs 00019000 fd:00 885743     /soft/eclipse/eclipse/plugins/org.eclipse.core.filebuffers_3.5.200.v20110928-1504.jar
b3ab9000-b3ac5000 r-xs 00081000 fd:00 885803     /soft/eclipse/eclipse/plugins/org.eclipse.ui.editors_3.7.0.v20110928-1504.jar
b3ac5000-b3ace000 r-xs 0005e000 fd:00 885721     /soft/eclipse/eclipse/plugins/org.eclipse.cdt.make.core_7.1.2.201202111925.jar
b3ace000-b3b00000 r-xs 00244000 fd:00 885599     /soft/eclipse/eclipse/plugins/org.eclipse.debug.ui_3.7.102.v20111129-1423_r372.jar
b3b00000-b3bf9000 rwxp b3b00000 00:00 0 
b3bf9000-b3c00000 --xp b3bf9000 00:00 0 
b3c01000-b3c0b000 r-xs 00088000 fd:00 885853     /soft/eclipse/eclipse/plugins/org.eclipse.update.core_3.2.500.v20110330.jar
b3c0b000-b3c17000 r-xs 00083000 fd:00 885725     /soft/eclipse/eclipse/plugins/org.eclipse.ui.workbench.texteditor_3.7.0.v20110928-1504.jar
b3c17000-b3c1b000 r-xs 00018000 fd:00 885774     /soft/eclipse/eclipse/plugins/org.eclipse.cdt.codan.ui_2.0.1.201202111925.jar
b3c1b000-b3c1f000 r-xs 0001b000 fd:00 885972     /soft/eclipse/eclipse/plugins/org.tigris.subversion.subclipse.graph_1.1.1.jar
b3c1f000-b3c25000 r-xs 00044000 fd:00 885821     /soft/eclipse/eclipse/plugins/org.eclipse.ui.forms_3.5.101.v20111011-1919.jar
b3c25000-b3c2a000 r-xs 00021000 fd:00 885612     /soft/eclipse/eclipse/plugins/org.eclipse.ui_3.7.0.v20110928-1505.jar
b3c2a000-b3c34000 r-xs 00069000 fd:00 885742     /soft/eclipse/eclipse/plugins/org.eclipse.search_3.7.0.v20110928-1504.jar
b3c34000-b3c8b000 r-xs 004b4000 fd:00 885750     /soft/eclipse/eclipse/plugins/org.eclipse.cdt.ui_5.3.2.201202111925.jar
b3c8e000-b3c95000 r-xs 00038000 fd:00 885586     /soft/eclipse/eclipse/plugins/org.eclipse.mylyn.context.ui_3.6.1.v20120112-0100.jar
b3c95000-b3c9a000 r-xs 00038000 fd:00 885593     /soft/eclipse/eclipse/plugins/org.eclipse.text_3.5.101.v20110928-1504.jar
b3c9a000-b3ca4000 r-xs 00065000 fd:00 885797     /soft/eclipse/eclipse/plugins/org.eclipse.ltk.ui.refactoring_3.6.0.v20110928-1453.jar
b3ca4000-b3cab000 r-xs 00048000 fd:00 885885     /soft/eclipse/eclipse/plugins/org.eclipse.ltk.core.refactoring_3.5.201.r372_v20111101-0700.jar
b3cb6000-b3cc0000 r-xs 00058000 fd:00 885583     /soft/eclipse/eclipse/plugins/org.eclipse.mylyn.commons.ui_3.6.1.v20110720-0100.jar
b3cc0000-b3cc7000 r-xs 00095000 fd:00 1310827    /opt/java/jdk1.6.0_38/jre/lib/jsse.jar
b3cca000-b3cd3000 r-xs 00060000 fd:00 885808     /soft/eclipse/eclipse/plugins/org.eclipse.cdt.managedbuilder.ui_8.0.2.201202111925.jar
b3cd5000-b3cd7000 r-xs 00004000 fd:00 885578     /soft/eclipse/eclipse/plugins/org.eclipse.mylyn.team.cvs_3.6.0.v20110608-1400.jar
b3cd7000-b3cda000 r-xs 00013000 fd:00 1310837    /opt/java/jdk1.6.0_38/jre/lib/jce.jar
b3cde000-b3ce2000 r-xs 00017000 fd:00 885538     /soft/eclipse/eclipse/plugins/org.eclipse.core.commands_3.6.0.I20110111-0800.jar
b3ce2000-b3ce9000 r-xs 00047000 fd:00 885971     /soft/eclipse/eclipse/plugins/org.tigris.subversion.subclipse.core_1.8.9.jar
b3ce9000-b3d0a000 r-xs 00178000 fd:00 885560     /soft/eclipse/eclipse/plugins/org.eclipse.mylyn.tasks.ui_3.6.5.v20120215-0100.jar
b3d0a000-b3d0d000 rwxs 00000000 00:09 3932177    /SYSV00000000 (deleted)
b3d10000-b3d12000 r-xs 00003000 fd:00 885845     /soft/eclipse/eclipse/plugins/org.eclipse.cdt.core.linux.x86_5.2.0.201202111925.jar
b3d12000-b3d16000 r-xs 00010000 fd:00 885921     /soft/eclipse/eclipse/plugins/org.tigris.subversion.subclipse.tools.usage_1.1.0.jar
b3d16000-b3d19000 r-xs 00019000 fd:00 885522     /soft/eclipse/eclipse/plugins/org.eclipse.mylyn.context.core_3.6.1.v20110720-0100.jar
b3d19000-b3d1c000 r-xs 00019000 fd:00 885771     /soft/eclipse/eclipse/plugins/org.eclipse.linuxtools.cdt.autotools.core_1.0.2.201202152032.jar
b3d20000-b3d22000 r-xs 00011000 fd:00 885855     /soft/eclipse/eclipse/plugins/org.eclipse.equinox.util_1.0.300.v20110502.jar
b3d22000-b3d25000 r-xs 00019000 fd:00 885613     /soft/eclipse/eclipse/plugins/org.eclipse.equinox.preferences_3.4.2.v20120111-2020.jar
b3d27000-b3d2f000 r-xs 0004d000 fd:00 885748     /soft/eclipse/eclipse/plugins/org.eclipse.debug.core_3.7.1.v20111129-2031.jar
b3d2f000-b3d56000 r-xs 001dd000 fd:00 885851     /soft/eclipse/eclipse/plugins/org.eclipse.egit.ui_1.3.0.201202151440-r.jar
b3d56000-b5100000 r-xp 00000000 fd:00 2073092    /usr/share/fonts/chinese/TrueType/uming.ttf
b5100000-b5200000 rwxp b5100000 00:00 0 
b5201000-b5206000 r-xp 00000000 fd:00 1646618    /usr/share/locale/zh_CN/LC_MESSAGES/glib20.mo
b5206000-b520e000 r-xs 00069000 fd:00 885968     /soft/eclipse/eclipse/plugins/com.collabnet.subversion.merge_3.0.8.jar
b520e000-b5210000 r-xs 00001000 fd:00 885872     /soft/eclipse/eclipse/plugins/org.eclipse.update.core.linux_3.2.200.v20100512.jar
b5210000-b5214000 r-xs 0001b000 fd:00 885554     /soft/eclipse/eclipse/plugins/org.eclipse.mylyn.team.ui_3.6.1.v20110825-0100.jar
b5215000-b5219000 r-xs 00016000 fd:00 885734     /soft/eclipse/eclipse/plugins/org.eclipse.ui.views.properties.tabbed_3.5.200.v20110928-1505.jar
b5219000-b521d000 r-xs 00021000 fd:00 885881     /soft/eclipse/eclipse/plugins/org.eclipse.cdt.debug.mi.ui_6.1.1.201202111925.jar
b521d000-b5220000 r-xs 00012000 fd:00 885969     /soft/eclipse/eclipse/plugins/org.tigris.subversion.clientadapter_1.8.2.jar
b5221000-b5223000 r-xs 00007000 fd:00 885638     /soft/eclipse/eclipse/plugins/org.eclipse.core.variables_3.2.500.v20110928-1503.jar
b5223000-b5290000 r-xp 00000000 fd:00 2033508    /usr/share/fonts/dejavu-lgc/DejaVuLGCSans.ttf
b5290000-b5294000 r-xs 00000000 fd:00 197455     /var/cache/fontconfig/177aa5f8e4784b879645141d1d73ae7a-x86.cache-2
b5294000-b5296000 r-xs 00000000 fd:00 197167     /var/cache/fontconfig/87f5e051180a7a75f16eb6fe7dbd3749-x86.cache-2
b5296000-b529c000 r-xs 00000000 fd:00 197169     /var/cache/fontconfig/b79f3aaa7d385a141ab53ec885cc22a8-x86.cache-2
b529c000-b52a0000 r-xs 00000000 fd:00 197645     /var/cache/fontconfig/a3ef620b97f3ad86e0ccce6d4afaa4cc-x86.cache-2
b52a0000-b5300000 rwxs 00000000 00:09 3899408    /SYSV00000000 (deleted)
b5300000-b5400000 rwxp b5300000 00:00 0 
b5400000-b5403000 r-xs 00000000 fd:00 196973     /var/cache/fontconfig/b67b32625a2bb51b023d3814a918f351-x86.cache-2
b5403000-b5409000 r-xs 00000000 fd:00 196975     /var/cache/fontconfig/7ddba6133ef499da58de5e8c586d3b75-x86.cache-2
b5409000-b540b000 r-xs 00000000 fd:00 196661     /var/cache/fontconfig/e3ead4b767b8819993a6fa3ae306afa9-x86.cache-2
b540b000-b5413000 r-xs 00000000 fd:00 196972     /var/cache/fontconfig/e19de935dec46bbf3ed114ee4965548a-x86.cache-2
b5413000-b5418000 r-xs 00000000 fd:00 197170     /var/cache/fontconfig/beeeeb3dfe132a8a0633a017c99ce0c0-x86.cache-2
b5419000-b5423000 r-xs 00067000 fd:00 885624     /soft/eclipse/eclipse/plugins/org.eclipse.cdt.make.ui_7.1.2.201202111925.jar
b5423000-b5427000 r-xs 00047000 fd:00 885916     /soft/eclipse/eclipse/plugins/org.eclipse.jdt.launching_3.6.1.v20111006_r372.jar
b5427000-b542a000 r-xs 00013000 fd:00 885915     /soft/eclipse/eclipse/plugins/org.eclipse.jdt.core.manipulation_1.4.0.v20110928-1453.jar
b542a000-b5452000 r-xs 00214000 fd:00 885735     /soft/eclipse/eclipse/plugins/org.eclipse.ui.ide_3.7.0.v20110928-1505.jar
b5452000-b548e000 r-xs 00629000 fd:00 885856     /soft/eclipse/eclipse/plugins/com.ibm.icu_4.4.2.v20110823.jar
b548f000-b54a3000 r-xs 0021f000 fd:00 885818     /soft/eclipse/eclipse/plugins/org.eclipse.swt.gtk.linux.x86_3.7.2.v3740f.jar
b54a3000-b54b7000 r-xs 000f3000 fd:00 885614     /soft/eclipse/eclipse/plugins/org.eclipse.jface_3.7.0.v20110928-1505.jar
b54b7000-b54b9000 r-xs 0000e000 fd:00 885640     /soft/eclipse/eclipse/plugins/org.eclipse.mylyn.resources.ui_3.6.0.v20110608-1400.jar
b54b9000-b5500000 r-xs 003b3000 fd:00 885601     /soft/eclipse/eclipse/plugins/org.eclipse.ui.workbench_3.7.1.v20120104-1859.jar
b5500000-b5600000 rwxp b5500000 00:00 0 
b5600000-b5603000 r-xs 00014000 fd:00 885761     /soft/eclipse/eclipse/plugins/org.eclipse.core.contenttype_3.4.100.v20110423-0524.jar
b5604000-b5605000 r-xs 00002000 fd:00 885824     /soft/eclipse/eclipse/plugins/org.eclipse.cdt.core.linux_5.2.0.201202111925.jar
b5605000-b5606000 r-xs 00004000 fd:00 885575     /soft/eclipse/eclipse/plugins/org.eclipse.swt_3.7.2.v3740f.jar
b5606000-b5612000 r-xs 000ba000 fd:00 885543     /soft/eclipse/eclipse/plugins/org.eclipse.core.resources_3.7.101.v20120125-1505.jar
b5614000-b5616000 r-xs 00009000 fd:00 885865     /soft/eclipse/eclipse/plugins/org.eclipse.cdt.codan.core.cxx_1.0.0.201202111925.jar
b5616000-b5619000 r-xs 00014000 fd:00 885430     /soft/eclipse/eclipse/plugins/org.eclipse.core.jobs_3.5.101.v20120113-1953.jar
b5619000-b561b000 r-xs 00008000 fd:00 885634     /soft/eclipse/eclipse/plugins/org.eclipse.mylyn.monitor.core_3.6.0.v20110608-1400.jar
b561b000-b561d000 r-xs 00003000 fd:00 885973     /soft/eclipse/eclipse/plugins/org.tigris.subversion.subclipse.mylyn_3.0.0.jar
b561d000-b561f000 r-xs 00017000 fd:00 885728     /soft/eclipse/eclipse/plugins/org.eclipse.update.configurator_3.3.100.v20100512.jar
b5621000-b5623000 r-xs 00006000 fd:00 885442     /soft/eclipse/eclipse/plugins/org.eclipse.cdt.codan.checkers.ui_1.0.0.201202111925.jar
b5625000-b5627000 r-xs 0000a000 fd:00 885604     /soft/eclipse/eclipse/plugins/org.eclipse.cdt.managedbuilder.gnu.ui_8.0.2.201202111925.jar
b5627000-b5629000 r-xs 0000b000 fd:00 885787     /soft/eclipse/eclipse/plugins/org.eclipse.core.filesystem_1.3.100.v20110423-0524.jar
b5629000-b562b000 r-xs 00010000 fd:00 885811     /soft/eclipse/eclipse/plugins/org.eclipse.cdt.mylyn.ui_3.6.0.v20110608-1400.jar
b562b000-b562d000 r-xs 00001000 fd:00 885529     /soft/eclipse/eclipse/plugins/org.eclipse.ui.workbench.compatibility_3.2.100.I20110413-1600/compatibility.jar
b562e000-b5632000 r-xs 00029000 fd:00 885765     /soft/eclipse/eclipse/plugins/org.eclipse.equinox.registry_3.5.101.R37x_v20110810-1611.jar
b5633000-b5634000 r-xs 00002000 fd:00 885863     /soft/eclipse/eclipse/plugins/org.eclipse.core.filesystem.linux.x86_1.4.0.v20110423-0524.jar
b5635000-b5636000 r-xs 00004000 fd:00 885809     /soft/eclipse/eclipse/plugins/org.eclipse.rse.efs.ui_2.1.300.v201101042155.jar
b5636000-b5638000 r-xs 00008000 fd:00 885563     /soft/eclipse/eclipse/plugins/org.eclipse.epp.usagedata.gathering_1.3.1.R201106061540.jar
b5638000-b563a000 r-xs 0000a000 fd:00 885588     /soft/eclipse/eclipse/plugins/org.eclipse.epp.usagedata.recording_1.3.1.R201106061540.jar
b563a000-b563b000 r-xs 00007000 fd:00 885806     /soft/eclipse/eclipse/plugins/org.eclipse.update.scheduler_3.2.300.v20100512.jar
b563b000-b563d000 r-xs 00008000 fd:00 885526     /soft/eclipse/eclipse/plugins/org.eclipse.core.externaltools_1.0.100.v20111007_r372.jar
b563d000-b563f000 r-xs 00018000 fd:00 885857     /soft/eclipse/eclipse/plugins/org.eclipse.equinox.common_3.6.0.v20110523.jar
b563f000-b5653000 r-xs 0013a000 fd:00 885581     /soft/eclipse/eclipse/plugins/org.eclipse.osgi_3.7.2.v20120110-1415.jar
b5653000-b5687000 rwxp b5653000 00:00 0 
b5687000-b581f000 r-xs 03083000 fd:00 1313910    /opt/java/jdk1.6.0_38/jre/lib/rt.jar
b581f000-b5849000 rwxp b581f000 00:00 0 
b5849000-b58a7000 rwxp b5849000 00:00 0 
b58a7000-b58e1000 rwxp b58a7000 00:00 0 
b58e1000-b5928000 rwxp b58e1000 00:00 0 
b5928000-b5945000 rwxp b5928000 00:00 0 
b5945000-b5968000 rwxp b5945000 00:00 0 
b5968000-b59a2000 rwxp b5968000 00:00 0 
b59a2000-b59e8000 rwxp b59a2000 00:00 0 
b59e8000-b5a0b000 rwxp b59e8000 00:00 0 
b5a0b000-b5a68000 rwxp b5a0b000 00:00 0 
b5a68000-b5ac2000 rwxp b5a68000 00:00 0 
b5ac2000-b5af4000 rwxp b5ac2000 00:00 0 
b5af4000-b6e6c000 rwxp b5af4000 00:00 0 
b6e6c000-b7af4000 rwxp b6e6c000 00:00 0 
b7af4000-b7afc000 rwxs 00000000 fd:00 4391120    /tmp/hsperfdata_root/8432
b7afc000-b7afd000 rwxp b7afc000 00:00 0 
b7afd000-b7afe000 r-xp b7afd000 00:00 0 
b7afe000-b7b5e000 rwxs 00000000 00:09 3866639    /SYSV00000000 (deleted)
b7b5e000-b7bc1000 rwxp b7b5e000 00:00 0 
b7bc1000-b7bc2000 r-xs 00002000 fd:00 917516     /soft/eclipse/eclipse/plugins/org.eclipse.core.runtime.compatibility.registry_3.5.0.v20110505/runtime_registry_compatibility.jar
b7bc2000-b7bd4000 r-xp 00000000 fd:00 1642575    /usr/share/locale/zh_CN/LC_MESSAGES/libc.mo
b7bd4000-b7bef000 r-xp 00000000 fd:00 1772757    /usr/share/locale/zh_CN/LC_MESSAGES/gtk20-properties.mo
b7bef000-b7bf6000 r-xs 00000000 fd:00 1737475    /usr/lib/gconv/gconv-modules.cache
b7bf6000-b7c05000 r-xp 00000000 fd:00 1772780    /usr/share/locale/zh_CN/LC_MESSAGES/gtk20.mo
b7c05000-b7c42000 r-xp 00434000 fd:00 1651724    /usr/lib/locale/locale-archive
b7c42000-b7d1a000 r-xp 00299000 fd:00 1651724    /usr/lib/locale/locale-archive
b7d1a000-b7f1a000 r-xp 00000000 fd:00 1651724    /usr/lib/locale/locale-archive
b7f1a000-b7f1b000 rwxp b7f1a000 00:00 0 
b7f1b000-b7f1c000 r-xp b7f1b000 00:00 0 
b7f1c000-b7f1d000 r-xs 00005000 fd:00 885546     /soft/eclipse/eclipse/plugins/org.eclipse.cdt.build.crossgcc_1.0.2.201202111925.jar
b7f1d000-b7f20000 r-xs 000cc000 fd:00 1311561    /opt/java/jdk1.6.0_38/jre/lib/ext/localedata.jar
b7f20000-b7f21000 r-xs 0000b000 fd:00 885582     /soft/eclipse/eclipse/plugins/org.eclipse.equinox.launcher_1.2.0.v20110502.jar
b7f21000-b7f28000 rwxp b7f21000 00:00 0 
bf9d4000-bf9d7000 --xp bf9d4000 00:00 0 
bf9d8000-bfa24000 rwxp bffb1000 00:00 0          [stack]
bfa25000-bfa25000 rw-p bfffe000 00:00 0 

VM Arguments:
jvm_args: -Dosgi.requiredJavaVersion=1.5 -XX:MaxPermSize=256m -Xms40m -Xmx384m 
java_command: <unknown>
Launcher Type: generic

Environment Variables:
JAVA_HOME=/usr/java/jre1.6.0_24
CLASSPATH=.:/opt/java/jdk1.6.0_38/lib:
PATH=/opt/ant/apache-ant-1.8.4/bin:/opt/java/jdk1.6.0_38/:/usr/kerberos/sbin:/usr/kerberos/bin:/usr/local/sbin:/usr/local/bin:/sbin:/bin:/usr/sbin:/usr/bin:/usr/X11R6/bin:/opt/hadoop/hadoop-1.0.4/bin:/opt/hadoop/zookeeper/zookeeper-3.4.5/bin:/opt/hadoop/zookeeper/zookeeper-3.4.5/conf:/root/bin
LD_LIBRARY_PATH=/opt/java/jdk1.6.0_38/jre/lib/i386/client:/opt/java/jdk1.6.0_38/jre/lib/i386:
SHELL=/bin/bash
DISPLAY=:0.0

Signal Handlers:
SIGSEGV: [libjvm.so+0x46bc30], sa_mask[0]=0x7ffbfeff, sa_flags=0x10000004
SIGBUS: [libjvm.so+0x46bc30], sa_mask[0]=0x7ffbfeff, sa_flags=0x10000004
SIGFPE: [libjvm.so+0x38ccf0], sa_mask[0]=0x7ffbfeff, sa_flags=0x10000004
SIGPIPE: SIG_IGN, sa_mask[0]=0x00001000, sa_flags=0x10000000
SIGXFSZ: [libjvm.so+0x38ccf0], sa_mask[0]=0x7ffbfeff, sa_flags=0x10000004
SIGILL: [libjvm.so+0x38ccf0], sa_mask[0]=0x7ffbfeff, sa_flags=0x10000004
SIGUSR1: SIG_DFL, sa_mask[0]=0x00000000, sa_flags=0x00000000
SIGUSR2: [libjvm.so+0x38ff50], sa_mask[0]=0x00000000, sa_flags=0x10000004
SIGHUP: [libjvm.so+0x38fb30], sa_mask[0]=0x7ffbfeff, sa_flags=0x10000004
SIGINT: [libjvm.so+0x38fb30], sa_mask[0]=0x7ffbfeff, sa_flags=0x10000004
SIGTERM: [libjvm.so+0x38fb30], sa_mask[0]=0x7ffbfeff, sa_flags=0x10000004
SIGQUIT: [libjvm.so+0x38fb30], sa_mask[0]=0x7ffbfeff, sa_flags=0x10000004


---------------  S Y S T E M  ---------------

OS:CentOS release 5.5 (Final)

uname:Linux 2.6.18-194.32.1.el5 #1 SMP Wed Jan 5 17:53:09 EST 2011 i686
libc:glibc 2.5 NPTL 2.5 
rlimit: STACK 10240k, CORE 0k, NPROC 16384, NOFILE 1024, AS infinity
load average:0.44 0.44 0.30

/proc/meminfo:
MemTotal:      1035060 kB
MemFree:         44380 kB
Buffers:         45604 kB
Cached:         327016 kB
SwapCached:         84 kB
Active:         751480 kB
Inactive:       176988 kB
HighTotal:      131008 kB
HighFree:          264 kB
LowTotal:       904052 kB
LowFree:         44116 kB
SwapTotal:     1048568 kB
SwapFree:      1048468 kB
Dirty:              68 kB
Writeback:           0 kB
AnonPages:      555744 kB
Mapped:          96516 kB
Slab:            48076 kB
PageTables:       5072 kB
NFS_Unstable:        0 kB
Bounce:              0 kB
CommitLimit:   1566096 kB
Committed_AS:  1346408 kB
VmallocTotal:   114680 kB
VmallocUsed:      5108 kB
VmallocChunk:   109416 kB
HugePages_Total:     0
HugePages_Free:      0
HugePages_Rsvd:      0
Hugepagesize:     4096 kB


CPU:total 2 (1 cores per cpu, 1 threads per core) family 6 model 23 stepping 10, cmov, cx8, fxsr, mmx, sse, sse2, sse3, ssse3, sse4.1

/proc/cpuinfo:
processor	: 0
vendor_id	: GenuineIntel
cpu family	: 6
model		: 23
model name	: Intel(R) Core(TM)2 Duo CPU     E7500  @ 2.93GHz
stepping	: 10
cpu MHz		: 2933.330
cache size	: 3072 KB
fdiv_bug	: no
hlt_bug		: no
f00f_bug	: no
coma_bug	: no
fpu		: yes
fpu_exception	: yes
cpuid level	: 13
wp		: yes
flags		: fpu vme de pse tsc msr pae mce cx8 apic mtrr pge mca cmov pat pse36 clflush dts acpi mmx fxsr sse sse2 ss nx lm constant_tsc pni ssse3 cx16 sse4_1 lahf_lm
bogomips	: 5866.66

processor	: 1
vendor_id	: GenuineIntel
cpu family	: 6
model		: 23
model name	: Intel(R) Core(TM)2 Duo CPU     E7500  @ 2.93GHz
stepping	: 10
cpu MHz		: 2933.330
cache size	: 3072 KB
fdiv_bug	: no
hlt_bug		: no
f00f_bug	: no
coma_bug	: no
fpu		: yes
fpu_exception	: yes
cpuid level	: 13
wp		: yes
flags		: fpu vme de pse tsc msr pae mce cx8 apic mtrr pge mca cmov pat pse36 clflush dts acpi mmx fxsr sse sse2 ss nx lm constant_tsc pni ssse3 cx16 sse4_1 lahf_lm
bogomips	: 7717.82



Memory: 4k page, physical 1035060k(44380k free), swap 1048568k(1048468k free)

vm_info: Java HotSpot(TM) Client VM (20.13-b02) for linux-x86 JRE (1.6.0_38-b05), built on Nov 14 2012 02:13:49 by "java_re" with gcc 3.2.1-7a (J2SE release)

time: Wed Apr 24 19:36:20 2013
elapsed time: 33750 seconds

