#
# A fatal error has been detected by the Java Runtime Environment:
#
#  SIGSEGV (0xb) at pc=0x00a8509b, pid=19638, tid=3086334160
#
# JRE version: 6.0_38-b05
# Java VM: Java HotSpot(TM) Client VM (20.13-b02 mixed mode, sharing linux-x86 )
# Problematic frame:
# C  [libgobject-2.0.so.0+0xb09b]  __float128+0x1b
#
# If you would like to submit a bug report, please visit:
#   http://java.sun.com/webapps/bugreport/crash.jsp
# The crash happened outside the Java Virtual Machine in native code.
# See problematic frame for where to report the bug.
#

---------------  T H R E A D  ---------------

Current thread (0x08e26400):  JavaThread "main" [_thread_in_native, id=19638, stack(0xbfd2c000,0xbfd7c000)]

siginfo:si_signo=SIGSEGV: si_errno=0, si_code=1 (SEGV_MAPERR), si_addr=0xffffffff

Registers:
EAX=0xffffffff, EBX=0x00ab8674, ECX=0xb5300010, EDX=0xb5300030
ESP=0xbfd7a010, EBP=0xbfd7a038, ESI=0xb3991d98, EDI=0xffffffff
EIP=0x00a8509b, EFLAGS=0x00210286, CR2=0xffffffff

Top of Stack: (sp=0xbfd7a010)
0xbfd7a010:   00ddf0e0 00000000 bfd7a038 00db81d4
0xbfd7a020:   b185e380 0099eea0 bfd7a058 00ddf0e0
0xbfd7a030:   b3991d98 b3991d98 bfd7a058 00db9b4c
0xbfd7a040:   ffffffff 00000033 00000000 00db9b2a
0xbfd7a050:   00ab8674 b3991da0 bfd7a088 00a851ee
0xbfd7a060:   b3991d98 ffffffff 00000000 00000000
0xbfd7a070:   b31bd24d b0a185c5 b3991d9c 00496e24
0xbfd7a080:   b0ca8f48 b198407d bfd7a0a8 002172f8 

Instructions: (pc=0x00a8509b)
0x00a8507b:   27 00 00 00 00 55 89 e5 57 56 53 83 ec 1c 8b 7d
0x00a8508b:   08 e8 06 b1 ff ff 81 c3 e3 35 03 00 85 ff 74 0b
0x00a8509b:   8b 07 85 c0 74 05 83 38 50 74 14 c7 44 24 04 50
0x00a850ab:   00 00 00 89 3c 24 e8 5a 80 01 00 85 c0 74 46 8b 

Register to memory mapping:

EAX=0xffffffff is an unknown value
EBX=0x00ab8674: <offset 0x3e674> in /lib/libgobject-2.0.so.0 at 0x00a7a000
ECX=0xb5300010 is an unknown value
EDX=0xb5300030 is an unknown value
ESP=0xbfd7a010 is pointing into the stack for thread: 0x08e26400
EBP=0xbfd7a038 is pointing into the stack for thread: 0x08e26400
ESI=0xb3991d98 is an unknown value
EDI=0xffffffff is an unknown value


Stack: [0xbfd2c000,0xbfd7c000],  sp=0xbfd7a010,  free space=312k
Native frames: (J=compiled Java code, j=interpreted, Vv=VM code, C=native code)
C  [libgobject-2.0.so.0+0xb09b]  __float128+0x1b
C  [libpango-1.0.so.0+0x18b4c]  __float128+0x18b4c
C  [libgobject-2.0.so.0+0xb1ee]  __float128+0x16e
C  [libgtk-x11-2.0.so.0+0x1162f8]  __float128+0x1162f8
C  [libgtk-x11-2.0.so.0+0x118812]  __float128+0x118812
C  [libgtk-x11-2.0.so.0+0x118d04]  __float128+0x84
C  [libswt-pi-gtk-3740.so+0x40d91]  Java_org_eclipse_swt_internal_gtk_OS__1gtk_1label_1set_1text_1with_1mnemonic+0x48
J  org.eclipse.swt.internal.gtk.OS._gtk_label_set_text_with_mnemonic(I[B)V
J  org.eclipse.swt.internal.gtk.OS.gtk_label_set_text_with_mnemonic(I[B)V
J  org.eclipse.ui.internal.progress.ProgressInfoItem.refresh()V
j  org.eclipse.jface.viewers.StructuredViewer.internalRefresh(Ljava/lang/Object;Z)V+2
j  org.eclipse.jface.viewers.StructuredViewer$8.run()V+12
j  org.eclipse.jface.viewers.StructuredViewer.preservingSelection(Ljava/lang/Runnable;Z)V+26
j  org.eclipse.jface.viewers.StructuredViewer.preservingSelection(Ljava/lang/Runnable;)V+3
j  org.eclipse.jface.viewers.StructuredViewer.refresh(Ljava/lang/Object;Z)V+11
j  org.eclipse.ui.internal.progress.ProgressViewerContentProvider.refresh([Ljava/lang/Object;)V+20
J  org.eclipse.ui.internal.progress.ProgressViewUpdater$1.runInUIThread(Lorg/eclipse/core/runtime/IProgressMonitor;)Lorg/eclipse/core/runtime/IStatus;
j  org.eclipse.ui.internal.Workbench.access$4(Lorg/eclipse/ui/internal/Workbench;)I+1
j  org.eclipse.ui.internal.Workbench$7.run()V+73
j  org.eclipse.core.databinding.observable.Realm.runWithDefault(Lorg/eclipse/core/databinding/observable/Realm;Ljava/lang/Runnable;)V+12
j  org.eclipse.ui.internal.Workbench.createAndRunWorkbench(Lorg/eclipse/swt/widgets/Display;Lorg/eclipse/ui/application/WorkbenchAdvisor;)I+18
j  org.eclipse.ui.PlatformUI.createAndRunWorkbench(Lorg/eclipse/swt/widgets/Display;Lorg/eclipse/ui/application/WorkbenchAdvisor;)I+2
j  org.eclipse.ui.internal.ide.application.IDEApplication.start(Lorg/eclipse/equinox/app/IApplicationContext;)Ljava/lang/Object;+108
j  org.eclipse.equinox.internal.app.EclipseAppHandle.run(Ljava/lang/Object;)Ljava/lang/Object;+135
j  org.eclipse.core.runtime.internal.adaptor.EclipseAppLauncher.runApplication(Ljava/lang/Object;)Ljava/lang/Object;+103
j  org.eclipse.core.runtime.internal.adaptor.EclipseAppLauncher.start(Ljava/lang/Object;)Ljava/lang/Object;+29
j  org.eclipse.core.runtime.adaptor.EclipseStarter.run(Ljava/lang/Object;)Ljava/lang/Object;+149
j  org.eclipse.core.runtime.adaptor.EclipseStarter.run([Ljava/lang/String;Ljava/lang/Runnable;)Ljava/lang/Object;+183
v  ~StubRoutines::call_stub
V  [libjvm.so+0x24d7e1]  JavaCalls::call_helper(JavaValue*, methodHandle*, JavaCallArguments*, Thread*)+0x1c1
V  [libjvm.so+0x38e088]  os::os_exception_wrapper(void (*)(JavaValue*, methodHandle*, JavaCallArguments*, Thread*), JavaValue*, methodHandle*, JavaCallArguments*, Thread*)+0x18
V  [libjvm.so+0x24d60f]  JavaCalls::call(JavaValue*, methodHandle, JavaCallArguments*, Thread*)+0x2f
V  [libjvm.so+0x3be2c5]  Reflection::invoke(instanceKlassHandle, methodHandle, Handle, bool, objArrayHandle, BasicType, objArrayHandle, bool, Thread*)+0x445
V  [libjvm.so+0x3c1687]  Reflection::invoke_method(oopDesc*, Handle, objArrayHandle, Thread*)+0x127
V  [libjvm.so+0x2cd1bf]  JVM_InvokeMethod+0x1ff
C  [libjava.so+0x15294]  Java_sun_reflect_NativeMethodAccessorImpl_invoke0+0x34
j  sun.reflect.NativeMethodAccessorImpl.invoke0(Ljava/lang/reflect/Method;Ljava/lang/Object;[Ljava/lang/Object;)Ljava/lang/Object;+0
j  sun.reflect.NativeMethodAccessorImpl.invoke(Ljava/lang/Object;[Ljava/lang/Object;)Ljava/lang/Object;+87
j  sun.reflect.DelegatingMethodAccessorImpl.invoke(Ljava/lang/Object;[Ljava/lang/Object;)Ljava/lang/Object;+6
j  java.lang.reflect.Method.invoke(Ljava/lang/Object;[Ljava/lang/Object;)Ljava/lang/Object;+161
j  org.eclipse.equinox.launcher.Main.invokeFramework([Ljava/lang/String;[Ljava/net/URL;)V+211
j  org.eclipse.equinox.launcher.Main.basicRun([Ljava/lang/String;)V+126
j  org.eclipse.equinox.launcher.Main.run([Ljava/lang/String;)I+4
v  ~StubRoutines::call_stub
V  [libjvm.so+0x24d7e1]  JavaCalls::call_helper(JavaValue*, methodHandle*, JavaCallArguments*, Thread*)+0x1c1
V  [libjvm.so+0x38e088]  os::os_exception_wrapper(void (*)(JavaValue*, methodHandle*, JavaCallArguments*, Thread*), JavaValue*, methodHandle*, JavaCallArguments*, Thread*)+0x18
V  [libjvm.so+0x24d60f]  JavaCalls::call(JavaValue*, methodHandle, JavaCallArguments*, Thread*)+0x2f
V  [libjvm.so+0x281e87]  jni_invoke_nonstatic(JNIEnv_*, JavaValue*, _jobject*, JNICallType, _jmethodID*, JNI_ArgumentPusher*, Thread*)+0x197
V  [libjvm.so+0x2625ae]  unsigned+0x14e
C  [eclipse_1407.so+0x83d9]  short+0x418
C  [eclipse_1407.so+0x9878]  short+0x24
C  [eclipse_1407.so+0x314b]  run+0x59d
C  [eclipse+0x10ee]  short+0x10ee
C  [libc.so.6+0x15e9c]  __libc_start_main+0xdc

Java frames: (J=compiled Java code, j=interpreted, Vv=VM code)
J  org.eclipse.swt.internal.gtk.OS._gtk_label_set_text_with_mnemonic(I[B)V
J  org.eclipse.swt.internal.gtk.OS.gtk_label_set_text_with_mnemonic(I[B)V
j  org.eclipse.swt.widgets.Label.setText(Ljava/lang/String;)V+46
J  org.eclipse.ui.internal.progress.ProgressInfoItem.refresh()V
j  org.eclipse.ui.internal.progress.DetailedProgressViewer.internalRefresh(Ljava/lang/Object;)V+48
j  org.eclipse.jface.viewers.StructuredViewer.internalRefresh(Ljava/lang/Object;Z)V+2
j  org.eclipse.jface.viewers.StructuredViewer$8.run()V+12
j  org.eclipse.jface.viewers.StructuredViewer.preservingSelection(Ljava/lang/Runnable;Z)V+26
j  org.eclipse.jface.viewers.StructuredViewer.preservingSelection(Ljava/lang/Runnable;)V+3
j  org.eclipse.jface.viewers.StructuredViewer.refresh(Ljava/lang/Object;Z)V+11
j  org.eclipse.ui.internal.progress.ProgressViewerContentProvider.refresh([Ljava/lang/Object;)V+20
J  org.eclipse.ui.internal.progress.ProgressViewUpdater$1.runInUIThread(Lorg/eclipse/core/runtime/IProgressMonitor;)Lorg/eclipse/core/runtime/IStatus;
J  org.eclipse.ui.progress.UIJob$1.run()V
J  org.eclipse.swt.widgets.Synchronizer.runAsyncMessages(Z)Z
J  org.eclipse.swt.widgets.Display.readAndDispatch()Z
J  org.eclipse.ui.internal.Workbench.runEventLoop(Lorg/eclipse/jface/window/Window$IExceptionHandler;Lorg/eclipse/swt/widgets/Display;)V
j  org.eclipse.ui.internal.Workbench.runUI()I+555
j  org.eclipse.ui.internal.Workbench.access$4(Lorg/eclipse/ui/internal/Workbench;)I+1
j  org.eclipse.ui.internal.Workbench$7.run()V+73
j  org.eclipse.core.databinding.observable.Realm.runWithDefault(Lorg/eclipse/core/databinding/observable/Realm;Ljava/lang/Runnable;)V+12
j  org.eclipse.ui.internal.Workbench.createAndRunWorkbench(Lorg/eclipse/swt/widgets/Display;Lorg/eclipse/ui/application/WorkbenchAdvisor;)I+18
j  org.eclipse.ui.PlatformUI.createAndRunWorkbench(Lorg/eclipse/swt/widgets/Display;Lorg/eclipse/ui/application/WorkbenchAdvisor;)I+2
j  org.eclipse.ui.internal.ide.application.IDEApplication.start(Lorg/eclipse/equinox/app/IApplicationContext;)Ljava/lang/Object;+108
j  org.eclipse.equinox.internal.app.EclipseAppHandle.run(Ljava/lang/Object;)Ljava/lang/Object;+135
j  org.eclipse.core.runtime.internal.adaptor.EclipseAppLauncher.runApplication(Ljava/lang/Object;)Ljava/lang/Object;+103
j  org.eclipse.core.runtime.internal.adaptor.EclipseAppLauncher.start(Ljava/lang/Object;)Ljava/lang/Object;+29
j  org.eclipse.core.runtime.adaptor.EclipseStarter.run(Ljava/lang/Object;)Ljava/lang/Object;+149
j  org.eclipse.core.runtime.adaptor.EclipseStarter.run([Ljava/lang/String;Ljava/lang/Runnable;)Ljava/lang/Object;+183
v  ~StubRoutines::call_stub
j  sun.reflect.NativeMethodAccessorImpl.invoke0(Ljava/lang/reflect/Method;Ljava/lang/Object;[Ljava/lang/Object;)Ljava/lang/Object;+0
j  sun.reflect.NativeMethodAccessorImpl.invoke(Ljava/lang/Object;[Ljava/lang/Object;)Ljava/lang/Object;+87
j  sun.reflect.DelegatingMethodAccessorImpl.invoke(Ljava/lang/Object;[Ljava/lang/Object;)Ljava/lang/Object;+6
j  java.lang.reflect.Method.invoke(Ljava/lang/Object;[Ljava/lang/Object;)Ljava/lang/Object;+161
j  org.eclipse.equinox.launcher.Main.invokeFramework([Ljava/lang/String;[Ljava/net/URL;)V+211
j  org.eclipse.equinox.launcher.Main.basicRun([Ljava/lang/String;)V+126
j  org.eclipse.equinox.launcher.Main.run([Ljava/lang/String;)I+4
v  ~StubRoutines::call_stub

---------------  P R O C E S S  ---------------

Java Threads: ( => current thread )
  0x09868400 JavaThread "ErrorReader" daemon [_thread_in_native, id=26206, stack(0x068cc000,0x0691d000)]
  0x097e2000 JavaThread "OutputReader" daemon [_thread_blocked, id=26205, stack(0x0634b000,0x0639c000)]
  0x09857000 JavaThread "Spawner Reaper" daemon [_thread_in_native, id=26199, stack(0x08ac3000,0x08b14000)]
  0xb04f2800 JavaThread "Worker-379" [_thread_blocked, id=26197, stack(0x0372a000,0x0377b000)]
  0x09859400 JavaThread "Worker-378" [_thread_blocked, id=26070, stack(0x019ea000,0x01a3b000)]
  0x097e8400 JavaThread "Worker-377" [_thread_blocked, id=25879, stack(0x0304a000,0x0309b000)]
  0x09300800 JavaThread "Worker-376" [_thread_blocked, id=25667, stack(0x05200000,0x05251000)]
  0x09858800 JavaThread "Worker-375" [_thread_blocked, id=25633, stack(0x01a3b000,0x01a8c000)]
  0xb04c3000 JavaThread "Worker-370" [_thread_blocked, id=24808, stack(0x065b4000,0x06605000)]
  0x09301000 JavaThread "Worker-369" [_thread_blocked, id=24701, stack(0x06fed000,0x0703e000)]
  0xaee6a800 JavaThread "org.eclipse.cdt.internal.ui.text.CReconciler" daemon [_thread_blocked, id=21365, stack(0x04547000,0x04598000)]
  0xb0ce4400 JavaThread "org.eclipse.cdt.internal.ui.text.CReconciler" daemon [_thread_blocked, id=18389, stack(0x05933000,0x05984000)]
  0xb0c64400 JavaThread "org.eclipse.cdt.internal.ui.text.CReconciler" daemon [_thread_blocked, id=10320, stack(0x04ccd000,0x04d1e000)]
  0xb0c6d400 JavaThread "org.eclipse.cdt.internal.ui.text.CReconciler" daemon [_thread_in_Java, id=28552, stack(0x041b2000,0x04203000)]
  0xb52cf400 JavaThread "org.eclipse.cdt.internal.ui.text.CReconciler" daemon [_thread_blocked, id=25434, stack(0x046b4000,0x04705000)]
  0xb39f1800 JavaThread "org.eclipse.cdt.internal.ui.text.CReconciler" daemon [_thread_blocked, id=19905, stack(0x01b3f000,0x01b90000)]
  0x08fe1c00 JavaThread "[ThreadPool Manager] - Idle Thread" daemon [_thread_blocked, id=19772, stack(0x018f7000,0x01948000)]
  0x096e3c00 JavaThread "Java indexing" daemon [_thread_blocked, id=19736, stack(0x018a6000,0x018f7000)]
  0x0954f800 JavaThread "Bundle File Closer" daemon [_thread_blocked, id=19719, stack(0x01855000,0x018a6000)]
  0x08f36400 JavaThread "Worker-4" [_thread_blocked, id=19702, stack(0x03915000,0x03966000)]
  0x08f86c00 JavaThread "Worker-JM" [_thread_blocked, id=19681, stack(0x01733000,0x01784000)]
  0x08e99c00 JavaThread "[Timer] - Main Queue Handler" daemon [_thread_blocked, id=19680, stack(0x088ad000,0x088fe000)]
  0x08e95400 JavaThread "Framework Event Dispatcher" daemon [_thread_blocked, id=19664, stack(0x0752d000,0x0757e000)]
  0xb534b800 JavaThread "Start Level Event Dispatcher" daemon [_thread_blocked, id=19663, stack(0x07d9f000,0x07df0000)]
  0xb5346000 JavaThread "State Data Manager" daemon [_thread_blocked, id=19662, stack(0x06c33000,0x06c84000)]
  0x08e82800 JavaThread "Framework Active Thread" [_thread_blocked, id=19661, stack(0x01fb8000,0x02009000)]
  0x08e69800 JavaThread "Low Memory Detector" daemon [_thread_blocked, id=19644, stack(0x0530d000,0x0535e000)]
  0x08e5e000 JavaThread "C1 CompilerThread0" daemon [_thread_blocked, id=19643, stack(0x03e1a000,0x03e9b000)]
  0x08e5c800 JavaThread "Signal Dispatcher" daemon [_thread_blocked, id=19642, stack(0x05bbc000,0x05c0d000)]
  0x08e55800 JavaThread "Finalizer" daemon [_thread_blocked, id=19641, stack(0x0070b000,0x0075c000)]
  0x08e54000 JavaThread "Reference Handler" daemon [_thread_blocked, id=19640, stack(0x006ba000,0x0070b000)]
=>0x08e26400 JavaThread "main" [_thread_in_native, id=19638, stack(0xbfd2c000,0xbfd7c000)]

Other Threads:
  0x08e49c00 VMThread [stack: 0x00639000,0x006ba000] [id=19639]
  0x08e6bc00 WatcherThread [stack: 0x08143000,0x081c4000] [id=19645]

VM state:synchronizing (normal execution)

VM Mutex/Monitor currently owned by a thread:  ([mutex/lock_event])
[0x08e25038] Safepoint_lock - owner thread: 0x08e49c00
[0x08e250a0] Threads_lock - owner thread: 0x08e49c00

Heap
 def new generation   total 43264K, used 6380K [0x6b720000, 0x6e610000, 0x73720000)
  eden space 38464K,   9% used [0x6b720000, 0x6ba88568, 0x6dcb0000)
  from space 4800K,  60% used [0x6dcb0000, 0x6df82bd0, 0x6e160000)
  to   space 4800K,   0% used [0x6e160000, 0x6e160000, 0x6e610000)
 tenured generation   total 95916K, used 61059K [0x73720000, 0x794cb000, 0x83720000)
   the space 95916K,  63% used [0x73720000, 0x772c0fe0, 0x772c1000, 0x794cb000)
 compacting perm gen  total 72192K, used 72034K [0x83720000, 0x87da0000, 0x93720000)
   the space 72192K,  99% used [0x83720000, 0x87d78950, 0x87d78a00, 0x87da0000)
    ro space 10240K,  61% used [0x93720000, 0x93d4afa0, 0x93d4b000, 0x94120000)
    rw space 12288K,  60% used [0x94120000, 0x9485a788, 0x9485a800, 0x94d20000)

Code Cache  [0xb5b9f000, 0xb6e6f000, 0xb7b9f000)
 total_blobs=8224 nmethods=8010 adapters=147 free_code_cache=13886272 largest_free_block=384

Dynamic libraries:
00101000-00493000 r-xp 00000000 fd:00 1662527    /usr/lib/libgtk-x11-2.0.so.0.1000.4
00493000-00499000 rwxp 00391000 fd:00 1662527    /usr/lib/libgtk-x11-2.0.so.0.1000.4
00499000-0049a000 rwxp 00499000 00:00 0 
0049a000-0049b000 r-xp 00000000 fd:00 920160     /soft/eclipse/eclipse/configuration/org.eclipse.osgi/bundles/44/1/.cp/os/linux/x86/libpty.so
0049b000-0049c000 rwxp 00001000 fd:00 920160     /soft/eclipse/eclipse/configuration/org.eclipse.osgi/bundles/44/1/.cp/os/linux/x86/libpty.so
0049c000-00526000 r-xp 00000000 fd:00 1662525    /usr/lib/libgdk-x11-2.0.so.0.1000.4
00526000-00529000 rwxp 0008a000 fd:00 1662525    /usr/lib/libgdk-x11-2.0.so.0.1000.4
0052b000-00558000 r-xp 00000000 fd:00 1662517    /usr/lib/libpangoft2-1.0.so.0.1400.9
00558000-00559000 rwxp 0002c000 fd:00 1662517    /usr/lib/libpangoft2-1.0.so.0.1400.9
00559000-00573000 r-xp 00000000 fd:00 1662526    /usr/lib/libatk-1.0.so.0.1212.0
00573000-00575000 rwxp 0001a000 fd:00 1662526    /usr/lib/libatk-1.0.so.0.1212.0
00575000-0057f000 r-xp 00000000 fd:00 3966546    /lib/libnss_files-2.5.so
0057f000-00580000 r-xp 00009000 fd:00 3966546    /lib/libnss_files-2.5.so
00580000-00581000 rwxp 0000a000 fd:00 3966546    /lib/libnss_files-2.5.so
00581000-00584000 r-xp 00000000 fd:00 2033787    /usr/lib/gtk-2.0/2.10.0/loaders/libpixbufloader-bmp.so
00584000-00585000 rwxp 00002000 fd:00 2033787    /usr/lib/gtk-2.0/2.10.0/loaders/libpixbufloader-bmp.so
00585000-005a9000 r-xp 00000000 fd:00 1310783    /opt/java/jdk1.6.0_38/jre/lib/i386/libjava.so
005a9000-005ab000 rwxp 00023000 fd:00 1310783    /opt/java/jdk1.6.0_38/jre/lib/i386/libjava.so
005ab000-005ba000 r-xp 00000000 fd:00 1310787    /opt/java/jdk1.6.0_38/jre/lib/i386/libzip.so
005ba000-005bc000 rwxp 0000e000 fd:00 1310787    /opt/java/jdk1.6.0_38/jre/lib/i386/libzip.so
005bd000-005d2000 r-xp 00000000 fd:00 3966877    /lib/libnsl-2.5.so
005d2000-005d3000 r-xp 00014000 fd:00 3966877    /lib/libnsl-2.5.so
005d3000-005d4000 rwxp 00015000 fd:00 3966877    /lib/libnsl-2.5.so
005d4000-005d6000 rwxp 005d4000 00:00 0 
005d6000-005ea000 r-xp 00000000 fd:00 1310791    /opt/java/jdk1.6.0_38/jre/lib/i386/libnet.so
005ea000-005eb000 rwxp 00013000 fd:00 1310791    /opt/java/jdk1.6.0_38/jre/lib/i386/libnet.so
005eb000-005f2000 r-xp 00000000 fd:00 1310792    /opt/java/jdk1.6.0_38/jre/lib/i386/libnio.so
005f2000-005f3000 rwxp 00006000 fd:00 1310792    /opt/java/jdk1.6.0_38/jre/lib/i386/libnio.so
005f3000-005f7000 r-xp 00000000 fd:00 3964964    /lib/libnss_dns-2.5.so
005f7000-005f8000 r-xp 00003000 fd:00 3964964    /lib/libnss_dns-2.5.so
005f8000-005f9000 rwxp 00004000 fd:00 3964964    /lib/libnss_dns-2.5.so
005f9000-0060a000 r-xp 00000000 fd:00 3966898    /lib/libresolv-2.5.so
0060a000-0060b000 r-xp 00010000 fd:00 3966898    /lib/libresolv-2.5.so
0060b000-0060c000 rwxp 00011000 fd:00 3966898    /lib/libresolv-2.5.so
0060c000-0060e000 rwxp 0060c000 00:00 0 
0060e000-00611000 r-xp 00000000 fd:00 1737384    /usr/lib/gconv/EUC-CN.so
00611000-00613000 rwxp 00002000 fd:00 1737384    /usr/lib/gconv/EUC-CN.so
00613000-00616000 r-xp 00000000 fd:00 918038     /soft/eclipse/eclipse/configuration/org.eclipse.osgi/bundles/271/1/.cp/libswt-gtk-3740.so
00616000-00617000 rwxp 00002000 fd:00 918038     /soft/eclipse/eclipse/configuration/org.eclipse.osgi/bundles/271/1/.cp/libswt-gtk-3740.so
00617000-00618000 rwxp 00617000 00:00 0 
00618000-0061c000 r-xp 00000000 fd:00 3966874    /lib/libgthread-2.0.so.0.1200.3
0061c000-0061d000 rwxp 00003000 fd:00 3966874    /lib/libgthread-2.0.so.0.1200.3
0061d000-00621000 rwxp 0061d000 00:00 0 
00621000-00623000 r-xp 00000000 fd:00 920001     /soft/eclipse/eclipse/configuration/org.eclipse.osgi/bundles/84/1/.cp/os/linux/x86/libunixfile_1_0_0.so
00623000-00624000 rwxp 00001000 fd:00 920001     /soft/eclipse/eclipse/configuration/org.eclipse.osgi/bundles/84/1/.cp/os/linux/x86/libunixfile_1_0_0.so
00624000-0062f000 r-xp 00000000 fd:00 1310782    /opt/java/jdk1.6.0_38/jre/lib/i386/libverify.so
0062f000-00630000 rwxp 0000b000 fd:00 1310782    /opt/java/jdk1.6.0_38/jre/lib/i386/libverify.so
00630000-00634000 r-xp 00000000 fd:00 2033792    /usr/lib/gtk-2.0/2.10.0/loaders/libpixbufloader-png.so
00634000-00635000 rwxp 00003000 fd:00 2033792    /usr/lib/gtk-2.0/2.10.0/loaders/libpixbufloader-png.so
00636000-00637000 r-xp 00000000 fd:00 4751698    /usr/lib/gconv/ISO8859-1.so
00637000-00639000 rwxp 00000000 fd:00 4751698    /usr/lib/gconv/ISO8859-1.so
00639000-0063a000 --xp 00639000 00:00 0 
0063a000-006ba000 rwxp 0063a000 00:00 0 
006ba000-006bd000 --xp 006ba000 00:00 0 
006bd000-0070b000 rwxp 006bd000 00:00 0 
0070b000-0070e000 --xp 0070b000 00:00 0 
0070e000-0075c000 rwxp 0070e000 00:00 0 
0075c000-0076c000 r-xp 00000000 fd:00 4751753    /usr/lib/gconv/libGB.so
0076c000-0076e000 rwxp 0000f000 fd:00 4751753    /usr/lib/gconv/libGB.so
0076e000-0077f000 r-xp 00000000 fd:00 2033793    /usr/lib/gtk-2.0/immodules/im-scim-bridge.so
0077f000-00780000 rwxp 00011000 fd:00 2033793    /usr/lib/gtk-2.0/immodules/im-scim-bridge.so
00780000-00782000 r-xp 00000000 fd:00 1933472    /usr/lib/pango/1.5.0/modules/pango-basic-fc.so
00782000-00783000 rwxp 00001000 fd:00 1933472    /usr/lib/pango/1.5.0/modules/pango-basic-fc.so
00783000-0078c000 r-xp 00000000 fd:00 918049     /soft/eclipse/eclipse/configuration/org.eclipse.osgi/bundles/271/1/.cp/libswt-atk-gtk-3740.so
0078c000-0078d000 rwxp 00009000 fd:00 918049     /soft/eclipse/eclipse/configuration/org.eclipse.osgi/bundles/271/1/.cp/libswt-atk-gtk-3740.so
0078f000-007a0000 r-xp 00000000 fd:00 2034135    /usr/lib/gtk-2.0/2.10.0/engines/libclearlooks.so
007a0000-007a1000 rwxp 00011000 fd:00 2034135    /usr/lib/gtk-2.0/2.10.0/engines/libclearlooks.so
007a1000-007a6000 r-xp 00000000 fd:00 2033788    /usr/lib/gtk-2.0/2.10.0/loaders/libpixbufloader-gif.so
007a6000-007a7000 rwxp 00005000 fd:00 2033788    /usr/lib/gtk-2.0/2.10.0/loaders/libpixbufloader-gif.so
007a7000-007b1000 r-xp 00000000 fd:00 918083     /soft/eclipse/eclipse/configuration/org.eclipse.osgi/bundles/271/1/.cp/libswt-cairo-gtk-3740.so
007b1000-007b2000 rwxp 00009000 fd:00 918083     /soft/eclipse/eclipse/configuration/org.eclipse.osgi/bundles/271/1/.cp/libswt-cairo-gtk-3740.so
007b2000-007b5000 r-xp 00000000 fd:00 920107     /soft/eclipse/eclipse/configuration/org.eclipse.osgi/bundles/271/1/.cp/libswt-gnome-gtk-3740.so
007b5000-007b6000 rwxp 00002000 fd:00 920107     /soft/eclipse/eclipse/configuration/org.eclipse.osgi/bundles/271/1/.cp/libswt-gnome-gtk-3740.so
007b6000-007bd000 r-xp 00000000 fd:00 1662554    /usr/lib/libpopt.so.0.0.0
007bd000-007be000 rwxp 00006000 fd:00 1662554    /usr/lib/libpopt.so.0.0.0
007bf000-007dc000 r-xp 00000000 fd:00 1662540    /usr/lib/libdbus-glib-1.so.2.1.0
007dc000-007dd000 rwxp 0001d000 fd:00 1662540    /usr/lib/libdbus-glib-1.so.2.1.0
007df000-007e1000 r-xp 00000000 fd:00 3966914    /lib/libutil-2.5.so
007e1000-007e2000 r-xp 00001000 fd:00 3966914    /lib/libutil-2.5.so
007e2000-007e3000 rwxp 00002000 fd:00 3966914    /lib/libutil-2.5.so
007e5000-007e7000 r-xp 00000000 fd:00 1662546    /usr/lib/libavahi-glib.so.1.0.1
007e7000-007e8000 rwxp 00002000 fd:00 1662546    /usr/lib/libavahi-glib.so.1.0.1
007ea000-00805000 r-xp 00000000 fd:00 3964992    /lib/ld-2.5.so
00805000-00806000 r-xp 0001a000 fd:00 3964992    /lib/ld-2.5.so
00806000-00807000 rwxp 0001b000 fd:00 3964992    /lib/ld-2.5.so
00809000-0095b000 r-xp 00000000 fd:00 3966564    /lib/libc-2.5.so
0095b000-0095c000 --xp 00152000 fd:00 3966564    /lib/libc-2.5.so
0095c000-0095e000 r-xp 00152000 fd:00 3966564    /lib/libc-2.5.so
0095e000-0095f000 rwxp 00154000 fd:00 3966564    /lib/libc-2.5.so
0095f000-00962000 rwxp 0095f000 00:00 0 
00964000-0098b000 r-xp 00000000 fd:00 3966870    /lib/libm-2.5.so
0098b000-0098c000 r-xp 00026000 fd:00 3966870    /lib/libm-2.5.so
0098c000-0098d000 rwxp 00027000 fd:00 3966870    /lib/libm-2.5.so
0098f000-00992000 r-xp 00000000 fd:00 3966565    /lib/libdl-2.5.so
00992000-00993000 r-xp 00002000 fd:00 3966565    /lib/libdl-2.5.so
00993000-00994000 rwxp 00003000 fd:00 3966565    /lib/libdl-2.5.so
00996000-009ab000 r-xp 00000000 fd:00 3966566    /lib/libpthread-2.5.so
009ab000-009ac000 --xp 00015000 fd:00 3966566    /lib/libpthread-2.5.so
009ac000-009ad000 r-xp 00015000 fd:00 3966566    /lib/libpthread-2.5.so
009ad000-009ae000 rwxp 00016000 fd:00 3966566    /lib/libpthread-2.5.so
009ae000-009b0000 rwxp 009ae000 00:00 0 
009b2000-009c4000 r-xp 00000000 fd:00 3966871    /lib/libz.so.1.2.3
009c4000-009c5000 rwxp 00011000 fd:00 3966871    /lib/libz.so.1.2.3
009c7000-009ce000 r-xp 00000000 fd:00 3966567    /lib/librt-2.5.so
009ce000-009cf000 r-xp 00007000 fd:00 3966567    /lib/librt-2.5.so
009cf000-009d0000 rwxp 00008000 fd:00 3966567    /lib/librt-2.5.so
009d2000-00a6f000 r-xp 00000000 fd:00 3966568    /lib/libglib-2.0.so.0.1200.3
00a6f000-00a70000 rwxp 0009c000 fd:00 3966568    /lib/libglib-2.0.so.0.1200.3
00a72000-00a77000 r-xp 00000000 fd:00 1662504    /usr/lib/libXdmcp.so.6.0.0
00a77000-00a78000 rwxp 00004000 fd:00 1662504    /usr/lib/libXdmcp.so.6.0.0
00a7a000-00ab8000 r-xp 00000000 fd:00 3966869    /lib/libgobject-2.0.so.0.1200.3
00ab8000-00ab9000 rwxp 0003e000 fd:00 3966869    /lib/libgobject-2.0.so.0.1200.3
00abb000-00abd000 r-xp 00000000 fd:00 1662503    /usr/lib/libXau.so.6.0.0
00abd000-00abe000 rwxp 00001000 fd:00 1662503    /usr/lib/libXau.so.6.0.0
00ac0000-00bbf000 r-xp 00000000 fd:00 1662514    /usr/lib/libX11.so.6.2.0
00bbf000-00bc3000 rwxp 000ff000 fd:00 1662514    /usr/lib/libX11.so.6.2.0
00bc5000-00bc7000 r-xp 00000000 fd:00 3966868    /lib/libgmodule-2.0.so.0.1200.3
00bc7000-00bc8000 rwxp 00002000 fd:00 3966868    /lib/libgmodule-2.0.so.0.1200.3
00bca000-00bd9000 r-xp 00000000 fd:00 1662519    /usr/lib/libXext.so.6.4.0
00bd9000-00bda000 rwxp 0000e000 fd:00 1662519    /usr/lib/libXext.so.6.4.0
00bdc000-00c59000 r-xp 00000000 fd:00 1662236    /usr/lib/libfreetype.so.6.3.10
00c59000-00c5c000 rwxp 0007d000 fd:00 1662236    /usr/lib/libfreetype.so.6.3.10
00c5e000-00c7d000 r-xp 00000000 fd:00 3966872    /lib/libexpat.so.0.5.0
00c7d000-00c7f000 rwxp 0001e000 fd:00 3966872    /lib/libexpat.so.0.5.0
00c81000-00ca8000 r-xp 00000000 fd:00 1662501    /usr/lib/libfontconfig.so.1.1.0
00ca8000-00cb0000 rwxp 00027000 fd:00 1662501    /usr/lib/libfontconfig.so.1.1.0
00cb2000-00cd7000 r-xp 00000000 fd:00 1662502    /usr/lib/libpng12.so.0.10.0
00cd7000-00cd8000 rwxp 00024000 fd:00 1662502    /usr/lib/libpng12.so.0.10.0
00cda000-00ce2000 r-xp 00000000 fd:00 1662515    /usr/lib/libXrender.so.1.3.0
00ce2000-00ce3000 rwxp 00007000 fd:00 1662515    /usr/lib/libXrender.so.1.3.0
00ce3000-00ce6000 r-xp 00000000 fd:00 3966875    /lib/libcap.so.1.10
00ce6000-00ce7000 rwxp 00002000 fd:00 3966875    /lib/libcap.so.1.10
00ce7000-00ce9000 r-xp 00000000 fd:00 3966911    /lib/libcom_err.so.2.1
00ce9000-00cea000 rwxp 00001000 fd:00 3966911    /lib/libcom_err.so.2.1
00ceb000-00cec000 r-xp 00ceb000 00:00 0          [vdso]
00cec000-00cf4000 r-xp 00000000 fd:00 1662529    /usr/lib/libSM.so.6.0.0
00cf4000-00cf5000 rwxp 00007000 fd:00 1662529    /usr/lib/libSM.so.6.0.0
00cf5000-00cfd000 r-xp 00000000 fd:00 1662541    /usr/lib/libkrb5support.so.0.1
00cfd000-00cfe000 rwxp 00007000 fd:00 1662541    /usr/lib/libkrb5support.so.0.1
00cfe000-00d00000 r-xp 00000000 fd:00 3966878    /lib/libkeyutils-1.2.so
00d00000-00d01000 rwxp 00001000 fd:00 3966878    /lib/libkeyutils-1.2.so
00d03000-00d19000 r-xp 00000000 fd:00 1642576    /usr/lib/libgdk_pixbuf-2.0.so.0.1000.4
00d19000-00d1a000 rwxp 00016000 fd:00 1642576    /usr/lib/libgdk_pixbuf-2.0.so.0.1000.4
00d1c000-00d88000 r-xp 00000000 fd:00 1662516    /usr/lib/libcairo.so.2.9.2
00d88000-00d8a000 rwxp 0006b000 fd:00 1662516    /usr/lib/libcairo.so.2.9.2
00d8c000-00d8f000 r-xp 00000000 fd:00 1662522    /usr/lib/libXrandr.so.2.0.0
00d8f000-00d90000 rwxp 00002000 fd:00 1662522    /usr/lib/libXrandr.so.2.0.0
00d92000-00d99000 r-xp 00000000 fd:00 1662521    /usr/lib/libXi.so.6.0.0
00d99000-00d9a000 rwxp 00006000 fd:00 1662521    /usr/lib/libXi.so.6.0.0
00d9c000-00d9e000 r-xp 00000000 fd:00 1662520    /usr/lib/libXinerama.so.1.0.0
00d9e000-00d9f000 rwxp 00001000 fd:00 1662520    /usr/lib/libXinerama.so.1.0.0
00da1000-00dde000 r-xp 00000000 fd:00 1662234    /usr/lib/libpango-1.0.so.0.1400.9
00dde000-00de0000 rwxp 0003c000 fd:00 1662234    /usr/lib/libpango-1.0.so.0.1400.9
00de2000-00de6000 r-xp 00000000 fd:00 1662523    /usr/lib/libXfixes.so.3.1.0
00de6000-00de7000 rwxp 00003000 fd:00 1662523    /usr/lib/libXfixes.so.3.1.0
00de9000-00df1000 r-xp 00000000 fd:00 1662518    /usr/lib/libpangocairo-1.0.so.0.1400.9
00df1000-00df2000 rwxp 00007000 fd:00 1662518    /usr/lib/libpangocairo-1.0.so.0.1400.9
00df4000-00dfd000 r-xp 00000000 fd:00 1662524    /usr/lib/libXcursor.so.1.0.2
00dfd000-00dfe000 rwxp 00008000 fd:00 1662524    /usr/lib/libXcursor.so.1.0.2
00dfe000-00e02000 r-xp 00000000 fd:00 3966560    /lib/libattr.so.1.1.0
00e02000-00e03000 rwxp 00003000 fd:00 3966560    /lib/libattr.so.1.1.0
00e03000-00e0f000 r-xp 00000000 fd:00 917531     /soft/eclipse/eclipse/plugins/org.eclipse.equinox.launcher.gtk.linux.x86_1.1.100.v20110505/eclipse_1407.so
00e0f000-00e10000 rwxp 0000c000 fd:00 917531     /soft/eclipse/eclipse/plugins/org.eclipse.equinox.launcher.gtk.linux.x86_1.1.100.v20110505/eclipse_1407.so
00e10000-012f4000 r-xp 00000000 fd:00 1310776    /opt/java/jdk1.6.0_38/jre/lib/i386/client/libjvm.so
012f4000-01317000 rwxp 004e3000 fd:00 1310776    /opt/java/jdk1.6.0_38/jre/lib/i386/client/libjvm.so
01317000-01733000 rwxp 01317000 00:00 0 
01733000-01736000 --xp 01733000 00:00 0 
01736000-01784000 rwxp 01736000 00:00 0 
01784000-01787000 --xp 01784000 00:00 0 
01787000-017d5000 rwxp 01787000 00:00 0 
01804000-01807000 --xp 01804000 00:00 0 
01807000-01855000 rwxp 01807000 00:00 0 
01855000-01858000 --xp 01855000 00:00 0 
01858000-018a6000 rwxp 01858000 00:00 0 
018a6000-018a9000 --xp 018a6000 00:00 0 
018a9000-018f7000 rwxp 018a9000 00:00 0 
018f7000-018fa000 --xp 018f7000 00:00 0 
018fa000-01948000 rwxp 018fa000 00:00 0 
01948000-0194b000 --xp 01948000 00:00 0 
0194b000-01999000 rwxp 0194b000 00:00 0 
01999000-0199c000 --xp 01999000 00:00 0 
0199c000-019ea000 rwxp 0199c000 00:00 0 
019ea000-019ed000 --xp 019ea000 00:00 0 
019ed000-01a3b000 rwxp 019ed000 00:00 0 
01a3b000-01a3e000 --xp 01a3b000 00:00 0 
01a3e000-01a8c000 rwxp 01a3e000 00:00 0 
01b3f000-01b42000 --xp 01b3f000 00:00 0 
01b42000-01b90000 rwxp 01b42000 00:00 0 
01fb8000-01fbb000 --xp 01fb8000 00:00 0 
01fbb000-02009000 rwxp 01fbb000 00:00 0 
0204b000-02061000 r-xp 00000000 fd:00 3966908    /lib/libselinux.so.1
02061000-02063000 rwxp 00015000 fd:00 3966908    /lib/libselinux.so.1
021ef000-021f2000 --xp 021ef000 00:00 0 
021f2000-02240000 rwxp 021f2000 00:00 0 
0268b000-0271e000 r-xp 00000000 fd:00 1662543    /usr/lib/libkrb5.so.3.3
0271e000-02721000 rwxp 00092000 fd:00 1662543    /usr/lib/libkrb5.so.3.3
02723000-02750000 r-xp 00000000 fd:00 1662544    /usr/lib/libgssapi_krb5.so.2.2
02750000-02751000 rwxp 0002d000 fd:00 1662544    /usr/lib/libgssapi_krb5.so.2.2
02753000-02779000 r-xp 00000000 fd:00 1662542    /usr/lib/libk5crypto.so.3.1
02779000-0277a000 rwxp 00025000 fd:00 1662542    /usr/lib/libk5crypto.so.3.1
0277c000-02793000 r-xp 00000000 fd:00 1662528    /usr/lib/libICE.so.6.3.0
02793000-02794000 rwxp 00016000 fd:00 1662528    /usr/lib/libICE.so.6.3.0
02794000-02796000 rwxp 02794000 00:00 0 
02798000-028c2000 r-xp 00000000 fd:00 3966912    /lib/libcrypto.so.0.9.8e
028c2000-028d5000 rwxp 00129000 fd:00 3966912    /lib/libcrypto.so.0.9.8e
028d5000-028d9000 rwxp 028d5000 00:00 0 
028db000-028e1000 r-xp 00000000 fd:00 1652217    /usr/lib/libfam.so.0.0.0
028e1000-028e2000 rwxp 00006000 fd:00 1652217    /usr/lib/libfam.so.0.0.0
028e9000-0292d000 r-xp 00000000 fd:00 3966913    /lib/libssl.so.0.9.8e
0292d000-02931000 rwxp 00043000 fd:00 3966913    /lib/libssl.so.0.9.8e
02933000-02981000 r-xp 00000000 fd:00 1662538    /usr/lib/libORBit-2.so.0.1.0
02981000-0298b000 rwxp 0004d000 fd:00 1662538    /usr/lib/libORBit-2.so.0.1.0
0298d000-029c0000 r-xp 00000000 fd:00 1662539    /usr/lib/libgconf-2.so.4.1.0
029c0000-029c3000 rwxp 00032000 fd:00 1662539    /usr/lib/libgconf-2.so.4.1.0
029c5000-02a9f000 r-xp 00000000 fd:00 3966915    /lib/libasound.so.2.0.0
02a9f000-02aa4000 rwxp 000d9000 fd:00 3966915    /lib/libasound.so.2.0.0
02aa6000-02ab1000 r-xp 00000000 fd:00 1662545    /usr/lib/libavahi-common.so.3.4.3
02ab1000-02ab2000 rwxp 0000a000 fd:00 1662545    /usr/lib/libavahi-common.so.3.4.3
02ab4000-02b14000 r-xp 00000000 fd:00 1662548    /usr/lib/libgnomevfs-2.so.0.1600.2
02b14000-02b17000 rwxp 0005f000 fd:00 1662548    /usr/lib/libgnomevfs-2.so.0.1600.2
02b19000-02b28000 r-xp 00000000 fd:00 1662547    /usr/lib/libavahi-client.so.3.2.1
02b28000-02b29000 rwxp 0000e000 fd:00 1662547    /usr/lib/libavahi-client.so.3.2.1
02c18000-02c72000 r-xp 00000000 fd:00 1662551    /usr/lib/libbonobo-2.so.0.0.0
02c72000-02c7c000 rwxp 0005a000 fd:00 1662551    /usr/lib/libbonobo-2.so.0.0.0
02c7e000-02c87000 r-xp 00000000 fd:00 1662553    /usr/lib/libesd.so.0.2.36
02c87000-02c88000 rwxp 00009000 fd:00 1662553    /usr/lib/libesd.so.0.2.36
02c8a000-02cb2000 r-xp 00000000 fd:00 1662552    /usr/lib/libaudiofile.so.0.0.2
02cb2000-02cb5000 rwxp 00027000 fd:00 1662552    /usr/lib/libaudiofile.so.0.0.2
02cb7000-02ccb000 r-xp 00000000 fd:00 1662550    /usr/lib/libbonobo-activation.so.4.0.0
02ccb000-02ccd000 rwxp 00014000 fd:00 1662550    /usr/lib/libbonobo-activation.so.4.0.0
02ccf000-02cd3000 r-xp 00000000 fd:00 1662549    /usr/lib/libORBitCosNaming-2.so.0.1.0
02cd3000-02cd4000 rwxp 00004000 fd:00 1662549    /usr/lib/libORBitCosNaming-2.so.0.1.0
02cd6000-02ceb000 r-xp 00000000 fd:00 1662555    /usr/lib/libgnome-2.so.0.1600.0
02ceb000-02cec000 rwxp 00014000 fd:00 1662555    /usr/lib/libgnome-2.so.0.1600.0
02cee000-02d7e000 r-xp 00000000 fd:00 1662559    /usr/lib/libgnomeui-2.so.0.1600.0
02d7e000-02d81000 rwxp 0008f000 fd:00 1662559    /usr/lib/libgnomeui-2.so.0.1600.0
02d81000-02d82000 rwxp 02d81000 00:00 0 
02d84000-02d90000 r-xp 00000000 fd:00 1662557    /usr/lib/libgnome-keyring.so.0.0.1
02d90000-02d91000 rwxp 0000b000 fd:00 1662557    /usr/lib/libgnome-keyring.so.0.0.1
02d93000-02dbf000 r-xp 00000000 fd:00 1662537    /usr/lib/libgnomecanvas-2.so.0.1400.0
02dbf000-02dc0000 rwxp 0002b000 fd:00 1662537    /usr/lib/libgnomecanvas-2.so.0.1400.0
02dc2000-02e26000 r-xp 00000000 fd:00 1662556    /usr/lib/libbonoboui-2.so.0.0.0
02e26000-02e29000 rwxp 00063000 fd:00 1662556    /usr/lib/libbonoboui-2.so.0.0.0
02e2b000-02e41000 r-xp 00000000 fd:00 1651232    /usr/lib/libart_lgpl_2.so.2.3.17
02e41000-02e42000 rwxp 00015000 fd:00 1651232    /usr/lib/libart_lgpl_2.so.2.3.17
02e5e000-02e63000 r-xp 00000000 fd:00 1648703    /usr/lib/libXtst.so.6.1.0
02e63000-02e64000 rwxp 00004000 fd:00 1648703    /usr/lib/libXtst.so.6.1.0
02f97000-02f9a000 --xp 02f97000 00:00 0 
02f9a000-02fe8000 rwxp 02f9a000 00:00 0 
0304a000-0304d000 --xp 0304a000 00:00 0 
0304d000-0309b000 rwxp 0304d000 00:00 0 
0372a000-0372d000 --xp 0372a000 00:00 0 
0372d000-0377b000 rwxp 0372d000 00:00 0 
03915000-03918000 --xp 03915000 00:00 0 
03918000-03966000 rwxp 03918000 00:00 0 
03b12000-03b15000 --xp 03b12000 00:00 0 
03b15000-03b63000 rwxp 03b15000 00:00 0 
03e1a000-03e1d000 --xp 03e1a000 00:00 0 
03e1d000-03e9b000 rwxp 03e1d000 00:00 0 
041b2000-041b5000 --xp 041b2000 00:00 0 
041b5000-04203000 rwxp 041b5000 00:00 0 
04547000-0454a000 --xp 04547000 00:00 0 
0454a000-04598000 rwxp 0454a000 00:00 0 
046b4000-046b7000 --xp 046b4000 00:00 0 
046b7000-04705000 rwxp 046b7000 00:00 0 
04a79000-04a7c000 --xp 04a79000 00:00 0 
04a7c000-04aca000 rwxp 04a7c000 00:00 0 
04b8b000-04b8e000 --xp 04b8b000 00:00 0 
04b8e000-04bdc000 rwxp 04b8e000 00:00 0 
04ccd000-04cd0000 --xp 04ccd000 00:00 0 
04cd0000-04d1e000 rwxp 04cd0000 00:00 0 
04d9c000-04da6000 r-xp 00000000 fd:00 2261610    /usr/lib/gtk-2.0/2.10.0/filesystems/libgnome-vfs.so
04da6000-04da7000 rwxp 00009000 fd:00 2261610    /usr/lib/gtk-2.0/2.10.0/filesystems/libgnome-vfs.so
05200000-05203000 --xp 05200000 00:00 0 
05203000-05251000 rwxp 05203000 00:00 0 
0530d000-05310000 --xp 0530d000 00:00 0 
05310000-0535e000 rwxp 05310000 00:00 0 
056d5000-056d8000 --xp 056d5000 00:00 0 
056d8000-05726000 rwxp 056d8000 00:00 0 
058a9000-05904000 r-xp 00000000 fd:00 918039     /soft/eclipse/eclipse/configuration/org.eclipse.osgi/bundles/271/1/.cp/libswt-pi-gtk-3740.so
05904000-05906000 rwxp 0005a000 fd:00 918039     /soft/eclipse/eclipse/configuration/org.eclipse.osgi/bundles/271/1/.cp/libswt-pi-gtk-3740.so
05906000-05907000 rwxp 05906000 00:00 0 
05933000-05936000 --xp 05933000 00:00 0 
05936000-05984000 rwxp 05936000 00:00 0 
05bbc000-05bbf000 --xp 05bbc000 00:00 0 
05bbf000-05c0d000 rwxp 05bbf000 00:00 0 
05e32000-05e35000 --xp 05e32000 00:00 0 
05e35000-05e83000 rwxp 05e35000 00:00 0 
05f70000-05f73000 r-xp 00000000 fd:00 920008     /soft/eclipse/eclipse/configuration/org.eclipse.osgi/bundles/44/1/.cp/os/linux/x86/libspawner.so
05f73000-05f74000 rwxp 00002000 fd:00 920008     /soft/eclipse/eclipse/configuration/org.eclipse.osgi/bundles/44/1/.cp/os/linux/x86/libspawner.so
0619c000-061bd000 r-xp 00000000 fd:00 1662558    /usr/lib/libjpeg.so.62.0.0
061bd000-061be000 rwxp 00020000 fd:00 1662558    /usr/lib/libjpeg.so.62.0.0
06261000-06264000 --xp 06261000 00:00 0 
06264000-062b2000 rwxp 06264000 00:00 0 
0634b000-0634e000 --xp 0634b000 00:00 0 
0634e000-0639c000 rwxp 0634e000 00:00 0 
065b4000-065b7000 --xp 065b4000 00:00 0 
065b7000-06605000 rwxp 065b7000 00:00 0 
066fd000-06703000 r-xp 00000000 fd:00 3965248    /lib/libacl.so.1.1.0
06703000-06704000 rwxp 00005000 fd:00 3965248    /lib/libacl.so.1.1.0
068cc000-068cf000 --xp 068cc000 00:00 0 
068cf000-0691d000 rwxp 068cf000 00:00 0 
06a30000-06b5c000 r-xp 00000000 fd:00 1662533    /usr/lib/libxml2.so.2.6.26
06b5c000-06b61000 rwxp 0012c000 fd:00 1662533    /usr/lib/libxml2.so.2.6.26
06b61000-06b62000 rwxp 06b61000 00:00 0 
06c33000-06c36000 --xp 06c33000 00:00 0 
06c36000-06c84000 rwxp 06c36000 00:00 0 
06fed000-06ff0000 --xp 06fed000 00:00 0 
06ff0000-0703e000 rwxp 06ff0000 00:00 0 
07477000-0747a000 --xp 07477000 00:00 0 
0747a000-074c8000 rwxp 0747a000 00:00 0 
0752d000-07530000 --xp 0752d000 00:00 0 
07530000-0757e000 rwxp 07530000 00:00 0 
07963000-07966000 --xp 07963000 00:00 0 
07966000-079b4000 rwxp 07966000 00:00 0 
07d9f000-07da2000 --xp 07d9f000 00:00 0 
07da2000-07df0000 rwxp 07da2000 00:00 0 
07f75000-07fb0000 r-xp 00000000 fd:00 3966899    /lib/libsepol.so.1
07fb0000-07fb1000 rwxp 0003b000 fd:00 3966899    /lib/libsepol.so.1
07fb1000-07fbb000 rwxp 07fb1000 00:00 0 
08048000-0804c000 r-xp 00000000 fd:00 885891     /soft/eclipse/eclipse/eclipse
0804c000-0804d000 rwxp 00003000 fd:00 885891     /soft/eclipse/eclipse/eclipse
08143000-08144000 --xp 08143000 00:00 0 
08144000-081c4000 rwxp 08144000 00:00 0 
08342000-0837f000 r-xp 00000000 fd:00 3966876    /lib/libdbus-1.so.3.4.0
0837f000-08381000 rwxp 0003c000 fd:00 3966876    /lib/libdbus-1.so.3.4.0
08778000-08786000 r-xp 00000000 fd:00 2261582    /usr/lib/gnome-vfs-2.0/modules/libfile.so
08786000-08787000 rwxp 0000d000 fd:00 2261582    /usr/lib/gnome-vfs-2.0/modules/libfile.so
088ad000-088b0000 --xp 088ad000 00:00 0 
088b0000-088fe000 rwxp 088b0000 00:00 0 
089d0000-089d3000 --xp 089d0000 00:00 0 
089d3000-08a21000 rwxp 089d3000 00:00 0 
08ac3000-08ac6000 --xp 08ac3000 00:00 0 
08ac6000-08b14000 rwxp 08ac6000 00:00 0 
08c87000-08c8a000 --xp 08c87000 00:00 0 
08c8a000-08cd8000 rwxp 08c8a000 00:00 0 
08dcf000-098c2000 rwxp 08dcf000 00:00 0          [heap]
6b720000-6e610000 rwxp 6b720000 00:00 0 
6e610000-73720000 rwxp 6e610000 00:00 0 
73720000-794cb000 rwxp 73720000 00:00 0 
794cb000-797cb000 --xp 794cb000 00:00 0 
797cb000-83720000 rwxp 797cb000 00:00 0 
83720000-87da0000 rwxp 83720000 00:00 0 
87da0000-93720000 rwxp 87da0000 00:00 0 
93720000-93d4b000 r-xs 00001000 fd:00 1313913    /opt/java/jdk1.6.0_38/jre/lib/i386/client/classes.jsa
93d4b000-94120000 rwxp 93d4b000 00:00 0 
94120000-9485b000 rwxp 0062c000 fd:00 1313913    /opt/java/jdk1.6.0_38/jre/lib/i386/client/classes.jsa
9485b000-94d20000 rwxp 9485b000 00:00 0 
94d20000-94e02000 rwxp 00d67000 fd:00 1313913    /opt/java/jdk1.6.0_38/jre/lib/i386/client/classes.jsa
94e02000-95120000 rwxp 94e02000 00:00 0 
95120000-95128000 r-xs 00e49000 fd:00 1313913    /opt/java/jdk1.6.0_38/jre/lib/i386/client/classes.jsa
95128000-95520000 rwxp 95128000 00:00 0 
aec00000-aed90000 rwxp aec00000 00:00 0 
aed90000-aee00000 --xp aed90000 00:00 0 
aee00000-aeefd000 rwxp aee00000 00:00 0 
aeefd000-aef00000 --xp aeefd000 00:00 0 
aeffc000-aeffd000 --xp aeffc000 00:00 0 
aeffd000-af9fd000 rwxp aeffd000 00:00 0 
af9fd000-af9fe000 --xp af9fd000 00:00 0 
af9fe000-b03fe000 rwxp af9fe000 00:00 0 
b0400000-b04fe000 rwxp b0400000 00:00 0 
b04fe000-b0500000 --xp b04fe000 00:00 0 
b0500000-b054f000 rwxp b0500000 00:00 0 
b054f000-b0600000 --xp b054f000 00:00 0 
b0600000-b0800000 rwxp b0600000 00:00 0 
b0800000-b08fd000 rwxp b0800000 00:00 0 
b08fd000-b0900000 --xp b08fd000 00:00 0 
b0900000-b09ff000 rwxp b0900000 00:00 0 
b09ff000-b0a00000 --xp b09ff000 00:00 0 
b0a00000-b0b00000 rwxp b0a00000 00:00 0 
b0c00000-b0cff000 rwxp b0c00000 00:00 0 
b0cff000-b0d00000 --xp b0cff000 00:00 0 
b0dff000-b0e00000 --xp b0dff000 00:00 0 
b0e00000-b1800000 rwxp b0e00000 00:00 0 
b1800000-b18ff000 rwxp b1800000 00:00 0 
b18ff000-b1900000 --xp b18ff000 00:00 0 
b1900000-b19f9000 rwxp b1900000 00:00 0 
b19f9000-b1a00000 --xp b19f9000 00:00 0 
b1a00000-b1afd000 rwxp b1a00000 00:00 0 
b1afd000-b1b00000 --xp b1afd000 00:00 0 
b1b1f000-b1b4d000 r-xp 00000000 fd:00 2033515    /usr/share/fonts/dejavu-lgc/DejaVuLGCSansMono-Oblique.ttf
b1b4d000-b1caa000 r-xp 00000000 fd:00 2034203    /usr/share/icons/hicolor/icon-theme.cache
b1caa000-b229b000 r-xp 00000000 fd:00 2135547    /usr/share/icons/gnome/icon-theme.cache
b229b000-b3000000 r-xp 00000000 fd:00 2072709    /usr/share/icons/Bluecurve/icon-theme.cache
b3000000-b30ff000 rwxp b3000000 00:00 0 
b30ff000-b3100000 --xp b30ff000 00:00 0 
b3100000-b31fc000 rwxp b3100000 00:00 0 
b31fc000-b3200000 --xp b31fc000 00:00 0 
b3200000-b3300000 rwxp b3200000 00:00 0 
b3326000-b3342000 r-xs 0011e000 fd:00 885569     /soft/eclipse/eclipse/plugins/org.eclipse.cdt.dsf.ui_2.2.1.201202111925.jar
b3342000-b334e000 r-xs 00079000 fd:00 885823     /soft/eclipse/eclipse/plugins/org.eclipse.cdt.debug.mi.core_7.1.1.201202111925.jar
b334e000-b3367000 r-xs 00115000 fd:00 885768     /soft/eclipse/eclipse/plugins/org.eclipse.cdt.dsf.gdb_4.0.2.201202111925.jar
b3367000-b3399000 r-xs 00244000 fd:00 885599     /soft/eclipse/eclipse/plugins/org.eclipse.debug.ui_3.7.102.v20111129-1423_r372.jar
b3399000-b3400000 r-xp 00000000 fd:00 2033507    /usr/share/fonts/dejavu-lgc/DejaVuLGCSans-Oblique.ttf
b3400000-b34fe000 rwxp b3400000 00:00 0 
b34fe000-b3500000 --xp b34fe000 00:00 0 
b3506000-b353f000 r-xp 00000000 fd:00 2033513    /usr/share/fonts/dejavu-lgc/DejaVuLGCSansMono-Bold.ttf
b353f000-b354f000 r-xs 00111000 fd:00 885795     /soft/eclipse/eclipse/plugins/org.eclipse.cdt.managedbuilder.core_8.0.2.201202111925.jar
b354f000-b356c000 r-xs 0017c000 fd:00 885549     /soft/eclipse/eclipse/plugins/org.eclipse.team.cvs.ui_3.3.401.v20120126-1227.jar
b356c000-b3587000 r-xs 00145000 fd:00 885577     /soft/eclipse/eclipse/plugins/org.eclipse.team.ui_3.6.101.R37x_v20111109-0800.jar
b3591000-b3596000 r-xs 00038000 fd:00 885593     /soft/eclipse/eclipse/plugins/org.eclipse.text_3.5.101.v20110928-1504.jar
b3596000-b35af000 r-xs 000ed000 fd:00 885620     /soft/eclipse/eclipse/plugins/org.eclipse.cdt.debug.ui_7.1.2.201202111925.jar
b35af000-b35d6000 r-xs 001dd000 fd:00 885851     /soft/eclipse/eclipse/plugins/org.eclipse.egit.ui_1.3.0.201202151440-r.jar
b35d6000-b3600000 r-xs 0043b000 fd:00 885914     /soft/eclipse/eclipse/plugins/org.eclipse.jdt.core_3.7.3.v20120119-1537.jar
b3600000-b3700000 rwxp b3600000 00:00 0 
b3709000-b3713000 r-xs 00085000 fd:00 885429     /soft/eclipse/eclipse/plugins/org.eclipse.team.cvs.core_3.3.400.I20110510-0800.jar
b371d000-b3721000 r-xs 00024000 fd:00 885571     /soft/eclipse/eclipse/plugins/org.eclipse.ui.console_3.5.100.v20111007_r372.jar
b3721000-b378a000 r-xp 00000000 fd:00 2033504    /usr/share/fonts/dejavu-lgc/DejaVuLGCSans-Bold.ttf
b378a000-b37c4000 r-xp 00000000 fd:00 2033516    /usr/share/fonts/dejavu-lgc/DejaVuLGCSansMono.ttf
b37c4000-b3859000 r-xs 00929000 fd:00 885917     /soft/eclipse/eclipse/plugins/org.eclipse.jdt.ui_3.7.2.v20120109-1427.jar
b3863000-b386e000 r-xs 0006c000 fd:00 885626     /soft/eclipse/eclipse/plugins/org.eclipse.cdt.dsf.gdb.ui_2.2.1.201202111925.jar
b386e000-b3896000 r-xs 001ce000 fd:00 885974     /soft/eclipse/eclipse/plugins/org.tigris.subversion.subclipse.ui_1.8.9.jar
b389b000-b38a9000 r-xp 00000000 fd:00 2001805    /usr/share/icons/Clearlooks/icon-theme.cache
b38a9000-b3900000 r-xs 004b4000 fd:00 885750     /soft/eclipse/eclipse/plugins/org.eclipse.cdt.ui_5.3.2.201202111925.jar
b3900000-b3a00000 rwxp b3900000 00:00 0 
b3a00000-b3a0a000 r-xs 00067000 fd:00 885624     /soft/eclipse/eclipse/plugins/org.eclipse.cdt.make.ui_7.1.2.201202111925.jar
b3a0a000-b3a24000 r-xs 0016d000 fd:00 885553     /soft/eclipse/eclipse/plugins/org.eclipse.jgit_1.3.0.201202151440-r.jar
b3a27000-b3a3a000 r-xs 000dd000 fd:00 885562     /soft/eclipse/eclipse/plugins/org.eclipse.jface.text_3.7.2.v20111213-1208.jar
b3a45000-b3a4f000 r-xs 00058000 fd:00 885583     /soft/eclipse/eclipse/plugins/org.eclipse.mylyn.commons.ui_3.6.1.v20110720-0100.jar
b3a4f000-b3a56000 r-xs 00095000 fd:00 1310827    /opt/java/jdk1.6.0_38/jre/lib/jsse.jar
b3a56000-b4e00000 r-xp 00000000 fd:00 2073092    /usr/share/fonts/chinese/TrueType/uming.ttf
b4e00000-b4ef9000 rwxp b4e00000 00:00 0 
b4ef9000-b4f00000 --xp b4ef9000 00:00 0 
b4f00000-b4f0c000 r-xs 00083000 fd:00 885725     /soft/eclipse/eclipse/plugins/org.eclipse.ui.workbench.texteditor_3.7.0.v20110928-1504.jar
b4f0c000-b4f10000 r-xs 00021000 fd:00 885794     /soft/eclipse/eclipse/plugins/org.eclipse.equinox.p2.ui.discovery_1.0.0.v20110502-1955.jar
b4f10000-b4f13000 r-xs 00013000 fd:00 1310837    /opt/java/jdk1.6.0_38/jre/lib/jce.jar
b4f16000-b4f22000 r-xs 00072000 fd:00 885520     /soft/eclipse/eclipse/plugins/org.eclipse.cdt.debug.core_7.1.0.201202111925.jar
b4f22000-b4f43000 r-xs 00178000 fd:00 885560     /soft/eclipse/eclipse/plugins/org.eclipse.mylyn.tasks.ui_3.6.5.v20120215-0100.jar
b4f43000-b4f46000 rwxs 00000000 00:09 6750226    /SYSV00000000 (deleted)
b4f46000-b4f4f000 r-xs 00042000 fd:00 885754     /soft/eclipse/eclipse/plugins/org.eclipse.cdt.dsf_2.2.0.201202111925.jar
b4f4f000-b4f54000 r-xp 00000000 fd:00 1646618    /usr/share/locale/zh_CN/LC_MESSAGES/glib20.mo
b4f54000-b4f5a000 r-xs 00044000 fd:00 885821     /soft/eclipse/eclipse/plugins/org.eclipse.ui.forms_3.5.101.v20111011-1919.jar
b4f5a000-b4f64000 r-xs 00069000 fd:00 885742     /soft/eclipse/eclipse/plugins/org.eclipse.search_3.7.0.v20110928-1504.jar
b4f64000-b4f6b000 r-xs 00038000 fd:00 885586     /soft/eclipse/eclipse/plugins/org.eclipse.mylyn.context.ui_3.6.1.v20120112-0100.jar
b4f6b000-b4f73000 r-xs 0006f000 fd:00 885800     /soft/eclipse/eclipse/plugins/org.eclipse.rse.files.ui_3.2.1.R33x_v201109141647.jar
b4f73000-b4f7a000 r-xs 00047000 fd:00 885971     /soft/eclipse/eclipse/plugins/org.tigris.subversion.subclipse.core_1.8.9.jar
b4f7a000-b4f7f000 r-xs 00021000 fd:00 885612     /soft/eclipse/eclipse/plugins/org.eclipse.ui_3.7.0.v20110928-1505.jar
b4f81000-b4f8f000 r-xs 000a6000 fd:00 885576     /soft/eclipse/eclipse/plugins/org.eclipse.compare_3.5.202.R37x_v20111109-0800.jar
b4f8f000-b4f93000 r-xs 0001d000 fd:00 885598     /soft/eclipse/eclipse/plugins/org.eclipse.cdt.codan.core_2.0.0.201202111925.jar
b4f93000-b4f9f000 r-xs 00081000 fd:00 885803     /soft/eclipse/eclipse/plugins/org.eclipse.ui.editors_3.7.0.v20110928-1504.jar
b4f9f000-b4fa5000 r-xs 00039000 fd:00 885551     /soft/eclipse/eclipse/plugins/org.eclipse.epp.mpc.ui_1.1.1.I20110907-0947.jar
b4fa5000-b4fae000 r-xs 00058000 fd:00 885766     /soft/eclipse/eclipse/plugins/org.eclipse.team.core_3.6.0.I20110525-0800.jar
b4fae000-b4fb1000 r-xs 00019000 fd:00 885782     /soft/eclipse/eclipse/plugins/org.eclipse.cdt.debug.ui.memory.transport_2.1.0.201202111925.jar
b4fb2000-b4fb6000 r-xs 00016000 fd:00 885734     /soft/eclipse/eclipse/plugins/org.eclipse.ui.views.properties.tabbed_3.5.200.v20110928-1505.jar
b4fb6000-b4fba000 r-xs 00018000 fd:00 885774     /soft/eclipse/eclipse/plugins/org.eclipse.cdt.codan.ui_2.0.1.201202111925.jar
b4fba000-b4fbf000 r-xs 0002a000 fd:00 885749     /soft/eclipse/eclipse/plugins/org.eclipse.ui.browser_3.3.101.v20111019-1723.jar
b4fbf000-b4fc3000 r-xs 00021000 fd:00 885881     /soft/eclipse/eclipse/plugins/org.eclipse.cdt.debug.mi.ui_6.1.1.201202111925.jar
b4fc3000-b4fc9000 r-xp 00000000 fd:00 1656981    /usr/share/locale/zh_CN/LC_MESSAGES/libgnomeui-2.0.mo
b4fc9000-b4fcd000 r-xs 00019000 fd:00 885557     /soft/eclipse/eclipse/plugins/org.eclipse.equinox.p2.ui.importexport_1.0.1.R37x_v20111103.jar
b4fcd000-b4fd2000 r-xs 00044000 fd:00 885733     /soft/eclipse/eclipse/plugins/org.eclipse.egit.core_1.3.0.201202151440-r.jar
b4fd2000-b4fd5000 r-xs 00012000 fd:00 885969     /soft/eclipse/eclipse/plugins/org.tigris.subversion.clientadapter_1.8.2.jar
b4fd5000-b4fd9000 r-xs 0001e000 fd:00 885516     /soft/eclipse/eclipse/plugins/org.eclipse.ui.externaltools_3.2.0.v20111007_r372.jar
b4fd9000-b4fdd000 r-xs 00033000 fd:00 885753     /soft/eclipse/eclipse/plugins/org.eclipse.cdt.launch_7.0.0.201202111925.jar
b4fdd000-b4fe0000 r-xs 00014000 fd:00 885430     /soft/eclipse/eclipse/plugins/org.eclipse.core.jobs_3.5.101.v20120113-1953.jar
b4fe2000-b4fe5000 r-xs 00019000 fd:00 885771     /soft/eclipse/eclipse/plugins/org.eclipse.linuxtools.cdt.autotools.core_1.0.2.201202152032.jar
b4fe5000-b4fe9000 r-xs 00017000 fd:00 885538     /soft/eclipse/eclipse/plugins/org.eclipse.core.commands_3.6.0.I20110111-0800.jar
b4fe9000-b4fed000 r-xs 00010000 fd:00 885921     /soft/eclipse/eclipse/plugins/org.tigris.subversion.subclipse.tools.usage_1.1.0.jar
b4fed000-b4ff1000 r-xs 00047000 fd:00 885916     /soft/eclipse/eclipse/plugins/org.eclipse.jdt.launching_3.6.1.v20111006_r372.jar
b4ff1000-b4ff4000 r-xs 00013000 fd:00 885915     /soft/eclipse/eclipse/plugins/org.eclipse.jdt.core.manipulation_1.4.0.v20110928-1453.jar
b4ff8000-b5000000 r-xs 00049000 fd:00 885732     /soft/eclipse/eclipse/plugins/org.eclipse.ui.cheatsheets_3.4.100.v20110425.jar
b5000000-b50fa000 rwxp b5000000 00:00 0 
b50fa000-b5100000 --xp b50fa000 00:00 0 
b5102000-b5106000 r-xs 0001b000 fd:00 885972     /soft/eclipse/eclipse/plugins/org.tigris.subversion.subclipse.graph_1.1.1.jar
b5106000-b5108000 r-xs 00008000 fd:00 885563     /soft/eclipse/eclipse/plugins/org.eclipse.epp.usagedata.gathering_1.3.1.R201106061540.jar
b5108000-b5111000 r-xs 0005e000 fd:00 885721     /soft/eclipse/eclipse/plugins/org.eclipse.cdt.make.core_7.1.2.201202111925.jar
b5113000-b511d000 r-xs 00065000 fd:00 885797     /soft/eclipse/eclipse/plugins/org.eclipse.ltk.ui.refactoring_3.6.0.v20110928-1453.jar
b511d000-b5124000 r-xs 00048000 fd:00 885885     /soft/eclipse/eclipse/plugins/org.eclipse.ltk.core.refactoring_3.5.201.r372_v20111101-0700.jar
b5124000-b512c000 r-xs 0004d000 fd:00 885748     /soft/eclipse/eclipse/plugins/org.eclipse.debug.core_3.7.1.v20111129-2031.jar
b512c000-b512e000 r-xs 00003000 fd:00 885845     /soft/eclipse/eclipse/plugins/org.eclipse.cdt.core.linux.x86_5.2.0.201202111925.jar
b512e000-b5177000 r-xs 0040a000 fd:00 885627     /soft/eclipse/eclipse/plugins/org.eclipse.cdt.core_5.3.2.201202111925.jar
b5179000-b517b000 r-xs 0000a000 fd:00 885604     /soft/eclipse/eclipse/plugins/org.eclipse.cdt.managedbuilder.gnu.ui_8.0.2.201202111925.jar
b517d000-b517f000 r-xs 0000a000 fd:00 885588     /soft/eclipse/eclipse/plugins/org.eclipse.epp.usagedata.recording_1.3.1.R201106061540.jar
b517f000-b5181000 r-xs 00008000 fd:00 885634     /soft/eclipse/eclipse/plugins/org.eclipse.mylyn.monitor.core_3.6.0.v20110608-1400.jar
b5183000-b5185000 r-xs 00008000 fd:00 885526     /soft/eclipse/eclipse/plugins/org.eclipse.core.externaltools_1.0.100.v20111007_r372.jar
b5185000-b5187000 r-xs 00011000 fd:00 885855     /soft/eclipse/eclipse/plugins/org.eclipse.equinox.util_1.0.300.v20110502.jar
b5187000-b5189000 r-xs 00006000 fd:00 885442     /soft/eclipse/eclipse/plugins/org.eclipse.cdt.codan.checkers.ui_1.0.0.201202111925.jar
b5189000-b518b000 r-xs 00010000 fd:00 885811     /soft/eclipse/eclipse/plugins/org.eclipse.cdt.mylyn.ui_3.6.0.v20110608-1400.jar
b518b000-b518d000 r-xs 00004000 fd:00 885858     /soft/eclipse/eclipse/plugins/org.eclipse.cdt.codan.ui.cxx_2.0.0.201202111925.jar
b518e000-b5190000 r-xs 00008000 fd:00 885836     /soft/eclipse/eclipse/plugins/org.eclipse.mylyn.commons.core_3.6.0.v20110608-1400.jar
b5190000-b5193000 r-xs 00019000 fd:00 885613     /soft/eclipse/eclipse/plugins/org.eclipse.equinox.preferences_3.4.2.v20120111-2020.jar
b5193000-b5200000 r-xp 00000000 fd:00 2033508    /usr/share/fonts/dejavu-lgc/DejaVuLGCSans.ttf
b5200000-b5300000 rwxp b5200000 00:00 0 
b5300000-b5400000 rwxp b5300000 00:00 0 
b5400000-b5401000 r-xs 00002000 fd:00 885824     /soft/eclipse/eclipse/plugins/org.eclipse.cdt.core.linux_5.2.0.201202111925.jar
b5401000-b5405000 r-xs 00000000 fd:00 197455     /var/cache/fontconfig/177aa5f8e4784b879645141d1d73ae7a-x86.cache-2
b5405000-b5407000 r-xs 00000000 fd:00 197167     /var/cache/fontconfig/87f5e051180a7a75f16eb6fe7dbd3749-x86.cache-2
b5407000-b540d000 r-xs 00000000 fd:00 197169     /var/cache/fontconfig/b79f3aaa7d385a141ab53ec885cc22a8-x86.cache-2
b540d000-b5411000 r-xs 00000000 fd:00 197645     /var/cache/fontconfig/a3ef620b97f3ad86e0ccce6d4afaa4cc-x86.cache-2
b5411000-b5414000 r-xs 00000000 fd:00 196973     /var/cache/fontconfig/b67b32625a2bb51b023d3814a918f351-x86.cache-2
b5414000-b541a000 r-xs 00000000 fd:00 196975     /var/cache/fontconfig/7ddba6133ef499da58de5e8c586d3b75-x86.cache-2
b541a000-b5422000 r-xs 00000000 fd:00 196972     /var/cache/fontconfig/e19de935dec46bbf3ed114ee4965548a-x86.cache-2
b5422000-b5427000 r-xs 00000000 fd:00 197170     /var/cache/fontconfig/beeeeb3dfe132a8a0633a017c99ce0c0-x86.cache-2
b5428000-b5430000 r-xs 00115000 fd:00 1310883    /opt/java/jdk1.6.0_38/jre/lib/resources.jar
b5430000-b5439000 r-xs 0005a000 fd:00 885595     /soft/eclipse/eclipse/plugins/org.eclipse.ui.navigator_3.5.101.v20120106-1355.jar
b5439000-b543c000 r-xs 00014000 fd:00 885761     /soft/eclipse/eclipse/plugins/org.eclipse.core.contenttype_3.4.100.v20110423-0524.jar
b543c000-b5464000 r-xs 00214000 fd:00 885735     /soft/eclipse/eclipse/plugins/org.eclipse.ui.ide_3.7.0.v20110928-1505.jar
b5464000-b54c4000 rwxs 00000000 00:09 6717455    /SYSV00000000 (deleted)
b54c4000-b5500000 r-xs 00629000 fd:00 885856     /soft/eclipse/eclipse/plugins/com.ibm.icu_4.4.2.v20110823.jar
b5500000-b55fe000 rwxp b5500000 00:00 0 
b55fe000-b5600000 --xp b55fe000 00:00 0 
b5600000-b5602000 r-xs 00000000 fd:00 196661     /var/cache/fontconfig/e3ead4b767b8819993a6fa3ae306afa9-x86.cache-2
b5603000-b5605000 r-xp 00000000 fd:00 1646700    /usr/share/locale/zh_CN/LC_MESSAGES/atk10.mo
b5605000-b5611000 r-xs 000ba000 fd:00 885543     /soft/eclipse/eclipse/plugins/org.eclipse.core.resources_3.7.101.v20120125-1505.jar
b5611000-b5615000 r-xs 00025000 fd:00 885970     /soft/eclipse/eclipse/plugins/org.tigris.subversion.clientadapter.javahl_1.7.4.1.jar
b5615000-b5618000 r-xs 00019000 fd:00 885743     /soft/eclipse/eclipse/plugins/org.eclipse.core.filebuffers_3.5.200.v20110928-1504.jar
b5618000-b561a000 r-xs 00010000 fd:00 885405     /soft/eclipse/eclipse/plugins/org.eclipse.core.runtime_3.7.0.v20110110.jar
b561a000-b562e000 r-xs 0021f000 fd:00 885818     /soft/eclipse/eclipse/plugins/org.eclipse.swt.gtk.linux.x86_3.7.2.v3740f.jar
b562e000-b562f000 r-xs 00004000 fd:00 885575     /soft/eclipse/eclipse/plugins/org.eclipse.swt_3.7.2.v3740f.jar
b562f000-b5643000 r-xs 000f3000 fd:00 885614     /soft/eclipse/eclipse/plugins/org.eclipse.jface_3.7.0.v20110928-1505.jar
b5643000-b5645000 r-xs 00001000 fd:00 885529     /soft/eclipse/eclipse/plugins/org.eclipse.ui.workbench.compatibility_3.2.100.I20110413-1600/compatibility.jar
b5645000-b568c000 r-xs 003b3000 fd:00 885601     /soft/eclipse/eclipse/plugins/org.eclipse.ui.workbench_3.7.1.v20120104-1859.jar
b568d000-b5690000 r-xs 0000d000 fd:00 885873     /soft/eclipse/eclipse/plugins/org.eclipse.cdt.debug.ui.memory.memorybrowser_1.2.100.201202111925.jar
b5690000-b5694000 r-xs 0001a000 fd:00 885844     /soft/eclipse/eclipse/plugins/org.eclipse.ui.navigator.resources_3.4.300.v20110928-1505.jar
b5694000-b5696000 r-xs 00003000 fd:00 885755     /soft/eclipse/eclipse/plugins/org.eclipse.cdt.msw.build_1.0.0.201202111925.jar
b5696000-b5698000 r-xs 00007000 fd:00 885638     /soft/eclipse/eclipse/plugins/org.eclipse.core.variables_3.2.500.v20110928-1503.jar
b5698000-b569a000 r-xs 0000b000 fd:00 885787     /soft/eclipse/eclipse/plugins/org.eclipse.core.filesystem_1.3.100.v20110423-0524.jar
b569a000-b569c000 r-xs 00009000 fd:00 885865     /soft/eclipse/eclipse/plugins/org.eclipse.cdt.codan.core.cxx_1.0.0.201202111925.jar
b569c000-b569f000 r-xs 00019000 fd:00 885522     /soft/eclipse/eclipse/plugins/org.eclipse.mylyn.context.core_3.6.1.v20110720-0100.jar
b569f000-b56a3000 r-xs 00029000 fd:00 885765     /soft/eclipse/eclipse/plugins/org.eclipse.equinox.registry_3.5.101.R37x_v20110810-1611.jar
b56a3000-b56a4000 r-xs 00002000 fd:00 885863     /soft/eclipse/eclipse/plugins/org.eclipse.core.filesystem.linux.x86_1.4.0.v20110423-0524.jar
b56a4000-b56a6000 r-xs 0000e000 fd:00 885640     /soft/eclipse/eclipse/plugins/org.eclipse.mylyn.resources.ui_3.6.0.v20110608-1400.jar
b56a6000-b56aa000 r-xs 00013000 fd:00 885834     /soft/eclipse/eclipse/plugins/org.eclipse.ui.views_3.6.0.v20110928-1505.jar
b56aa000-b56ab000 r-xs 00007000 fd:00 885806     /soft/eclipse/eclipse/plugins/org.eclipse.update.scheduler_3.2.300.v20100512.jar
b56ab000-b56ad000 r-xs 0000e000 fd:00 885785     /soft/eclipse/eclipse/plugins/org.eclipse.compare.core_3.5.200.I20110208-0800.jar
b56ad000-b56af000 r-xs 00018000 fd:00 885857     /soft/eclipse/eclipse/plugins/org.eclipse.equinox.common_3.6.0.v20110523.jar
b56af000-b56b1000 r-xs 00007000 fd:00 885810     /soft/eclipse/eclipse/plugins/org.eclipse.equinox.p2.discovery_1.0.100.v20110502-1955.jar
b56b1000-b56b4000 r-xs 000cc000 fd:00 1311561    /opt/java/jdk1.6.0_38/jre/lib/ext/localedata.jar
b56b4000-b56c8000 r-xs 0013a000 fd:00 885581     /soft/eclipse/eclipse/plugins/org.eclipse.osgi_3.7.2.v20120110-1415.jar
b56c8000-b56f8000 rwxs 00000000 00:09 6684683    /SYSV00000000 (deleted)
b56f8000-b572c000 rwxp b56f8000 00:00 0 
b572c000-b58c4000 r-xs 03083000 fd:00 1313910    /opt/java/jdk1.6.0_38/jre/lib/rt.jar
b58c4000-b58f5000 rwxp b58c4000 00:00 0 
b58f5000-b5952000 rwxp b58f5000 00:00 0 
b5952000-b5981000 rwxp b5952000 00:00 0 
b5981000-b5983000 --xp b5981000 00:00 0 
b5983000-b59d3000 rwxp b5983000 00:00 0 
b59d3000-b59eb000 rwxp b59d3000 00:00 0 
b59eb000-b5a13000 rwxp b59eb000 00:00 0 
b5a13000-b5a42000 rwxp b5a13000 00:00 0 
b5a42000-b5a44000 --xp b5a42000 00:00 0 
b5a44000-b5a93000 rwxp b5a44000 00:00 0 
b5a93000-b5ab7000 rwxp b5a93000 00:00 0 
b5ab7000-b5b13000 rwxp b5ab7000 00:00 0 
b5b13000-b5b6b000 rwxp b5b13000 00:00 0 
b5b6b000-b5b9f000 rwxp b5b6b000 00:00 0 
b5b9f000-b6e6f000 rwxp b5b9f000 00:00 0 
b6e6f000-b7b9f000 rwxp b6e6f000 00:00 0 
b7b9f000-b7c02000 rwxp b7b9f000 00:00 0 
b7c02000-b7c03000 r-xs 00002000 fd:00 917516     /soft/eclipse/eclipse/plugins/org.eclipse.core.runtime.compatibility.registry_3.5.0.v20110505/runtime_registry_compatibility.jar
b7c03000-b7c15000 r-xp 00000000 fd:00 1642575    /usr/share/locale/zh_CN/LC_MESSAGES/libc.mo
b7c15000-b7c30000 r-xp 00000000 fd:00 1772757    /usr/share/locale/zh_CN/LC_MESSAGES/gtk20-properties.mo
b7c30000-b7c37000 r-xs 00000000 fd:00 1737475    /usr/lib/gconv/gconv-modules.cache
b7c37000-b7c46000 r-xp 00000000 fd:00 1772780    /usr/share/locale/zh_CN/LC_MESSAGES/gtk20.mo
b7c46000-b7c83000 r-xp 00434000 fd:00 1651724    /usr/lib/locale/locale-archive
b7c83000-b7d5b000 r-xp 00299000 fd:00 1651724    /usr/lib/locale/locale-archive
b7d5b000-b7f5b000 r-xp 00000000 fd:00 1651724    /usr/lib/locale/locale-archive
b7f5b000-b7f5c000 rwxp b7f5b000 00:00 0 
b7f5d000-b7f5e000 r-xs 0000b000 fd:00 885582     /soft/eclipse/eclipse/plugins/org.eclipse.equinox.launcher_1.2.0.v20110502.jar
b7f5e000-b7f66000 rwxs 00000000 fd:00 4358347    /tmp/hsperfdata_root/19638
b7f66000-b7f67000 rwxp b7f66000 00:00 0 
b7f67000-b7f68000 --xp b7f67000 00:00 0 
b7f68000-b7f69000 rwxp b7f68000 00:00 0 
bfd2c000-bfd2f000 --xp bfd2c000 00:00 0 
bfd30000-bfd7c000 rwxp bffb2000 00:00 0          [stack]

VM Arguments:
jvm_args: -Dosgi.requiredJavaVersion=1.5 -XX:MaxPermSize=256m -Xms40m -Xmx384m 
java_command: <unknown>
Launcher Type: generic

Environment Variables:
JAVA_HOME=/usr/java/jre1.6.0_24
CLASSPATH=.:/opt/java/jdk1.6.0_38/lib:
PATH=/opt/ant/apache-ant-1.8.4/bin:/opt/java/jdk1.6.0_38/:/usr/kerberos/sbin:/usr/kerberos/bin:/usr/local/sbin:/usr/local/bin:/sbin:/bin:/usr/sbin:/usr/bin:/usr/X11R6/bin:/opt/hadoop/hadoop-1.0.4/bin:/opt/hadoop/zookeeper/zookeeper-3.4.5/bin:/opt/hadoop/zookeeper/zookeeper-3.4.5/conf:/root/bin
LD_LIBRARY_PATH=/opt/java/jdk1.6.0_38/jre/lib/i386/client:/opt/java/jdk1.6.0_38/jre/lib/i386:
SHELL=/bin/bash
DISPLAY=:0.0

Signal Handlers:
SIGSEGV: [libjvm.so+0x46bc30], sa_mask[0]=0x7ffbfeff, sa_flags=0x10000004
SIGBUS: [libjvm.so+0x46bc30], sa_mask[0]=0x7ffbfeff, sa_flags=0x10000004
SIGFPE: [libjvm.so+0x38ccf0], sa_mask[0]=0x7ffbfeff, sa_flags=0x10000004
SIGPIPE: SIG_IGN, sa_mask[0]=0x00001000, sa_flags=0x10000000
SIGXFSZ: [libjvm.so+0x38ccf0], sa_mask[0]=0x7ffbfeff, sa_flags=0x10000004
SIGILL: [libjvm.so+0x38ccf0], sa_mask[0]=0x7ffbfeff, sa_flags=0x10000004
SIGUSR1: SIG_DFL, sa_mask[0]=0x00000000, sa_flags=0x00000000
SIGUSR2: [libjvm.so+0x38ff50], sa_mask[0]=0x00000000, sa_flags=0x10000004
SIGHUP: [libjvm.so+0x38fb30], sa_mask[0]=0x7ffbfeff, sa_flags=0x10000004
SIGINT: [libjvm.so+0x38fb30], sa_mask[0]=0x7ffbfeff, sa_flags=0x10000004
SIGTERM: [libjvm.so+0x38fb30], sa_mask[0]=0x7ffbfeff, sa_flags=0x10000004
SIGQUIT: [libjvm.so+0x38fb30], sa_mask[0]=0x7ffbfeff, sa_flags=0x10000004


---------------  S Y S T E M  ---------------

OS:CentOS release 5.5 (Final)

uname:Linux 2.6.18-194.32.1.el5 #1 SMP Wed Jan 5 17:53:09 EST 2011 i686
libc:glibc 2.5 NPTL 2.5 
rlimit: STACK 10240k, CORE 0k, NPROC 16384, NOFILE 1024, AS infinity
load average:0.11 0.17 0.12

/proc/meminfo:
MemTotal:      1035060 kB
MemFree:         31500 kB
Buffers:         82784 kB
Cached:         365980 kB
SwapCached:          0 kB
Active:         754872 kB
Inactive:       188984 kB
HighTotal:      131008 kB
HighFree:          256 kB
LowTotal:       904052 kB
LowFree:         31244 kB
SwapTotal:     1048568 kB
SwapFree:      1048468 kB
Dirty:             716 kB
Writeback:           0 kB
AnonPages:      495100 kB
Mapped:         100424 kB
Slab:            45968 kB
PageTables:       5136 kB
NFS_Unstable:        0 kB
Bounce:              0 kB
CommitLimit:   1566096 kB
Committed_AS:  1311464 kB
VmallocTotal:   114680 kB
VmallocUsed:      5108 kB
VmallocChunk:   107476 kB
HugePages_Total:     0
HugePages_Free:      0
HugePages_Rsvd:      0
Hugepagesize:     4096 kB


CPU:total 2 (1 cores per cpu, 1 threads per core) family 6 model 23 stepping 10, cmov, cx8, fxsr, mmx, sse, sse2, sse3, ssse3, sse4.1

/proc/cpuinfo:
processor	: 0
vendor_id	: GenuineIntel
cpu family	: 6
model		: 23
model name	: Intel(R) Core(TM)2 Duo CPU     E7500  @ 2.93GHz
stepping	: 10
cpu MHz		: 2933.330
cache size	: 3072 KB
fdiv_bug	: no
hlt_bug		: no
f00f_bug	: no
coma_bug	: no
fpu		: yes
fpu_exception	: yes
cpuid level	: 13
wp		: yes
flags		: fpu vme de pse tsc msr pae mce cx8 apic mtrr pge mca cmov pat pse36 clflush dts acpi mmx fxsr sse sse2 ss nx lm constant_tsc pni ssse3 cx16 sse4_1 lahf_lm
bogomips	: 5866.66

processor	: 1
vendor_id	: GenuineIntel
cpu family	: 6
model		: 23
model name	: Intel(R) Core(TM)2 Duo CPU     E7500  @ 2.93GHz
stepping	: 10
cpu MHz		: 2933.330
cache size	: 3072 KB
fdiv_bug	: no
hlt_bug		: no
f00f_bug	: no
coma_bug	: no
fpu		: yes
fpu_exception	: yes
cpuid level	: 13
wp		: yes
flags		: fpu vme de pse tsc msr pae mce cx8 apic mtrr pge mca cmov pat pse36 clflush dts acpi mmx fxsr sse sse2 ss nx lm constant_tsc pni ssse3 cx16 sse4_1 lahf_lm
bogomips	: 7653.80



Memory: 4k page, physical 1035060k(31500k free), swap 1048568k(1048468k free)

vm_info: Java HotSpot(TM) Client VM (20.13-b02) for linux-x86 JRE (1.6.0_38-b05), built on Nov 14 2012 02:13:49 by "java_re" with gcc 3.2.1-7a (J2SE release)

time: Thu Apr  4 20:47:09 2013
elapsed time: 102769 seconds

