#
# A fatal error has been detected by the Java Runtime Environment:
#
#  SIGSEGV (0xb) at pc=0x00db2029, pid=1986, tid=3085949136
#
# JRE version: 6.0_38-b05
# Java VM: Java HotSpot(TM) Client VM (20.13-b02 mixed mode, sharing linux-x86 )
# Problematic frame:
# C  [libpango-1.0.so.0+0x11029]  pango_context_get_base_dir+0x19
#
# If you would like to submit a bug report, please visit:
#   http://java.sun.com/webapps/bugreport/crash.jsp
# The crash happened outside the Java Virtual Machine in native code.
# See problematic frame for where to report the bug.
#

---------------  T H R E A D  ---------------

Current thread (0x08e51400):  JavaThread "main" [_thread_in_native, id=1986, stack(0xbf928000,0xbf978000)]

siginfo:si_signo=SIGSEGV: si_errno=0, si_code=1 (SEGV_MAPERR), si_addr=0x0000000f

Registers:
EAX=0xffffffff, EBX=0x00ddf0e0, ECX=0xb1b94de8, EDX=0xb188bd20
ESP=0xbf975da0, EBP=0xbf975db8, ESI=0xb1b94de8, EDI=0xb151f090
EIP=0x00db2029, EFLAGS=0x00210286, CR2=0x0000000f

Top of Stack: (sp=0xbf975da0)
0xbf975da0:   b2086960 00000000 b0f88db0 00ddf0e0
0xbf975db0:   b1b94de8 00ddf0e0 bf975f18 00dbba7b
0xbf975dc0:   ffffffff 00db6a60 00000000 0095dff4
0xbf975dd0:   b5500010 00000026 bf975df8 008737d7
0xbf975de0:   092843e8 0000005e 00000000 00a6f6a8
0xbf975df0:   00000026 b1b94de8 bf975e28 b151f090
0xbf975e00:   00000026 00000015 b1563210 00000000
0xbf975e10:   b2086960 0000005e 00000000 00000000 

Instructions: (pc=0x00db2029)
0x00db2009:   8d bc 27 00 00 00 00 55 89 e5 53 83 ec 14 8b 45
0x00db2019:   08 e8 48 7a ff ff 81 c3 c1 d0 02 00 85 c0 74 09
0x00db2029:   8b 40 10 83 c4 14 5b 5d c3 8d 83 d3 b9 fe ff 89
0x00db2039:   44 24 08 8d 83 fe bb fe ff 89 44 24 04 8d 83 f2 

Register to memory mapping:

EAX=0xffffffff is an unknown value
EBX=0x00ddf0e0: <offset 0x3e0e0> in /usr/lib/libpango-1.0.so.0 at 0x00da1000
ECX=0xb1b94de8 is an unknown value
EDX=0xb188bd20 is an unknown value
ESP=0xbf975da0 is pointing into the stack for thread: 0x08e51400
EBP=0xbf975db8 is pointing into the stack for thread: 0x08e51400
ESI=0xb1b94de8 is an unknown value
EDI=0xb151f090 is an unknown value


Stack: [0xbf928000,0xbf978000],  sp=0xbf975da0,  free space=311k
Native frames: (J=compiled Java code, j=interpreted, Vv=VM code, C=native code)
C  [libpango-1.0.so.0+0x11029]  pango_context_get_base_dir+0x19
C  [libpango-1.0.so.0+0x1aa7b]  __float128+0x1aa7b
C  [libpango-1.0.so.0+0x1c3f5]  pango_layout_get_line_count+0x25
C  [libswt-pi-gtk-3740.so+0x4b427]  Java_org_eclipse_swt_internal_gtk_OS__1pango_1layout_1get_1line_1count+0x1b
J  org.eclipse.swt.internal.gtk.OS._pango_layout_get_line_count(I)I
J  org.eclipse.swt.graphics.TextLayout.computeRuns()V
J  org.eclipse.swt.custom.StyledText.setStyleRanges(II[I[Lorg/eclipse/swt/custom/StyleRange;Z)V
j  org.eclipse.jface.text.presentation.PresentationReconciler.processDamage(Lorg/eclipse/jface/text/IRegion;Lorg/eclipse/jface/text/IDocument;)V+26
j  org.eclipse.jface.text.presentation.PresentationReconciler.access$3(Lorg/eclipse/jface/text/presentation/PresentationReconciler;Lorg/eclipse/jface/text/IRegion;Lorg/eclipse/jface/text/IDocument;)V+3
j  org.eclipse.jface.text.presentation.PresentationReconciler$InternalListener.textChanged(Lorg/eclipse/jface/text/TextEvent;)V+193
J  org.eclipse.jface.text.TextViewer.updateTextListeners(Lorg/eclipse/jface/text/TextViewer$WidgetCommand;)V
j  org.eclipse.jface.text.TextViewer.invalidateTextPresentation(II)V+92
j  org.eclipse.jface.text.source.AnnotationPainter.invalidateTextPresentation()V+129
j  org.eclipse.jface.text.source.AnnotationPainter.updatePainting(Lorg/eclipse/jface/text/source/AnnotationModelEvent;)V+26
j  org.eclipse.jface.text.source.AnnotationPainter.access$1(Lorg/eclipse/jface/text/source/AnnotationPainter;Lorg/eclipse/jface/text/source/AnnotationModelEvent;)V+2
j  org.eclipse.jface.text.source.AnnotationPainter$1.run()V+31
J  org.eclipse.swt.widgets.Synchronizer.runAsyncMessages(Z)Z
j  org.eclipse.ui.internal.Workbench.access$4(Lorg/eclipse/ui/internal/Workbench;)I+1
j  org.eclipse.ui.internal.Workbench$7.run()V+73
j  org.eclipse.core.databinding.observable.Realm.runWithDefault(Lorg/eclipse/core/databinding/observable/Realm;Ljava/lang/Runnable;)V+12
j  org.eclipse.ui.internal.Workbench.createAndRunWorkbench(Lorg/eclipse/swt/widgets/Display;Lorg/eclipse/ui/application/WorkbenchAdvisor;)I+18
j  org.eclipse.ui.PlatformUI.createAndRunWorkbench(Lorg/eclipse/swt/widgets/Display;Lorg/eclipse/ui/application/WorkbenchAdvisor;)I+2
j  org.eclipse.ui.internal.ide.application.IDEApplication.start(Lorg/eclipse/equinox/app/IApplicationContext;)Ljava/lang/Object;+108
j  org.eclipse.equinox.internal.app.EclipseAppHandle.run(Ljava/lang/Object;)Ljava/lang/Object;+135
j  org.eclipse.core.runtime.internal.adaptor.EclipseAppLauncher.runApplication(Ljava/lang/Object;)Ljava/lang/Object;+103
j  org.eclipse.core.runtime.internal.adaptor.EclipseAppLauncher.start(Ljava/lang/Object;)Ljava/lang/Object;+29
j  org.eclipse.core.runtime.adaptor.EclipseStarter.run(Ljava/lang/Object;)Ljava/lang/Object;+149
j  org.eclipse.core.runtime.adaptor.EclipseStarter.run([Ljava/lang/String;Ljava/lang/Runnable;)Ljava/lang/Object;+183
v  ~StubRoutines::call_stub
V  [libjvm.so+0x24d7e1]  JavaCalls::call_helper(JavaValue*, methodHandle*, JavaCallArguments*, Thread*)+0x1c1
V  [libjvm.so+0x38e088]  os::os_exception_wrapper(void (*)(JavaValue*, methodHandle*, JavaCallArguments*, Thread*), JavaValue*, methodHandle*, JavaCallArguments*, Thread*)+0x18
V  [libjvm.so+0x24d60f]  JavaCalls::call(JavaValue*, methodHandle, JavaCallArguments*, Thread*)+0x2f
V  [libjvm.so+0x3be2c5]  Reflection::invoke(instanceKlassHandle, methodHandle, Handle, bool, objArrayHandle, BasicType, objArrayHandle, bool, Thread*)+0x445
V  [libjvm.so+0x3c1687]  Reflection::invoke_method(oopDesc*, Handle, objArrayHandle, Thread*)+0x127
V  [libjvm.so+0x2cd1bf]  JVM_InvokeMethod+0x1ff
C  [libjava.so+0x15294]  Java_sun_reflect_NativeMethodAccessorImpl_invoke0+0x34
j  sun.reflect.NativeMethodAccessorImpl.invoke0(Ljava/lang/reflect/Method;Ljava/lang/Object;[Ljava/lang/Object;)Ljava/lang/Object;+0
j  sun.reflect.NativeMethodAccessorImpl.invoke(Ljava/lang/Object;[Ljava/lang/Object;)Ljava/lang/Object;+87
j  sun.reflect.DelegatingMethodAccessorImpl.invoke(Ljava/lang/Object;[Ljava/lang/Object;)Ljava/lang/Object;+6
j  java.lang.reflect.Method.invoke(Ljava/lang/Object;[Ljava/lang/Object;)Ljava/lang/Object;+161
j  org.eclipse.equinox.launcher.Main.invokeFramework([Ljava/lang/String;[Ljava/net/URL;)V+211
j  org.eclipse.equinox.launcher.Main.basicRun([Ljava/lang/String;)V+126
j  org.eclipse.equinox.launcher.Main.run([Ljava/lang/String;)I+4
v  ~StubRoutines::call_stub
V  [libjvm.so+0x24d7e1]  JavaCalls::call_helper(JavaValue*, methodHandle*, JavaCallArguments*, Thread*)+0x1c1
V  [libjvm.so+0x38e088]  os::os_exception_wrapper(void (*)(JavaValue*, methodHandle*, JavaCallArguments*, Thread*), JavaValue*, methodHandle*, JavaCallArguments*, Thread*)+0x18
V  [libjvm.so+0x24d60f]  JavaCalls::call(JavaValue*, methodHandle, JavaCallArguments*, Thread*)+0x2f
V  [libjvm.so+0x281e87]  jni_invoke_nonstatic(JNIEnv_*, JavaValue*, _jobject*, JNICallType, _jmethodID*, JNI_ArgumentPusher*, Thread*)+0x197
V  [libjvm.so+0x2625ae]  unsigned+0x14e
C  [eclipse_1407.so+0x83d9]  short+0x418
C  [eclipse_1407.so+0x9878]  short+0x24
C  [eclipse_1407.so+0x314b]  run+0x59d
C  [eclipse+0x10ee]  short+0x10ee
C  [libc.so.6+0x15e9c]  __libc_start_main+0xdc

Java frames: (J=compiled Java code, j=interpreted, Vv=VM code)
J  org.eclipse.swt.internal.gtk.OS._pango_layout_get_line_count(I)I
J  org.eclipse.swt.graphics.TextLayout.computeRuns()V
J  org.eclipse.swt.custom.StyledTextRenderer.getTextLayout(IIII)Lorg/eclipse/swt/graphics/TextLayout;
J  org.eclipse.swt.custom.StyledTextRenderer.calculate(II)V
J  org.eclipse.swt.custom.StyledTextRenderer.calculateClientArea()V
j  org.eclipse.swt.custom.StyledText.resetCache(II)V+21
J  org.eclipse.swt.custom.StyledText.setStyleRanges(II[I[Lorg/eclipse/swt/custom/StyleRange;Z)V
J  org.eclipse.jface.text.TextViewer.addPresentation(Lorg/eclipse/jface/text/TextPresentation;)V
J  org.eclipse.jface.text.TextViewer.changeTextPresentation(Lorg/eclipse/jface/text/TextPresentation;Z)V
j  org.eclipse.jface.text.presentation.PresentationReconciler.applyTextRegionCollection(Lorg/eclipse/jface/text/TextPresentation;)V+6
j  org.eclipse.jface.text.presentation.PresentationReconciler.processDamage(Lorg/eclipse/jface/text/IRegion;Lorg/eclipse/jface/text/IDocument;)V+26
j  org.eclipse.jface.text.presentation.PresentationReconciler.access$3(Lorg/eclipse/jface/text/presentation/PresentationReconciler;Lorg/eclipse/jface/text/IRegion;Lorg/eclipse/jface/text/IDocument;)V+3
j  org.eclipse.jface.text.presentation.PresentationReconciler$InternalListener.textChanged(Lorg/eclipse/jface/text/TextEvent;)V+193
J  org.eclipse.jface.text.TextViewer.updateTextListeners(Lorg/eclipse/jface/text/TextViewer$WidgetCommand;)V
j  org.eclipse.cdt.internal.ui.editor.CSourceViewer.updateTextListeners(Lorg/eclipse/jface/text/TextViewer$WidgetCommand;)V+2
j  org.eclipse.jface.text.TextViewer.invalidateTextPresentation(II)V+92
j  org.eclipse.jface.text.source.AnnotationPainter.invalidateTextPresentation()V+129
j  org.eclipse.jface.text.source.AnnotationPainter.updatePainting(Lorg/eclipse/jface/text/source/AnnotationModelEvent;)V+26
j  org.eclipse.jface.text.source.AnnotationPainter.access$1(Lorg/eclipse/jface/text/source/AnnotationPainter;Lorg/eclipse/jface/text/source/AnnotationModelEvent;)V+2
j  org.eclipse.jface.text.source.AnnotationPainter$1.run()V+31
J  org.eclipse.swt.widgets.Synchronizer.runAsyncMessages(Z)Z
J  org.eclipse.swt.widgets.Display.readAndDispatch()Z
J  org.eclipse.ui.internal.Workbench.runEventLoop(Lorg/eclipse/jface/window/Window$IExceptionHandler;Lorg/eclipse/swt/widgets/Display;)V
j  org.eclipse.ui.internal.Workbench.runUI()I+555
j  org.eclipse.ui.internal.Workbench.access$4(Lorg/eclipse/ui/internal/Workbench;)I+1
j  org.eclipse.ui.internal.Workbench$7.run()V+73
j  org.eclipse.core.databinding.observable.Realm.runWithDefault(Lorg/eclipse/core/databinding/observable/Realm;Ljava/lang/Runnable;)V+12
j  org.eclipse.ui.internal.Workbench.createAndRunWorkbench(Lorg/eclipse/swt/widgets/Display;Lorg/eclipse/ui/application/WorkbenchAdvisor;)I+18
j  org.eclipse.ui.PlatformUI.createAndRunWorkbench(Lorg/eclipse/swt/widgets/Display;Lorg/eclipse/ui/application/WorkbenchAdvisor;)I+2
j  org.eclipse.ui.internal.ide.application.IDEApplication.start(Lorg/eclipse/equinox/app/IApplicationContext;)Ljava/lang/Object;+108
j  org.eclipse.equinox.internal.app.EclipseAppHandle.run(Ljava/lang/Object;)Ljava/lang/Object;+135
j  org.eclipse.core.runtime.internal.adaptor.EclipseAppLauncher.runApplication(Ljava/lang/Object;)Ljava/lang/Object;+103
j  org.eclipse.core.runtime.internal.adaptor.EclipseAppLauncher.start(Ljava/lang/Object;)Ljava/lang/Object;+29
j  org.eclipse.core.runtime.adaptor.EclipseStarter.run(Ljava/lang/Object;)Ljava/lang/Object;+149
j  org.eclipse.core.runtime.adaptor.EclipseStarter.run([Ljava/lang/String;Ljava/lang/Runnable;)Ljava/lang/Object;+183
v  ~StubRoutines::call_stub
j  sun.reflect.NativeMethodAccessorImpl.invoke0(Ljava/lang/reflect/Method;Ljava/lang/Object;[Ljava/lang/Object;)Ljava/lang/Object;+0
j  sun.reflect.NativeMethodAccessorImpl.invoke(Ljava/lang/Object;[Ljava/lang/Object;)Ljava/lang/Object;+87
j  sun.reflect.DelegatingMethodAccessorImpl.invoke(Ljava/lang/Object;[Ljava/lang/Object;)Ljava/lang/Object;+6
j  java.lang.reflect.Method.invoke(Ljava/lang/Object;[Ljava/lang/Object;)Ljava/lang/Object;+161
j  org.eclipse.equinox.launcher.Main.invokeFramework([Ljava/lang/String;[Ljava/net/URL;)V+211
j  org.eclipse.equinox.launcher.Main.basicRun([Ljava/lang/String;)V+126
j  org.eclipse.equinox.launcher.Main.run([Ljava/lang/String;)I+4
v  ~StubRoutines::call_stub

---------------  P R O C E S S  ---------------

Java Threads: ( => current thread )
  0x09c0c400 JavaThread "Worker-266" [_thread_blocked, id=10138, stack(0x0713f000,0x07190000)]
  0xb1866800 JavaThread "Timer-41" daemon [_thread_blocked, id=10100, stack(0x01c26000,0x01c77000)]
  0xb123e400 JavaThread "Process monitor" daemon [_thread_blocked, id=10099, stack(0x017c3000,0x01814000)]
  0xb123d000 JavaThread "Input Stream Monitor" daemon [_thread_blocked, id=10098, stack(0x02fa5000,0x02ff6000)]
  0xb123c800 JavaThread "Output Stream Monitor" daemon [_thread_in_native, id=10097, stack(0x03452000,0x034a3000)]
  0xb123c400 JavaThread "Output Stream Monitor" daemon [_thread_in_native, id=10096, stack(0x034f9000,0x0354a000)]
  0xb123bc00 JavaThread "Spawner Reaper" daemon [_thread_in_native, id=10092, stack(0x0588f000,0x058e0000)]
  0x09af6800 JavaThread "Worker-265" [_thread_blocked, id=9920, stack(0x057d1000,0x05822000)]
  0x097fec00 JavaThread "Worker-264" [_thread_blocked, id=9898, stack(0x0615b000,0x061ac000)]
  0xb121d800 JavaThread "Worker-263" [_thread_blocked, id=9872, stack(0x02363000,0x023b4000)]
  0xb180bc00 JavaThread "org.eclipse.cdt.internal.ui.text.CReconciler" daemon [_thread_blocked, id=9871, stack(0x01865000,0x018b6000)]
  0x09818800 JavaThread "Worker-262" [_thread_blocked, id=9853, stack(0x040f8000,0x04149000)]
  0xb185b400 JavaThread "org.eclipse.cdt.internal.ui.text.CReconciler" daemon [_thread_blocked, id=9813, stack(0x08101000,0x08152000)]
  0xb1586800 JavaThread "org.eclipse.cdt.internal.ui.text.CReconciler" daemon [_thread_in_Java, id=9728, stack(0x05e55000,0x05ea6000)]
  0x09ac1c00 JavaThread "Worker-261" [_thread_blocked, id=9594, stack(0x06fcc000,0x0701d000)]
  0x09ab8400 JavaThread "Worker-260" [_thread_blocked, id=9592, stack(0x05953000,0x059a4000)]
  0xb0fa0800 JavaThread "org.eclipse.cdt.internal.ui.text.CReconciler" daemon [_thread_blocked, id=9574, stack(0x088ee000,0x0893f000)]
  0xb1848800 JavaThread "Timer-39" daemon [_thread_blocked, id=9560, stack(0x01814000,0x01865000)]
  0x09b17400 JavaThread "Process monitor" daemon [_thread_blocked, id=9559, stack(0x01958000,0x019a9000)]
  0x09b1a400 JavaThread "Input Stream Monitor" daemon [_thread_blocked, id=9558, stack(0x018b6000,0x01907000)]
  0x097f4400 JavaThread "Output Stream Monitor" daemon [_thread_in_native, id=9557, stack(0x021a3000,0x021f4000)]
  0x09819400 JavaThread "Output Stream Monitor" daemon [_thread_in_native, id=9556, stack(0x06d0d000,0x06d5e000)]
  0x09805400 JavaThread "Spawner Reaper" daemon [_thread_in_native, id=9552, stack(0x081ac000,0x081fd000)]
  0xb1f02400 JavaThread "Worker-257" [_thread_blocked, id=9536, stack(0x01a48000,0x01a99000)]
  0xb37e1c00 JavaThread "org.eclipse.cdt.internal.ui.text.CReconciler" daemon [_thread_blocked, id=9341, stack(0x08a05000,0x08a56000)]
  0xb2074c00 JavaThread "org.eclipse.cdt.internal.ui.text.CReconciler" daemon [_thread_blocked, id=9339, stack(0x06ae9000,0x06b3a000)]
  0xb150f000 JavaThread "Worker-254" [_thread_blocked, id=9308, stack(0x05071000,0x050c2000)]
  0x09866400 JavaThread "Worker-247" [_thread_blocked, id=7969, stack(0x025e3000,0x02634000)]
  0x095c1800 JavaThread "[ThreadPool Manager] - Idle Thread" daemon [_thread_blocked, id=2071, stack(0x0530a000,0x0535b000)]
  0x09483800 JavaThread "Worker-5" [_thread_blocked, id=2043, stack(0x02ffe000,0x0304f000)]
  0x09777800 JavaThread "Java indexing" daemon [_thread_blocked, id=2041, stack(0x072ce000,0x0731f000)]
  0x096cf000 JavaThread "Bundle File Closer" daemon [_thread_blocked, id=2040, stack(0x04187000,0x041d8000)]
  0xb5538800 JavaThread "Worker-JM" [_thread_blocked, id=2015, stack(0x05c3c000,0x05c8d000)]
  0xb553dc00 JavaThread "[Timer] - Main Queue Handler" daemon [_thread_blocked, id=2014, stack(0x07218000,0x07269000)]
  0x08ea6c00 JavaThread "Framework Event Dispatcher" daemon [_thread_blocked, id=2012, stack(0x01772000,0x017c3000)]
  0x08ea3000 JavaThread "Start Level Event Dispatcher" daemon [_thread_blocked, id=2011, stack(0x01721000,0x01772000)]
  0x08f00800 JavaThread "State Data Manager" daemon [_thread_blocked, id=2010, stack(0x02cc8000,0x02d19000)]
  0x08f38800 JavaThread "Framework Active Thread" [_thread_blocked, id=2009, stack(0x082c5000,0x08316000)]
  0x08e94800 JavaThread "Low Memory Detector" daemon [_thread_blocked, id=1992, stack(0x08085000,0x080d6000)]
  0x08e89000 JavaThread "C1 CompilerThread0" daemon [_thread_blocked, id=1991, stack(0x020ea000,0x0216b000)]
  0x08e87800 JavaThread "Signal Dispatcher" daemon [_thread_blocked, id=1990, stack(0x006eb000,0x0073c000)]
  0x08e80c00 JavaThread "Finalizer" daemon [_thread_blocked, id=1989, stack(0x0076a000,0x007bb000)]
  0x08e7f400 JavaThread "Reference Handler" daemon [_thread_blocked, id=1988, stack(0x0067f000,0x006d0000)]
=>0x08e51400 JavaThread "main" [_thread_in_native, id=1986, stack(0xbf928000,0xbf978000)]

Other Threads:
  0x08e74c00 VMThread [stack: 0x005cf000,0x00650000] [id=1987]
  0x08ea8400 WatcherThread [stack: 0x05fd9000,0x0605a000] [id=1993]

VM state:not at safepoint (normal execution)

VM Mutex/Monitor currently owned by a thread: None

Heap
 def new generation   total 38464K, used 9730K [0x6b720000, 0x6e0d0000, 0x73720000)
  eden space 34240K,  22% used [0x6b720000, 0x6beb1008, 0x6d890000)
  from space 4224K,  46% used [0x6d890000, 0x6da7f960, 0x6dcb0000)
  to   space 4224K,   0% used [0x6dcb0000, 0x6dcb0000, 0x6e0d0000)
 tenured generation   total 85184K, used 64929K [0x73720000, 0x78a50000, 0x83720000)
   the space 85184K,  76% used [0x73720000, 0x776885d0, 0x77688600, 0x78a50000)
 compacting perm gen  total 67584K, used 67395K [0x83720000, 0x87920000, 0x93720000)
   the space 67584K,  99% used [0x83720000, 0x878f0f28, 0x878f1000, 0x87920000)
    ro space 10240K,  61% used [0x93720000, 0x93d4afa0, 0x93d4b000, 0x94120000)
    rw space 12288K,  60% used [0x94120000, 0x9485a788, 0x9485a800, 0x94d20000)

Code Cache  [0xb5b41000, 0xb6cc9000, 0xb7b41000)
 total_blobs=7854 nmethods=7642 adapters=145 free_code_cache=15194880 largest_free_block=384

Dynamic libraries:
00101000-00493000 r-xp 00000000 fd:00 1662527    /usr/lib/libgtk-x11-2.0.so.0.1000.4
00493000-00499000 rwxp 00391000 fd:00 1662527    /usr/lib/libgtk-x11-2.0.so.0.1000.4
00499000-0049a000 rwxp 00499000 00:00 0 
0049a000-0049b000 r-xp 00000000 fd:00 2885445    /soft/eclipse/eclipse2/configuration/org.eclipse.osgi/bundles/44/1/.cp/os/linux/x86/libpty.so
0049b000-0049c000 rwxp 00001000 fd:00 2885445    /soft/eclipse/eclipse2/configuration/org.eclipse.osgi/bundles/44/1/.cp/os/linux/x86/libpty.so
0049c000-00526000 r-xp 00000000 fd:00 1662525    /usr/lib/libgdk-x11-2.0.so.0.1000.4
00526000-00529000 rwxp 0008a000 fd:00 1662525    /usr/lib/libgdk-x11-2.0.so.0.1000.4
0052b000-00558000 r-xp 00000000 fd:00 1662517    /usr/lib/libpangoft2-1.0.so.0.1400.9
00558000-00559000 rwxp 0002c000 fd:00 1662517    /usr/lib/libpangoft2-1.0.so.0.1400.9
00559000-00563000 r-xp 00000000 fd:00 3966546    /lib/libnss_files-2.5.so
00563000-00564000 r-xp 00009000 fd:00 3966546    /lib/libnss_files-2.5.so
00564000-00565000 rwxp 0000a000 fd:00 3966546    /lib/libnss_files-2.5.so
00565000-00566000 r-xp 00000000 fd:00 4751698    /usr/lib/gconv/ISO8859-1.so
00566000-00568000 rwxp 00000000 fd:00 4751698    /usr/lib/gconv/ISO8859-1.so
00568000-00579000 r-xp 00000000 fd:00 2034135    /usr/lib/gtk-2.0/2.10.0/engines/libclearlooks.so
00579000-0057a000 rwxp 00011000 fd:00 2034135    /usr/lib/gtk-2.0/2.10.0/engines/libclearlooks.so
0057a000-00585000 r-xp 00000000 fd:00 1310782    /opt/java/jdk1.6.0_38/jre/lib/i386/libverify.so
00585000-00586000 rwxp 0000b000 fd:00 1310782    /opt/java/jdk1.6.0_38/jre/lib/i386/libverify.so
00586000-005aa000 r-xp 00000000 fd:00 1310783    /opt/java/jdk1.6.0_38/jre/lib/i386/libjava.so
005aa000-005ac000 rwxp 00023000 fd:00 1310783    /opt/java/jdk1.6.0_38/jre/lib/i386/libjava.so
005ac000-005c1000 r-xp 00000000 fd:00 3966877    /lib/libnsl-2.5.so
005c1000-005c2000 r-xp 00014000 fd:00 3966877    /lib/libnsl-2.5.so
005c2000-005c3000 rwxp 00015000 fd:00 3966877    /lib/libnsl-2.5.so
005c3000-005c5000 rwxp 005c3000 00:00 0 
005c5000-005c9000 r-xp 00000000 fd:00 3964964    /lib/libnss_dns-2.5.so
005c9000-005ca000 r-xp 00003000 fd:00 3964964    /lib/libnss_dns-2.5.so
005ca000-005cb000 rwxp 00004000 fd:00 3964964    /lib/libnss_dns-2.5.so
005cb000-005ce000 r-xp 00000000 fd:00 2033787    /usr/lib/gtk-2.0/2.10.0/loaders/libpixbufloader-bmp.so
005ce000-005cf000 rwxp 00002000 fd:00 2033787    /usr/lib/gtk-2.0/2.10.0/loaders/libpixbufloader-bmp.so
005cf000-005d0000 --xp 005cf000 00:00 0 
005d0000-00650000 rwxp 005d0000 00:00 0 
00650000-00664000 r-xp 00000000 fd:00 1310791    /opt/java/jdk1.6.0_38/jre/lib/i386/libnet.so
00664000-00665000 rwxp 00013000 fd:00 1310791    /opt/java/jdk1.6.0_38/jre/lib/i386/libnet.so
00665000-0066c000 r-xp 00000000 fd:00 1310792    /opt/java/jdk1.6.0_38/jre/lib/i386/libnio.so
0066c000-0066d000 rwxp 00006000 fd:00 1310792    /opt/java/jdk1.6.0_38/jre/lib/i386/libnio.so
0066e000-0067d000 r-xp 00000000 fd:00 1310787    /opt/java/jdk1.6.0_38/jre/lib/i386/libzip.so
0067d000-0067f000 rwxp 0000e000 fd:00 1310787    /opt/java/jdk1.6.0_38/jre/lib/i386/libzip.so
0067f000-00682000 --xp 0067f000 00:00 0 
00682000-006d0000 rwxp 00682000 00:00 0 
006d0000-006d3000 r-xp 00000000 fd:00 1737384    /usr/lib/gconv/EUC-CN.so
006d3000-006d5000 rwxp 00002000 fd:00 1737384    /usr/lib/gconv/EUC-CN.so
006d5000-006d8000 r-xp 00000000 fd:00 2917899    /soft/eclipse/eclipse2/configuration/org.eclipse.osgi/bundles/271/1/.cp/libswt-gtk-3740.so
006d8000-006d9000 rwxp 00002000 fd:00 2917899    /soft/eclipse/eclipse2/configuration/org.eclipse.osgi/bundles/271/1/.cp/libswt-gtk-3740.so
006d9000-006da000 rwxp 006d9000 00:00 0 
006da000-006de000 rwxp 006da000 00:00 0 
006de000-006ea000 r-xp 00000000 fd:00 2883775    /soft/eclipse/eclipse2/plugins/org.eclipse.equinox.launcher.gtk.linux.x86_1.1.100.v20110505/eclipse_1407.so
006ea000-006eb000 rwxp 0000c000 fd:00 2883775    /soft/eclipse/eclipse2/plugins/org.eclipse.equinox.launcher.gtk.linux.x86_1.1.100.v20110505/eclipse_1407.so
006eb000-006ee000 --xp 006eb000 00:00 0 
006ee000-0073c000 rwxp 006ee000 00:00 0 
0073c000-0074d000 r-xp 00000000 fd:00 3966898    /lib/libresolv-2.5.so
0074d000-0074e000 r-xp 00010000 fd:00 3966898    /lib/libresolv-2.5.so
0074e000-0074f000 rwxp 00011000 fd:00 3966898    /lib/libresolv-2.5.so
0074f000-00751000 rwxp 0074f000 00:00 0 
00751000-00761000 r-xp 00000000 fd:00 4751753    /usr/lib/gconv/libGB.so
00761000-00763000 rwxp 0000f000 fd:00 4751753    /usr/lib/gconv/libGB.so
00763000-00767000 r-xp 00000000 fd:00 3966874    /lib/libgthread-2.0.so.0.1200.3
00767000-00768000 rwxp 00003000 fd:00 3966874    /lib/libgthread-2.0.so.0.1200.3
0076a000-0076d000 --xp 0076a000 00:00 0 
0076d000-007bb000 rwxp 0076d000 00:00 0 
007bb000-007bf000 r-xp 00000000 fd:00 2033792    /usr/lib/gtk-2.0/2.10.0/loaders/libpixbufloader-png.so
007bf000-007c0000 rwxp 00003000 fd:00 2033792    /usr/lib/gtk-2.0/2.10.0/loaders/libpixbufloader-png.so
007c0000-007c2000 r-xp 00000000 fd:00 2916667    /soft/eclipse/eclipse2/configuration/org.eclipse.osgi/bundles/84/1/.cp/os/linux/x86/libunixfile_1_0_0.so
007c2000-007c3000 rwxp 00001000 fd:00 2916667    /soft/eclipse/eclipse2/configuration/org.eclipse.osgi/bundles/84/1/.cp/os/linux/x86/libunixfile_1_0_0.so
007c3000-007c5000 r-xp 00000000 fd:00 1933472    /usr/lib/pango/1.5.0/modules/pango-basic-fc.so
007c5000-007c6000 rwxp 00001000 fd:00 1933472    /usr/lib/pango/1.5.0/modules/pango-basic-fc.so
007c6000-007cf000 r-xp 00000000 fd:00 2917898    /soft/eclipse/eclipse2/configuration/org.eclipse.osgi/bundles/271/1/.cp/libswt-atk-gtk-3740.so
007cf000-007d0000 rwxp 00009000 fd:00 2917898    /soft/eclipse/eclipse2/configuration/org.eclipse.osgi/bundles/271/1/.cp/libswt-atk-gtk-3740.so
007d0000-007d3000 r-xp 00000000 fd:00 2885446    /soft/eclipse/eclipse2/configuration/org.eclipse.osgi/bundles/44/1/.cp/os/linux/x86/libspawner.so
007d3000-007d4000 rwxp 00002000 fd:00 2885446    /soft/eclipse/eclipse2/configuration/org.eclipse.osgi/bundles/44/1/.cp/os/linux/x86/libspawner.so
007d4000-007d5000 r-xp 007d4000 00:00 0          [vdso]
007d5000-007e6000 r-xp 00000000 fd:00 2033793    /usr/lib/gtk-2.0/immodules/im-scim-bridge.so
007e6000-007e7000 rwxp 00011000 fd:00 2033793    /usr/lib/gtk-2.0/immodules/im-scim-bridge.so
007e7000-007e9000 r-xp 00000000 fd:00 1662546    /usr/lib/libavahi-glib.so.1.0.1
007e9000-007ea000 rwxp 00002000 fd:00 1662546    /usr/lib/libavahi-glib.so.1.0.1
007ea000-00805000 r-xp 00000000 fd:00 3964992    /lib/ld-2.5.so
00805000-00806000 r-xp 0001a000 fd:00 3964992    /lib/ld-2.5.so
00806000-00807000 rwxp 0001b000 fd:00 3964992    /lib/ld-2.5.so
00809000-0095b000 r-xp 00000000 fd:00 3966564    /lib/libc-2.5.so
0095b000-0095c000 --xp 00152000 fd:00 3966564    /lib/libc-2.5.so
0095c000-0095e000 r-xp 00152000 fd:00 3966564    /lib/libc-2.5.so
0095e000-0095f000 rwxp 00154000 fd:00 3966564    /lib/libc-2.5.so
0095f000-00962000 rwxp 0095f000 00:00 0 
00964000-0098b000 r-xp 00000000 fd:00 3966870    /lib/libm-2.5.so
0098b000-0098c000 r-xp 00026000 fd:00 3966870    /lib/libm-2.5.so
0098c000-0098d000 rwxp 00027000 fd:00 3966870    /lib/libm-2.5.so
0098f000-00992000 r-xp 00000000 fd:00 3966565    /lib/libdl-2.5.so
00992000-00993000 r-xp 00002000 fd:00 3966565    /lib/libdl-2.5.so
00993000-00994000 rwxp 00003000 fd:00 3966565    /lib/libdl-2.5.so
00996000-009ab000 r-xp 00000000 fd:00 3966566    /lib/libpthread-2.5.so
009ab000-009ac000 --xp 00015000 fd:00 3966566    /lib/libpthread-2.5.so
009ac000-009ad000 r-xp 00015000 fd:00 3966566    /lib/libpthread-2.5.so
009ad000-009ae000 rwxp 00016000 fd:00 3966566    /lib/libpthread-2.5.so
009ae000-009b0000 rwxp 009ae000 00:00 0 
009b2000-009c4000 r-xp 00000000 fd:00 3966871    /lib/libz.so.1.2.3
009c4000-009c5000 rwxp 00011000 fd:00 3966871    /lib/libz.so.1.2.3
009c7000-009ce000 r-xp 00000000 fd:00 3966567    /lib/librt-2.5.so
009ce000-009cf000 r-xp 00007000 fd:00 3966567    /lib/librt-2.5.so
009cf000-009d0000 rwxp 00008000 fd:00 3966567    /lib/librt-2.5.so
009d2000-00a6f000 r-xp 00000000 fd:00 3966568    /lib/libglib-2.0.so.0.1200.3
00a6f000-00a70000 rwxp 0009c000 fd:00 3966568    /lib/libglib-2.0.so.0.1200.3
00a72000-00a77000 r-xp 00000000 fd:00 1662504    /usr/lib/libXdmcp.so.6.0.0
00a77000-00a78000 rwxp 00004000 fd:00 1662504    /usr/lib/libXdmcp.so.6.0.0
00a7a000-00ab8000 r-xp 00000000 fd:00 3966869    /lib/libgobject-2.0.so.0.1200.3
00ab8000-00ab9000 rwxp 0003e000 fd:00 3966869    /lib/libgobject-2.0.so.0.1200.3
00abb000-00abd000 r-xp 00000000 fd:00 1662503    /usr/lib/libXau.so.6.0.0
00abd000-00abe000 rwxp 00001000 fd:00 1662503    /usr/lib/libXau.so.6.0.0
00ac0000-00bbf000 r-xp 00000000 fd:00 1662514    /usr/lib/libX11.so.6.2.0
00bbf000-00bc3000 rwxp 000ff000 fd:00 1662514    /usr/lib/libX11.so.6.2.0
00bc5000-00bc7000 r-xp 00000000 fd:00 3966868    /lib/libgmodule-2.0.so.0.1200.3
00bc7000-00bc8000 rwxp 00002000 fd:00 3966868    /lib/libgmodule-2.0.so.0.1200.3
00bca000-00bd9000 r-xp 00000000 fd:00 1662519    /usr/lib/libXext.so.6.4.0
00bd9000-00bda000 rwxp 0000e000 fd:00 1662519    /usr/lib/libXext.so.6.4.0
00bdc000-00c59000 r-xp 00000000 fd:00 1662236    /usr/lib/libfreetype.so.6.3.10
00c59000-00c5c000 rwxp 0007d000 fd:00 1662236    /usr/lib/libfreetype.so.6.3.10
00c5e000-00c7d000 r-xp 00000000 fd:00 3966872    /lib/libexpat.so.0.5.0
00c7d000-00c7f000 rwxp 0001e000 fd:00 3966872    /lib/libexpat.so.0.5.0
00c81000-00ca8000 r-xp 00000000 fd:00 1662501    /usr/lib/libfontconfig.so.1.1.0
00ca8000-00cb0000 rwxp 00027000 fd:00 1662501    /usr/lib/libfontconfig.so.1.1.0
00cb2000-00cd7000 r-xp 00000000 fd:00 1662502    /usr/lib/libpng12.so.0.10.0
00cd7000-00cd8000 rwxp 00024000 fd:00 1662502    /usr/lib/libpng12.so.0.10.0
00cda000-00ce2000 r-xp 00000000 fd:00 1662515    /usr/lib/libXrender.so.1.3.0
00ce2000-00ce3000 rwxp 00007000 fd:00 1662515    /usr/lib/libXrender.so.1.3.0
00ce5000-00cff000 r-xp 00000000 fd:00 1662526    /usr/lib/libatk-1.0.so.0.1212.0
00cff000-00d01000 rwxp 0001a000 fd:00 1662526    /usr/lib/libatk-1.0.so.0.1212.0
00d03000-00d19000 r-xp 00000000 fd:00 1642576    /usr/lib/libgdk_pixbuf-2.0.so.0.1000.4
00d19000-00d1a000 rwxp 00016000 fd:00 1642576    /usr/lib/libgdk_pixbuf-2.0.so.0.1000.4
00d1c000-00d88000 r-xp 00000000 fd:00 1662516    /usr/lib/libcairo.so.2.9.2
00d88000-00d8a000 rwxp 0006b000 fd:00 1662516    /usr/lib/libcairo.so.2.9.2
00d8c000-00d8f000 r-xp 00000000 fd:00 1662522    /usr/lib/libXrandr.so.2.0.0
00d8f000-00d90000 rwxp 00002000 fd:00 1662522    /usr/lib/libXrandr.so.2.0.0
00d92000-00d99000 r-xp 00000000 fd:00 1662521    /usr/lib/libXi.so.6.0.0
00d99000-00d9a000 rwxp 00006000 fd:00 1662521    /usr/lib/libXi.so.6.0.0
00d9c000-00d9e000 r-xp 00000000 fd:00 1662520    /usr/lib/libXinerama.so.1.0.0
00d9e000-00d9f000 rwxp 00001000 fd:00 1662520    /usr/lib/libXinerama.so.1.0.0
00da1000-00dde000 r-xp 00000000 fd:00 1662234    /usr/lib/libpango-1.0.so.0.1400.9
00dde000-00de0000 rwxp 0003c000 fd:00 1662234    /usr/lib/libpango-1.0.so.0.1400.9
00de2000-00de6000 r-xp 00000000 fd:00 1662523    /usr/lib/libXfixes.so.3.1.0
00de6000-00de7000 rwxp 00003000 fd:00 1662523    /usr/lib/libXfixes.so.3.1.0
00de9000-00df1000 r-xp 00000000 fd:00 1662518    /usr/lib/libpangocairo-1.0.so.0.1400.9
00df1000-00df2000 rwxp 00007000 fd:00 1662518    /usr/lib/libpangocairo-1.0.so.0.1400.9
00df4000-00dfd000 r-xp 00000000 fd:00 1662524    /usr/lib/libXcursor.so.1.0.2
00dfd000-00dfe000 rwxp 00008000 fd:00 1662524    /usr/lib/libXcursor.so.1.0.2
00dfe000-012e2000 r-xp 00000000 fd:00 1310776    /opt/java/jdk1.6.0_38/jre/lib/i386/client/libjvm.so
012e2000-01305000 rwxp 004e3000 fd:00 1310776    /opt/java/jdk1.6.0_38/jre/lib/i386/client/libjvm.so
01305000-01721000 rwxp 01305000 00:00 0 
01721000-01724000 --xp 01721000 00:00 0 
01724000-01772000 rwxp 01724000 00:00 0 
01772000-01775000 --xp 01772000 00:00 0 
01775000-017c3000 rwxp 01775000 00:00 0 
017c3000-017c6000 --xp 017c3000 00:00 0 
017c6000-01814000 rwxp 017c6000 00:00 0 
01814000-01817000 --xp 01814000 00:00 0 
01817000-01865000 rwxp 01817000 00:00 0 
01865000-01868000 --xp 01865000 00:00 0 
01868000-018b6000 rwxp 01868000 00:00 0 
018b6000-018b9000 --xp 018b6000 00:00 0 
018b9000-01907000 rwxp 018b9000 00:00 0 
01907000-0190a000 --xp 01907000 00:00 0 
0190a000-01958000 rwxp 0190a000 00:00 0 
01958000-0195b000 --xp 01958000 00:00 0 
0195b000-019a9000 rwxp 0195b000 00:00 0 
019a9000-019c6000 r-xp 00000000 fd:00 1662540    /usr/lib/libdbus-glib-1.so.2.1.0
019c6000-019c7000 rwxp 0001d000 fd:00 1662540    /usr/lib/libdbus-glib-1.so.2.1.0
019c7000-019c9000 r-xp 00000000 fd:00 3966914    /lib/libutil-2.5.so
019c9000-019ca000 r-xp 00001000 fd:00 3966914    /lib/libutil-2.5.so
019ca000-019cb000 rwxp 00002000 fd:00 3966914    /lib/libutil-2.5.so
019cb000-019cf000 r-xp 00000000 fd:00 1662549    /usr/lib/libORBitCosNaming-2.so.0.1.0
019cf000-019d0000 rwxp 00004000 fd:00 1662549    /usr/lib/libORBitCosNaming-2.so.0.1.0
019d0000-019d4000 r-xp 00000000 fd:00 3966560    /lib/libattr.so.1.1.0
019d4000-019d5000 rwxp 00003000 fd:00 3966560    /lib/libattr.so.1.1.0
01a48000-01a4b000 --xp 01a48000 00:00 0 
01a4b000-01a99000 rwxp 01a4b000 00:00 0 
01a99000-01bc5000 r-xp 00000000 fd:00 1662533    /usr/lib/libxml2.so.2.6.26
01bc5000-01bca000 rwxp 0012c000 fd:00 1662533    /usr/lib/libxml2.so.2.6.26
01bca000-01bcb000 rwxp 01bca000 00:00 0 
01c26000-01c29000 --xp 01c26000 00:00 0 
01c29000-01c77000 rwxp 01c29000 00:00 0 
01caa000-01ce7000 r-xp 00000000 fd:00 3966876    /lib/libdbus-1.so.3.4.0
01ce7000-01ce9000 rwxp 0003c000 fd:00 3966876    /lib/libdbus-1.so.3.4.0
020ea000-020ed000 --xp 020ea000 00:00 0 
020ed000-0216b000 rwxp 020ed000 00:00 0 
021a3000-021a6000 --xp 021a3000 00:00 0 
021a6000-021f4000 rwxp 021a6000 00:00 0 
02224000-02227000 --xp 02224000 00:00 0 
02227000-02275000 rwxp 02227000 00:00 0 
022bb000-022be000 --xp 022bb000 00:00 0 
022be000-0230c000 rwxp 022be000 00:00 0 
02363000-02366000 --xp 02363000 00:00 0 
02366000-023b4000 rwxp 02366000 00:00 0 
02403000-0240b000 r-xp 00000000 fd:00 1662529    /usr/lib/libSM.so.6.0.0
0240b000-0240c000 rwxp 00007000 fd:00 1662529    /usr/lib/libSM.so.6.0.0
02554000-02562000 r-xp 00000000 fd:00 2261582    /usr/lib/gnome-vfs-2.0/modules/libfile.so
02562000-02563000 rwxp 0000d000 fd:00 2261582    /usr/lib/gnome-vfs-2.0/modules/libfile.so
025e3000-025e6000 --xp 025e3000 00:00 0 
025e6000-02634000 rwxp 025e6000 00:00 0 
0268b000-0271e000 r-xp 00000000 fd:00 1662543    /usr/lib/libkrb5.so.3.3
0271e000-02721000 rwxp 00092000 fd:00 1662543    /usr/lib/libkrb5.so.3.3
02723000-02750000 r-xp 00000000 fd:00 1662544    /usr/lib/libgssapi_krb5.so.2.2
02750000-02751000 rwxp 0002d000 fd:00 1662544    /usr/lib/libgssapi_krb5.so.2.2
02753000-02779000 r-xp 00000000 fd:00 1662542    /usr/lib/libk5crypto.so.3.1
02779000-0277a000 rwxp 00025000 fd:00 1662542    /usr/lib/libk5crypto.so.3.1
0277c000-02793000 r-xp 00000000 fd:00 1662528    /usr/lib/libICE.so.6.3.0
02793000-02794000 rwxp 00016000 fd:00 1662528    /usr/lib/libICE.so.6.3.0
02794000-02796000 rwxp 02794000 00:00 0 
02866000-02870000 r-xp 00000000 fd:00 2917893    /soft/eclipse/eclipse2/configuration/org.eclipse.osgi/bundles/271/1/.cp/libswt-cairo-gtk-3740.so
02870000-02871000 rwxp 00009000 fd:00 2917893    /soft/eclipse/eclipse2/configuration/org.eclipse.osgi/bundles/271/1/.cp/libswt-cairo-gtk-3740.so
028db000-028e1000 r-xp 00000000 fd:00 1652217    /usr/lib/libfam.so.0.0.0
028e1000-028e2000 rwxp 00006000 fd:00 1652217    /usr/lib/libfam.so.0.0.0
028e9000-0292d000 r-xp 00000000 fd:00 3966913    /lib/libssl.so.0.9.8e
0292d000-02931000 rwxp 00043000 fd:00 3966913    /lib/libssl.so.0.9.8e
02933000-02981000 r-xp 00000000 fd:00 1662538    /usr/lib/libORBit-2.so.0.1.0
02981000-0298b000 rwxp 0004d000 fd:00 1662538    /usr/lib/libORBit-2.so.0.1.0
0298d000-029c0000 r-xp 00000000 fd:00 1662539    /usr/lib/libgconf-2.so.4.1.0
029c0000-029c3000 rwxp 00032000 fd:00 1662539    /usr/lib/libgconf-2.so.4.1.0
029c5000-02a9f000 r-xp 00000000 fd:00 3966915    /lib/libasound.so.2.0.0
02a9f000-02aa4000 rwxp 000d9000 fd:00 3966915    /lib/libasound.so.2.0.0
02aa6000-02ab1000 r-xp 00000000 fd:00 1662545    /usr/lib/libavahi-common.so.3.4.3
02ab1000-02ab2000 rwxp 0000a000 fd:00 1662545    /usr/lib/libavahi-common.so.3.4.3
02ab4000-02b14000 r-xp 00000000 fd:00 1662548    /usr/lib/libgnomevfs-2.so.0.1600.2
02b14000-02b17000 rwxp 0005f000 fd:00 1662548    /usr/lib/libgnomevfs-2.so.0.1600.2
02b19000-02b28000 r-xp 00000000 fd:00 1662547    /usr/lib/libavahi-client.so.3.2.1
02b28000-02b29000 rwxp 0000e000 fd:00 1662547    /usr/lib/libavahi-client.so.3.2.1
02c18000-02c72000 r-xp 00000000 fd:00 1662551    /usr/lib/libbonobo-2.so.0.0.0
02c72000-02c7c000 rwxp 0005a000 fd:00 1662551    /usr/lib/libbonobo-2.so.0.0.0
02c7e000-02c87000 r-xp 00000000 fd:00 1662553    /usr/lib/libesd.so.0.2.36
02c87000-02c88000 rwxp 00009000 fd:00 1662553    /usr/lib/libesd.so.0.2.36
02c8a000-02cb2000 r-xp 00000000 fd:00 1662552    /usr/lib/libaudiofile.so.0.0.2
02cb2000-02cb5000 rwxp 00027000 fd:00 1662552    /usr/lib/libaudiofile.so.0.0.2
02cc8000-02ccb000 --xp 02cc8000 00:00 0 
02ccb000-02d19000 rwxp 02ccb000 00:00 0 
02d84000-02d90000 r-xp 00000000 fd:00 1662557    /usr/lib/libgnome-keyring.so.0.0.1
02d90000-02d91000 rwxp 0000b000 fd:00 1662557    /usr/lib/libgnome-keyring.so.0.0.1
02d93000-02dbf000 r-xp 00000000 fd:00 1662537    /usr/lib/libgnomecanvas-2.so.0.1400.0
02dbf000-02dc0000 rwxp 0002b000 fd:00 1662537    /usr/lib/libgnomecanvas-2.so.0.1400.0
02dc2000-02e26000 r-xp 00000000 fd:00 1662556    /usr/lib/libbonoboui-2.so.0.0.0
02e26000-02e29000 rwxp 00063000 fd:00 1662556    /usr/lib/libbonoboui-2.so.0.0.0
02e2b000-02e41000 r-xp 00000000 fd:00 1651232    /usr/lib/libart_lgpl_2.so.2.3.17
02e41000-02e42000 rwxp 00015000 fd:00 1651232    /usr/lib/libart_lgpl_2.so.2.3.17
02e5e000-02e63000 r-xp 00000000 fd:00 1648703    /usr/lib/libXtst.so.6.1.0
02e63000-02e64000 rwxp 00004000 fd:00 1648703    /usr/lib/libXtst.so.6.1.0
02ea5000-02eba000 r-xp 00000000 fd:00 1662555    /usr/lib/libgnome-2.so.0.1600.0
02eba000-02ebb000 rwxp 00014000 fd:00 1662555    /usr/lib/libgnome-2.so.0.1600.0
02fa5000-02fa8000 --xp 02fa5000 00:00 0 
02fa8000-02ff6000 rwxp 02fa8000 00:00 0 
02ffe000-03001000 --xp 02ffe000 00:00 0 
03001000-0304f000 rwxp 03001000 00:00 0 
032cb000-032ce000 --xp 032cb000 00:00 0 
032ce000-0331c000 rwxp 032ce000 00:00 0 
03452000-03455000 --xp 03452000 00:00 0 
03455000-034a3000 rwxp 03455000 00:00 0 
034f9000-034fc000 --xp 034f9000 00:00 0 
034fc000-0354a000 rwxp 034fc000 00:00 0 
03da9000-03dab000 r-xp 00000000 fd:00 3966911    /lib/libcom_err.so.2.1
03dab000-03dac000 rwxp 00001000 fd:00 3966911    /lib/libcom_err.so.2.1
040f8000-040fb000 --xp 040f8000 00:00 0 
040fb000-04149000 rwxp 040fb000 00:00 0 
04187000-0418a000 --xp 04187000 00:00 0 
0418a000-041d8000 rwxp 0418a000 00:00 0 
04322000-04325000 r-xp 00000000 fd:00 2917891    /soft/eclipse/eclipse2/configuration/org.eclipse.osgi/bundles/271/1/.cp/libswt-gnome-gtk-3740.so
04325000-04326000 rwxp 00002000 fd:00 2917891    /soft/eclipse/eclipse2/configuration/org.eclipse.osgi/bundles/271/1/.cp/libswt-gnome-gtk-3740.so
04b4f000-04b8a000 r-xp 00000000 fd:00 3966899    /lib/libsepol.so.1
04b8a000-04b8b000 rwxp 0003b000 fd:00 3966899    /lib/libsepol.so.1
04b8b000-04b95000 rwxp 04b8b000 00:00 0 
04ccc000-04cce000 r-xp 00000000 fd:00 3966878    /lib/libkeyutils-1.2.so
04cce000-04ccf000 rwxp 00001000 fd:00 3966878    /lib/libkeyutils-1.2.so
05071000-05074000 --xp 05071000 00:00 0 
05074000-050c2000 rwxp 05074000 00:00 0 
050c2000-050c5000 r-xp 00000000 fd:00 3966875    /lib/libcap.so.1.10
050c5000-050c6000 rwxp 00002000 fd:00 3966875    /lib/libcap.so.1.10
0530a000-0530d000 --xp 0530a000 00:00 0 
0530d000-0535b000 rwxp 0530d000 00:00 0 
057d1000-057d4000 --xp 057d1000 00:00 0 
057d4000-05822000 rwxp 057d4000 00:00 0 
0588f000-05892000 --xp 0588f000 00:00 0 
05892000-058e0000 rwxp 05892000 00:00 0 
05953000-05956000 --xp 05953000 00:00 0 
05956000-059a4000 rwxp 05956000 00:00 0 
059aa000-059b2000 r-xp 00000000 fd:00 1662541    /usr/lib/libkrb5support.so.0.1
059b2000-059b3000 rwxp 00007000 fd:00 1662541    /usr/lib/libkrb5support.so.0.1
05c3c000-05c3f000 --xp 05c3c000 00:00 0 
05c3f000-05c8d000 rwxp 05c3f000 00:00 0 
05df6000-05e17000 r-xp 00000000 fd:00 1662558    /usr/lib/libjpeg.so.62.0.0
05e17000-05e18000 rwxp 00020000 fd:00 1662558    /usr/lib/libjpeg.so.62.0.0
05e55000-05e58000 --xp 05e55000 00:00 0 
05e58000-05ea6000 rwxp 05e58000 00:00 0 
05fd9000-05fda000 --xp 05fd9000 00:00 0 
05fda000-0605a000 rwxp 05fda000 00:00 0 
0615b000-0615e000 --xp 0615b000 00:00 0 
0615e000-061ac000 rwxp 0615e000 00:00 0 
063cd000-063d0000 --xp 063cd000 00:00 0 
063d0000-0641e000 rwxp 063d0000 00:00 0 
06424000-0654e000 r-xp 00000000 fd:00 3966912    /lib/libcrypto.so.0.9.8e
0654e000-06561000 rwxp 00129000 fd:00 3966912    /lib/libcrypto.so.0.9.8e
06561000-06565000 rwxp 06561000 00:00 0 
068b9000-068be000 r-xp 00000000 fd:00 2033788    /usr/lib/gtk-2.0/2.10.0/loaders/libpixbufloader-gif.so
068be000-068bf000 rwxp 00005000 fd:00 2033788    /usr/lib/gtk-2.0/2.10.0/loaders/libpixbufloader-gif.so
06ae9000-06aec000 --xp 06ae9000 00:00 0 
06aec000-06b3a000 rwxp 06aec000 00:00 0 
06d0d000-06d10000 --xp 06d0d000 00:00 0 
06d10000-06d5e000 rwxp 06d10000 00:00 0 
06fcc000-06fcf000 --xp 06fcc000 00:00 0 
06fcf000-0701d000 rwxp 06fcf000 00:00 0 
0713f000-07142000 --xp 0713f000 00:00 0 
07142000-07190000 rwxp 07142000 00:00 0 
07218000-0721b000 --xp 07218000 00:00 0 
0721b000-07269000 rwxp 0721b000 00:00 0 
072ce000-072d1000 --xp 072ce000 00:00 0 
072d1000-0731f000 rwxp 072d1000 00:00 0 
07806000-0781a000 r-xp 00000000 fd:00 1662550    /usr/lib/libbonobo-activation.so.4.0.0
0781a000-0781c000 rwxp 00014000 fd:00 1662550    /usr/lib/libbonobo-activation.so.4.0.0
0794b000-079db000 r-xp 00000000 fd:00 1662559    /usr/lib/libgnomeui-2.so.0.1600.0
079db000-079de000 rwxp 0008f000 fd:00 1662559    /usr/lib/libgnomeui-2.so.0.1600.0
079de000-079df000 rwxp 079de000 00:00 0 
07d3e000-07d99000 r-xp 00000000 fd:00 2917894    /soft/eclipse/eclipse2/configuration/org.eclipse.osgi/bundles/271/1/.cp/libswt-pi-gtk-3740.so
07d99000-07d9b000 rwxp 0005a000 fd:00 2917894    /soft/eclipse/eclipse2/configuration/org.eclipse.osgi/bundles/271/1/.cp/libswt-pi-gtk-3740.so
07d9b000-07d9c000 rwxp 07d9b000 00:00 0 
08048000-0804c000 r-xp 00000000 fd:00 2852872    /soft/eclipse/eclipse2/eclipse
0804c000-0804d000 rwxp 00003000 fd:00 2852872    /soft/eclipse/eclipse2/eclipse
08085000-08088000 --xp 08085000 00:00 0 
08088000-080d6000 rwxp 08088000 00:00 0 
08101000-08104000 --xp 08101000 00:00 0 
08104000-08152000 rwxp 08104000 00:00 0 
081ac000-081af000 --xp 081ac000 00:00 0 
081af000-081fd000 rwxp 081af000 00:00 0 
082c5000-082c8000 --xp 082c5000 00:00 0 
082c8000-08316000 rwxp 082c8000 00:00 0 
08678000-0868e000 r-xp 00000000 fd:00 3966908    /lib/libselinux.so.1
0868e000-08690000 rwxp 00015000 fd:00 3966908    /lib/libselinux.so.1
087d2000-087d8000 r-xp 00000000 fd:00 3965248    /lib/libacl.so.1.1.0
087d8000-087d9000 rwxp 00005000 fd:00 3965248    /lib/libacl.so.1.1.0
088be000-088c5000 r-xp 00000000 fd:00 1662554    /usr/lib/libpopt.so.0.0.0
088c5000-088c6000 rwxp 00006000 fd:00 1662554    /usr/lib/libpopt.so.0.0.0
088ee000-088f1000 --xp 088ee000 00:00 0 
088f1000-0893f000 rwxp 088f1000 00:00 0 
08a05000-08a08000 --xp 08a05000 00:00 0 
08a08000-08a56000 rwxp 08a08000 00:00 0 
08dfa000-09d8b000 rwxp 08dfa000 00:00 0          [heap]
6b720000-6e0d0000 rwxp 6b720000 00:00 0 
6e0d0000-73720000 rwxp 6e0d0000 00:00 0 
73720000-78a50000 rwxp 73720000 00:00 0 
78a50000-78c10000 --xp 78a50000 00:00 0 
78c10000-83720000 rwxp 78c10000 00:00 0 
83720000-87920000 rwxp 83720000 00:00 0 
87920000-93720000 rwxp 87920000 00:00 0 
93720000-93d4b000 r-xs 00001000 fd:00 1313913    /opt/java/jdk1.6.0_38/jre/lib/i386/client/classes.jsa
93d4b000-94120000 rwxp 93d4b000 00:00 0 
94120000-9485b000 rwxp 0062c000 fd:00 1313913    /opt/java/jdk1.6.0_38/jre/lib/i386/client/classes.jsa
9485b000-94d20000 rwxp 9485b000 00:00 0 
94d20000-94e02000 rwxp 00d67000 fd:00 1313913    /opt/java/jdk1.6.0_38/jre/lib/i386/client/classes.jsa
94e02000-95120000 rwxp 94e02000 00:00 0 
95120000-95128000 r-xs 00e49000 fd:00 1313913    /opt/java/jdk1.6.0_38/jre/lib/i386/client/classes.jsa
95128000-95520000 rwxp 95128000 00:00 0 
b0f00000-b0fc5000 rwxp b0f00000 00:00 0 
b0fc5000-b1000000 --xp b0fc5000 00:00 0 
b1000000-b1048000 rwxp b1000000 00:00 0 
b1048000-b1100000 --xp b1048000 00:00 0 
b1100000-b1200000 rwxp b1100000 00:00 0 
b1200000-b12fb000 rwxp b1200000 00:00 0 
b12fb000-b1300000 --xp b12fb000 00:00 0 
b1300000-b13ff000 rwxp b1300000 00:00 0 
b13ff000-b1400000 --xp b13ff000 00:00 0 
b1400000-b1500000 rwxp b1400000 00:00 0 
b1500000-b15de000 rwxp b1500000 00:00 0 
b15de000-b1600000 --xp b15de000 00:00 0 
b1700000-b1800000 rwxp b1700000 00:00 0 
b1800000-b18fd000 rwxp b1800000 00:00 0 
b18fd000-b1900000 --xp b18fd000 00:00 0 
b1900000-b19fc000 rwxp b1900000 00:00 0 
b19fc000-b1a00000 --xp b19fc000 00:00 0 
b1a00000-b1b00000 rwxp b1a00000 00:00 0 
b1b00000-b1c00000 rwxp b1b00000 00:00 0 
b1c00000-b1cfd000 rwxp b1c00000 00:00 0 
b1cfd000-b1d00000 --xp b1cfd000 00:00 0 
b1db6000-b1de4000 r-xp 00000000 fd:00 2033515    /usr/share/fonts/dejavu-lgc/DejaVuLGCSansMono-Oblique.ttf
b1de4000-b1e00000 r-xs 0011e000 fd:00 2854040    /soft/eclipse/eclipse2/plugins/org.eclipse.cdt.dsf.ui_2.2.1.201202111925.jar
b1e00000-b1efe000 rwxp b1e00000 00:00 0 
b1efe000-b1f00000 --xp b1efe000 00:00 0 
b1f00000-b1fff000 rwxp b1f00000 00:00 0 
b1fff000-b2000000 --xp b1fff000 00:00 0 
b2000000-b20f9000 rwxp b2000000 00:00 0 
b20f9000-b2100000 --xp b20f9000 00:00 0 
b211a000-b2126000 r-xs 00079000 fd:00 2853752    /soft/eclipse/eclipse2/plugins/org.eclipse.cdt.debug.mi.core_7.1.1.201202111925.jar
b2126000-b213f000 r-xs 00115000 fd:00 2852876    /soft/eclipse/eclipse2/plugins/org.eclipse.cdt.dsf.gdb_4.0.2.201202111925.jar
b213f000-b21a8000 r-xp 00000000 fd:00 2033504    /usr/share/fonts/dejavu-lgc/DejaVuLGCSans-Bold.ttf
b21a8000-b2305000 r-xp 00000000 fd:00 2034203    /usr/share/icons/hicolor/icon-theme.cache
b2305000-b28f6000 r-xp 00000000 fd:00 2135547    /usr/share/icons/gnome/icon-theme.cache
b28f6000-b365b000 r-xp 00000000 fd:00 2072709    /usr/share/icons/Bluecurve/icon-theme.cache
b365b000-b368d000 r-xs 00244000 fd:00 2853901    /soft/eclipse/eclipse2/plugins/org.eclipse.debug.ui_3.7.102.v20111129-1423_r372.jar
b368d000-b36c6000 r-xp 00000000 fd:00 2033513    /usr/share/fonts/dejavu-lgc/DejaVuLGCSansMono-Bold.ttf
b36c6000-b3700000 r-xp 00000000 fd:00 2033516    /usr/share/fonts/dejavu-lgc/DejaVuLGCSansMono.ttf
b3700000-b37fb000 rwxp b3700000 00:00 0 
b37fb000-b3800000 --xp b37fb000 00:00 0 
b3800000-b3900000 rwxp b3800000 00:00 0 
b3900000-b39fe000 rwxp b3900000 00:00 0 
b39fe000-b3a00000 --xp b39fe000 00:00 0 
b3a07000-b3a12000 r-xs 0006c000 fd:00 2853893    /soft/eclipse/eclipse2/plugins/org.eclipse.cdt.dsf.gdb.ui_2.2.1.201202111925.jar
b3a12000-b3a20000 r-xp 00000000 fd:00 2001805    /usr/share/icons/Clearlooks/icon-theme.cache
b3a20000-b3a39000 r-xs 000ed000 fd:00 2854108    /soft/eclipse/eclipse2/plugins/org.eclipse.cdt.debug.ui_7.1.2.201202111925.jar
b3a39000-b3a49000 r-xs 00111000 fd:00 2853897    /soft/eclipse/eclipse2/plugins/org.eclipse.cdt.managedbuilder.core_8.0.2.201202111925.jar
b3a49000-b3ab0000 r-xp 00000000 fd:00 2033507    /usr/share/fonts/dejavu-lgc/DejaVuLGCSans-Oblique.ttf
b3ab0000-b3acb000 r-xs 00145000 fd:00 2854006    /soft/eclipse/eclipse2/plugins/org.eclipse.team.ui_3.6.101.R37x_v20111109-0800.jar
b3acb000-b3af3000 r-xs 001ce000 fd:00 2853944    /soft/eclipse/eclipse2/plugins/org.tigris.subversion.subclipse.ui_1.8.9.jar
b3af7000-b3b21000 r-xs 0043b000 fd:00 2854123    /soft/eclipse/eclipse2/plugins/org.eclipse.jdt.core_3.7.3.v20120119-1537.jar
b3b21000-b3b2a000 r-xs 0005a000 fd:00 2852879    /soft/eclipse/eclipse2/plugins/org.eclipse.ui.navigator_3.5.101.v20120106-1355.jar
b3b2a000-b3b34000 r-xs 00067000 fd:00 2853904    /soft/eclipse/eclipse2/plugins/org.eclipse.cdt.make.ui_7.1.2.201202111925.jar
b3b34000-b3b38000 r-xs 0001a000 fd:00 2854011    /soft/eclipse/eclipse2/plugins/org.eclipse.ui.navigator.resources_3.4.300.v20110928-1505.jar
b3b38000-b3bcd000 r-xs 00929000 fd:00 2853874    /soft/eclipse/eclipse2/plugins/org.eclipse.jdt.ui_3.7.2.v20120109-1427.jar
b3bcd000-b3bd6000 r-xs 0005a000 fd:00 2853951    /soft/eclipse/eclipse2/plugins/org.eclipse.mylyn.wikitext.ui_1.5.0.v20110608-1400.jar
b3bd6000-b3bf0000 r-xs 0016d000 fd:00 2853938    /soft/eclipse/eclipse2/plugins/org.eclipse.jgit_1.3.0.201202151440-r.jar
b3bf0000-b3c03000 r-xs 000dd000 fd:00 2853754    /soft/eclipse/eclipse2/plugins/org.eclipse.jface.text_3.7.2.v20111213-1208.jar
b3c03000-b3c0a000 r-xs 00048000 fd:00 2854070    /soft/eclipse/eclipse2/plugins/org.eclipse.ltk.core.refactoring_3.5.201.r372_v20111101-0700.jar
b3c0c000-b3c18000 r-xs 00072000 fd:00 2854122    /soft/eclipse/eclipse2/plugins/org.eclipse.cdt.debug.core_7.1.0.201202111925.jar
b3c18000-b3c35000 r-xs 0017c000 fd:00 2854092    /soft/eclipse/eclipse2/plugins/org.eclipse.team.cvs.ui_3.3.401.v20120126-1227.jar
b3c35000-b3c8c000 r-xs 004b4000 fd:00 2853861    /soft/eclipse/eclipse2/plugins/org.eclipse.cdt.ui_5.3.2.201202111925.jar
b3c8c000-b3c96000 r-xs 00069000 fd:00 2853906    /soft/eclipse/eclipse2/plugins/org.eclipse.search_3.7.0.v20110928-1504.jar
b3c97000-b3ca0000 r-xs 00042000 fd:00 2854030    /soft/eclipse/eclipse2/plugins/org.eclipse.cdt.dsf_2.2.0.201202111925.jar
b3ca0000-b3cac000 r-xs 00083000 fd:00 2854010    /soft/eclipse/eclipse2/plugins/org.eclipse.ui.workbench.texteditor_3.7.0.v20110928-1504.jar
b3cae000-b3cb7000 r-xs 00060000 fd:00 2853866    /soft/eclipse/eclipse2/plugins/org.eclipse.cdt.managedbuilder.ui_8.0.2.201202111925.jar
b3cb7000-b3cc1000 r-xs 00058000 fd:00 2853744    /soft/eclipse/eclipse2/plugins/org.eclipse.mylyn.commons.ui_3.6.1.v20110720-0100.jar
b3cc1000-b3cc8000 r-xs 00095000 fd:00 1310827    /opt/java/jdk1.6.0_38/jre/lib/jsse.jar
b3cc8000-b3cd4000 r-xs 00081000 fd:00 2854026    /soft/eclipse/eclipse2/plugins/org.eclipse.ui.editors_3.7.0.v20110928-1504.jar
b3cd8000-b3cdb000 r-xs 00013000 fd:00 1310837    /opt/java/jdk1.6.0_38/jre/lib/jce.jar
b3cdf000-b3ce1000 r-xs 00010000 fd:00 2853863    /soft/eclipse/eclipse2/plugins/org.eclipse.core.runtime_3.7.0.v20110110.jar
b3ce1000-b3cea000 r-xs 0005b000 fd:00 2854066    /soft/eclipse/eclipse2/plugins/org.eclipse.mylyn.tasks.core_3.6.1.v20120201-0100.jar
b3cea000-b3d0b000 r-xs 00178000 fd:00 2852880    /soft/eclipse/eclipse2/plugins/org.eclipse.mylyn.tasks.ui_3.6.5.v20120215-0100.jar
b3d0b000-b3d0e000 rwxs 00000000 00:09 9076754    /SYSV00000000 (deleted)
b3d12000-b3d17000 r-xp 00000000 fd:00 1646618    /usr/share/locale/zh_CN/LC_MESSAGES/glib20.mo
b3d17000-b3d1d000 r-xs 00044000 fd:00 2853950    /soft/eclipse/eclipse2/plugins/org.eclipse.ui.forms_3.5.101.v20111011-1919.jar
b3d1d000-b3d22000 r-xs 00021000 fd:00 2853890    /soft/eclipse/eclipse2/plugins/org.eclipse.ui_3.7.0.v20110928-1505.jar
b3d22000-b3d29000 r-xs 00038000 fd:00 2854073    /soft/eclipse/eclipse2/plugins/org.eclipse.mylyn.context.ui_3.6.1.v20120112-0100.jar
b3d2f000-b3d33000 r-xs 00021000 fd:00 2854056    /soft/eclipse/eclipse2/plugins/org.eclipse.cdt.debug.mi.ui_6.1.1.201202111925.jar
b3d37000-b3d40000 r-xs 0005e000 fd:00 2854043    /soft/eclipse/eclipse2/plugins/org.eclipse.cdt.make.core_7.1.2.201202111925.jar
b3d46000-b3d49000 r-xs 00014000 fd:00 2853968    /soft/eclipse/eclipse2/plugins/org.eclipse.core.contenttype_3.4.100.v20110423-0524.jar
b3d4c000-b3d50000 r-xs 0001e000 fd:00 2853911    /soft/eclipse/eclipse2/plugins/org.eclipse.ui.externaltools_3.2.0.v20111007_r372.jar
b3d51000-b3d53000 r-xs 0000e000 fd:00 2853940    /soft/eclipse/eclipse2/plugins/org.eclipse.compare.core_3.5.200.I20110208-0800.jar
b3d53000-b3d57000 r-xs 00033000 fd:00 2853964    /soft/eclipse/eclipse2/plugins/org.eclipse.cdt.launch_7.0.0.201202111925.jar
b3d57000-b3d65000 r-xs 000a6000 fd:00 2853939    /soft/eclipse/eclipse2/plugins/org.eclipse.compare_3.5.202.R37x_v20111109-0800.jar
b3d65000-b3d6d000 r-xs 0006f000 fd:00 2854062    /soft/eclipse/eclipse2/plugins/org.eclipse.rse.files.ui_3.2.1.R33x_v201109141647.jar
b3d6d000-b3d73000 r-xs 000cd000 fd:00 2853941    /soft/eclipse/eclipse2/plugins/cruise.umple.eclipse_1.16.0.2388.jar
b3d73000-b3d77000 r-xs 0001b000 fd:00 2853786    /soft/eclipse/eclipse2/plugins/org.tigris.subversion.subclipse.graph_1.1.1.jar
b3d77000-b3d7b000 r-xs 0001b000 fd:00 2854058    /soft/eclipse/eclipse2/plugins/org.eclipse.mylyn.team.ui_3.6.1.v20110825-0100.jar
b3d7e000-b3d82000 r-xs 00017000 fd:00 2853775    /soft/eclipse/eclipse2/plugins/org.eclipse.core.commands_3.6.0.I20110111-0800.jar
b3d82000-b3d86000 r-xs 00010000 fd:00 2854038    /soft/eclipse/eclipse2/plugins/org.tigris.subversion.subclipse.tools.usage_1.1.0.jar
b3d89000-b3d8b000 r-xs 00004000 fd:00 2853909    /soft/eclipse/eclipse2/plugins/org.eclipse.cdt.codan.ui.cxx_2.0.0.201202111925.jar
b3d8b000-b3d8f000 r-xs 0001d000 fd:00 2854086    /soft/eclipse/eclipse2/plugins/org.eclipse.cdt.codan.core_2.0.0.201202111925.jar
b3d8f000-b3d94000 r-xs 00038000 fd:00 2854021    /soft/eclipse/eclipse2/plugins/org.eclipse.text_3.5.101.v20110928-1504.jar
b3d94000-b3d96000 r-xs 00003000 fd:00 2853991    /soft/eclipse/eclipse2/plugins/org.eclipse.cdt.msw.build_1.0.0.201202111925.jar
b3d96000-b3da0000 r-xs 00085000 fd:00 2854085    /soft/eclipse/eclipse2/plugins/org.eclipse.team.cvs.core_3.3.400.I20110510-0800.jar
b3da0000-b3da4000 r-xs 00013000 fd:00 2853987    /soft/eclipse/eclipse2/plugins/org.eclipse.ui.views_3.6.0.v20110928-1505.jar
b3da4000-b3dad000 r-xs 00058000 fd:00 2853771    /soft/eclipse/eclipse2/plugins/org.eclipse.team.core_3.6.0.I20110525-0800.jar
b3dad000-b3db4000 r-xs 00047000 fd:00 2853767    /soft/eclipse/eclipse2/plugins/org.tigris.subversion.subclipse.core_1.8.9.jar
b3db4000-b3ddb000 r-xs 001dd000 fd:00 2854041    /soft/eclipse/eclipse2/plugins/org.eclipse.egit.ui_1.3.0.201202151440-r.jar
b3ddb000-b3de5000 r-xs 00065000 fd:00 2854118    /soft/eclipse/eclipse2/plugins/org.eclipse.ltk.ui.refactoring_3.6.0.v20110928-1453.jar
b3de5000-b3de9000 r-xs 00047000 fd:00 2853973    /soft/eclipse/eclipse2/plugins/org.eclipse.jdt.launching_3.6.1.v20111006_r372.jar
b3de9000-b3e56000 r-xp 00000000 fd:00 2033508    /usr/share/fonts/dejavu-lgc/DejaVuLGCSans.ttf
b3e56000-b5200000 r-xp 00000000 fd:00 2073092    /usr/share/fonts/chinese/TrueType/uming.ttf
b5200000-b52fb000 rwxp b5200000 00:00 0 
b52fb000-b5300000 --xp b52fb000 00:00 0 
b5301000-b5303000 r-xs 00007000 fd:00 2853772    /soft/eclipse/eclipse2/plugins/org.eclipse.core.variables_3.2.500.v20110928-1503.jar
b5303000-b5306000 r-xs 00019000 fd:00 2854035    /soft/eclipse/eclipse2/plugins/org.eclipse.linuxtools.cdt.autotools.core_1.0.2.201202152032.jar
b5306000-b5308000 r-xs 00003000 fd:00 2853933    /soft/eclipse/eclipse2/plugins/org.tigris.subversion.subclipse.mylyn_3.0.0.jar
b5308000-b530b000 r-xs 00019000 fd:00 2853981    /soft/eclipse/eclipse2/plugins/org.eclipse.core.filebuffers_3.5.200.v20110928-1504.jar
b530b000-b530e000 r-xs 00014000 fd:00 2853972    /soft/eclipse/eclipse2/plugins/org.eclipse.core.jobs_3.5.101.v20120113-1953.jar
b530e000-b5310000 r-xs 00003000 fd:00 2854032    /soft/eclipse/eclipse2/plugins/org.eclipse.cdt.core.linux.x86_5.2.0.201202111925.jar
b5310000-b5311000 r-xs 00002000 fd:00 2853971    /soft/eclipse/eclipse2/plugins/org.eclipse.cdt.core.linux_5.2.0.201202111925.jar
b5311000-b535a000 r-xs 0040a000 fd:00 2854117    /soft/eclipse/eclipse2/plugins/org.eclipse.cdt.core_5.3.2.201202111925.jar
b535a000-b535c000 r-xs 00008000 fd:00 2854065    /soft/eclipse/eclipse2/plugins/org.eclipse.mylyn.monitor.core_3.6.0.v20110608-1400.jar
b535e000-b5361000 r-xs 00019000 fd:00 2854052    /soft/eclipse/eclipse2/plugins/org.eclipse.equinox.preferences_3.4.2.v20120111-2020.jar
b5361000-b5366000 r-xs 00044000 fd:00 2854053    /soft/eclipse/eclipse2/plugins/org.eclipse.egit.core_1.3.0.201202151440-r.jar
b5366000-b536a000 r-xs 00025000 fd:00 2853914    /soft/eclipse/eclipse2/plugins/org.tigris.subversion.clientadapter.javahl_1.7.4.1.jar
b536a000-b536e000 r-xs 00000000 fd:00 197455     /var/cache/fontconfig/177aa5f8e4784b879645141d1d73ae7a-x86.cache-2
b536e000-b5370000 r-xs 00000000 fd:00 197167     /var/cache/fontconfig/87f5e051180a7a75f16eb6fe7dbd3749-x86.cache-2
b5370000-b5376000 r-xs 00000000 fd:00 197169     /var/cache/fontconfig/b79f3aaa7d385a141ab53ec885cc22a8-x86.cache-2
b5376000-b537a000 r-xs 00000000 fd:00 197645     /var/cache/fontconfig/a3ef620b97f3ad86e0ccce6d4afaa4cc-x86.cache-2
b537a000-b537d000 r-xs 00000000 fd:00 196973     /var/cache/fontconfig/b67b32625a2bb51b023d3814a918f351-x86.cache-2
b537d000-b5383000 r-xs 00000000 fd:00 196975     /var/cache/fontconfig/7ddba6133ef499da58de5e8c586d3b75-x86.cache-2
b5383000-b5385000 r-xs 00000000 fd:00 196661     /var/cache/fontconfig/e3ead4b767b8819993a6fa3ae306afa9-x86.cache-2
b5385000-b538d000 r-xs 00000000 fd:00 196972     /var/cache/fontconfig/e19de935dec46bbf3ed114ee4965548a-x86.cache-2
b538d000-b5392000 r-xs 00000000 fd:00 197170     /var/cache/fontconfig/beeeeb3dfe132a8a0633a017c99ce0c0-x86.cache-2
b5393000-b5395000 r-xs 00009000 fd:00 2853896    /soft/eclipse/eclipse2/plugins/org.eclipse.cdt.codan.core.cxx_1.0.0.201202111925.jar
b5397000-b539b000 r-xs 0003b000 fd:00 2853958    /soft/eclipse/eclipse2/plugins/org.eclipse.help_3.5.100.v20110426.jar
b539b000-b539d000 r-xs 00011000 fd:00 2853741    /soft/eclipse/eclipse2/plugins/org.eclipse.equinox.util_1.0.300.v20110502.jar
b539d000-b53a5000 r-xs 0004d000 fd:00 2854037    /soft/eclipse/eclipse2/plugins/org.eclipse.debug.core_3.7.1.v20111129-2031.jar
b53a5000-b53ad000 r-xs 00115000 fd:00 1310883    /opt/java/jdk1.6.0_38/jre/lib/resources.jar
b53ad000-b53b0000 r-xs 00014000 fd:00 2854033    /soft/eclipse/eclipse2/plugins/org.eclipse.mylyn.tasks.bugs_3.6.1.v20110825-0100.jar
b53b0000-b53b3000 r-xs 00019000 fd:00 2854109    /soft/eclipse/eclipse2/plugins/org.eclipse.mylyn.context.core_3.6.1.v20110720-0100.jar
b53b3000-b53bf000 r-xs 000ba000 fd:00 2854113    /soft/eclipse/eclipse2/plugins/org.eclipse.core.resources_3.7.101.v20120125-1505.jar
b53bf000-b53e7000 r-xs 00214000 fd:00 2853765    /soft/eclipse/eclipse2/plugins/org.eclipse.ui.ide_3.7.0.v20110928-1505.jar
b53e7000-b5447000 rwxs 00000000 00:09 9043985    /SYSV00000000 (deleted)
b5447000-b5449000 r-xs 0000a000 fd:00 2853766    /soft/eclipse/eclipse2/plugins/org.eclipse.cdt.managedbuilder.gnu.ui_8.0.2.201202111925.jar
b5449000-b544c000 r-xs 00013000 fd:00 2853735    /soft/eclipse/eclipse2/plugins/org.eclipse.jdt.core.manipulation_1.4.0.v20110928-1453.jar
b544c000-b5450000 r-xs 00018000 fd:00 2854014    /soft/eclipse/eclipse2/plugins/org.eclipse.cdt.codan.ui_2.0.1.201202111925.jar
b5450000-b548c000 r-xs 00629000 fd:00 2854046    /soft/eclipse/eclipse2/plugins/com.ibm.icu_4.4.2.v20110823.jar
b548c000-b54a0000 r-xs 0021f000 fd:00 2854072    /soft/eclipse/eclipse2/plugins/org.eclipse.swt.gtk.linux.x86_3.7.2.v3740f.jar
b54a0000-b54a1000 r-xs 00004000 fd:00 2852878    /soft/eclipse/eclipse2/plugins/org.eclipse.swt_3.7.2.v3740f.jar
b54a1000-b54b5000 r-xs 000f3000 fd:00 2853782    /soft/eclipse/eclipse2/plugins/org.eclipse.jface_3.7.0.v20110928-1505.jar
b54b5000-b54b7000 r-xs 00001000 fd:00 2883766    /soft/eclipse/eclipse2/plugins/org.eclipse.ui.workbench.compatibility_3.2.100.I20110413-1600/compatibility.jar
b54b7000-b54fe000 r-xs 003b3000 fd:00 2853929    /soft/eclipse/eclipse2/plugins/org.eclipse.ui.workbench_3.7.1.v20120104-1859.jar
b5500000-b55fd000 rwxp b5500000 00:00 0 
b55fd000-b5600000 --xp b55fd000 00:00 0 
b5600000-b5602000 r-xs 0000e000 fd:00 2854017    /soft/eclipse/eclipse2/plugins/org.eclipse.mylyn.resources.ui_3.6.0.v20110608-1400.jar
b5602000-b5606000 r-xs 00024000 fd:00 2853942    /soft/eclipse/eclipse2/plugins/org.eclipse.ui.console_3.5.100.v20111007_r372.jar
b5606000-b5608000 r-xs 0000b000 fd:00 2854002    /soft/eclipse/eclipse2/plugins/org.eclipse.core.filesystem_1.3.100.v20110423-0524.jar
b5609000-b560b000 r-xs 0000b000 fd:00 2853978    /soft/eclipse/eclipse2/plugins/org.eclipse.mylyn.monitor.ui_3.6.0.v20110608-1400.jar
b560b000-b560d000 r-xs 00010000 fd:00 2854100    /soft/eclipse/eclipse2/plugins/org.eclipse.cdt.mylyn.ui_3.6.0.v20110608-1400.jar
b560d000-b560f000 r-xs 00006000 fd:00 2853758    /soft/eclipse/eclipse2/plugins/org.eclipse.cdt.codan.checkers.ui_1.0.0.201202111925.jar
b560f000-b5611000 r-xs 0000a000 fd:00 2853921    /soft/eclipse/eclipse2/plugins/org.eclipse.epp.usagedata.recording_1.3.1.R201106061540.jar
b5611000-b5615000 r-xs 00029000 fd:00 2854083    /soft/eclipse/eclipse2/plugins/org.eclipse.equinox.registry_3.5.101.R37x_v20110810-1611.jar
b5616000-b5618000 r-xs 00008000 fd:00 2853945    /soft/eclipse/eclipse2/plugins/org.eclipse.core.externaltools_1.0.100.v20111007_r372.jar
b5618000-b561a000 r-xs 00007000 fd:00 2854039    /soft/eclipse/eclipse2/plugins/org.eclipse.mylyn.ide.ui_3.6.0.v20110608-1400.jar
b561a000-b561c000 r-xs 0000e000 fd:00 2853999    /soft/eclipse/eclipse2/plugins/org.eclipse.ui.ide.application_1.0.300.I20110306-2000.jar
b561c000-b561f000 r-xs 00012000 fd:00 2854068    /soft/eclipse/eclipse2/plugins/org.tigris.subversion.clientadapter_1.8.2.jar
b561f000-b5621000 r-xs 00018000 fd:00 2853776    /soft/eclipse/eclipse2/plugins/org.eclipse.equinox.common_3.6.0.v20110523.jar
b5622000-b5623000 r-xs 00002000 fd:00 2853734    /soft/eclipse/eclipse2/plugins/org.eclipse.core.filesystem.linux.x86_1.4.0.v20110423-0524.jar
b5623000-b5626000 r-xs 000cc000 fd:00 1311561    /opt/java/jdk1.6.0_38/jre/lib/ext/localedata.jar
b5626000-b563a000 r-xs 0013a000 fd:00 2854111    /soft/eclipse/eclipse2/plugins/org.eclipse.osgi_3.7.2.v20120110-1415.jar
b563a000-b569a000 rwxs 00000000 00:09 9011216    /SYSV00000000 (deleted)
b569a000-b56ce000 rwxp b569a000 00:00 0 
b56ce000-b5866000 r-xs 03083000 fd:00 1313910    /opt/java/jdk1.6.0_38/jre/lib/rt.jar
b5866000-b5895000 rwxp b5866000 00:00 0 
b5895000-b58f4000 rwxp b5895000 00:00 0 
b58f4000-b591e000 rwxp b58f4000 00:00 0 
b591e000-b591f000 --xp b591e000 00:00 0 
b591f000-b5975000 rwxp b591f000 00:00 0 
b5975000-b598a000 rwxp b5975000 00:00 0 
b598a000-b59b5000 rwxp b598a000 00:00 0 
b59b5000-b59df000 rwxp b59b5000 00:00 0 
b59df000-b59e0000 --xp b59df000 00:00 0 
b59e0000-b5a35000 rwxp b59e0000 00:00 0 
b5a35000-b5a56000 rwxp b5a35000 00:00 0 
b5a56000-b5ab5000 rwxp b5a56000 00:00 0 
b5ab5000-b5b08000 rwxp b5ab5000 00:00 0 
b5b08000-b5b41000 rwxp b5b08000 00:00 0 
b5b41000-b6cc9000 rwxp b5b41000 00:00 0 
b6cc9000-b7b41000 rwxp b6cc9000 00:00 0 
b7b41000-b7ba4000 rwxp b7b41000 00:00 0 
b7ba4000-b7ba5000 r-xs 00002000 fd:00 2883653    /soft/eclipse/eclipse2/plugins/org.eclipse.core.runtime.compatibility.registry_3.5.0.v20110505/runtime_registry_compatibility.jar
b7ba5000-b7bb7000 r-xp 00000000 fd:00 1642575    /usr/share/locale/zh_CN/LC_MESSAGES/libc.mo
b7bb7000-b7bd2000 r-xp 00000000 fd:00 1772757    /usr/share/locale/zh_CN/LC_MESSAGES/gtk20-properties.mo
b7bd2000-b7bd9000 r-xs 00000000 fd:00 1737475    /usr/lib/gconv/gconv-modules.cache
b7bd9000-b7be8000 r-xp 00000000 fd:00 1772780    /usr/share/locale/zh_CN/LC_MESSAGES/gtk20.mo
b7be8000-b7c25000 r-xp 00434000 fd:00 1651724    /usr/lib/locale/locale-archive
b7c25000-b7cfd000 r-xp 00299000 fd:00 1651724    /usr/lib/locale/locale-archive
b7cfd000-b7efd000 r-xp 00000000 fd:00 1651724    /usr/lib/locale/locale-archive
b7efd000-b7efe000 rwxp b7efd000 00:00 0 
b7eff000-b7f00000 r-xs 0000b000 fd:00 2853854    /soft/eclipse/eclipse2/plugins/org.eclipse.equinox.launcher_1.2.0.v20110502.jar
b7f00000-b7f08000 rwxs 00000000 fd:00 4358271    /tmp/hsperfdata_root/1986
b7f08000-b7f09000 rwxp b7f08000 00:00 0 
b7f09000-b7f0a000 r-xp b7f09000 00:00 0 
b7f0a000-b7f0b000 rwxp b7f0a000 00:00 0 
bf928000-bf92b000 --xp bf928000 00:00 0 
bf92c000-bf978000 rwxp bffb2000 00:00 0          [stack]

VM Arguments:
jvm_args: -Dosgi.requiredJavaVersion=1.5 -XX:MaxPermSize=256m -Xms40m -Xmx384m 
java_command: <unknown>
Launcher Type: generic

Environment Variables:
JAVA_HOME=/usr/java/jre1.6.0_24
CLASSPATH=.:/opt/java/jdk1.6.0_38/lib:
PATH=/opt/ant/apache-ant-1.8.4/bin:/opt/java/jdk1.6.0_38/:/usr/kerberos/sbin:/usr/kerberos/bin:/usr/local/sbin:/usr/local/bin:/sbin:/bin:/usr/sbin:/usr/bin:/usr/X11R6/bin:/opt/hadoop/hadoop-1.0.4/bin:/opt/hadoop/zookeeper/zookeeper-3.4.5/bin:/opt/hadoop/zookeeper/zookeeper-3.4.5/conf:/root/bin
LD_LIBRARY_PATH=/opt/java/jdk1.6.0_38/jre/lib/i386/client:/opt/java/jdk1.6.0_38/jre/lib/i386:
SHELL=/bin/bash
DISPLAY=:0.0

Signal Handlers:
SIGSEGV: [libjvm.so+0x46bc30], sa_mask[0]=0x7ffbfeff, sa_flags=0x10000004
SIGBUS: [libjvm.so+0x46bc30], sa_mask[0]=0x7ffbfeff, sa_flags=0x10000004
SIGFPE: [libjvm.so+0x38ccf0], sa_mask[0]=0x7ffbfeff, sa_flags=0x10000004
SIGPIPE: SIG_IGN, sa_mask[0]=0x00001000, sa_flags=0x10000000
SIGXFSZ: [libjvm.so+0x38ccf0], sa_mask[0]=0x7ffbfeff, sa_flags=0x10000004
SIGILL: [libjvm.so+0x38ccf0], sa_mask[0]=0x7ffbfeff, sa_flags=0x10000004
SIGUSR1: SIG_DFL, sa_mask[0]=0x00000000, sa_flags=0x00000000
SIGUSR2: [libjvm.so+0x38ff50], sa_mask[0]=0x00000000, sa_flags=0x10000004
SIGHUP: [libjvm.so+0x38fb30], sa_mask[0]=0x7ffbfeff, sa_flags=0x10000004
SIGINT: [libjvm.so+0x38fb30], sa_mask[0]=0x7ffbfeff, sa_flags=0x10000004
SIGTERM: [libjvm.so+0x38fb30], sa_mask[0]=0x7ffbfeff, sa_flags=0x10000004
SIGQUIT: [libjvm.so+0x38fb30], sa_mask[0]=0x7ffbfeff, sa_flags=0x10000004


---------------  S Y S T E M  ---------------

OS:CentOS release 5.5 (Final)

uname:Linux 2.6.18-194.32.1.el5 #1 SMP Wed Jan 5 17:53:09 EST 2011 i686
libc:glibc 2.5 NPTL 2.5 
rlimit: STACK 10240k, CORE 0k, NPROC 16384, NOFILE 1024, AS infinity
load average:0.99 0.50 0.28

/proc/meminfo:
MemTotal:      1035060 kB
MemFree:         57552 kB
Buffers:         28564 kB
Cached:         242864 kB
SwapCached:      19032 kB
Active:         759092 kB
Inactive:       165980 kB
HighTotal:      131008 kB
HighFree:          388 kB
LowTotal:       904052 kB
LowFree:         57164 kB
SwapTotal:     1048568 kB
SwapFree:       941536 kB
Dirty:             752 kB
Writeback:           0 kB
AnonPages:      651324 kB
Mapped:          87796 kB
Slab:            38304 kB
PageTables:       5444 kB
NFS_Unstable:        0 kB
Bounce:              0 kB
CommitLimit:   1566096 kB
Committed_AS:  1382500 kB
VmallocTotal:   114680 kB
VmallocUsed:      4972 kB
VmallocChunk:   109368 kB
HugePages_Total:     0
HugePages_Free:      0
HugePages_Rsvd:      0
Hugepagesize:     4096 kB


CPU:total 2 (1 cores per cpu, 1 threads per core) family 6 model 23 stepping 10, cmov, cx8, fxsr, mmx, sse, sse2, sse3, ssse3, sse4.1

/proc/cpuinfo:
processor	: 0
vendor_id	: GenuineIntel
cpu family	: 6
model		: 23
model name	: Intel(R) Core(TM)2 Duo CPU     E7500  @ 2.93GHz
stepping	: 10
cpu MHz		: 2933.330
cache size	: 3072 KB
fdiv_bug	: no
hlt_bug		: no
f00f_bug	: no
coma_bug	: no
fpu		: yes
fpu_exception	: yes
cpuid level	: 13
wp		: yes
flags		: fpu vme de pse tsc msr pae mce cx8 apic mtrr pge mca cmov pat pse36 clflush dts acpi mmx fxsr sse sse2 ss nx lm constant_tsc pni ssse3 cx16 sse4_1 lahf_lm
bogomips	: 5866.66

processor	: 1
vendor_id	: GenuineIntel
cpu family	: 6
model		: 23
model name	: Intel(R) Core(TM)2 Duo CPU     E7500  @ 2.93GHz
stepping	: 10
cpu MHz		: 2933.330
cache size	: 3072 KB
fdiv_bug	: no
hlt_bug		: no
f00f_bug	: no
coma_bug	: no
fpu		: yes
fpu_exception	: yes
cpuid level	: 13
wp		: yes
flags		: fpu vme de pse tsc msr pae mce cx8 apic mtrr pge mca cmov pat pse36 clflush dts acpi mmx fxsr sse sse2 ss nx lm constant_tsc pni ssse3 cx16 sse4_1 lahf_lm
bogomips	: 7428.75



Memory: 4k page, physical 1035060k(57552k free), swap 1048568k(941536k free)

vm_info: Java HotSpot(TM) Client VM (20.13-b02) for linux-x86 JRE (1.6.0_38-b05), built on Nov 14 2012 02:13:49 by "java_re" with gcc 3.2.1-7a (J2SE release)

time: Sat Apr 13 13:58:11 2013
elapsed time: 147702 seconds

