#
# A fatal error has been detected by the Java Runtime Environment:
#
#  SIGSEGV (0xb) at pc=0x00a8509b, pid=32481, tid=3086354640
#
# JRE version: 6.0_38-b05
# Java VM: Java HotSpot(TM) Client VM (20.13-b02 mixed mode, sharing linux-x86 )
# Problematic frame:
# C  [libgobject-2.0.so.0+0xb09b]  __float128+0x1b
#
# If you would like to submit a bug report, please visit:
#   http://java.sun.com/webapps/bugreport/crash.jsp
# The crash happened outside the Java Virtual Machine in native code.
# See problematic frame for where to report the bug.
#

---------------  T H R E A D  ---------------

Current thread (0x096f5400):  JavaThread "main" [_thread_in_native, id=32481, stack(0xbfc7d000,0xbfccd000)]

siginfo:si_signo=SIGSEGV: si_errno=0, si_code=1 (SEGV_MAPERR), si_addr=0xffffffff

Registers:
EAX=0xffffffff, EBX=0x00ab8674, ECX=0x00000000, EDX=0x0a4dc604
ESP=0xbfccb550, EBP=0xbfccb578, ESI=0x0a4dc600, EDI=0xffffffff
EIP=0x00a8509b, EFLAGS=0x00010286, CR2=0xffffffff

Top of Stack: (sp=0xbfccb550)
0xbfccb550:   00000000 00a6f6a8 00007ee1 00db8193
0xbfccb560:   0099dc50 0099eea0 bfccb598 00ddf0e0
0xbfccb570:   0a4dc600 0a4dc600 bfccb598 00db9b4c
0xbfccb580:   ffffffff 00000033 00000000 00db9b2a
0xbfccb590:   00ab8674 0a4dc608 bfccb5c8 00a851ee
0xbfccb5a0:   0a4dc600 ffffffff 00000000 00000000
0xbfccb5b0:   0000000c 0a371ba0 0a4dc604 020ad43c
0xbfccb5c0:   bfccb604 096f5400 bfccb5e8 02089fad 

Instructions: (pc=0x00a8509b)
0x00a8507b:   27 00 00 00 00 55 89 e5 57 56 53 83 ec 1c 8b 7d
0x00a8508b:   08 e8 06 b1 ff ff 81 c3 e3 35 03 00 85 ff 74 0b
0x00a8509b:   8b 07 85 c0 74 05 83 38 50 74 14 c7 44 24 04 50
0x00a850ab:   00 00 00 89 3c 24 e8 5a 80 01 00 85 c0 74 46 8b 

Register to memory mapping:

EAX=0xffffffff is an unknown value
EBX=0x00ab8674: <offset 0x3e674> in /lib/libgobject-2.0.so.0 at 0x00a7a000
ECX=0x00000000 is an unknown value
EDX=0x0a4dc604 is an unknown value
ESP=0xbfccb550 is pointing into the stack for thread: 0x096f5400
EBP=0xbfccb578 is pointing into the stack for thread: 0x096f5400
ESI=0x0a4dc600 is an unknown value
EDI=0xffffffff is an unknown value


Stack: [0xbfc7d000,0xbfccd000],  sp=0xbfccb550,  free space=313k
Native frames: (J=compiled Java code, j=interpreted, Vv=VM code, C=native code)
C  [libgobject-2.0.so.0+0xb09b]  __float128+0x1b
C  [libpango-1.0.so.0+0x18b4c]  __float128+0x18b4c
C  [libgobject-2.0.so.0+0xb1ee]  __float128+0x16e
C  [libswt-pi-gtk-3740.so+0x37fad]  Java_org_eclipse_swt_internal_gtk_OS__1g_1object_1unref+0x1b
J  org.eclipse.swt.internal.gtk.OS._g_object_unref(I)V
J  org.eclipse.swt.graphics.TextLayout.destroy()V
j  org.eclipse.swt.custom.StyledText.setTopIndex(I)V+114
j  org.eclipse.ui.console.TextConsoleViewer$3.runInUIThread(Lorg/eclipse/core/runtime/IProgressMonitor;)Lorg/eclipse/core/runtime/IStatus;+28
J  org.eclipse.ui.progress.UIJob$1.run()V
j  org.eclipse.ui.internal.Workbench.access$4(Lorg/eclipse/ui/internal/Workbench;)I+1
j  org.eclipse.ui.internal.Workbench$7.run()V+73
j  org.eclipse.core.databinding.observable.Realm.runWithDefault(Lorg/eclipse/core/databinding/observable/Realm;Ljava/lang/Runnable;)V+12
j  org.eclipse.ui.internal.Workbench.createAndRunWorkbench(Lorg/eclipse/swt/widgets/Display;Lorg/eclipse/ui/application/WorkbenchAdvisor;)I+18
j  org.eclipse.ui.PlatformUI.createAndRunWorkbench(Lorg/eclipse/swt/widgets/Display;Lorg/eclipse/ui/application/WorkbenchAdvisor;)I+2
j  org.eclipse.ui.internal.ide.application.IDEApplication.start(Lorg/eclipse/equinox/app/IApplicationContext;)Ljava/lang/Object;+108
j  org.eclipse.equinox.internal.app.EclipseAppHandle.run(Ljava/lang/Object;)Ljava/lang/Object;+135
j  org.eclipse.core.runtime.internal.adaptor.EclipseAppLauncher.runApplication(Ljava/lang/Object;)Ljava/lang/Object;+103
j  org.eclipse.core.runtime.internal.adaptor.EclipseAppLauncher.start(Ljava/lang/Object;)Ljava/lang/Object;+29
j  org.eclipse.core.runtime.adaptor.EclipseStarter.run(Ljava/lang/Object;)Ljava/lang/Object;+149
j  org.eclipse.core.runtime.adaptor.EclipseStarter.run([Ljava/lang/String;Ljava/lang/Runnable;)Ljava/lang/Object;+183
v  ~StubRoutines::call_stub
V  [libjvm.so+0x24d7e1]  JavaCalls::call_helper(JavaValue*, methodHandle*, JavaCallArguments*, Thread*)+0x1c1
V  [libjvm.so+0x38e088]  os::os_exception_wrapper(void (*)(JavaValue*, methodHandle*, JavaCallArguments*, Thread*), JavaValue*, methodHandle*, JavaCallArguments*, Thread*)+0x18
V  [libjvm.so+0x24d60f]  JavaCalls::call(JavaValue*, methodHandle, JavaCallArguments*, Thread*)+0x2f
V  [libjvm.so+0x3be2c5]  Reflection::invoke(instanceKlassHandle, methodHandle, Handle, bool, objArrayHandle, BasicType, objArrayHandle, bool, Thread*)+0x445
V  [libjvm.so+0x3c1687]  Reflection::invoke_method(oopDesc*, Handle, objArrayHandle, Thread*)+0x127
V  [libjvm.so+0x2cd1bf]  JVM_InvokeMethod+0x1ff
C  [libjava.so+0x15294]  Java_sun_reflect_NativeMethodAccessorImpl_invoke0+0x34
j  sun.reflect.NativeMethodAccessorImpl.invoke0(Ljava/lang/reflect/Method;Ljava/lang/Object;[Ljava/lang/Object;)Ljava/lang/Object;+0
j  sun.reflect.NativeMethodAccessorImpl.invoke(Ljava/lang/Object;[Ljava/lang/Object;)Ljava/lang/Object;+87
j  sun.reflect.DelegatingMethodAccessorImpl.invoke(Ljava/lang/Object;[Ljava/lang/Object;)Ljava/lang/Object;+6
j  java.lang.reflect.Method.invoke(Ljava/lang/Object;[Ljava/lang/Object;)Ljava/lang/Object;+161
j  org.eclipse.equinox.launcher.Main.invokeFramework([Ljava/lang/String;[Ljava/net/URL;)V+211
j  org.eclipse.equinox.launcher.Main.basicRun([Ljava/lang/String;)V+126
j  org.eclipse.equinox.launcher.Main.run([Ljava/lang/String;)I+4
v  ~StubRoutines::call_stub
V  [libjvm.so+0x24d7e1]  JavaCalls::call_helper(JavaValue*, methodHandle*, JavaCallArguments*, Thread*)+0x1c1
V  [libjvm.so+0x38e088]  os::os_exception_wrapper(void (*)(JavaValue*, methodHandle*, JavaCallArguments*, Thread*), JavaValue*, methodHandle*, JavaCallArguments*, Thread*)+0x18
V  [libjvm.so+0x24d60f]  JavaCalls::call(JavaValue*, methodHandle, JavaCallArguments*, Thread*)+0x2f
V  [libjvm.so+0x281e87]  jni_invoke_nonstatic(JNIEnv_*, JavaValue*, _jobject*, JNICallType, _jmethodID*, JNI_ArgumentPusher*, Thread*)+0x197
V  [libjvm.so+0x2625ae]  unsigned+0x14e
C  [eclipse_1407.so+0x83d9]  short+0x418
C  [eclipse_1407.so+0x9878]  short+0x24
C  [eclipse_1407.so+0x314b]  run+0x59d
C  [eclipse+0x10ee]  short+0x10ee
C  [libc.so.6+0x15e9c]  __libc_start_main+0xdc

Java frames: (J=compiled Java code, j=interpreted, Vv=VM code)
J  org.eclipse.swt.internal.gtk.OS._g_object_unref(I)V
J  org.eclipse.swt.graphics.TextLayout.destroy()V
J  org.eclipse.swt.graphics.Resource.dispose()V
J  org.eclipse.swt.custom.StyledTextRenderer.getTextLayout(IIII)Lorg/eclipse/swt/graphics/TextLayout;
J  org.eclipse.swt.custom.StyledTextRenderer.calculate(II)V
J  org.eclipse.swt.custom.StyledTextRenderer.calculateClientArea()V
J  org.eclipse.swt.custom.StyledText.calculateTopIndex(I)V
j  org.eclipse.swt.custom.StyledText.scrollVertical(IZ)Z+269
j  org.eclipse.swt.custom.StyledText.setTopIndex(I)V+114
j  org.eclipse.ui.console.TextConsoleViewer$3.runInUIThread(Lorg/eclipse/core/runtime/IProgressMonitor;)Lorg/eclipse/core/runtime/IStatus;+28
J  org.eclipse.ui.progress.UIJob$1.run()V
J  org.eclipse.swt.widgets.Synchronizer.runAsyncMessages(Z)Z
J  org.eclipse.swt.widgets.Display.readAndDispatch()Z
J  org.eclipse.ui.internal.Workbench.runEventLoop(Lorg/eclipse/jface/window/Window$IExceptionHandler;Lorg/eclipse/swt/widgets/Display;)V
j  org.eclipse.ui.internal.Workbench.runUI()I+555
j  org.eclipse.ui.internal.Workbench.access$4(Lorg/eclipse/ui/internal/Workbench;)I+1
j  org.eclipse.ui.internal.Workbench$7.run()V+73
j  org.eclipse.core.databinding.observable.Realm.runWithDefault(Lorg/eclipse/core/databinding/observable/Realm;Ljava/lang/Runnable;)V+12
j  org.eclipse.ui.internal.Workbench.createAndRunWorkbench(Lorg/eclipse/swt/widgets/Display;Lorg/eclipse/ui/application/WorkbenchAdvisor;)I+18
j  org.eclipse.ui.PlatformUI.createAndRunWorkbench(Lorg/eclipse/swt/widgets/Display;Lorg/eclipse/ui/application/WorkbenchAdvisor;)I+2
j  org.eclipse.ui.internal.ide.application.IDEApplication.start(Lorg/eclipse/equinox/app/IApplicationContext;)Ljava/lang/Object;+108
j  org.eclipse.equinox.internal.app.EclipseAppHandle.run(Ljava/lang/Object;)Ljava/lang/Object;+135
j  org.eclipse.core.runtime.internal.adaptor.EclipseAppLauncher.runApplication(Ljava/lang/Object;)Ljava/lang/Object;+103
j  org.eclipse.core.runtime.internal.adaptor.EclipseAppLauncher.start(Ljava/lang/Object;)Ljava/lang/Object;+29
j  org.eclipse.core.runtime.adaptor.EclipseStarter.run(Ljava/lang/Object;)Ljava/lang/Object;+149
j  org.eclipse.core.runtime.adaptor.EclipseStarter.run([Ljava/lang/String;Ljava/lang/Runnable;)Ljava/lang/Object;+183
v  ~StubRoutines::call_stub
j  sun.reflect.NativeMethodAccessorImpl.invoke0(Ljava/lang/reflect/Method;Ljava/lang/Object;[Ljava/lang/Object;)Ljava/lang/Object;+0
j  sun.reflect.NativeMethodAccessorImpl.invoke(Ljava/lang/Object;[Ljava/lang/Object;)Ljava/lang/Object;+87
j  sun.reflect.DelegatingMethodAccessorImpl.invoke(Ljava/lang/Object;[Ljava/lang/Object;)Ljava/lang/Object;+6
j  java.lang.reflect.Method.invoke(Ljava/lang/Object;[Ljava/lang/Object;)Ljava/lang/Object;+161
j  org.eclipse.equinox.launcher.Main.invokeFramework([Ljava/lang/String;[Ljava/net/URL;)V+211
j  org.eclipse.equinox.launcher.Main.basicRun([Ljava/lang/String;)V+126
j  org.eclipse.equinox.launcher.Main.run([Ljava/lang/String;)I+4
v  ~StubRoutines::call_stub

---------------  P R O C E S S  ---------------

Java Threads: ( => current thread )
  0xa9f41000 JavaThread "Process monitor" daemon [_thread_blocked, id=26806, stack(0x05725000,0x05776000)]
  0xa9f3f800 JavaThread "Input Stream Monitor" daemon [_thread_blocked, id=26805, stack(0x08ae4000,0x08b35000)]
  0xa9f3e000 JavaThread "Output Stream Monitor" daemon [_thread_blocked, id=26804, stack(0x01f7e000,0x01fcf000)]
  0xa9f3bc00 JavaThread "Output Stream Monitor" daemon [_thread_in_native, id=26803, stack(0x01f2d000,0x01f7e000)]
  0x0ab69c00 JavaThread "Worker-269" [_thread_blocked, id=26802, stack(0x03288000,0x032d9000)]
  0x0ab67000 JavaThread "Worker-268" [_thread_blocked, id=26801, stack(0x01e5f000,0x01eb0000)]
  0x0ab80800 JavaThread "Worker-267" [_thread_blocked, id=26800, stack(0x01dbd000,0x01e0e000)]
  0x0ab3f800 JavaThread "Worker-266" [_thread_blocked, id=26799, stack(0x00d1a000,0x00d6b000)]
  0xa9f3ac00 JavaThread "Worker-265" [_thread_blocked, id=26798, stack(0x01d1b000,0x01d6c000)]
  0xa9f39000 JavaThread "Process monitor" daemon [_thread_blocked, id=26797, stack(0x07242000,0x07293000)]
  0xb07b7800 JavaThread "Input Stream Monitor" daemon [_thread_blocked, id=26796, stack(0x07f50000,0x07fa1000)]
  0xb07c2800 JavaThread "Output Stream Monitor" daemon [_thread_blocked, id=26795, stack(0x04c4f000,0x04ca0000)]
  0xb07b5800 JavaThread "Output Stream Monitor" daemon [_thread_blocked, id=26794, stack(0x01cca000,0x01d1b000)]
  0x0ab8dc00 JavaThread "MI Error Thread" [_thread_in_native, id=26793, stack(0x01d6c000,0x01dbd000)]
  0x0aaba800 JavaThread "MI RX Thread" [_thread_in_native, id=26792, stack(0x08116000,0x08167000)]
  0x0a1c9400 JavaThread "MI TX Thread" [_thread_blocked, id=26791, stack(0x01aba000,0x01b0b000)]
  0xb07b9400 JavaThread "Spawner Reaper" daemon [_thread_in_native, id=26788, stack(0x055b6000,0x05607000)]
  0xb07aac00 JavaThread "org.eclipse.cdt.dsf.gdb - 0" [_thread_blocked, id=26756, stack(0x095f6000,0x09647000)]
  0x0ab5d000 JavaThread "Worker-264" [_thread_blocked, id=26195, stack(0x01edc000,0x01f2d000)]
  0x0ab8e400 JavaThread "Worker-263" [_thread_blocked, id=26174, stack(0x07ccb000,0x07d1c000)]
  0x0ab77c00 JavaThread "Worker-262" [_thread_blocked, id=26173, stack(0x01e0e000,0x01e5f000)]
  0xb07aa400 JavaThread "Worker-261" [_thread_blocked, id=26160, stack(0x01c6a000,0x01cbb000)]
  0x0aab6400 JavaThread "org.eclipse.jface.text.reconciler.MonoReconciler" daemon [_thread_blocked, id=26151, stack(0x0210f000,0x02160000)]
  0xb07f3000 JavaThread "Worker-260" [_thread_blocked, id=25891, stack(0x08bf5000,0x08c46000)]
  0x0aaeb800 JavaThread "Worker-251" [_thread_blocked, id=25210, stack(0x02c45000,0x02c96000)]
  0x0a388c00 JavaThread "org.eclipse.cdt.internal.ui.text.CReconciler" daemon [_thread_blocked, id=14280, stack(0x02da4000,0x02df5000)]
  0x0a31f400 JavaThread "org.eclipse.cdt.internal.ui.text.CReconciler" daemon [_thread_blocked, id=14278, stack(0x05329000,0x0537a000)]
  0x0a376800 JavaThread "org.eclipse.cdt.internal.ui.text.CReconciler" daemon [_thread_blocked, id=8746, stack(0x0739f000,0x073f0000)]
  0x0a13e400 JavaThread "Java indexing" daemon [_thread_blocked, id=32553, stack(0x038de000,0x0392f000)]
  0x09936c00 JavaThread "[ThreadPool Manager] - Idle Thread" daemon [_thread_blocked, id=32539, stack(0x08e8f000,0x08ee0000)]
  0xb360b800 JavaThread "Bundle File Closer" daemon [_thread_blocked, id=32523, stack(0x039af000,0x03a00000)]
  0xb55f0400 JavaThread "Worker-6" [_thread_blocked, id=32521, stack(0x07d90000,0x07de1000)]
  0x09e3d800 JavaThread "org.eclipse.cdt.internal.ui.text.CReconciler" daemon [_thread_blocked, id=32518, stack(0x0360f000,0x03660000)]
  0x09de5c00 JavaThread "org.eclipse.cdt.internal.ui.text.CReconciler" daemon [_thread_blocked, id=32517, stack(0x08977000,0x089c8000)]
  0xb55a7400 JavaThread "Worker-JM" [_thread_blocked, id=32495, stack(0x07341000,0x07392000)]
  0xb5576c00 JavaThread "[Timer] - Main Queue Handler" daemon [_thread_blocked, id=32494, stack(0x05b68000,0x05bb9000)]
  0xb554c400 JavaThread "Framework Event Dispatcher" daemon [_thread_blocked, id=32492, stack(0x00799000,0x007ea000)]
  0xb5517400 JavaThread "Start Level Event Dispatcher" daemon [_thread_blocked, id=32491, stack(0x00748000,0x00799000)]
  0xb552ec00 JavaThread "State Data Manager" daemon [_thread_blocked, id=32490, stack(0x006f7000,0x00748000)]
  0xb552b000 JavaThread "Framework Active Thread" [_thread_blocked, id=32489, stack(0x006a6000,0x006f7000)]
  0x09738800 JavaThread "Low Memory Detector" daemon [_thread_blocked, id=32487, stack(0x00398000,0x003e9000)]
  0x0972d000 JavaThread "C1 CompilerThread0" daemon [_thread_blocked, id=32486, stack(0x00625000,0x006a6000)]
  0x0972b800 JavaThread "Signal Dispatcher" daemon [_thread_blocked, id=32485, stack(0x002cb000,0x0031c000)]
  0x09724c00 JavaThread "Finalizer" daemon [_thread_blocked, id=32484, stack(0x0027a000,0x002cb000)]
  0x09723400 JavaThread "Reference Handler" daemon [_thread_blocked, id=32483, stack(0x00229000,0x0027a000)]
=>0x096f5400 JavaThread "main" [_thread_in_native, id=32481, stack(0xbfc7d000,0xbfccd000)]

Other Threads:
  0x09718c00 VMThread [stack: 0x001a8000,0x00229000] [id=32482]
  0x0974c000 WatcherThread [stack: 0x003f4000,0x00475000] [id=32488]

VM state:not at safepoint (normal execution)

VM Mutex/Monitor currently owned by a thread: None

Heap
 def new generation   total 47744K, used 39000K [0x6b720000, 0x6eae0000, 0x73720000)
  eden space 42496K,  86% used [0x6b720000, 0x6db0b070, 0x6e0a0000)
  from space 5248K,  42% used [0x6e5c0000, 0x6e7eb080, 0x6eae0000)
  to   space 5248K,   0% used [0x6e0a0000, 0x6e0a0000, 0x6e5c0000)
 tenured generation   total 105828K, used 78726K [0x73720000, 0x79e79000, 0x83720000)
   the space 105828K,  74% used [0x73720000, 0x78401800, 0x78401800, 0x79e79000)
 compacting perm gen  total 69376K, used 69362K [0x83720000, 0x87ae0000, 0x93720000)
   the space 69376K,  99% used [0x83720000, 0x87adc948, 0x87adca00, 0x87ae0000)
    ro space 10240K,  61% used [0x93720000, 0x93d4afa0, 0x93d4b000, 0x94120000)
    rw space 12288K,  60% used [0x94120000, 0x9485a788, 0x9485a800, 0x94d20000)

Code Cache  [0xb5b3a000, 0xb6ba2000, 0xb7b3a000)
 total_blobs=7685 nmethods=7439 adapters=178 free_code_cache=16836096 largest_free_block=35072

Dynamic libraries:
00110000-0017c000 r-xp 00000000 fd:00 1662516    /usr/lib/libcairo.so.2.9.2
0017c000-0017e000 rwxp 0006b000 fd:00 1662516    /usr/lib/libcairo.so.2.9.2
0017e000-0017f000 r-xp 00000000 fd:00 4751698    /usr/lib/gconv/ISO8859-1.so
0017f000-00181000 rwxp 00000000 fd:00 4751698    /usr/lib/gconv/ISO8859-1.so
00181000-00192000 r-xp 00000000 fd:00 2034135    /usr/lib/gtk-2.0/2.10.0/engines/libclearlooks.so
00192000-00193000 rwxp 00011000 fd:00 2034135    /usr/lib/gtk-2.0/2.10.0/engines/libclearlooks.so
00193000-00196000 r-xp 00000000 fd:00 2033787    /usr/lib/gtk-2.0/2.10.0/loaders/libpixbufloader-bmp.so
00196000-00197000 rwxp 00002000 fd:00 2033787    /usr/lib/gtk-2.0/2.10.0/loaders/libpixbufloader-bmp.so
00197000-001a6000 r-xp 00000000 fd:00 1310787    /opt/java/jdk1.6.0_38/jre/lib/i386/libzip.so
001a6000-001a8000 rwxp 0000e000 fd:00 1310787    /opt/java/jdk1.6.0_38/jre/lib/i386/libzip.so
001a8000-001a9000 --xp 001a8000 00:00 0 
001a9000-00229000 rwxp 001a9000 00:00 0 
00229000-0022c000 --xp 00229000 00:00 0 
0022c000-0027a000 rwxp 0022c000 00:00 0 
0027a000-0027d000 --xp 0027a000 00:00 0 
0027d000-002cb000 rwxp 0027d000 00:00 0 
002cb000-002ce000 --xp 002cb000 00:00 0 
002ce000-0031c000 rwxp 002ce000 00:00 0 
0031c000-00323000 r-xp 00000000 fd:00 1310792    /opt/java/jdk1.6.0_38/jre/lib/i386/libnio.so
00323000-00324000 rwxp 00006000 fd:00 1310792    /opt/java/jdk1.6.0_38/jre/lib/i386/libnio.so
00324000-00328000 r-xp 00000000 fd:00 3964964    /lib/libnss_dns-2.5.so
00328000-00329000 r-xp 00003000 fd:00 3964964    /lib/libnss_dns-2.5.so
00329000-0032a000 rwxp 00004000 fd:00 3964964    /lib/libnss_dns-2.5.so
0032a000-0032d000 r-xp 00000000 fd:00 1737384    /usr/lib/gconv/EUC-CN.so
0032d000-0032f000 rwxp 00002000 fd:00 1737384    /usr/lib/gconv/EUC-CN.so
0032f000-00332000 r-xp 00000000 fd:00 918038     /soft/eclipse/eclipse/configuration/org.eclipse.osgi/bundles/271/1/.cp/libswt-gtk-3740.so
00332000-00333000 rwxp 00002000 fd:00 918038     /soft/eclipse/eclipse/configuration/org.eclipse.osgi/bundles/271/1/.cp/libswt-gtk-3740.so
00333000-00334000 rwxp 00333000 00:00 0 
00334000-00338000 r-xp 00000000 fd:00 3966874    /lib/libgthread-2.0.so.0.1200.3
00338000-00339000 rwxp 00003000 fd:00 3966874    /lib/libgthread-2.0.so.0.1200.3
00339000-0033b000 r-xp 00000000 fd:00 920001     /soft/eclipse/eclipse/configuration/org.eclipse.osgi/bundles/84/1/.cp/os/linux/x86/libunixfile_1_0_0.so
0033b000-0033c000 rwxp 00001000 fd:00 920001     /soft/eclipse/eclipse/configuration/org.eclipse.osgi/bundles/84/1/.cp/os/linux/x86/libunixfile_1_0_0.so
0033c000-00347000 r-xp 00000000 fd:00 1310782    /opt/java/jdk1.6.0_38/jre/lib/i386/libverify.so
00347000-00348000 rwxp 0000b000 fd:00 1310782    /opt/java/jdk1.6.0_38/jre/lib/i386/libverify.so
00348000-00359000 r-xp 00000000 fd:00 3966898    /lib/libresolv-2.5.so
00359000-0035a000 r-xp 00010000 fd:00 3966898    /lib/libresolv-2.5.so
0035a000-0035b000 rwxp 00011000 fd:00 3966898    /lib/libresolv-2.5.so
0035b000-0035d000 rwxp 0035b000 00:00 0 
0035d000-0036d000 r-xp 00000000 fd:00 4751753    /usr/lib/gconv/libGB.so
0036d000-0036f000 rwxp 0000f000 fd:00 4751753    /usr/lib/gconv/libGB.so
0036f000-00373000 r-xp 00000000 fd:00 2033792    /usr/lib/gtk-2.0/2.10.0/loaders/libpixbufloader-png.so
00373000-00374000 rwxp 00003000 fd:00 2033792    /usr/lib/gtk-2.0/2.10.0/loaders/libpixbufloader-png.so
00374000-00385000 r-xp 00000000 fd:00 2033793    /usr/lib/gtk-2.0/immodules/im-scim-bridge.so
00385000-00386000 rwxp 00011000 fd:00 2033793    /usr/lib/gtk-2.0/immodules/im-scim-bridge.so
00386000-0038b000 r-xp 00000000 fd:00 2033788    /usr/lib/gtk-2.0/2.10.0/loaders/libpixbufloader-gif.so
0038b000-0038c000 rwxp 00005000 fd:00 2033788    /usr/lib/gtk-2.0/2.10.0/loaders/libpixbufloader-gif.so
0038c000-00396000 r-xp 00000000 fd:00 3966546    /lib/libnss_files-2.5.so
00396000-00397000 r-xp 00009000 fd:00 3966546    /lib/libnss_files-2.5.so
00397000-00398000 rwxp 0000a000 fd:00 3966546    /lib/libnss_files-2.5.so
00398000-0039b000 --xp 00398000 00:00 0 
0039b000-003e9000 rwxp 0039b000 00:00 0 
003e9000-003f2000 r-xp 00000000 fd:00 918049     /soft/eclipse/eclipse/configuration/org.eclipse.osgi/bundles/271/1/.cp/libswt-atk-gtk-3740.so
003f2000-003f3000 rwxp 00009000 fd:00 918049     /soft/eclipse/eclipse/configuration/org.eclipse.osgi/bundles/271/1/.cp/libswt-atk-gtk-3740.so
003f3000-003f4000 r-xp 003f3000 00:00 0          [vdso]
003f4000-003f5000 --xp 003f4000 00:00 0 
003f5000-00475000 rwxp 003f5000 00:00 0 
00475000-0047f000 r-xp 00000000 fd:00 918083     /soft/eclipse/eclipse/configuration/org.eclipse.osgi/bundles/271/1/.cp/libswt-cairo-gtk-3740.so
0047f000-00480000 rwxp 00009000 fd:00 918083     /soft/eclipse/eclipse/configuration/org.eclipse.osgi/bundles/271/1/.cp/libswt-cairo-gtk-3740.so
00480000-00483000 r-xp 00000000 fd:00 920107     /soft/eclipse/eclipse/configuration/org.eclipse.osgi/bundles/271/1/.cp/libswt-gnome-gtk-3740.so
00483000-00484000 rwxp 00002000 fd:00 920107     /soft/eclipse/eclipse/configuration/org.eclipse.osgi/bundles/271/1/.cp/libswt-gnome-gtk-3740.so
00484000-00486000 r-xp 00000000 fd:00 1662546    /usr/lib/libavahi-glib.so.1.0.1
00486000-00487000 rwxp 00002000 fd:00 1662546    /usr/lib/libavahi-glib.so.1.0.1
00487000-00489000 r-xp 00000000 fd:00 3966914    /lib/libutil-2.5.so
00489000-0048a000 r-xp 00001000 fd:00 3966914    /lib/libutil-2.5.so
0048a000-0048b000 rwxp 00002000 fd:00 3966914    /lib/libutil-2.5.so
0048b000-00494000 r-xp 00000000 fd:00 1662553    /usr/lib/libesd.so.0.2.36
00494000-00495000 rwxp 00009000 fd:00 1662553    /usr/lib/libesd.so.0.2.36
00495000-00498000 r-xp 00000000 fd:00 3966875    /lib/libcap.so.1.10
00498000-00499000 rwxp 00002000 fd:00 3966875    /lib/libcap.so.1.10
00499000-0049b000 r-xp 00000000 fd:00 3966911    /lib/libcom_err.so.2.1
0049b000-0049c000 rwxp 00001000 fd:00 3966911    /lib/libcom_err.so.2.1
0049c000-00526000 r-xp 00000000 fd:00 1662525    /usr/lib/libgdk-x11-2.0.so.0.1000.4
00526000-00529000 rwxp 0008a000 fd:00 1662525    /usr/lib/libgdk-x11-2.0.so.0.1000.4
00529000-0052a000 r-xp 00000000 fd:00 920160     /soft/eclipse/eclipse/configuration/org.eclipse.osgi/bundles/44/1/.cp/os/linux/x86/libpty.so
0052a000-0052b000 rwxp 00001000 fd:00 920160     /soft/eclipse/eclipse/configuration/org.eclipse.osgi/bundles/44/1/.cp/os/linux/x86/libpty.so
0052b000-00558000 r-xp 00000000 fd:00 1662517    /usr/lib/libpangoft2-1.0.so.0.1400.9
00558000-00559000 rwxp 0002c000 fd:00 1662517    /usr/lib/libpangoft2-1.0.so.0.1400.9
00559000-00560000 r-xp 00000000 fd:00 1662554    /usr/lib/libpopt.so.0.0.0
00560000-00561000 rwxp 00006000 fd:00 1662554    /usr/lib/libpopt.so.0.0.0
00561000-00569000 r-xp 00000000 fd:00 1662529    /usr/lib/libSM.so.6.0.0
00569000-0056a000 rwxp 00007000 fd:00 1662529    /usr/lib/libSM.so.6.0.0
0056c000-00580000 r-xp 00000000 fd:00 1310791    /opt/java/jdk1.6.0_38/jre/lib/i386/libnet.so
00580000-00581000 rwxp 00013000 fd:00 1310791    /opt/java/jdk1.6.0_38/jre/lib/i386/libnet.so
00581000-00589000 r-xp 00000000 fd:00 1662541    /usr/lib/libkrb5support.so.0.1
00589000-0058a000 rwxp 00007000 fd:00 1662541    /usr/lib/libkrb5support.so.0.1
0058b000-005af000 r-xp 00000000 fd:00 1310783    /opt/java/jdk1.6.0_38/jre/lib/i386/libjava.so
005af000-005b1000 rwxp 00023000 fd:00 1310783    /opt/java/jdk1.6.0_38/jre/lib/i386/libjava.so
005b1000-005b5000 r-xp 00000000 fd:00 3966560    /lib/libattr.so.1.1.0
005b5000-005b6000 rwxp 00003000 fd:00 3966560    /lib/libattr.so.1.1.0
005b6000-005bc000 r-xp 00000000 fd:00 3965248    /lib/libacl.so.1.1.0
005bc000-005bd000 rwxp 00005000 fd:00 3965248    /lib/libacl.so.1.1.0
005bd000-005d2000 r-xp 00000000 fd:00 3966877    /lib/libnsl-2.5.so
005d2000-005d3000 r-xp 00014000 fd:00 3966877    /lib/libnsl-2.5.so
005d3000-005d4000 rwxp 00015000 fd:00 3966877    /lib/libnsl-2.5.so
005d4000-005d6000 rwxp 005d4000 00:00 0 
005d6000-005f3000 r-xp 00000000 fd:00 1662540    /usr/lib/libdbus-glib-1.so.2.1.0
005f3000-005f4000 rwxp 0001d000 fd:00 1662540    /usr/lib/libdbus-glib-1.so.2.1.0
005f4000-005f9000 r-xp 00000000 fd:00 919920     /soft/eclipse/eclipse/configuration/org.eclipse.osgi/bundles/271/1/.cp/libswt-xpcominit-gtk-3740.so
005f9000-005fb000 rwxp 00005000 fd:00 919920     /soft/eclipse/eclipse/configuration/org.eclipse.osgi/bundles/271/1/.cp/libswt-xpcominit-gtk-3740.so
005fb000-005fe000 r-xp 00000000 fd:00 920008     /soft/eclipse/eclipse/configuration/org.eclipse.osgi/bundles/44/1/.cp/os/linux/x86/libspawner.so
005fe000-005ff000 rwxp 00002000 fd:00 920008     /soft/eclipse/eclipse/configuration/org.eclipse.osgi/bundles/44/1/.cp/os/linux/x86/libspawner.so
005ff000-00615000 r-xp 00000000 fd:00 3966908    /lib/libselinux.so.1
00615000-00617000 rwxp 00015000 fd:00 3966908    /lib/libselinux.so.1
00617000-0061b000 r-xp 00000000 fd:00 2097536    /usr/lib/xulrunner-1.9.2/libxpcom.so
0061b000-0061c000 rwxp 00003000 fd:00 2097536    /usr/lib/xulrunner-1.9.2/libxpcom.so
0061f000-00621000 r-xp 00000000 fd:00 3966878    /lib/libkeyutils-1.2.so
00621000-00622000 rwxp 00001000 fd:00 3966878    /lib/libkeyutils-1.2.so
00625000-00628000 --xp 00625000 00:00 0 
00628000-006a6000 rwxp 00628000 00:00 0 
006a6000-006a9000 --xp 006a6000 00:00 0 
006a9000-006f7000 rwxp 006a9000 00:00 0 
006f7000-006fa000 --xp 006f7000 00:00 0 
006fa000-00748000 rwxp 006fa000 00:00 0 
00748000-0074b000 --xp 00748000 00:00 0 
0074b000-00799000 rwxp 0074b000 00:00 0 
00799000-0079c000 --xp 00799000 00:00 0 
0079c000-007ea000 rwxp 0079c000 00:00 0 
007ea000-00805000 r-xp 00000000 fd:00 3964992    /lib/ld-2.5.so
00805000-00806000 r-xp 0001a000 fd:00 3964992    /lib/ld-2.5.so
00806000-00807000 rwxp 0001b000 fd:00 3964992    /lib/ld-2.5.so
00809000-0095b000 r-xp 00000000 fd:00 3966564    /lib/libc-2.5.so
0095b000-0095c000 --xp 00152000 fd:00 3966564    /lib/libc-2.5.so
0095c000-0095e000 r-xp 00152000 fd:00 3966564    /lib/libc-2.5.so
0095e000-0095f000 rwxp 00154000 fd:00 3966564    /lib/libc-2.5.so
0095f000-00962000 rwxp 0095f000 00:00 0 
00964000-0098b000 r-xp 00000000 fd:00 3966870    /lib/libm-2.5.so
0098b000-0098c000 r-xp 00026000 fd:00 3966870    /lib/libm-2.5.so
0098c000-0098d000 rwxp 00027000 fd:00 3966870    /lib/libm-2.5.so
0098f000-00992000 r-xp 00000000 fd:00 3966565    /lib/libdl-2.5.so
00992000-00993000 r-xp 00002000 fd:00 3966565    /lib/libdl-2.5.so
00993000-00994000 rwxp 00003000 fd:00 3966565    /lib/libdl-2.5.so
00996000-009ab000 r-xp 00000000 fd:00 3966566    /lib/libpthread-2.5.so
009ab000-009ac000 --xp 00015000 fd:00 3966566    /lib/libpthread-2.5.so
009ac000-009ad000 r-xp 00015000 fd:00 3966566    /lib/libpthread-2.5.so
009ad000-009ae000 rwxp 00016000 fd:00 3966566    /lib/libpthread-2.5.so
009ae000-009b0000 rwxp 009ae000 00:00 0 
009b2000-009c4000 r-xp 00000000 fd:00 3966871    /lib/libz.so.1.2.3
009c4000-009c5000 rwxp 00011000 fd:00 3966871    /lib/libz.so.1.2.3
009c7000-009ce000 r-xp 00000000 fd:00 3966567    /lib/librt-2.5.so
009ce000-009cf000 r-xp 00007000 fd:00 3966567    /lib/librt-2.5.so
009cf000-009d0000 rwxp 00008000 fd:00 3966567    /lib/librt-2.5.so
009d2000-00a6f000 r-xp 00000000 fd:00 3966568    /lib/libglib-2.0.so.0.1200.3
00a6f000-00a70000 rwxp 0009c000 fd:00 3966568    /lib/libglib-2.0.so.0.1200.3
00a72000-00a77000 r-xp 00000000 fd:00 1662504    /usr/lib/libXdmcp.so.6.0.0
00a77000-00a78000 rwxp 00004000 fd:00 1662504    /usr/lib/libXdmcp.so.6.0.0
00a7a000-00ab8000 r-xp 00000000 fd:00 3966869    /lib/libgobject-2.0.so.0.1200.3
00ab8000-00ab9000 rwxp 0003e000 fd:00 3966869    /lib/libgobject-2.0.so.0.1200.3
00abb000-00abd000 r-xp 00000000 fd:00 1662503    /usr/lib/libXau.so.6.0.0
00abd000-00abe000 rwxp 00001000 fd:00 1662503    /usr/lib/libXau.so.6.0.0
00ac0000-00bbf000 r-xp 00000000 fd:00 1662514    /usr/lib/libX11.so.6.2.0
00bbf000-00bc3000 rwxp 000ff000 fd:00 1662514    /usr/lib/libX11.so.6.2.0
00bc5000-00bc7000 r-xp 00000000 fd:00 3966868    /lib/libgmodule-2.0.so.0.1200.3
00bc7000-00bc8000 rwxp 00002000 fd:00 3966868    /lib/libgmodule-2.0.so.0.1200.3
00bca000-00bd9000 r-xp 00000000 fd:00 1662519    /usr/lib/libXext.so.6.4.0
00bd9000-00bda000 rwxp 0000e000 fd:00 1662519    /usr/lib/libXext.so.6.4.0
00bdc000-00c59000 r-xp 00000000 fd:00 1662236    /usr/lib/libfreetype.so.6.3.10
00c59000-00c5c000 rwxp 0007d000 fd:00 1662236    /usr/lib/libfreetype.so.6.3.10
00c5e000-00c7d000 r-xp 00000000 fd:00 3966872    /lib/libexpat.so.0.5.0
00c7d000-00c7f000 rwxp 0001e000 fd:00 3966872    /lib/libexpat.so.0.5.0
00c81000-00ca8000 r-xp 00000000 fd:00 1662501    /usr/lib/libfontconfig.so.1.1.0
00ca8000-00cb0000 rwxp 00027000 fd:00 1662501    /usr/lib/libfontconfig.so.1.1.0
00cb2000-00cd7000 r-xp 00000000 fd:00 1662502    /usr/lib/libpng12.so.0.10.0
00cd7000-00cd8000 rwxp 00024000 fd:00 1662502    /usr/lib/libpng12.so.0.10.0
00cda000-00ce2000 r-xp 00000000 fd:00 1662515    /usr/lib/libXrender.so.1.3.0
00ce2000-00ce3000 rwxp 00007000 fd:00 1662515    /usr/lib/libXrender.so.1.3.0
00ce5000-00cff000 r-xp 00000000 fd:00 1662526    /usr/lib/libatk-1.0.so.0.1212.0
00cff000-00d01000 rwxp 0001a000 fd:00 1662526    /usr/lib/libatk-1.0.so.0.1212.0
00d03000-00d19000 r-xp 00000000 fd:00 1642576    /usr/lib/libgdk_pixbuf-2.0.so.0.1000.4
00d19000-00d1a000 rwxp 00016000 fd:00 1642576    /usr/lib/libgdk_pixbuf-2.0.so.0.1000.4
00d1a000-00d1d000 --xp 00d1a000 00:00 0 
00d1d000-00d6b000 rwxp 00d1d000 00:00 0 
00d6b000-00d77000 r-xp 00000000 fd:00 917531     /soft/eclipse/eclipse/plugins/org.eclipse.equinox.launcher.gtk.linux.x86_1.1.100.v20110505/eclipse_1407.so
00d77000-00d78000 rwxp 0000c000 fd:00 917531     /soft/eclipse/eclipse/plugins/org.eclipse.equinox.launcher.gtk.linux.x86_1.1.100.v20110505/eclipse_1407.so
00d78000-00d7c000 rwxp 00d78000 00:00 0 
00d7d000-00d7f000 r-xp 00000000 fd:00 1933472    /usr/lib/pango/1.5.0/modules/pango-basic-fc.so
00d7f000-00d80000 rwxp 00001000 fd:00 1933472    /usr/lib/pango/1.5.0/modules/pango-basic-fc.so
00d80000-00d8b000 r-xp 00000000 fd:00 3966917    /lib/libgcc_s-4.1.2-20080825.so.1
00d8b000-00d8c000 rwxp 0000a000 fd:00 3966917    /lib/libgcc_s-4.1.2-20080825.so.1
00d8c000-00d8f000 r-xp 00000000 fd:00 1662522    /usr/lib/libXrandr.so.2.0.0
00d8f000-00d90000 rwxp 00002000 fd:00 1662522    /usr/lib/libXrandr.so.2.0.0
00d92000-00d99000 r-xp 00000000 fd:00 1662521    /usr/lib/libXi.so.6.0.0
00d99000-00d9a000 rwxp 00006000 fd:00 1662521    /usr/lib/libXi.so.6.0.0
00d9c000-00d9e000 r-xp 00000000 fd:00 1662520    /usr/lib/libXinerama.so.1.0.0
00d9e000-00d9f000 rwxp 00001000 fd:00 1662520    /usr/lib/libXinerama.so.1.0.0
00da1000-00dde000 r-xp 00000000 fd:00 1662234    /usr/lib/libpango-1.0.so.0.1400.9
00dde000-00de0000 rwxp 0003c000 fd:00 1662234    /usr/lib/libpango-1.0.so.0.1400.9
00de2000-00de6000 r-xp 00000000 fd:00 1662523    /usr/lib/libXfixes.so.3.1.0
00de6000-00de7000 rwxp 00003000 fd:00 1662523    /usr/lib/libXfixes.so.3.1.0
00de9000-00df1000 r-xp 00000000 fd:00 1662518    /usr/lib/libpangocairo-1.0.so.0.1400.9
00df1000-00df2000 rwxp 00007000 fd:00 1662518    /usr/lib/libpangocairo-1.0.so.0.1400.9
00df4000-00dfd000 r-xp 00000000 fd:00 1662524    /usr/lib/libXcursor.so.1.0.2
00dfd000-00dfe000 rwxp 00008000 fd:00 1662524    /usr/lib/libXcursor.so.1.0.2
00dfe000-01190000 r-xp 00000000 fd:00 1662527    /usr/lib/libgtk-x11-2.0.so.0.1000.4
01190000-01196000 rwxp 00391000 fd:00 1662527    /usr/lib/libgtk-x11-2.0.so.0.1000.4
01196000-01197000 rwxp 01196000 00:00 0 
01197000-0167b000 r-xp 00000000 fd:00 1310776    /opt/java/jdk1.6.0_38/jre/lib/i386/client/libjvm.so
0167b000-0169e000 rwxp 004e3000 fd:00 1310776    /opt/java/jdk1.6.0_38/jre/lib/i386/client/libjvm.so
0169e000-01aba000 rwxp 0169e000 00:00 0 
01aba000-01abd000 --xp 01aba000 00:00 0 
01abd000-01b0b000 rwxp 01abd000 00:00 0 
01b0b000-01c37000 r-xp 00000000 fd:00 1662533    /usr/lib/libxml2.so.2.6.26
01c37000-01c3c000 rwxp 0012c000 fd:00 1662533    /usr/lib/libxml2.so.2.6.26
01c3c000-01c3d000 rwxp 01c3c000 00:00 0 
01c3d000-01c69000 r-xp 00000000 fd:00 1662537    /usr/lib/libgnomecanvas-2.so.0.1400.0
01c69000-01c6a000 rwxp 0002b000 fd:00 1662537    /usr/lib/libgnomecanvas-2.so.0.1400.0
01c6a000-01c6d000 --xp 01c6a000 00:00 0 
01c6d000-01cbb000 rwxp 01c6d000 00:00 0 
01cbb000-01cbd000 r-xp 00000000 fd:00 4751746    /usr/lib/gconv/UTF-16.so
01cbd000-01cbf000 rwxp 00001000 fd:00 4751746    /usr/lib/gconv/UTF-16.so
01cbf000-01cc9000 r-xp 00000000 fd:00 2261610    /usr/lib/gtk-2.0/2.10.0/filesystems/libgnome-vfs.so
01cc9000-01cca000 rwxp 00009000 fd:00 2261610    /usr/lib/gtk-2.0/2.10.0/filesystems/libgnome-vfs.so
01cca000-01ccd000 --xp 01cca000 00:00 0 
01ccd000-01d1b000 rwxp 01ccd000 00:00 0 
01d1b000-01d1e000 --xp 01d1b000 00:00 0 
01d1e000-01d6c000 rwxp 01d1e000 00:00 0 
01d6c000-01d6f000 --xp 01d6c000 00:00 0 
01d6f000-01dbd000 rwxp 01d6f000 00:00 0 
01dbd000-01dc0000 --xp 01dbd000 00:00 0 
01dc0000-01e0e000 rwxp 01dc0000 00:00 0 
01e0e000-01e11000 --xp 01e0e000 00:00 0 
01e11000-01e5f000 rwxp 01e11000 00:00 0 
01e5f000-01e62000 --xp 01e5f000 00:00 0 
01e62000-01eb0000 rwxp 01e62000 00:00 0 
01edc000-01edf000 --xp 01edc000 00:00 0 
01edf000-01f2d000 rwxp 01edf000 00:00 0 
01f2d000-01f30000 --xp 01f2d000 00:00 0 
01f30000-01f7e000 rwxp 01f30000 00:00 0 
01f7e000-01f81000 --xp 01f7e000 00:00 0 
01f81000-01fcf000 rwxp 01f81000 00:00 0 
02052000-020ad000 r-xp 00000000 fd:00 918039     /soft/eclipse/eclipse/configuration/org.eclipse.osgi/bundles/271/1/.cp/libswt-pi-gtk-3740.so
020ad000-020af000 rwxp 0005a000 fd:00 918039     /soft/eclipse/eclipse/configuration/org.eclipse.osgi/bundles/271/1/.cp/libswt-pi-gtk-3740.so
020af000-020b0000 rwxp 020af000 00:00 0 
0210f000-02112000 --xp 0210f000 00:00 0 
02112000-02160000 rwxp 02112000 00:00 0 
02261000-0226f000 r-xp 00000000 fd:00 2261582    /usr/lib/gnome-vfs-2.0/modules/libfile.so
0226f000-02270000 rwxp 0000d000 fd:00 2261582    /usr/lib/gnome-vfs-2.0/modules/libfile.so
0268b000-0271e000 r-xp 00000000 fd:00 1662543    /usr/lib/libkrb5.so.3.3
0271e000-02721000 rwxp 00092000 fd:00 1662543    /usr/lib/libkrb5.so.3.3
02723000-02750000 r-xp 00000000 fd:00 1662544    /usr/lib/libgssapi_krb5.so.2.2
02750000-02751000 rwxp 0002d000 fd:00 1662544    /usr/lib/libgssapi_krb5.so.2.2
02753000-02779000 r-xp 00000000 fd:00 1662542    /usr/lib/libk5crypto.so.3.1
02779000-0277a000 rwxp 00025000 fd:00 1662542    /usr/lib/libk5crypto.so.3.1
0277c000-02793000 r-xp 00000000 fd:00 1662528    /usr/lib/libICE.so.6.3.0
02793000-02794000 rwxp 00016000 fd:00 1662528    /usr/lib/libICE.so.6.3.0
02794000-02796000 rwxp 02794000 00:00 0 
02798000-028c2000 r-xp 00000000 fd:00 3966912    /lib/libcrypto.so.0.9.8e
028c2000-028d5000 rwxp 00129000 fd:00 3966912    /lib/libcrypto.so.0.9.8e
028d5000-028d9000 rwxp 028d5000 00:00 0 
028db000-028e1000 r-xp 00000000 fd:00 1652217    /usr/lib/libfam.so.0.0.0
028e1000-028e2000 rwxp 00006000 fd:00 1652217    /usr/lib/libfam.so.0.0.0
028e9000-0292d000 r-xp 00000000 fd:00 3966913    /lib/libssl.so.0.9.8e
0292d000-02931000 rwxp 00043000 fd:00 3966913    /lib/libssl.so.0.9.8e
02933000-02981000 r-xp 00000000 fd:00 1662538    /usr/lib/libORBit-2.so.0.1.0
02981000-0298b000 rwxp 0004d000 fd:00 1662538    /usr/lib/libORBit-2.so.0.1.0
0298d000-029c0000 r-xp 00000000 fd:00 1662539    /usr/lib/libgconf-2.so.4.1.0
029c0000-029c3000 rwxp 00032000 fd:00 1662539    /usr/lib/libgconf-2.so.4.1.0
029c5000-02a9f000 r-xp 00000000 fd:00 3966915    /lib/libasound.so.2.0.0
02a9f000-02aa4000 rwxp 000d9000 fd:00 3966915    /lib/libasound.so.2.0.0
02aa6000-02ab1000 r-xp 00000000 fd:00 1662545    /usr/lib/libavahi-common.so.3.4.3
02ab1000-02ab2000 rwxp 0000a000 fd:00 1662545    /usr/lib/libavahi-common.so.3.4.3
02ab4000-02b14000 r-xp 00000000 fd:00 1662548    /usr/lib/libgnomevfs-2.so.0.1600.2
02b14000-02b17000 rwxp 0005f000 fd:00 1662548    /usr/lib/libgnomevfs-2.so.0.1600.2
02b19000-02b28000 r-xp 00000000 fd:00 1662547    /usr/lib/libavahi-client.so.3.2.1
02b28000-02b29000 rwxp 0000e000 fd:00 1662547    /usr/lib/libavahi-client.so.3.2.1
02b2b000-02c0b000 r-xp 00000000 fd:00 1654468    /usr/lib/libstdc++.so.6.0.8
02c0b000-02c0f000 r-xp 000df000 fd:00 1654468    /usr/lib/libstdc++.so.6.0.8
02c0f000-02c10000 rwxp 000e3000 fd:00 1654468    /usr/lib/libstdc++.so.6.0.8
02c10000-02c16000 rwxp 02c10000 00:00 0 
02c45000-02c48000 --xp 02c45000 00:00 0 
02c48000-02c96000 rwxp 02c48000 00:00 0 
02cb7000-02ccb000 r-xp 00000000 fd:00 1662550    /usr/lib/libbonobo-activation.so.4.0.0
02ccb000-02ccd000 rwxp 00014000 fd:00 1662550    /usr/lib/libbonobo-activation.so.4.0.0
02ccf000-02cd3000 r-xp 00000000 fd:00 1662549    /usr/lib/libORBitCosNaming-2.so.0.1.0
02cd3000-02cd4000 rwxp 00004000 fd:00 1662549    /usr/lib/libORBitCosNaming-2.so.0.1.0
02cd6000-02ceb000 r-xp 00000000 fd:00 1662555    /usr/lib/libgnome-2.so.0.1600.0
02ceb000-02cec000 rwxp 00014000 fd:00 1662555    /usr/lib/libgnome-2.so.0.1600.0
02cee000-02d7e000 r-xp 00000000 fd:00 1662559    /usr/lib/libgnomeui-2.so.0.1600.0
02d7e000-02d81000 rwxp 0008f000 fd:00 1662559    /usr/lib/libgnomeui-2.so.0.1600.0
02d81000-02d82000 rwxp 02d81000 00:00 0 
02d84000-02d90000 r-xp 00000000 fd:00 1662557    /usr/lib/libgnome-keyring.so.0.0.1
02d90000-02d91000 rwxp 0000b000 fd:00 1662557    /usr/lib/libgnome-keyring.so.0.0.1
02da4000-02da7000 --xp 02da4000 00:00 0 
02da7000-02df5000 rwxp 02da7000 00:00 0 
02e2b000-02e41000 r-xp 00000000 fd:00 1651232    /usr/lib/libart_lgpl_2.so.2.3.17
02e41000-02e42000 rwxp 00015000 fd:00 1651232    /usr/lib/libart_lgpl_2.so.2.3.17
02e5e000-02e63000 r-xp 00000000 fd:00 1648703    /usr/lib/libXtst.so.6.1.0
02e63000-02e64000 rwxp 00004000 fd:00 1648703    /usr/lib/libXtst.so.6.1.0
02e92000-02e95000 r-xp 00000000 fd:00 1662570    /usr/lib/libplds4.so
02e95000-02e96000 rwxp 00002000 fd:00 1662570    /usr/lib/libplds4.so
02e98000-02eae000 r-xp 00000000 fd:00 1662574    /usr/lib/libnssutil3.so
02eae000-02eb1000 rwxp 00016000 fd:00 1662574    /usr/lib/libnssutil3.so
02eb3000-02ee9000 r-xp 00000000 fd:00 1653280    /usr/lib/libnspr4.so
02ee9000-02eea000 rwxp 00036000 fd:00 1653280    /usr/lib/libnspr4.so
02eea000-02eec000 rwxp 02eea000 00:00 0 
02eee000-02ef1000 r-xp 00000000 fd:00 1662571    /usr/lib/libplc4.so
02ef1000-02ef2000 rwxp 00003000 fd:00 1662571    /usr/lib/libplc4.so
02ef4000-03016000 r-xp 00000000 fd:00 1662575    /usr/lib/libnss3.so
03016000-0301a000 rwxp 00121000 fd:00 1662575    /usr/lib/libnss3.so
0301a000-0301b000 rwxp 0301a000 00:00 0 
0301d000-03042000 r-xp 00000000 fd:00 1662577    /usr/lib/libsmime3.so
03042000-03044000 rwxp 00025000 fd:00 1662577    /usr/lib/libsmime3.so
03046000-03079000 r-xp 00000000 fd:00 1662576    /usr/lib/libssl3.so
03079000-0307b000 rwxp 00033000 fd:00 1662576    /usr/lib/libssl3.so
0309b000-030ef000 r-xp 00000000 fd:00 1649496    /usr/lib/libXt.so.6.0.0
030ef000-030f3000 rwxp 00054000 fd:00 1649496    /usr/lib/libXt.so.6.0.0
03132000-031b7000 r-xp 00000000 fd:00 2097533    /usr/lib/xulrunner-1.9.2/libsqlite3.so
031b7000-031b9000 rwxp 00084000 fd:00 2097533    /usr/lib/xulrunner-1.9.2/libsqlite3.so
03288000-0328b000 --xp 03288000 00:00 0 
0328b000-032d9000 rwxp 0328b000 00:00 0 
0360f000-03612000 --xp 0360f000 00:00 0 
03612000-03660000 rwxp 03612000 00:00 0 
036ad000-036ce000 r-xp 00000000 fd:00 1662558    /usr/lib/libjpeg.so.62.0.0
036ce000-036cf000 rwxp 00020000 fd:00 1662558    /usr/lib/libjpeg.so.62.0.0
038de000-038e1000 --xp 038de000 00:00 0 
038e1000-0392f000 rwxp 038e1000 00:00 0 
039af000-039b2000 --xp 039af000 00:00 0 
039b2000-03a00000 rwxp 039b2000 00:00 0 
03af0000-03b4a000 r-xp 00000000 fd:00 1662551    /usr/lib/libbonobo-2.so.0.0.0
03b4a000-03b54000 rwxp 0005a000 fd:00 1662551    /usr/lib/libbonobo-2.so.0.0.0
03fa7000-03fcf000 r-xp 00000000 fd:00 1662552    /usr/lib/libaudiofile.so.0.0.2
03fcf000-03fd2000 rwxp 00027000 fd:00 1662552    /usr/lib/libaudiofile.so.0.0.2
03fe8000-04025000 r-xp 00000000 fd:00 3966876    /lib/libdbus-1.so.3.4.0
04025000-04027000 rwxp 0003c000 fd:00 3966876    /lib/libdbus-1.so.3.4.0
046f6000-0470b000 r-xp 00000000 fd:00 919921     /soft/eclipse/eclipse/configuration/org.eclipse.osgi/bundles/271/1/.cp/libswt-xulrunner-gtk-3740.so
0470b000-0470d000 rwxp 00014000 fd:00 919921     /soft/eclipse/eclipse/configuration/org.eclipse.osgi/bundles/271/1/.cp/libswt-xulrunner-gtk-3740.so
04a43000-04a7e000 r-xp 00000000 fd:00 3966899    /lib/libsepol.so.1
04a7e000-04a7f000 rwxp 0003b000 fd:00 3966899    /lib/libsepol.so.1
04a7f000-04a89000 rwxp 04a7f000 00:00 0 
04c4f000-04c52000 --xp 04c4f000 00:00 0 
04c52000-04ca0000 rwxp 04c52000 00:00 0 
05329000-0532c000 --xp 05329000 00:00 0 
0532c000-0537a000 rwxp 0532c000 00:00 0 
055b6000-055b9000 --xp 055b6000 00:00 0 
055b9000-05607000 rwxp 055b9000 00:00 0 
05725000-05728000 --xp 05725000 00:00 0 
05728000-05776000 rwxp 05728000 00:00 0 
05b68000-05b6b000 --xp 05b68000 00:00 0 
05b6b000-05bb9000 rwxp 05b6b000 00:00 0 
05bb9000-05bba000 --xp 05bb9000 00:00 0 
05bba000-065ba000 rwxp 05bba000 00:00 0 
065ba000-065bb000 --xp 065ba000 00:00 0 
065bb000-06fbb000 rwxp 065bb000 00:00 0 
07242000-07245000 --xp 07242000 00:00 0 
07245000-07293000 rwxp 07245000 00:00 0 
07341000-07344000 --xp 07341000 00:00 0 
07344000-07392000 rwxp 07344000 00:00 0 
0739f000-073a2000 --xp 0739f000 00:00 0 
073a2000-073f0000 rwxp 073a2000 00:00 0 
07c21000-07c2b000 r-xp 00000000 fd:00 2097460    /usr/lib/xulrunner-1.9.2/components/libdbusservice.so
07c2b000-07c2c000 rwxp 0000a000 fd:00 2097460    /usr/lib/xulrunner-1.9.2/components/libdbusservice.so
07ccb000-07cce000 --xp 07ccb000 00:00 0 
07cce000-07d1c000 rwxp 07cce000 00:00 0 
07d90000-07d93000 --xp 07d90000 00:00 0 
07d93000-07de1000 rwxp 07d93000 00:00 0 
07f50000-07f53000 --xp 07f50000 00:00 0 
07f53000-07fa1000 rwxp 07f53000 00:00 0 
08048000-0804c000 r-xp 00000000 fd:00 885891     /soft/eclipse/eclipse/eclipse
0804c000-0804d000 rwxp 00003000 fd:00 885891     /soft/eclipse/eclipse/eclipse
08116000-08119000 --xp 08116000 00:00 0 
08119000-08167000 rwxp 08119000 00:00 0 
0816f000-0828c000 r-xp 00000000 fd:00 2097324    /usr/lib/xulrunner-1.9.2/libmozjs.so
0828c000-08293000 rwxp 0011d000 fd:00 2097324    /usr/lib/xulrunner-1.9.2/libmozjs.so
08293000-08294000 rwxp 08293000 00:00 0 
08977000-0897a000 --xp 08977000 00:00 0 
0897a000-089c8000 rwxp 0897a000 00:00 0 
08ae4000-08ae7000 --xp 08ae4000 00:00 0 
08ae7000-08b35000 rwxp 08ae7000 00:00 0 
08bf5000-08bf8000 --xp 08bf5000 00:00 0 
08bf8000-08c46000 rwxp 08bf8000 00:00 0 
08e8f000-08e92000 --xp 08e8f000 00:00 0 
08e92000-08ee0000 rwxp 08e92000 00:00 0 
08efc000-08eff000 --xp 08efc000 00:00 0 
08eff000-08f4d000 rwxp 08eff000 00:00 0 
0923e000-092a2000 r-xp 00000000 fd:00 1662556    /usr/lib/libbonoboui-2.so.0.0.0
092a2000-092a5000 rwxp 00063000 fd:00 1662556    /usr/lib/libbonoboui-2.so.0.0.0
095f6000-095f9000 --xp 095f6000 00:00 0 
095f9000-09647000 rwxp 095f9000 00:00 0 
0969d000-0ac24000 rwxp 0969d000 00:00 0          [heap]
6b720000-6eae0000 rwxp 6b720000 00:00 0 
6eae0000-73720000 rwxp 6eae0000 00:00 0 
73720000-79e79000 rwxp 73720000 00:00 0 
79e79000-7a259000 --xp 79e79000 00:00 0 
7a259000-83720000 rwxp 7a259000 00:00 0 
83720000-87ae0000 rwxp 83720000 00:00 0 
87ae0000-93720000 rwxp 87ae0000 00:00 0 
93720000-93d4b000 r-xs 00001000 fd:00 1313913    /opt/java/jdk1.6.0_38/jre/lib/i386/client/classes.jsa
93d4b000-94120000 rwxp 93d4b000 00:00 0 
94120000-9485b000 rwxp 0062c000 fd:00 1313913    /opt/java/jdk1.6.0_38/jre/lib/i386/client/classes.jsa
9485b000-94d20000 rwxp 9485b000 00:00 0 
94d20000-94e02000 rwxp 00d67000 fd:00 1313913    /opt/java/jdk1.6.0_38/jre/lib/i386/client/classes.jsa
94e02000-95120000 rwxp 94e02000 00:00 0 
95120000-95128000 r-xs 00e49000 fd:00 1313913    /opt/java/jdk1.6.0_38/jre/lib/i386/client/classes.jsa
95128000-95520000 rwxp 95128000 00:00 0 
a78fc000-a78fd000 --xp a78fc000 00:00 0 
a78fd000-a82fd000 rwxp a78fd000 00:00 0 
a82fd000-a82fe000 --xp a82fd000 00:00 0 
a82fe000-a8cfe000 rwxp a82fe000 00:00 0 
a9f00000-aa000000 rwxp a9f00000 00:00 0 
aa100000-aa18c000 rwxp aa100000 00:00 0 
aa18c000-aa200000 --xp aa18c000 00:00 0 
aa2c7000-aa2c8000 r-xp aa2c7000 00:00 0 
aa2c8000-ab354000 r-xp 00000000 fd:00 2073091    /usr/share/fonts/chinese/TrueType/ukai.ttf
ab354000-ac6fe000 r-xp 00000000 fd:00 2073092    /usr/share/fonts/chinese/TrueType/uming.ttf
ac6fe000-ac6ff000 --xp ac6fe000 00:00 0 
ac6ff000-ad0ff000 rwxp ac6ff000 00:00 0 
ad0ff000-ad141000 r-xp 00000000 fd:00 2097445    /usr/lib/xulrunner-1.9.2/chrome/classic.jar
ad141000-ad1c2000 r-xp 00000000 fd:00 2097453    /usr/lib/xulrunner-1.9.2/chrome/toolkit.jar
ad1c2000-ad1e4000 r-xp 00000000 fd:00 2097449    /usr/lib/xulrunner-1.9.2/chrome/en-US.jar
ad1e4000-ad1e5000 --xp ad1e4000 00:00 0 
ad1e5000-adbe5000 rwxp ad1e5000 00:00 0 
adbe5000-adbe6000 --xp adbe5000 00:00 0 
adbe6000-ae5e6000 rwxp adbe6000 00:00 0 
ae5e6000-ae5e7000 --xp ae5e6000 00:00 0 
ae5e7000-aefe7000 rwxp ae5e7000 00:00 0 
aefe7000-b05f0000 r-xp 00000000 fd:00 2097325    /usr/lib/xulrunner-1.9.2/libxul.so
b05f0000-b06eb000 rwxp 01608000 fd:00 2097325    /usr/lib/xulrunner-1.9.2/libxul.so
b06eb000-b07fa000 rwxp b06eb000 00:00 0 
b07fa000-b0800000 --xp b07fa000 00:00 0 
b0865000-b0881000 r-xs 0011e000 fd:00 885569     /soft/eclipse/eclipse/plugins/org.eclipse.cdt.dsf.ui_2.2.1.201202111925.jar
b0881000-b089a000 r-xs 00115000 fd:00 885768     /soft/eclipse/eclipse/plugins/org.eclipse.cdt.dsf.gdb_4.0.2.201202111925.jar
b089a000-b09f7000 r-xp 00000000 fd:00 2034203    /usr/share/icons/hicolor/icon-theme.cache
b09f7000-b0fe8000 r-xp 00000000 fd:00 2135547    /usr/share/icons/gnome/icon-theme.cache
b0fe8000-b1d4d000 r-xp 00000000 fd:00 2072709    /usr/share/icons/Bluecurve/icon-theme.cache
b1d4d000-b1eaa000 r-xp 00000000 fd:00 2034203    /usr/share/icons/hicolor/icon-theme.cache
b1eaa000-b249b000 r-xp 00000000 fd:00 2135547    /usr/share/icons/gnome/icon-theme.cache
b249b000-b3200000 r-xp 00000000 fd:00 2072709    /usr/share/icons/Bluecurve/icon-theme.cache
b3200000-b33f9000 rwxp b3200000 00:00 0 
b33f9000-b3400000 --xp b33f9000 00:00 0 
b3400000-b3500000 rwxp b3400000 00:00 0 
b3502000-b3530000 r-xp 00000000 fd:00 2033515    /usr/share/fonts/dejavu-lgc/DejaVuLGCSansMono-Oblique.ttf
b3530000-b3599000 r-xp 00000000 fd:00 2033504    /usr/share/fonts/dejavu-lgc/DejaVuLGCSans-Bold.ttf
b3599000-b3600000 r-xp 00000000 fd:00 2033507    /usr/share/fonts/dejavu-lgc/DejaVuLGCSans-Oblique.ttf
b3600000-b36ff000 rwxp b3600000 00:00 0 
b36ff000-b3700000 --xp b36ff000 00:00 0 
b370d000-b3726000 r-xs 000ed000 fd:00 885620     /soft/eclipse/eclipse/plugins/org.eclipse.cdt.debug.ui_7.1.2.201202111925.jar
b3726000-b3758000 r-xs 00244000 fd:00 885599     /soft/eclipse/eclipse/plugins/org.eclipse.debug.ui_3.7.102.v20111129-1423_r372.jar
b3758000-b3772000 r-xs 0016d000 fd:00 885553     /soft/eclipse/eclipse/plugins/org.eclipse.jgit_1.3.0.201202151440-r.jar
b3772000-b37bb000 r-xs 0040a000 fd:00 885627     /soft/eclipse/eclipse/plugins/org.eclipse.cdt.core_5.3.2.201202111925.jar
b37bb000-b37d8000 r-xs 0017c000 fd:00 885549     /soft/eclipse/eclipse/plugins/org.eclipse.team.cvs.ui_3.3.401.v20120126-1227.jar
b37d8000-b3800000 r-xs 001ce000 fd:00 885974     /soft/eclipse/eclipse/plugins/org.tigris.subversion.subclipse.ui_1.8.9.jar
b3800000-b3900000 rwxp b3800000 00:00 0 
b3903000-b390d000 r-xs 00085000 fd:00 885429     /soft/eclipse/eclipse/plugins/org.eclipse.team.cvs.core_3.3.400.I20110510-0800.jar
b390d000-b3914000 r-xs 00047000 fd:00 885971     /soft/eclipse/eclipse/plugins/org.tigris.subversion.subclipse.core_1.8.9.jar
b3915000-b3921000 r-xs 00079000 fd:00 885823     /soft/eclipse/eclipse/plugins/org.eclipse.cdt.debug.mi.core_7.1.1.201202111925.jar
b3921000-b3923000 r-xs 0000a000 fd:00 885588     /soft/eclipse/eclipse/plugins/org.eclipse.epp.usagedata.recording_1.3.1.R201106061540.jar
b3923000-b3925000 r-xs 00008000 fd:00 885563     /soft/eclipse/eclipse/plugins/org.eclipse.epp.usagedata.gathering_1.3.1.R201106061540.jar
b3925000-b392b000 r-xs 00039000 fd:00 885551     /soft/eclipse/eclipse/plugins/org.eclipse.epp.mpc.ui_1.1.1.I20110907-0947.jar
b392d000-b3938000 r-xs 0006c000 fd:00 885626     /soft/eclipse/eclipse/plugins/org.eclipse.cdt.dsf.gdb.ui_2.2.1.201202111925.jar
b3938000-b3942000 r-xs 00065000 fd:00 885797     /soft/eclipse/eclipse/plugins/org.eclipse.ltk.ui.refactoring_3.6.0.v20110928-1453.jar
b3949000-b3957000 r-xp 00000000 fd:00 2001805    /usr/share/icons/Clearlooks/icon-theme.cache
b3957000-b3990000 r-xp 00000000 fd:00 2033513    /usr/share/fonts/dejavu-lgc/DejaVuLGCSansMono-Bold.ttf
b3994000-b399e000 r-xs 00067000 fd:00 885624     /soft/eclipse/eclipse/plugins/org.eclipse.cdt.make.ui_7.1.2.201202111925.jar
b399e000-b39a2000 r-xs 00024000 fd:00 885571     /soft/eclipse/eclipse/plugins/org.eclipse.ui.console_3.5.100.v20111007_r372.jar
b39a4000-b39de000 r-xp 00000000 fd:00 2033516    /usr/share/fonts/dejavu-lgc/DejaVuLGCSansMono.ttf
b39e2000-b39ea000 r-xs 00115000 fd:00 1310883    /opt/java/jdk1.6.0_38/jre/lib/resources.jar
b39ed000-b39fb000 r-xp 00000000 fd:00 2001805    /usr/share/icons/Clearlooks/icon-theme.cache
b39fb000-b3a90000 r-xs 00929000 fd:00 885917     /soft/eclipse/eclipse/plugins/org.eclipse.jdt.ui_3.7.2.v20120109-1427.jar
b3a90000-b3a98000 r-xs 0004d000 fd:00 885748     /soft/eclipse/eclipse/plugins/org.eclipse.debug.core_3.7.1.v20111129-2031.jar
b3a99000-b3aa7000 r-xs 000a6000 fd:00 885576     /soft/eclipse/eclipse/plugins/org.eclipse.compare_3.5.202.R37x_v20111109-0800.jar
b3aa7000-b3ace000 r-xs 001dd000 fd:00 885851     /soft/eclipse/eclipse/plugins/org.eclipse.egit.ui_1.3.0.201202151440-r.jar
b3ace000-b3ad5000 r-xs 00048000 fd:00 885885     /soft/eclipse/eclipse/plugins/org.eclipse.ltk.core.refactoring_3.5.201.r372_v20111101-0700.jar
b3ad5000-b3ae8000 r-xs 000dd000 fd:00 885562     /soft/eclipse/eclipse/plugins/org.eclipse.jface.text_3.7.2.v20111213-1208.jar
b3ae8000-b3af4000 r-xs 00083000 fd:00 885725     /soft/eclipse/eclipse/plugins/org.eclipse.ui.workbench.texteditor_3.7.0.v20110928-1504.jar
b3af4000-b3b00000 r-xs 00072000 fd:00 885520     /soft/eclipse/eclipse/plugins/org.eclipse.cdt.debug.core_7.1.0.201202111925.jar
b3b00000-b3bfe000 rwxp b3b00000 00:00 0 
b3bfe000-b3c00000 --xp b3bfe000 00:00 0 
b3c05000-b3c5c000 r-xs 004b4000 fd:00 885750     /soft/eclipse/eclipse/plugins/org.eclipse.cdt.ui_5.3.2.201202111925.jar
b3c5d000-b3c66000 r-xs 0005a000 fd:00 885595     /soft/eclipse/eclipse/plugins/org.eclipse.ui.navigator_3.5.101.v20120106-1355.jar
b3c66000-b3c6f000 r-xs 00042000 fd:00 885754     /soft/eclipse/eclipse/plugins/org.eclipse.cdt.dsf_2.2.0.201202111925.jar
b3c6f000-b3c79000 r-xs 00069000 fd:00 885742     /soft/eclipse/eclipse/plugins/org.eclipse.search_3.7.0.v20110928-1504.jar
b3c7f000-b3c81000 r-xp 00000000 fd:00 1646700    /usr/share/locale/zh_CN/LC_MESSAGES/atk10.mo
b3c81000-b3c87000 r-xp 00000000 fd:00 1656981    /usr/share/locale/zh_CN/LC_MESSAGES/libgnomeui-2.0.mo
b3c87000-b3c91000 r-xs 00058000 fd:00 885583     /soft/eclipse/eclipse/plugins/org.eclipse.mylyn.commons.ui_3.6.1.v20110720-0100.jar
b3c91000-b3c98000 r-xs 00095000 fd:00 1310827    /opt/java/jdk1.6.0_38/jre/lib/jsse.jar
b3c99000-b3c9f000 r-xs 00044000 fd:00 885821     /soft/eclipse/eclipse/plugins/org.eclipse.ui.forms_3.5.101.v20111011-1919.jar
b3ca0000-b3ca4000 r-xs 00021000 fd:00 885881     /soft/eclipse/eclipse/plugins/org.eclipse.cdt.debug.mi.ui_6.1.1.201202111925.jar
b3ca4000-b3ca6000 r-xs 0000b000 fd:00 885815     /soft/eclipse/eclipse/plugins/org.eclipse.mylyn.monitor.ui_3.6.0.v20110608-1400.jar
b3ca8000-b3cab000 r-xs 00013000 fd:00 1310837    /opt/java/jdk1.6.0_38/jre/lib/jce.jar
b3cb0000-b3cb5000 r-xp 00000000 fd:00 1646618    /usr/share/locale/zh_CN/LC_MESSAGES/glib20.mo
b3cb5000-b3cb9000 r-xs 0001e000 fd:00 885516     /soft/eclipse/eclipse/plugins/org.eclipse.ui.externaltools_3.2.0.v20111007_r372.jar
b3cb9000-b3cda000 r-xs 00178000 fd:00 885560     /soft/eclipse/eclipse/plugins/org.eclipse.mylyn.tasks.ui_3.6.5.v20120215-0100.jar
b3cda000-b3cdd000 rwxs 00000000 00:09 10256396   /SYSV00000000 (deleted)
b3cde000-b3ce2000 r-xs 00018000 fd:00 885774     /soft/eclipse/eclipse/plugins/org.eclipse.cdt.codan.ui_2.0.1.201202111925.jar
b3ce2000-b3ce6000 r-xs 0001b000 fd:00 885972     /soft/eclipse/eclipse/plugins/org.tigris.subversion.subclipse.graph_1.1.1.jar
b3ce6000-b3ceb000 r-xs 00021000 fd:00 885612     /soft/eclipse/eclipse/plugins/org.eclipse.ui_3.7.0.v20110928-1505.jar
b3ceb000-b3cf2000 r-xs 00038000 fd:00 885586     /soft/eclipse/eclipse/plugins/org.eclipse.mylyn.context.ui_3.6.1.v20120112-0100.jar
b3cf2000-b3cf5000 r-xs 00019000 fd:00 885522     /soft/eclipse/eclipse/plugins/org.eclipse.mylyn.context.core_3.6.1.v20110720-0100.jar
b3cf6000-b3cfc000 r-xs 00049000 fd:00 885568     /soft/eclipse/eclipse/plugins/org.apache.commons.httpclient_3.1.0.v201012070820.jar
b3cfc000-b3cff000 r-xs 00019000 fd:00 885771     /soft/eclipse/eclipse/plugins/org.eclipse.linuxtools.cdt.autotools.core_1.0.2.201202152032.jar
b3cff000-b3d03000 r-xs 00024000 fd:00 885592     /soft/eclipse/eclipse/plugins/org.eclipse.epp.usagedata.ui_1.3.1.R201106061540.jar
b3d03000-b3d0c000 r-xs 00060000 fd:00 885808     /soft/eclipse/eclipse/plugins/org.eclipse.cdt.managedbuilder.ui_8.0.2.201202111925.jar
b3d0e000-b3d10000 r-xs 0000b000 fd:00 885787     /soft/eclipse/eclipse/plugins/org.eclipse.core.filesystem_1.3.100.v20110423-0524.jar
b3d10000-b3d13000 r-xs 00014000 fd:00 885430     /soft/eclipse/eclipse/plugins/org.eclipse.core.jobs_3.5.101.v20120113-1953.jar
b3d13000-b3d2e000 r-xs 00145000 fd:00 885577     /soft/eclipse/eclipse/plugins/org.eclipse.team.ui_3.6.101.R37x_v20111109-0800.jar
b3d30000-b3d3c000 r-xs 00081000 fd:00 885803     /soft/eclipse/eclipse/plugins/org.eclipse.ui.editors_3.7.0.v20110928-1504.jar
b3d3c000-b3d44000 r-xs 00069000 fd:00 885968     /soft/eclipse/eclipse/plugins/com.collabnet.subversion.merge_3.0.8.jar
b3d46000-b3d4e000 r-xs 0006f000 fd:00 885800     /soft/eclipse/eclipse/plugins/org.eclipse.rse.files.ui_3.2.1.R33x_v201109141647.jar
b3d4e000-b3d53000 r-xs 00038000 fd:00 885593     /soft/eclipse/eclipse/plugins/org.eclipse.text_3.5.101.v20110928-1504.jar
b3d53000-b3d56000 r-xs 00019000 fd:00 885743     /soft/eclipse/eclipse/plugins/org.eclipse.core.filebuffers_3.5.200.v20110928-1504.jar
b3d56000-b5100000 r-xp 00000000 fd:00 2073092    /usr/share/fonts/chinese/TrueType/uming.ttf
b5100000-b51fe000 rwxp b5100000 00:00 0 
b51fe000-b5200000 --xp b51fe000 00:00 0 
b5200000-b5202000 r-xs 0000f000 fd:00 885877     /soft/eclipse/eclipse/plugins/org.eclipse.mylyn.tasks.search_3.6.0.v20110608-1400.jar
b5202000-b5204000 r-xs 00004000 fd:00 885858     /soft/eclipse/eclipse/plugins/org.eclipse.cdt.codan.ui.cxx_2.0.0.201202111925.jar
b5204000-b5206000 r-xs 00008000 fd:00 885836     /soft/eclipse/eclipse/plugins/org.eclipse.mylyn.commons.core_3.6.0.v20110608-1400.jar
b5206000-b5208000 r-xs 00003000 fd:00 885845     /soft/eclipse/eclipse/plugins/org.eclipse.cdt.core.linux.x86_5.2.0.201202111925.jar
b5208000-b5211000 r-xs 0005e000 fd:00 885721     /soft/eclipse/eclipse/plugins/org.eclipse.cdt.make.core_7.1.2.201202111925.jar
b5211000-b5215000 r-xs 00047000 fd:00 885916     /soft/eclipse/eclipse/plugins/org.eclipse.jdt.launching_3.6.1.v20111006_r372.jar
b5215000-b523f000 r-xs 0043b000 fd:00 885914     /soft/eclipse/eclipse/plugins/org.eclipse.jdt.core_3.7.3.v20120119-1537.jar
b523f000-b5243000 r-xs 0001a000 fd:00 885844     /soft/eclipse/eclipse/plugins/org.eclipse.ui.navigator.resources_3.4.300.v20110928-1505.jar
b5243000-b5247000 r-xs 00017000 fd:00 885538     /soft/eclipse/eclipse/plugins/org.eclipse.core.commands_3.6.0.I20110111-0800.jar
b5247000-b524b000 r-xs 00010000 fd:00 885921     /soft/eclipse/eclipse/plugins/org.tigris.subversion.subclipse.tools.usage_1.1.0.jar
b524b000-b525b000 r-xs 00111000 fd:00 885795     /soft/eclipse/eclipse/plugins/org.eclipse.cdt.managedbuilder.core_8.0.2.201202111925.jar
b525b000-b525e000 r-xs 00013000 fd:00 885738     /soft/eclipse/eclipse/plugins/org.eclipse.core.expressions_3.4.300.v20110228.jar
b525e000-b5267000 r-xs 00058000 fd:00 885766     /soft/eclipse/eclipse/plugins/org.eclipse.team.core_3.6.0.I20110525-0800.jar
b5267000-b52d4000 r-xp 00000000 fd:00 2033508    /usr/share/fonts/dejavu-lgc/DejaVuLGCSans.ttf
b52d4000-b52d8000 r-xs 00000000 fd:00 197455     /var/cache/fontconfig/177aa5f8e4784b879645141d1d73ae7a-x86.cache-2
b52d8000-b52da000 r-xs 00000000 fd:00 197167     /var/cache/fontconfig/87f5e051180a7a75f16eb6fe7dbd3749-x86.cache-2
b52da000-b52e0000 r-xs 00000000 fd:00 197169     /var/cache/fontconfig/b79f3aaa7d385a141ab53ec885cc22a8-x86.cache-2
b52e0000-b52e4000 r-xs 00000000 fd:00 197645     /var/cache/fontconfig/a3ef620b97f3ad86e0ccce6d4afaa4cc-x86.cache-2
b52e4000-b52e7000 r-xs 00000000 fd:00 196973     /var/cache/fontconfig/b67b32625a2bb51b023d3814a918f351-x86.cache-2
b52e7000-b52ed000 r-xs 00000000 fd:00 196975     /var/cache/fontconfig/7ddba6133ef499da58de5e8c586d3b75-x86.cache-2
b52ed000-b52ef000 r-xs 00000000 fd:00 196661     /var/cache/fontconfig/e3ead4b767b8819993a6fa3ae306afa9-x86.cache-2
b52ef000-b52f7000 r-xs 00000000 fd:00 196972     /var/cache/fontconfig/e19de935dec46bbf3ed114ee4965548a-x86.cache-2
b52f7000-b52fa000 r-xs 00013000 fd:00 885915     /soft/eclipse/eclipse/plugins/org.eclipse.jdt.core.manipulation_1.4.0.v20110928-1453.jar
b52fa000-b52fb000 r-xs 00002000 fd:00 885824     /soft/eclipse/eclipse/plugins/org.eclipse.cdt.core.linux_5.2.0.201202111925.jar
b52fb000-b5300000 r-xs 00044000 fd:00 885733     /soft/eclipse/eclipse/plugins/org.eclipse.egit.core_1.3.0.201202151440-r.jar
b5300000-b5400000 rwxp b5300000 00:00 0 
b5400000-b5402000 r-xs 00010000 fd:00 885811     /soft/eclipse/eclipse/plugins/org.eclipse.cdt.mylyn.ui_3.6.0.v20110608-1400.jar
b5402000-b5407000 r-xs 00000000 fd:00 197170     /var/cache/fontconfig/beeeeb3dfe132a8a0633a017c99ce0c0-x86.cache-2
b540b000-b540d000 r-xs 0000c000 fd:00 885641     /soft/eclipse/eclipse/plugins/org.apache.commons.codec_1.3.0.v201101211617.jar
b540d000-b5410000 r-xs 00012000 fd:00 885969     /soft/eclipse/eclipse/plugins/org.tigris.subversion.clientadapter_1.8.2.jar
b5410000-b5413000 r-xs 00014000 fd:00 885761     /soft/eclipse/eclipse/plugins/org.eclipse.core.contenttype_3.4.100.v20110423-0524.jar
b5413000-b541f000 r-xs 000ba000 fd:00 885543     /soft/eclipse/eclipse/plugins/org.eclipse.core.resources_3.7.101.v20120125-1505.jar
b541f000-b5447000 r-xs 00214000 fd:00 885735     /soft/eclipse/eclipse/plugins/org.eclipse.ui.ide_3.7.0.v20110928-1505.jar
b5447000-b54a7000 rwxs 00000000 00:09 10223627   /SYSV00000000 (deleted)
b54a7000-b54a9000 r-xs 00011000 fd:00 885855     /soft/eclipse/eclipse/plugins/org.eclipse.equinox.util_1.0.300.v20110502.jar
b54a9000-b54ab000 r-xs 00009000 fd:00 885865     /soft/eclipse/eclipse/plugins/org.eclipse.cdt.codan.core.cxx_1.0.0.201202111925.jar
b54ab000-b54ae000 r-xs 00019000 fd:00 885613     /soft/eclipse/eclipse/plugins/org.eclipse.equinox.preferences_3.4.2.v20120111-2020.jar
b54b0000-b54ec000 r-xs 00629000 fd:00 885856     /soft/eclipse/eclipse/plugins/com.ibm.icu_4.4.2.v20110823.jar
b54ec000-b5500000 r-xs 0021f000 fd:00 885818     /soft/eclipse/eclipse/plugins/org.eclipse.swt.gtk.linux.x86_3.7.2.v3740f.jar
b5500000-b5600000 rwxp b5500000 00:00 0 
b5601000-b5603000 r-xs 00007000 fd:00 885638     /soft/eclipse/eclipse/plugins/org.eclipse.core.variables_3.2.500.v20110928-1503.jar
b5603000-b5604000 r-xs 00004000 fd:00 885575     /soft/eclipse/eclipse/plugins/org.eclipse.swt_3.7.2.v3740f.jar
b5604000-b5618000 r-xs 000f3000 fd:00 885614     /soft/eclipse/eclipse/plugins/org.eclipse.jface_3.7.0.v20110928-1505.jar
b5618000-b561a000 r-xs 00001000 fd:00 885529     /soft/eclipse/eclipse/plugins/org.eclipse.ui.workbench.compatibility_3.2.100.I20110413-1600/compatibility.jar
b561a000-b5661000 r-xs 003b3000 fd:00 885601     /soft/eclipse/eclipse/plugins/org.eclipse.ui.workbench_3.7.1.v20120104-1859.jar
b5661000-b5663000 r-xs 0000a000 fd:00 885625     /soft/eclipse/eclipse/plugins/org.apache.commons.logging_1.0.4.v201101211617.jar
b5663000-b5667000 r-xs 0001d000 fd:00 885598     /soft/eclipse/eclipse/plugins/org.eclipse.cdt.codan.core_2.0.0.201202111925.jar
b5667000-b5669000 r-xs 00003000 fd:00 885973     /soft/eclipse/eclipse/plugins/org.tigris.subversion.subclipse.mylyn_3.0.0.jar
b5669000-b566b000 r-xs 0000a000 fd:00 885604     /soft/eclipse/eclipse/plugins/org.eclipse.cdt.managedbuilder.gnu.ui_8.0.2.201202111925.jar
b566b000-b566d000 r-xs 00008000 fd:00 885634     /soft/eclipse/eclipse/plugins/org.eclipse.mylyn.monitor.core_3.6.0.v20110608-1400.jar
b566d000-b566e000 r-xs 00002000 fd:00 885863     /soft/eclipse/eclipse/plugins/org.eclipse.core.filesystem.linux.x86_1.4.0.v20110423-0524.jar
b566e000-b5672000 r-xs 00025000 fd:00 885970     /soft/eclipse/eclipse/plugins/org.tigris.subversion.clientadapter.javahl_1.7.4.1.jar
b5672000-b5674000 r-xs 00007000 fd:00 885769     /soft/eclipse/eclipse/plugins/org.eclipse.mylyn.ide.ui_3.6.0.v20110608-1400.jar
b5674000-b5675000 r-xs 00002000 fd:00 917516     /soft/eclipse/eclipse/plugins/org.eclipse.core.runtime.compatibility.registry_3.5.0.v20110505/runtime_registry_compatibility.jar
b5675000-b5679000 r-xs 00029000 fd:00 885765     /soft/eclipse/eclipse/plugins/org.eclipse.equinox.registry_3.5.101.R37x_v20110810-1611.jar
b5679000-b567b000 r-xs 0000e000 fd:00 885640     /soft/eclipse/eclipse/plugins/org.eclipse.mylyn.resources.ui_3.6.0.v20110608-1400.jar
b567b000-b567d000 rwxp b567b000 00:00 0 
b567d000-b567f000 r-xs 00008000 fd:00 885526     /soft/eclipse/eclipse/plugins/org.eclipse.core.externaltools_1.0.100.v20111007_r372.jar
b567f000-b5683000 r-xs 00033000 fd:00 885753     /soft/eclipse/eclipse/plugins/org.eclipse.cdt.launch_7.0.0.201202111925.jar
b5683000-b5685000 r-xs 00018000 fd:00 885857     /soft/eclipse/eclipse/plugins/org.eclipse.equinox.common_3.6.0.v20110523.jar
b5685000-b5699000 r-xs 0013a000 fd:00 885581     /soft/eclipse/eclipse/plugins/org.eclipse.osgi_3.7.2.v20120110-1415.jar
b5699000-b56cd000 rwxp b5699000 00:00 0 
b56cd000-b5865000 r-xs 03083000 fd:00 1313910    /opt/java/jdk1.6.0_38/jre/lib/rt.jar
b5865000-b588e000 rwxp b5865000 00:00 0 
b588e000-b58ed000 rwxp b588e000 00:00 0 
b58ed000-b5921000 rwxp b58ed000 00:00 0 
b5921000-b5923000 --xp b5921000 00:00 0 
b5923000-b596e000 rwxp b5923000 00:00 0 
b596e000-b5988000 rwxp b596e000 00:00 0 
b5988000-b59ae000 rwxp b5988000 00:00 0 
b59ae000-b59e2000 rwxp b59ae000 00:00 0 
b59e2000-b59e4000 --xp b59e2000 00:00 0 
b59e4000-b5a2e000 rwxp b59e4000 00:00 0 
b5a2e000-b5a50000 rwxp b5a2e000 00:00 0 
b5a50000-b5aae000 rwxp b5a50000 00:00 0 
b5aae000-b5afc000 rwxp b5aae000 00:00 0 
b5afc000-b5b3a000 rwxp b5afc000 00:00 0 
b5b3a000-b6ba2000 rwxp b5b3a000 00:00 0 
b6ba2000-b7b3a000 rwxp b6ba2000 00:00 0 
b7b3a000-b7b42000 rwxs 00000000 fd:00 4358278    /tmp/hsperfdata_root/32481
b7b42000-b7b43000 rwxp b7b42000 00:00 0 
b7b43000-b7b44000 r-xp b7b43000 00:00 0 
b7b44000-b7ba4000 rwxs 00000000 00:09 10190858   /SYSV00000000 (deleted)
b7ba4000-b7c07000 rwxp b7ba4000 00:00 0 
b7c07000-b7c08000 r-xs 00007000 fd:00 885806     /soft/eclipse/eclipse/plugins/org.eclipse.update.scheduler_3.2.300.v20100512.jar
b7c08000-b7c1a000 r-xp 00000000 fd:00 1642575    /usr/share/locale/zh_CN/LC_MESSAGES/libc.mo
b7c1a000-b7c35000 r-xp 00000000 fd:00 1772757    /usr/share/locale/zh_CN/LC_MESSAGES/gtk20-properties.mo
b7c35000-b7c3c000 r-xs 00000000 fd:00 1737475    /usr/lib/gconv/gconv-modules.cache
b7c3c000-b7c4b000 r-xp 00000000 fd:00 1772780    /usr/share/locale/zh_CN/LC_MESSAGES/gtk20.mo
b7c4b000-b7c88000 r-xp 00434000 fd:00 1651724    /usr/lib/locale/locale-archive
b7c88000-b7d60000 r-xp 00299000 fd:00 1651724    /usr/lib/locale/locale-archive
b7d60000-b7f60000 r-xp 00000000 fd:00 1651724    /usr/lib/locale/locale-archive
b7f60000-b7f61000 rwxp b7f60000 00:00 0 
b7f61000-b7f63000 r-xs 00006000 fd:00 885442     /soft/eclipse/eclipse/plugins/org.eclipse.cdt.codan.checkers.ui_1.0.0.201202111925.jar
b7f63000-b7f66000 r-xs 000cc000 fd:00 1311561    /opt/java/jdk1.6.0_38/jre/lib/ext/localedata.jar
b7f66000-b7f67000 r-xs 0000b000 fd:00 885582     /soft/eclipse/eclipse/plugins/org.eclipse.equinox.launcher_1.2.0.v20110502.jar
b7f67000-b7f6e000 rwxp b7f67000 00:00 0 
bfc7d000-bfc80000 --xp bfc7d000 00:00 0 
bfc81000-bfccd000 rwxp bffb0000 00:00 0          [stack]
bfcce000-bfccf000 rw-p bfffd000 00:00 0 

VM Arguments:
jvm_args: -Dosgi.requiredJavaVersion=1.5 -XX:MaxPermSize=256m -Xms40m -Xmx384m 
java_command: <unknown>
Launcher Type: generic

Environment Variables:
JAVA_HOME=/usr/java/jre1.6.0_24
CLASSPATH=.:/opt/java/jdk1.6.0_38/lib:
PATH=/opt/ant/apache-ant-1.8.4/bin:/opt/java/jdk1.6.0_38/:/usr/kerberos/sbin:/usr/kerberos/bin:/usr/local/sbin:/usr/local/bin:/sbin:/bin:/usr/sbin:/usr/bin:/usr/X11R6/bin:/opt/hadoop/hadoop-1.0.4/bin:/opt/hadoop/zookeeper/zookeeper-3.4.5/bin:/opt/hadoop/zookeeper/zookeeper-3.4.5/conf:/root/bin
LD_LIBRARY_PATH=/opt/java/jdk1.6.0_38/jre/lib/i386/client:/opt/java/jdk1.6.0_38/jre/lib/i386:
SHELL=/bin/bash
DISPLAY=:0.0

Signal Handlers:
SIGSEGV: [libjvm.so+0x46bc30], sa_mask[0]=0x7ffbfeff, sa_flags=0x10000004
SIGBUS: [libjvm.so+0x46bc30], sa_mask[0]=0x7ffbfeff, sa_flags=0x10000004
SIGFPE: [libjvm.so+0x38ccf0], sa_mask[0]=0x7ffbfeff, sa_flags=0x10000004
SIGPIPE: SIG_IGN, sa_mask[0]=0x00001000, sa_flags=0x10000000
SIGXFSZ: [libjvm.so+0x38ccf0], sa_mask[0]=0x7ffbfeff, sa_flags=0x10000004
SIGILL: [libjvm.so+0x38ccf0], sa_mask[0]=0x7ffbfeff, sa_flags=0x10000004
SIGUSR1: SIG_DFL, sa_mask[0]=0x00000000, sa_flags=0x00000000
SIGUSR2: [libjvm.so+0x38ff50], sa_mask[0]=0x00000000, sa_flags=0x10000004
SIGHUP: [libjvm.so+0x38fb30], sa_mask[0]=0x7ffbfeff, sa_flags=0x10000004
SIGINT: [libjvm.so+0x38fb30], sa_mask[0]=0x7ffbfeff, sa_flags=0x10000004
SIGTERM: [libjvm.so+0x38fb30], sa_mask[0]=0x7ffbfeff, sa_flags=0x10000004
SIGQUIT: [libjvm.so+0x38fb30], sa_mask[0]=0x7ffbfeff, sa_flags=0x10000004


---------------  S Y S T E M  ---------------

OS:CentOS release 5.5 (Final)

uname:Linux 2.6.18-194.32.1.el5 #1 SMP Wed Jan 5 17:53:09 EST 2011 i686
libc:glibc 2.5 NPTL 2.5 
rlimit: STACK 10240k, CORE 0k, NPROC 16384, NOFILE 1024, AS infinity
load average:0.67 0.40 0.31

/proc/meminfo:
MemTotal:      1035060 kB
MemFree:         29244 kB
Buffers:         15308 kB
Cached:         223316 kB
SwapCached:      30252 kB
Active:         842508 kB
Inactive:       117624 kB
HighTotal:      131008 kB
HighFree:          264 kB
LowTotal:       904052 kB
LowFree:         28980 kB
SwapTotal:     1048568 kB
SwapFree:       936004 kB
Dirty:            1148 kB
Writeback:           0 kB
AnonPages:      720076 kB
Mapped:          98840 kB
Slab:            31044 kB
PageTables:       5688 kB
NFS_Unstable:        0 kB
Bounce:              0 kB
CommitLimit:   1566096 kB
Committed_AS:  1529444 kB
VmallocTotal:   114680 kB
VmallocUsed:      4972 kB
VmallocChunk:   109368 kB
HugePages_Total:     0
HugePages_Free:      0
HugePages_Rsvd:      0
Hugepagesize:     4096 kB


CPU:total 2 (1 cores per cpu, 1 threads per core) family 6 model 23 stepping 10, cmov, cx8, fxsr, mmx, sse, sse2, sse3, ssse3, sse4.1

/proc/cpuinfo:
processor	: 0
vendor_id	: GenuineIntel
cpu family	: 6
model		: 23
model name	: Intel(R) Core(TM)2 Duo CPU     E7500  @ 2.93GHz
stepping	: 10
cpu MHz		: 2933.330
cache size	: 3072 KB
fdiv_bug	: no
hlt_bug		: no
f00f_bug	: no
coma_bug	: no
fpu		: yes
fpu_exception	: yes
cpuid level	: 13
wp		: yes
flags		: fpu vme de pse tsc msr pae mce cx8 apic mtrr pge mca cmov pat pse36 clflush dts acpi mmx fxsr sse sse2 ss nx lm constant_tsc pni ssse3 cx16 sse4_1 lahf_lm
bogomips	: 5866.66

processor	: 1
vendor_id	: GenuineIntel
cpu family	: 6
model		: 23
model name	: Intel(R) Core(TM)2 Duo CPU     E7500  @ 2.93GHz
stepping	: 10
cpu MHz		: 2933.330
cache size	: 3072 KB
fdiv_bug	: no
hlt_bug		: no
f00f_bug	: no
coma_bug	: no
fpu		: yes
fpu_exception	: yes
cpuid level	: 13
wp		: yes
flags		: fpu vme de pse tsc msr pae mce cx8 apic mtrr pge mca cmov pat pse36 clflush dts acpi mmx fxsr sse sse2 ss nx lm constant_tsc pni ssse3 cx16 sse4_1 lahf_lm
bogomips	: 7428.75



Memory: 4k page, physical 1035060k(29244k free), swap 1048568k(936004k free)

vm_info: Java HotSpot(TM) Client VM (20.13-b02) for linux-x86 JRE (1.6.0_38-b05), built on Nov 14 2012 02:13:49 by "java_re" with gcc 3.2.1-7a (J2SE release)

time: Mon Apr 15 21:05:21 2013
elapsed time: 126235 seconds

