#
# A fatal error has been detected by the Java Runtime Environment:
#
#  SIGSEGV (0xb) at pc=0x00db2029, pid=414, tid=3086346448
#
# JRE version: 6.0_38-b05
# Java VM: Java HotSpot(TM) Client VM (20.13-b02 mixed mode, sharing linux-x86 )
# Problematic frame:
# C  [libpango-1.0.so.0+0x11029]  pango_context_get_base_dir+0x19
#
# If you would like to submit a bug report, please visit:
#   http://java.sun.com/webapps/bugreport/crash.jsp
# The crash happened outside the Java Virtual Machine in native code.
# See problematic frame for where to report the bug.
#

---------------  T H R E A D  ---------------

Current thread (0x08b51400):  JavaThread "main" [_thread_in_native, id=414, stack(0xbf856000,0xbf8a6000)]

siginfo:si_signo=SIGSEGV: si_errno=0, si_code=1 (SEGV_MAPERR), si_addr=0x0000000f

Registers:
EAX=0xffffffff, EBX=0x00ddf0e0, ECX=0x0990bd20, EDX=0x099488f0
ESP=0xbf8a3810, EBP=0xbf8a3828, ESI=0x0990bd20, EDI=0x099a20b0
EIP=0x00db2029, EFLAGS=0x00010286, CR2=0x0000000f

Top of Stack: (sp=0xbf8a3810)
0xbf8a3810:   0977df80 00000000 09a7c0b8 00ddf0e0
0xbf8a3820:   0990bd20 00ddf0e0 bf8a3988 00dbba7b
0xbf8a3830:   ffffffff 00db6a60 00000000 0095dff4
0xbf8a3840:   0095f140 00000014 bf8a3868 008737d7
0xbf8a3850:   08dfe3e8 0000005e 00000000 00a6f6a8
0xbf8a3860:   00000014 0990bd20 bf8a3898 099a20b0
0xbf8a3870:   00000014 00000003 09dcce20 00000000
0xbf8a3880:   0977df80 0000005e 00000000 00000000 

Instructions: (pc=0x00db2029)
0x00db2009:   8d bc 27 00 00 00 00 55 89 e5 53 83 ec 14 8b 45
0x00db2019:   08 e8 48 7a ff ff 81 c3 c1 d0 02 00 85 c0 74 09
0x00db2029:   8b 40 10 83 c4 14 5b 5d c3 8d 83 d3 b9 fe ff 89
0x00db2039:   44 24 08 8d 83 fe bb fe ff 89 44 24 04 8d 83 f2 

Register to memory mapping:

EAX=0xffffffff is an unknown value
EBX=0x00ddf0e0: <offset 0x3e0e0> in /usr/lib/libpango-1.0.so.0 at 0x00da1000
ECX=0x0990bd20 is an unknown value
EDX=0x099488f0 is an unknown value
ESP=0xbf8a3810 is pointing into the stack for thread: 0x08b51400
EBP=0xbf8a3828 is pointing into the stack for thread: 0x08b51400
ESI=0x0990bd20 is an unknown value
EDI=0x099a20b0 is an unknown value


Stack: [0xbf856000,0xbf8a6000],  sp=0xbf8a3810,  free space=310k
Native frames: (J=compiled Java code, j=interpreted, Vv=VM code, C=native code)
C  [libpango-1.0.so.0+0x11029]  pango_context_get_base_dir+0x19
C  [libpango-1.0.so.0+0x1aa7b]  __float128+0x1aa7b
C  [libpango-1.0.so.0+0x1c3f5]  pango_layout_get_line_count+0x25
C  [libswt-pi-gtk-3740.so+0x4b427]  Java_org_eclipse_swt_internal_gtk_OS__1pango_1layout_1get_1line_1count+0x1b
J  org.eclipse.swt.internal.gtk.OS._pango_layout_get_line_count(I)I
J  org.eclipse.swt.graphics.TextLayout.computeRuns()V
J  org.eclipse.swt.custom.StyledText.setStyleRanges(II[I[Lorg/eclipse/swt/custom/StyleRange;Z)V
j  org.eclipse.jface.text.presentation.PresentationReconciler.processDamage(Lorg/eclipse/jface/text/IRegion;Lorg/eclipse/jface/text/IDocument;)V+26
j  org.eclipse.jface.text.presentation.PresentationReconciler.access$3(Lorg/eclipse/jface/text/presentation/PresentationReconciler;Lorg/eclipse/jface/text/IRegion;Lorg/eclipse/jface/text/IDocument;)V+3
j  org.eclipse.jface.text.presentation.PresentationReconciler$InternalListener.textChanged(Lorg/eclipse/jface/text/TextEvent;)V+193
J  org.eclipse.jface.text.TextViewer.updateTextListeners(Lorg/eclipse/jface/text/TextViewer$WidgetCommand;)V
j  org.eclipse.jface.text.TextViewer.invalidateTextPresentation(II)V+92
j  org.eclipse.jface.text.source.AnnotationPainter.invalidateTextPresentation()V+129
j  org.eclipse.jface.text.source.AnnotationPainter.updatePainting(Lorg/eclipse/jface/text/source/AnnotationModelEvent;)V+26
j  org.eclipse.jface.text.source.AnnotationPainter.access$1(Lorg/eclipse/jface/text/source/AnnotationPainter;Lorg/eclipse/jface/text/source/AnnotationModelEvent;)V+2
j  org.eclipse.jface.text.source.AnnotationPainter$1.run()V+31
J  org.eclipse.swt.widgets.Synchronizer.runAsyncMessages(Z)Z
j  org.eclipse.ui.internal.Workbench.access$4(Lorg/eclipse/ui/internal/Workbench;)I+1
j  org.eclipse.ui.internal.Workbench$7.run()V+73
j  org.eclipse.core.databinding.observable.Realm.runWithDefault(Lorg/eclipse/core/databinding/observable/Realm;Ljava/lang/Runnable;)V+12
j  org.eclipse.ui.internal.Workbench.createAndRunWorkbench(Lorg/eclipse/swt/widgets/Display;Lorg/eclipse/ui/application/WorkbenchAdvisor;)I+18
j  org.eclipse.ui.PlatformUI.createAndRunWorkbench(Lorg/eclipse/swt/widgets/Display;Lorg/eclipse/ui/application/WorkbenchAdvisor;)I+2
j  org.eclipse.ui.internal.ide.application.IDEApplication.start(Lorg/eclipse/equinox/app/IApplicationContext;)Ljava/lang/Object;+108
j  org.eclipse.equinox.internal.app.EclipseAppHandle.run(Ljava/lang/Object;)Ljava/lang/Object;+135
j  org.eclipse.core.runtime.internal.adaptor.EclipseAppLauncher.runApplication(Ljava/lang/Object;)Ljava/lang/Object;+103
j  org.eclipse.core.runtime.internal.adaptor.EclipseAppLauncher.start(Ljava/lang/Object;)Ljava/lang/Object;+29
j  org.eclipse.core.runtime.adaptor.EclipseStarter.run(Ljava/lang/Object;)Ljava/lang/Object;+149
j  org.eclipse.core.runtime.adaptor.EclipseStarter.run([Ljava/lang/String;Ljava/lang/Runnable;)Ljava/lang/Object;+183
v  ~StubRoutines::call_stub
V  [libjvm.so+0x24d7e1]  JavaCalls::call_helper(JavaValue*, methodHandle*, JavaCallArguments*, Thread*)+0x1c1
V  [libjvm.so+0x38e088]  os::os_exception_wrapper(void (*)(JavaValue*, methodHandle*, JavaCallArguments*, Thread*), JavaValue*, methodHandle*, JavaCallArguments*, Thread*)+0x18
V  [libjvm.so+0x24d60f]  JavaCalls::call(JavaValue*, methodHandle, JavaCallArguments*, Thread*)+0x2f
V  [libjvm.so+0x3be2c5]  Reflection::invoke(instanceKlassHandle, methodHandle, Handle, bool, objArrayHandle, BasicType, objArrayHandle, bool, Thread*)+0x445
V  [libjvm.so+0x3c1687]  Reflection::invoke_method(oopDesc*, Handle, objArrayHandle, Thread*)+0x127
V  [libjvm.so+0x2cd1bf]  JVM_InvokeMethod+0x1ff
C  [libjava.so+0x15294]  Java_sun_reflect_NativeMethodAccessorImpl_invoke0+0x34
j  sun.reflect.NativeMethodAccessorImpl.invoke0(Ljava/lang/reflect/Method;Ljava/lang/Object;[Ljava/lang/Object;)Ljava/lang/Object;+0
j  sun.reflect.NativeMethodAccessorImpl.invoke(Ljava/lang/Object;[Ljava/lang/Object;)Ljava/lang/Object;+87
j  sun.reflect.DelegatingMethodAccessorImpl.invoke(Ljava/lang/Object;[Ljava/lang/Object;)Ljava/lang/Object;+6
j  java.lang.reflect.Method.invoke(Ljava/lang/Object;[Ljava/lang/Object;)Ljava/lang/Object;+161
j  org.eclipse.equinox.launcher.Main.invokeFramework([Ljava/lang/String;[Ljava/net/URL;)V+211
j  org.eclipse.equinox.launcher.Main.basicRun([Ljava/lang/String;)V+126
j  org.eclipse.equinox.launcher.Main.run([Ljava/lang/String;)I+4
v  ~StubRoutines::call_stub
V  [libjvm.so+0x24d7e1]  JavaCalls::call_helper(JavaValue*, methodHandle*, JavaCallArguments*, Thread*)+0x1c1
V  [libjvm.so+0x38e088]  os::os_exception_wrapper(void (*)(JavaValue*, methodHandle*, JavaCallArguments*, Thread*), JavaValue*, methodHandle*, JavaCallArguments*, Thread*)+0x18
V  [libjvm.so+0x24d60f]  JavaCalls::call(JavaValue*, methodHandle, JavaCallArguments*, Thread*)+0x2f
V  [libjvm.so+0x281e87]  jni_invoke_nonstatic(JNIEnv_*, JavaValue*, _jobject*, JNICallType, _jmethodID*, JNI_ArgumentPusher*, Thread*)+0x197
V  [libjvm.so+0x2625ae]  unsigned+0x14e
C  [eclipse_1407.so+0x83d9]  short+0x418
C  [eclipse_1407.so+0x9878]  short+0x24
C  [eclipse_1407.so+0x314b]  run+0x59d
C  [eclipse+0x10ee]  short+0x10ee
C  [libc.so.6+0x15e9c]  __libc_start_main+0xdc

Java frames: (J=compiled Java code, j=interpreted, Vv=VM code)
J  org.eclipse.swt.internal.gtk.OS._pango_layout_get_line_count(I)I
J  org.eclipse.swt.graphics.TextLayout.computeRuns()V
J  org.eclipse.swt.custom.StyledTextRenderer.getTextLayout(IIII)Lorg/eclipse/swt/graphics/TextLayout;
J  org.eclipse.swt.custom.StyledTextRenderer.calculate(II)V
J  org.eclipse.swt.custom.StyledTextRenderer.calculateClientArea()V
j  org.eclipse.swt.custom.StyledText.resetCache(II)V+21
J  org.eclipse.swt.custom.StyledText.setStyleRanges(II[I[Lorg/eclipse/swt/custom/StyleRange;Z)V
J  org.eclipse.jface.text.TextViewer.addPresentation(Lorg/eclipse/jface/text/TextPresentation;)V
J  org.eclipse.jface.text.TextViewer.changeTextPresentation(Lorg/eclipse/jface/text/TextPresentation;Z)V
j  org.eclipse.jface.text.presentation.PresentationReconciler.applyTextRegionCollection(Lorg/eclipse/jface/text/TextPresentation;)V+6
j  org.eclipse.jface.text.presentation.PresentationReconciler.processDamage(Lorg/eclipse/jface/text/IRegion;Lorg/eclipse/jface/text/IDocument;)V+26
j  org.eclipse.jface.text.presentation.PresentationReconciler.access$3(Lorg/eclipse/jface/text/presentation/PresentationReconciler;Lorg/eclipse/jface/text/IRegion;Lorg/eclipse/jface/text/IDocument;)V+3
j  org.eclipse.jface.text.presentation.PresentationReconciler$InternalListener.textChanged(Lorg/eclipse/jface/text/TextEvent;)V+193
J  org.eclipse.jface.text.TextViewer.updateTextListeners(Lorg/eclipse/jface/text/TextViewer$WidgetCommand;)V
j  org.eclipse.cdt.internal.ui.editor.CSourceViewer.updateTextListeners(Lorg/eclipse/jface/text/TextViewer$WidgetCommand;)V+2
j  org.eclipse.jface.text.TextViewer.invalidateTextPresentation(II)V+92
j  org.eclipse.jface.text.source.AnnotationPainter.invalidateTextPresentation()V+129
j  org.eclipse.jface.text.source.AnnotationPainter.updatePainting(Lorg/eclipse/jface/text/source/AnnotationModelEvent;)V+26
j  org.eclipse.jface.text.source.AnnotationPainter.access$1(Lorg/eclipse/jface/text/source/AnnotationPainter;Lorg/eclipse/jface/text/source/AnnotationModelEvent;)V+2
j  org.eclipse.jface.text.source.AnnotationPainter$1.run()V+31
J  org.eclipse.swt.widgets.Synchronizer.runAsyncMessages(Z)Z
J  org.eclipse.swt.widgets.Display.readAndDispatch()Z
J  org.eclipse.ui.internal.Workbench.runEventLoop(Lorg/eclipse/jface/window/Window$IExceptionHandler;Lorg/eclipse/swt/widgets/Display;)V
j  org.eclipse.ui.internal.Workbench.runUI()I+555
j  org.eclipse.ui.internal.Workbench.access$4(Lorg/eclipse/ui/internal/Workbench;)I+1
j  org.eclipse.ui.internal.Workbench$7.run()V+73
j  org.eclipse.core.databinding.observable.Realm.runWithDefault(Lorg/eclipse/core/databinding/observable/Realm;Ljava/lang/Runnable;)V+12
j  org.eclipse.ui.internal.Workbench.createAndRunWorkbench(Lorg/eclipse/swt/widgets/Display;Lorg/eclipse/ui/application/WorkbenchAdvisor;)I+18
j  org.eclipse.ui.PlatformUI.createAndRunWorkbench(Lorg/eclipse/swt/widgets/Display;Lorg/eclipse/ui/application/WorkbenchAdvisor;)I+2
j  org.eclipse.ui.internal.ide.application.IDEApplication.start(Lorg/eclipse/equinox/app/IApplicationContext;)Ljava/lang/Object;+108
j  org.eclipse.equinox.internal.app.EclipseAppHandle.run(Ljava/lang/Object;)Ljava/lang/Object;+135
j  org.eclipse.core.runtime.internal.adaptor.EclipseAppLauncher.runApplication(Ljava/lang/Object;)Ljava/lang/Object;+103
j  org.eclipse.core.runtime.internal.adaptor.EclipseAppLauncher.start(Ljava/lang/Object;)Ljava/lang/Object;+29
j  org.eclipse.core.runtime.adaptor.EclipseStarter.run(Ljava/lang/Object;)Ljava/lang/Object;+149
j  org.eclipse.core.runtime.adaptor.EclipseStarter.run([Ljava/lang/String;Ljava/lang/Runnable;)Ljava/lang/Object;+183
v  ~StubRoutines::call_stub
j  sun.reflect.NativeMethodAccessorImpl.invoke0(Ljava/lang/reflect/Method;Ljava/lang/Object;[Ljava/lang/Object;)Ljava/lang/Object;+0
j  sun.reflect.NativeMethodAccessorImpl.invoke(Ljava/lang/Object;[Ljava/lang/Object;)Ljava/lang/Object;+87
j  sun.reflect.DelegatingMethodAccessorImpl.invoke(Ljava/lang/Object;[Ljava/lang/Object;)Ljava/lang/Object;+6
j  java.lang.reflect.Method.invoke(Ljava/lang/Object;[Ljava/lang/Object;)Ljava/lang/Object;+161
j  org.eclipse.equinox.launcher.Main.invokeFramework([Ljava/lang/String;[Ljava/net/URL;)V+211
j  org.eclipse.equinox.launcher.Main.basicRun([Ljava/lang/String;)V+126
j  org.eclipse.equinox.launcher.Main.run([Ljava/lang/String;)I+4
v  ~StubRoutines::call_stub

---------------  P R O C E S S  ---------------

Java Threads: ( => current thread )
  0xb1a0f400 JavaThread "Worker-246" [_thread_blocked, id=25073, stack(0x07f74000,0x07fc5000)]
  0xb1a0ec00 JavaThread "Worker-245" [_thread_blocked, id=24976, stack(0x026ea000,0x0273b000)]
  0x09f17800 JavaThread "org.eclipse.cdt.internal.ui.text.CReconciler" daemon [_thread_blocked, id=24950, stack(0x086ff000,0x08750000)]
  0x09b0ec00 JavaThread "Worker-239" [_thread_blocked, id=24537, stack(0x03efa000,0x03f4b000)]
  0x09a09000 JavaThread "org.eclipse.cdt.internal.ui.text.CReconciler" daemon [_thread_blocked, id=8997, stack(0x07cfe000,0x07d4f000)]
  0x0981fc00 JavaThread "org.eclipse.cdt.internal.ui.text.CReconciler" daemon [_thread_blocked, id=4757, stack(0x013ed000,0x0143e000)]
  0x098f4c00 JavaThread "org.eclipse.cdt.internal.ui.text.CReconciler" daemon [_thread_blocked, id=4363, stack(0x00765000,0x007b6000)]
  0x09855400 JavaThread "org.eclipse.cdt.internal.ui.text.CReconciler" daemon [_thread_blocked, id=4347, stack(0x04cb8000,0x04d09000)]
  0x09233800 JavaThread "org.eclipse.cdt.internal.ui.text.CReconciler" daemon [_thread_blocked, id=2219, stack(0x01197000,0x011e8000)]
  0xb346c800 JavaThread "[ThreadPool Manager] - Idle Thread" daemon [_thread_blocked, id=457, stack(0x04e76000,0x04ec7000)]
  0x09012000 JavaThread "Worker-5" [_thread_blocked, id=440, stack(0x062c2000,0x06313000)]
  0x09315c00 JavaThread "Java indexing" daemon [_thread_blocked, id=438, stack(0x07dbb000,0x07e0c000)]
  0x08d7a400 JavaThread "Bundle File Closer" daemon [_thread_blocked, id=437, stack(0x016c6000,0x01717000)]
  0xb55ff800 JavaThread "Worker-JM" [_thread_blocked, id=428, stack(0x027ea000,0x0283b000)]
  0xb557bc00 JavaThread "[Timer] - Main Queue Handler" daemon [_thread_blocked, id=427, stack(0x07887000,0x078d8000)]
  0xb5520c00 JavaThread "Framework Event Dispatcher" daemon [_thread_blocked, id=425, stack(0x00714000,0x00765000)]
  0xb553e400 JavaThread "Start Level Event Dispatcher" daemon [_thread_blocked, id=424, stack(0x005d6000,0x00627000)]
  0xb5566000 JavaThread "State Data Manager" daemon [_thread_blocked, id=423, stack(0x00559000,0x005aa000)]
  0xb553ec00 JavaThread "Framework Active Thread" [_thread_blocked, id=422, stack(0x00486000,0x004d7000)]
  0x08b94800 JavaThread "Low Memory Detector" daemon [_thread_blocked, id=420, stack(0x003cb000,0x0041c000)]
  0x08b89000 JavaThread "C1 CompilerThread0" daemon [_thread_blocked, id=419, stack(0x0034a000,0x003cb000)]
  0x08b87800 JavaThread "Signal Dispatcher" daemon [_thread_blocked, id=418, stack(0x002f9000,0x0034a000)]
  0x08b80c00 JavaThread "Finalizer" daemon [_thread_blocked, id=417, stack(0x002a8000,0x002f9000)]
  0x08b7f400 JavaThread "Reference Handler" daemon [_thread_blocked, id=416, stack(0x00257000,0x002a8000)]
=>0x08b51400 JavaThread "main" [_thread_in_native, id=414, stack(0xbf856000,0xbf8a6000)]

Other Threads:
  0x08b74c00 VMThread [stack: 0x001d6000,0x00257000] [id=415]
  0x08b96800 WatcherThread [stack: 0x00693000,0x00714000] [id=421]

VM state:not at safepoint (normal execution)

VM Mutex/Monitor currently owned by a thread: None

Heap
 def new generation   total 42368K, used 34200K [0x6b720000, 0x6e510000, 0x73720000)
  eden space 37696K,  90% used [0x6b720000, 0x6d886080, 0x6dbf0000)
  from space 4672K,   0% used [0x6dbf0000, 0x6dbf0000, 0x6e080000)
  to   space 4672K,   0% used [0x6e080000, 0x6e080000, 0x6e510000)
 tenured generation   total 93960K, used 56374K [0x73720000, 0x792e2000, 0x83720000)
   the space 93960K,  59% used [0x73720000, 0x76e2da20, 0x76e2dc00, 0x792e2000)
 compacting perm gen  total 68352K, used 68292K [0x83720000, 0x879e0000, 0x93720000)
   the space 68352K,  99% used [0x83720000, 0x879d1190, 0x879d1200, 0x879e0000)
    ro space 10240K,  61% used [0x93720000, 0x93d4afa0, 0x93d4b000, 0x94120000)
    rw space 12288K,  60% used [0x94120000, 0x9485a788, 0x9485a800, 0x94d20000)

Code Cache  [0xb5b38000, 0xb6c98000, 0xb7b38000)
 total_blobs=7906 nmethods=7694 adapters=145 free_code_cache=15365376 largest_free_block=384

Dynamic libraries:
00110000-0019a000 r-xp 00000000 fd:00 1662525    /usr/lib/libgdk-x11-2.0.so.0.1000.4
0019a000-0019d000 rwxp 0008a000 fd:00 1662525    /usr/lib/libgdk-x11-2.0.so.0.1000.4
0019d000-001a7000 r-xp 00000000 fd:00 3966546    /lib/libnss_files-2.5.so
001a7000-001a8000 r-xp 00009000 fd:00 3966546    /lib/libnss_files-2.5.so
001a8000-001a9000 rwxp 0000a000 fd:00 3966546    /lib/libnss_files-2.5.so
001a9000-001aa000 r-xp 00000000 fd:00 4751698    /usr/lib/gconv/ISO8859-1.so
001aa000-001ac000 rwxp 00000000 fd:00 4751698    /usr/lib/gconv/ISO8859-1.so
001ac000-001af000 r-xp 00000000 fd:00 2033787    /usr/lib/gtk-2.0/2.10.0/loaders/libpixbufloader-bmp.so
001af000-001b0000 rwxp 00002000 fd:00 2033787    /usr/lib/gtk-2.0/2.10.0/loaders/libpixbufloader-bmp.so
001b0000-001d4000 r-xp 00000000 fd:00 1310783    /opt/java/jdk1.6.0_38/jre/lib/i386/libjava.so
001d4000-001d6000 rwxp 00023000 fd:00 1310783    /opt/java/jdk1.6.0_38/jre/lib/i386/libjava.so
001d6000-001d7000 --xp 001d6000 00:00 0 
001d7000-00257000 rwxp 001d7000 00:00 0 
00257000-0025a000 --xp 00257000 00:00 0 
0025a000-002a8000 rwxp 0025a000 00:00 0 
002a8000-002ab000 --xp 002a8000 00:00 0 
002ab000-002f9000 rwxp 002ab000 00:00 0 
002f9000-002fc000 --xp 002f9000 00:00 0 
002fc000-0034a000 rwxp 002fc000 00:00 0 
0034a000-0034d000 --xp 0034a000 00:00 0 
0034d000-003cb000 rwxp 0034d000 00:00 0 
003cb000-003ce000 --xp 003cb000 00:00 0 
003ce000-0041c000 rwxp 003ce000 00:00 0 
0041c000-00430000 r-xp 00000000 fd:00 1310791    /opt/java/jdk1.6.0_38/jre/lib/i386/libnet.so
00430000-00431000 rwxp 00013000 fd:00 1310791    /opt/java/jdk1.6.0_38/jre/lib/i386/libnet.so
00431000-00438000 r-xp 00000000 fd:00 1310792    /opt/java/jdk1.6.0_38/jre/lib/i386/libnio.so
00438000-00439000 rwxp 00006000 fd:00 1310792    /opt/java/jdk1.6.0_38/jre/lib/i386/libnio.so
00439000-0043d000 r-xp 00000000 fd:00 3964964    /lib/libnss_dns-2.5.so
0043d000-0043e000 r-xp 00003000 fd:00 3964964    /lib/libnss_dns-2.5.so
0043e000-0043f000 rwxp 00004000 fd:00 3964964    /lib/libnss_dns-2.5.so
00440000-00451000 r-xp 00000000 fd:00 2034135    /usr/lib/gtk-2.0/2.10.0/engines/libclearlooks.so
00451000-00452000 rwxp 00011000 fd:00 2034135    /usr/lib/gtk-2.0/2.10.0/engines/libclearlooks.so
00452000-00455000 r-xp 00000000 fd:00 1737384    /usr/lib/gconv/EUC-CN.so
00455000-00457000 rwxp 00002000 fd:00 1737384    /usr/lib/gconv/EUC-CN.so
00457000-00467000 r-xp 00000000 fd:00 4751753    /usr/lib/gconv/libGB.so
00467000-00469000 rwxp 0000f000 fd:00 4751753    /usr/lib/gconv/libGB.so
00469000-0046c000 r-xp 00000000 fd:00 2917899    /soft/eclipse/eclipse2/configuration/org.eclipse.osgi/bundles/271/1/.cp/libswt-gtk-3740.so
0046c000-0046d000 rwxp 00002000 fd:00 2917899    /soft/eclipse/eclipse2/configuration/org.eclipse.osgi/bundles/271/1/.cp/libswt-gtk-3740.so
0046d000-0046e000 rwxp 0046d000 00:00 0 
0046e000-00472000 r-xp 00000000 fd:00 3966874    /lib/libgthread-2.0.so.0.1200.3
00472000-00473000 rwxp 00003000 fd:00 3966874    /lib/libgthread-2.0.so.0.1200.3
00473000-00474000 r-xp 00000000 fd:00 2885445    /soft/eclipse/eclipse2/configuration/org.eclipse.osgi/bundles/44/1/.cp/os/linux/x86/libpty.so
00474000-00475000 rwxp 00001000 fd:00 2885445    /soft/eclipse/eclipse2/configuration/org.eclipse.osgi/bundles/44/1/.cp/os/linux/x86/libpty.so
00475000-00484000 r-xp 00000000 fd:00 1310787    /opt/java/jdk1.6.0_38/jre/lib/i386/libzip.so
00484000-00486000 rwxp 0000e000 fd:00 1310787    /opt/java/jdk1.6.0_38/jre/lib/i386/libzip.so
00486000-00489000 --xp 00486000 00:00 0 
00489000-004db000 rwxp 00489000 00:00 0 
004db000-004df000 r-xp 00000000 fd:00 2033792    /usr/lib/gtk-2.0/2.10.0/loaders/libpixbufloader-png.so
004df000-004e0000 rwxp 00003000 fd:00 2033792    /usr/lib/gtk-2.0/2.10.0/loaders/libpixbufloader-png.so
004e0000-004e2000 r-xp 00000000 fd:00 2916667    /soft/eclipse/eclipse2/configuration/org.eclipse.osgi/bundles/84/1/.cp/os/linux/x86/libunixfile_1_0_0.so
004e2000-004e3000 rwxp 00001000 fd:00 2916667    /soft/eclipse/eclipse2/configuration/org.eclipse.osgi/bundles/84/1/.cp/os/linux/x86/libunixfile_1_0_0.so
004e3000-004e8000 r-xp 00000000 fd:00 2033788    /usr/lib/gtk-2.0/2.10.0/loaders/libpixbufloader-gif.so
004e8000-004e9000 rwxp 00005000 fd:00 2033788    /usr/lib/gtk-2.0/2.10.0/loaders/libpixbufloader-gif.so
004ea000-004eb000 r-xp 004ea000 00:00 0          [vdso]
004eb000-004fc000 r-xp 00000000 fd:00 2033793    /usr/lib/gtk-2.0/immodules/im-scim-bridge.so
004fc000-004fd000 rwxp 00011000 fd:00 2033793    /usr/lib/gtk-2.0/immodules/im-scim-bridge.so
004fd000-00506000 r-xp 00000000 fd:00 2917898    /soft/eclipse/eclipse2/configuration/org.eclipse.osgi/bundles/271/1/.cp/libswt-atk-gtk-3740.so
00506000-00507000 rwxp 00009000 fd:00 2917898    /soft/eclipse/eclipse2/configuration/org.eclipse.osgi/bundles/271/1/.cp/libswt-atk-gtk-3740.so
00507000-00511000 r-xp 00000000 fd:00 2917893    /soft/eclipse/eclipse2/configuration/org.eclipse.osgi/bundles/271/1/.cp/libswt-cairo-gtk-3740.so
00511000-00512000 rwxp 00009000 fd:00 2917893    /soft/eclipse/eclipse2/configuration/org.eclipse.osgi/bundles/271/1/.cp/libswt-cairo-gtk-3740.so
00512000-00515000 r-xp 00000000 fd:00 2885446    /soft/eclipse/eclipse2/configuration/org.eclipse.osgi/bundles/44/1/.cp/os/linux/x86/libspawner.so
00515000-00516000 rwxp 00002000 fd:00 2885446    /soft/eclipse/eclipse2/configuration/org.eclipse.osgi/bundles/44/1/.cp/os/linux/x86/libspawner.so
00516000-00519000 r-xp 00000000 fd:00 2917891    /soft/eclipse/eclipse2/configuration/org.eclipse.osgi/bundles/271/1/.cp/libswt-gnome-gtk-3740.so
00519000-0051a000 rwxp 00002000 fd:00 2917891    /soft/eclipse/eclipse2/configuration/org.eclipse.osgi/bundles/271/1/.cp/libswt-gnome-gtk-3740.so
0051a000-00521000 r-xp 00000000 fd:00 1662554    /usr/lib/libpopt.so.0.0.0
00521000-00522000 rwxp 00006000 fd:00 1662554    /usr/lib/libpopt.so.0.0.0
00522000-0052a000 r-xp 00000000 fd:00 1662529    /usr/lib/libSM.so.6.0.0
0052a000-0052b000 rwxp 00007000 fd:00 1662529    /usr/lib/libSM.so.6.0.0
0052b000-00558000 r-xp 00000000 fd:00 1662517    /usr/lib/libpangoft2-1.0.so.0.1400.9
00558000-00559000 rwxp 0002c000 fd:00 1662517    /usr/lib/libpangoft2-1.0.so.0.1400.9
00559000-0055c000 --xp 00559000 00:00 0 
0055c000-005aa000 rwxp 0055c000 00:00 0 
005aa000-005ad000 r-xp 00000000 fd:00 3966875    /lib/libcap.so.1.10
005ad000-005ae000 rwxp 00002000 fd:00 3966875    /lib/libcap.so.1.10
005ae000-005b0000 r-xp 00000000 fd:00 3966911    /lib/libcom_err.so.2.1
005b0000-005b1000 rwxp 00001000 fd:00 3966911    /lib/libcom_err.so.2.1
005b1000-005b9000 r-xp 00000000 fd:00 1662541    /usr/lib/libkrb5support.so.0.1
005b9000-005ba000 rwxp 00007000 fd:00 1662541    /usr/lib/libkrb5support.so.0.1
005ba000-005bc000 r-xp 00000000 fd:00 3966878    /lib/libkeyutils-1.2.so
005bc000-005bd000 rwxp 00001000 fd:00 3966878    /lib/libkeyutils-1.2.so
005bd000-005d2000 r-xp 00000000 fd:00 3966877    /lib/libnsl-2.5.so
005d2000-005d3000 r-xp 00014000 fd:00 3966877    /lib/libnsl-2.5.so
005d3000-005d4000 rwxp 00015000 fd:00 3966877    /lib/libnsl-2.5.so
005d4000-005d6000 rwxp 005d4000 00:00 0 
005d6000-005d9000 --xp 005d6000 00:00 0 
005d9000-00627000 rwxp 005d9000 00:00 0 
0062b000-0063c000 r-xp 00000000 fd:00 3966898    /lib/libresolv-2.5.so
0063c000-0063d000 r-xp 00010000 fd:00 3966898    /lib/libresolv-2.5.so
0063d000-0063e000 rwxp 00011000 fd:00 3966898    /lib/libresolv-2.5.so
0063e000-00640000 rwxp 0063e000 00:00 0 
00640000-00644000 r-xp 00000000 fd:00 3966560    /lib/libattr.so.1.1.0
00644000-00645000 rwxp 00003000 fd:00 3966560    /lib/libattr.so.1.1.0
00648000-00653000 r-xp 00000000 fd:00 1310782    /opt/java/jdk1.6.0_38/jre/lib/i386/libverify.so
00653000-00654000 rwxp 0000b000 fd:00 1310782    /opt/java/jdk1.6.0_38/jre/lib/i386/libverify.so
00654000-0066a000 r-xp 00000000 fd:00 3966908    /lib/libselinux.so.1
0066a000-0066c000 rwxp 00015000 fd:00 3966908    /lib/libselinux.so.1
00671000-00673000 r-xp 00000000 fd:00 1933472    /usr/lib/pango/1.5.0/modules/pango-basic-fc.so
00673000-00674000 rwxp 00001000 fd:00 1933472    /usr/lib/pango/1.5.0/modules/pango-basic-fc.so
00674000-00682000 r-xp 00000000 fd:00 2261582    /usr/lib/gnome-vfs-2.0/modules/libfile.so
00682000-00683000 rwxp 0000d000 fd:00 2261582    /usr/lib/gnome-vfs-2.0/modules/libfile.so
00686000-00692000 r-xp 00000000 fd:00 2883775    /soft/eclipse/eclipse2/plugins/org.eclipse.equinox.launcher.gtk.linux.x86_1.1.100.v20110505/eclipse_1407.so
00692000-00693000 rwxp 0000c000 fd:00 2883775    /soft/eclipse/eclipse2/plugins/org.eclipse.equinox.launcher.gtk.linux.x86_1.1.100.v20110505/eclipse_1407.so
00693000-00694000 --xp 00693000 00:00 0 
00694000-00714000 rwxp 00694000 00:00 0 
00714000-00717000 --xp 00714000 00:00 0 
00717000-00765000 rwxp 00717000 00:00 0 
00765000-00768000 --xp 00765000 00:00 0 
00768000-007b6000 rwxp 00768000 00:00 0 
007b6000-007bc000 r-xp 00000000 fd:00 3965248    /lib/libacl.so.1.1.0
007bc000-007bd000 rwxp 00005000 fd:00 3965248    /lib/libacl.so.1.1.0
007bf000-007dc000 r-xp 00000000 fd:00 1662540    /usr/lib/libdbus-glib-1.so.2.1.0
007dc000-007dd000 rwxp 0001d000 fd:00 1662540    /usr/lib/libdbus-glib-1.so.2.1.0
007df000-007e1000 r-xp 00000000 fd:00 3966914    /lib/libutil-2.5.so
007e1000-007e2000 r-xp 00001000 fd:00 3966914    /lib/libutil-2.5.so
007e2000-007e3000 rwxp 00002000 fd:00 3966914    /lib/libutil-2.5.so
007e5000-007e7000 r-xp 00000000 fd:00 1662546    /usr/lib/libavahi-glib.so.1.0.1
007e7000-007e8000 rwxp 00002000 fd:00 1662546    /usr/lib/libavahi-glib.so.1.0.1
007ea000-00805000 r-xp 00000000 fd:00 3964992    /lib/ld-2.5.so
00805000-00806000 r-xp 0001a000 fd:00 3964992    /lib/ld-2.5.so
00806000-00807000 rwxp 0001b000 fd:00 3964992    /lib/ld-2.5.so
00809000-0095b000 r-xp 00000000 fd:00 3966564    /lib/libc-2.5.so
0095b000-0095c000 --xp 00152000 fd:00 3966564    /lib/libc-2.5.so
0095c000-0095e000 r-xp 00152000 fd:00 3966564    /lib/libc-2.5.so
0095e000-0095f000 rwxp 00154000 fd:00 3966564    /lib/libc-2.5.so
0095f000-00962000 rwxp 0095f000 00:00 0 
00964000-0098b000 r-xp 00000000 fd:00 3966870    /lib/libm-2.5.so
0098b000-0098c000 r-xp 00026000 fd:00 3966870    /lib/libm-2.5.so
0098c000-0098d000 rwxp 00027000 fd:00 3966870    /lib/libm-2.5.so
0098f000-00992000 r-xp 00000000 fd:00 3966565    /lib/libdl-2.5.so
00992000-00993000 r-xp 00002000 fd:00 3966565    /lib/libdl-2.5.so
00993000-00994000 rwxp 00003000 fd:00 3966565    /lib/libdl-2.5.so
00996000-009ab000 r-xp 00000000 fd:00 3966566    /lib/libpthread-2.5.so
009ab000-009ac000 --xp 00015000 fd:00 3966566    /lib/libpthread-2.5.so
009ac000-009ad000 r-xp 00015000 fd:00 3966566    /lib/libpthread-2.5.so
009ad000-009ae000 rwxp 00016000 fd:00 3966566    /lib/libpthread-2.5.so
009ae000-009b0000 rwxp 009ae000 00:00 0 
009b2000-009c4000 r-xp 00000000 fd:00 3966871    /lib/libz.so.1.2.3
009c4000-009c5000 rwxp 00011000 fd:00 3966871    /lib/libz.so.1.2.3
009c7000-009ce000 r-xp 00000000 fd:00 3966567    /lib/librt-2.5.so
009ce000-009cf000 r-xp 00007000 fd:00 3966567    /lib/librt-2.5.so
009cf000-009d0000 rwxp 00008000 fd:00 3966567    /lib/librt-2.5.so
009d2000-00a6f000 r-xp 00000000 fd:00 3966568    /lib/libglib-2.0.so.0.1200.3
00a6f000-00a70000 rwxp 0009c000 fd:00 3966568    /lib/libglib-2.0.so.0.1200.3
00a72000-00a77000 r-xp 00000000 fd:00 1662504    /usr/lib/libXdmcp.so.6.0.0
00a77000-00a78000 rwxp 00004000 fd:00 1662504    /usr/lib/libXdmcp.so.6.0.0
00a7a000-00ab8000 r-xp 00000000 fd:00 3966869    /lib/libgobject-2.0.so.0.1200.3
00ab8000-00ab9000 rwxp 0003e000 fd:00 3966869    /lib/libgobject-2.0.so.0.1200.3
00abb000-00abd000 r-xp 00000000 fd:00 1662503    /usr/lib/libXau.so.6.0.0
00abd000-00abe000 rwxp 00001000 fd:00 1662503    /usr/lib/libXau.so.6.0.0
00ac0000-00bbf000 r-xp 00000000 fd:00 1662514    /usr/lib/libX11.so.6.2.0
00bbf000-00bc3000 rwxp 000ff000 fd:00 1662514    /usr/lib/libX11.so.6.2.0
00bc5000-00bc7000 r-xp 00000000 fd:00 3966868    /lib/libgmodule-2.0.so.0.1200.3
00bc7000-00bc8000 rwxp 00002000 fd:00 3966868    /lib/libgmodule-2.0.so.0.1200.3
00bca000-00bd9000 r-xp 00000000 fd:00 1662519    /usr/lib/libXext.so.6.4.0
00bd9000-00bda000 rwxp 0000e000 fd:00 1662519    /usr/lib/libXext.so.6.4.0
00bdc000-00c59000 r-xp 00000000 fd:00 1662236    /usr/lib/libfreetype.so.6.3.10
00c59000-00c5c000 rwxp 0007d000 fd:00 1662236    /usr/lib/libfreetype.so.6.3.10
00c5e000-00c7d000 r-xp 00000000 fd:00 3966872    /lib/libexpat.so.0.5.0
00c7d000-00c7f000 rwxp 0001e000 fd:00 3966872    /lib/libexpat.so.0.5.0
00c81000-00ca8000 r-xp 00000000 fd:00 1662501    /usr/lib/libfontconfig.so.1.1.0
00ca8000-00cb0000 rwxp 00027000 fd:00 1662501    /usr/lib/libfontconfig.so.1.1.0
00cb2000-00cd7000 r-xp 00000000 fd:00 1662502    /usr/lib/libpng12.so.0.10.0
00cd7000-00cd8000 rwxp 00024000 fd:00 1662502    /usr/lib/libpng12.so.0.10.0
00cda000-00ce2000 r-xp 00000000 fd:00 1662515    /usr/lib/libXrender.so.1.3.0
00ce2000-00ce3000 rwxp 00007000 fd:00 1662515    /usr/lib/libXrender.so.1.3.0
00ce5000-00cff000 r-xp 00000000 fd:00 1662526    /usr/lib/libatk-1.0.so.0.1212.0
00cff000-00d01000 rwxp 0001a000 fd:00 1662526    /usr/lib/libatk-1.0.so.0.1212.0
00d03000-00d19000 r-xp 00000000 fd:00 1642576    /usr/lib/libgdk_pixbuf-2.0.so.0.1000.4
00d19000-00d1a000 rwxp 00016000 fd:00 1642576    /usr/lib/libgdk_pixbuf-2.0.so.0.1000.4
00d1c000-00d88000 r-xp 00000000 fd:00 1662516    /usr/lib/libcairo.so.2.9.2
00d88000-00d8a000 rwxp 0006b000 fd:00 1662516    /usr/lib/libcairo.so.2.9.2
00d8c000-00d8f000 r-xp 00000000 fd:00 1662522    /usr/lib/libXrandr.so.2.0.0
00d8f000-00d90000 rwxp 00002000 fd:00 1662522    /usr/lib/libXrandr.so.2.0.0
00d92000-00d99000 r-xp 00000000 fd:00 1662521    /usr/lib/libXi.so.6.0.0
00d99000-00d9a000 rwxp 00006000 fd:00 1662521    /usr/lib/libXi.so.6.0.0
00d9c000-00d9e000 r-xp 00000000 fd:00 1662520    /usr/lib/libXinerama.so.1.0.0
00d9e000-00d9f000 rwxp 00001000 fd:00 1662520    /usr/lib/libXinerama.so.1.0.0
00da1000-00dde000 r-xp 00000000 fd:00 1662234    /usr/lib/libpango-1.0.so.0.1400.9
00dde000-00de0000 rwxp 0003c000 fd:00 1662234    /usr/lib/libpango-1.0.so.0.1400.9
00de2000-00de6000 r-xp 00000000 fd:00 1662523    /usr/lib/libXfixes.so.3.1.0
00de6000-00de7000 rwxp 00003000 fd:00 1662523    /usr/lib/libXfixes.so.3.1.0
00de9000-00df1000 r-xp 00000000 fd:00 1662518    /usr/lib/libpangocairo-1.0.so.0.1400.9
00df1000-00df2000 rwxp 00007000 fd:00 1662518    /usr/lib/libpangocairo-1.0.so.0.1400.9
00df4000-00dfd000 r-xp 00000000 fd:00 1662524    /usr/lib/libXcursor.so.1.0.2
00dfd000-00dfe000 rwxp 00008000 fd:00 1662524    /usr/lib/libXcursor.so.1.0.2
00dfe000-01190000 r-xp 00000000 fd:00 1662527    /usr/lib/libgtk-x11-2.0.so.0.1000.4
01190000-01196000 rwxp 00391000 fd:00 1662527    /usr/lib/libgtk-x11-2.0.so.0.1000.4
01196000-01197000 rwxp 01196000 00:00 0 
01197000-0119a000 --xp 01197000 00:00 0 
0119a000-011e8000 rwxp 0119a000 00:00 0 
011e8000-011eb000 --xp 011e8000 00:00 0 
011eb000-01239000 rwxp 011eb000 00:00 0 
01239000-0123c000 --xp 01239000 00:00 0 
0123c000-0128a000 rwxp 0123c000 00:00 0 
0128a000-0128d000 --xp 0128a000 00:00 0 
0128d000-012db000 rwxp 0128d000 00:00 0 
012db000-012f1000 r-xp 00000000 fd:00 1651232    /usr/lib/libart_lgpl_2.so.2.3.17
012f1000-012f2000 rwxp 00015000 fd:00 1651232    /usr/lib/libart_lgpl_2.so.2.3.17
012f2000-01313000 r-xp 00000000 fd:00 1662558    /usr/lib/libjpeg.so.62.0.0
01313000-01314000 rwxp 00020000 fd:00 1662558    /usr/lib/libjpeg.so.62.0.0
01314000-01341000 r-xp 00000000 fd:00 1662544    /usr/lib/libgssapi_krb5.so.2.2
01341000-01342000 rwxp 0002d000 fd:00 1662544    /usr/lib/libgssapi_krb5.so.2.2
013ed000-013f0000 --xp 013ed000 00:00 0 
013f0000-0143e000 rwxp 013f0000 00:00 0 
0143e000-01568000 r-xp 00000000 fd:00 3966912    /lib/libcrypto.so.0.9.8e
01568000-0157b000 rwxp 00129000 fd:00 3966912    /lib/libcrypto.so.0.9.8e
0157b000-0157f000 rwxp 0157b000 00:00 0 
016c6000-016c9000 --xp 016c6000 00:00 0 
016c9000-01717000 rwxp 016c9000 00:00 0 
017b6000-017b9000 --xp 017b6000 00:00 0 
017b9000-01807000 rwxp 017b9000 00:00 0 
01db3000-02297000 r-xp 00000000 fd:00 1310776    /opt/java/jdk1.6.0_38/jre/lib/i386/client/libjvm.so
02297000-022ba000 rwxp 004e3000 fd:00 1310776    /opt/java/jdk1.6.0_38/jre/lib/i386/client/libjvm.so
022ba000-026d6000 rwxp 022ba000 00:00 0 
026ea000-026ed000 --xp 026ea000 00:00 0 
026ed000-0273b000 rwxp 026ed000 00:00 0 
02753000-02779000 r-xp 00000000 fd:00 1662542    /usr/lib/libk5crypto.so.3.1
02779000-0277a000 rwxp 00025000 fd:00 1662542    /usr/lib/libk5crypto.so.3.1
0277c000-02793000 r-xp 00000000 fd:00 1662528    /usr/lib/libICE.so.6.3.0
02793000-02794000 rwxp 00016000 fd:00 1662528    /usr/lib/libICE.so.6.3.0
02794000-02796000 rwxp 02794000 00:00 0 
027ea000-027ed000 --xp 027ea000 00:00 0 
027ed000-0283b000 rwxp 027ed000 00:00 0 
028db000-028e1000 r-xp 00000000 fd:00 1652217    /usr/lib/libfam.so.0.0.0
028e1000-028e2000 rwxp 00006000 fd:00 1652217    /usr/lib/libfam.so.0.0.0
028e9000-0292d000 r-xp 00000000 fd:00 3966913    /lib/libssl.so.0.9.8e
0292d000-02931000 rwxp 00043000 fd:00 3966913    /lib/libssl.so.0.9.8e
02933000-02981000 r-xp 00000000 fd:00 1662538    /usr/lib/libORBit-2.so.0.1.0
02981000-0298b000 rwxp 0004d000 fd:00 1662538    /usr/lib/libORBit-2.so.0.1.0
0298d000-029c0000 r-xp 00000000 fd:00 1662539    /usr/lib/libgconf-2.so.4.1.0
029c0000-029c3000 rwxp 00032000 fd:00 1662539    /usr/lib/libgconf-2.so.4.1.0
029c5000-02a9f000 r-xp 00000000 fd:00 3966915    /lib/libasound.so.2.0.0
02a9f000-02aa4000 rwxp 000d9000 fd:00 3966915    /lib/libasound.so.2.0.0
02aa6000-02ab1000 r-xp 00000000 fd:00 1662545    /usr/lib/libavahi-common.so.3.4.3
02ab1000-02ab2000 rwxp 0000a000 fd:00 1662545    /usr/lib/libavahi-common.so.3.4.3
02ab4000-02b14000 r-xp 00000000 fd:00 1662548    /usr/lib/libgnomevfs-2.so.0.1600.2
02b14000-02b17000 rwxp 0005f000 fd:00 1662548    /usr/lib/libgnomevfs-2.so.0.1600.2
02b19000-02b28000 r-xp 00000000 fd:00 1662547    /usr/lib/libavahi-client.so.3.2.1
02b28000-02b29000 rwxp 0000e000 fd:00 1662547    /usr/lib/libavahi-client.so.3.2.1
02c18000-02c72000 r-xp 00000000 fd:00 1662551    /usr/lib/libbonobo-2.so.0.0.0
02c72000-02c7c000 rwxp 0005a000 fd:00 1662551    /usr/lib/libbonobo-2.so.0.0.0
02c7e000-02c87000 r-xp 00000000 fd:00 1662553    /usr/lib/libesd.so.0.2.36
02c87000-02c88000 rwxp 00009000 fd:00 1662553    /usr/lib/libesd.so.0.2.36
02c8a000-02cb2000 r-xp 00000000 fd:00 1662552    /usr/lib/libaudiofile.so.0.0.2
02cb2000-02cb5000 rwxp 00027000 fd:00 1662552    /usr/lib/libaudiofile.so.0.0.2
02cb7000-02ccb000 r-xp 00000000 fd:00 1662550    /usr/lib/libbonobo-activation.so.4.0.0
02ccb000-02ccd000 rwxp 00014000 fd:00 1662550    /usr/lib/libbonobo-activation.so.4.0.0
02ccf000-02cd3000 r-xp 00000000 fd:00 1662549    /usr/lib/libORBitCosNaming-2.so.0.1.0
02cd3000-02cd4000 rwxp 00004000 fd:00 1662549    /usr/lib/libORBitCosNaming-2.so.0.1.0
02cd6000-02ceb000 r-xp 00000000 fd:00 1662555    /usr/lib/libgnome-2.so.0.1600.0
02ceb000-02cec000 rwxp 00014000 fd:00 1662555    /usr/lib/libgnome-2.so.0.1600.0
02cee000-02d7e000 r-xp 00000000 fd:00 1662559    /usr/lib/libgnomeui-2.so.0.1600.0
02d7e000-02d81000 rwxp 0008f000 fd:00 1662559    /usr/lib/libgnomeui-2.so.0.1600.0
02d81000-02d82000 rwxp 02d81000 00:00 0 
02d84000-02d90000 r-xp 00000000 fd:00 1662557    /usr/lib/libgnome-keyring.so.0.0.1
02d90000-02d91000 rwxp 0000b000 fd:00 1662557    /usr/lib/libgnome-keyring.so.0.0.1
02d93000-02dbf000 r-xp 00000000 fd:00 1662537    /usr/lib/libgnomecanvas-2.so.0.1400.0
02dbf000-02dc0000 rwxp 0002b000 fd:00 1662537    /usr/lib/libgnomecanvas-2.so.0.1400.0
02dfc000-02dff000 --xp 02dfc000 00:00 0 
02dff000-02e4d000 rwxp 02dff000 00:00 0 
02e5e000-02e63000 r-xp 00000000 fd:00 1648703    /usr/lib/libXtst.so.6.1.0
02e63000-02e64000 rwxp 00004000 fd:00 1648703    /usr/lib/libXtst.so.6.1.0
03510000-0354d000 r-xp 00000000 fd:00 3966876    /lib/libdbus-1.so.3.4.0
0354d000-0354f000 rwxp 0003c000 fd:00 3966876    /lib/libdbus-1.so.3.4.0
037fc000-037ff000 --xp 037fc000 00:00 0 
037ff000-0384d000 rwxp 037ff000 00:00 0 
039db000-039de000 --xp 039db000 00:00 0 
039de000-03a2c000 rwxp 039de000 00:00 0 
03e9a000-03e9d000 --xp 03e9a000 00:00 0 
03e9d000-03eeb000 rwxp 03e9d000 00:00 0 
03efa000-03efd000 --xp 03efa000 00:00 0 
03efd000-03f4b000 rwxp 03efd000 00:00 0 
04287000-043b3000 r-xp 00000000 fd:00 1662533    /usr/lib/libxml2.so.2.6.26
043b3000-043b8000 rwxp 0012c000 fd:00 1662533    /usr/lib/libxml2.so.2.6.26
043b8000-043b9000 rwxp 043b8000 00:00 0 
043b9000-043bc000 --xp 043b9000 00:00 0 
043bc000-0440a000 rwxp 043bc000 00:00 0 
04771000-04774000 --xp 04771000 00:00 0 
04774000-047c2000 rwxp 04774000 00:00 0 
04a4f000-04a52000 --xp 04a4f000 00:00 0 
04a52000-04aa0000 rwxp 04a52000 00:00 0 
04cb8000-04cbb000 --xp 04cb8000 00:00 0 
04cbb000-04d09000 rwxp 04cbb000 00:00 0 
04e76000-04e79000 --xp 04e76000 00:00 0 
04e79000-04ec7000 rwxp 04e79000 00:00 0 
05037000-0503a000 --xp 05037000 00:00 0 
0503a000-05088000 rwxp 0503a000 00:00 0 
056d6000-056d9000 --xp 056d6000 00:00 0 
056d9000-05727000 rwxp 056d9000 00:00 0 
0574c000-0574f000 --xp 0574c000 00:00 0 
0574f000-0579d000 rwxp 0574f000 00:00 0 
05b3d000-05bd0000 r-xp 00000000 fd:00 1662543    /usr/lib/libkrb5.so.3.3
05bd0000-05bd3000 rwxp 00092000 fd:00 1662543    /usr/lib/libkrb5.so.3.3
05ef3000-05ef6000 --xp 05ef3000 00:00 0 
05ef6000-05f44000 rwxp 05ef6000 00:00 0 
0604e000-06051000 --xp 0604e000 00:00 0 
06051000-0609f000 rwxp 06051000 00:00 0 
062c2000-062c5000 --xp 062c2000 00:00 0 
062c5000-06313000 rwxp 062c5000 00:00 0 
068f3000-068f6000 --xp 068f3000 00:00 0 
068f6000-06944000 rwxp 068f6000 00:00 0 
06b32000-06b6d000 r-xp 00000000 fd:00 3966899    /lib/libsepol.so.1
06b6d000-06b6e000 rwxp 0003b000 fd:00 3966899    /lib/libsepol.so.1
06b6e000-06b78000 rwxp 06b6e000 00:00 0 
06e78000-06e7b000 --xp 06e78000 00:00 0 
06e7b000-06ec9000 rwxp 06e7b000 00:00 0 
072c5000-072c8000 --xp 072c5000 00:00 0 
072c8000-07316000 rwxp 072c8000 00:00 0 
07887000-0788a000 --xp 07887000 00:00 0 
0788a000-078d8000 rwxp 0788a000 00:00 0 
079fb000-07a5f000 r-xp 00000000 fd:00 1662556    /usr/lib/libbonoboui-2.so.0.0.0
07a5f000-07a62000 rwxp 00063000 fd:00 1662556    /usr/lib/libbonoboui-2.so.0.0.0
07cfe000-07d01000 --xp 07cfe000 00:00 0 
07d01000-07d4f000 rwxp 07d01000 00:00 0 
07dbb000-07dbe000 --xp 07dbb000 00:00 0 
07dbe000-07e0c000 rwxp 07dbe000 00:00 0 
07e4c000-07ea7000 r-xp 00000000 fd:00 2917894    /soft/eclipse/eclipse2/configuration/org.eclipse.osgi/bundles/271/1/.cp/libswt-pi-gtk-3740.so
07ea7000-07ea9000 rwxp 0005a000 fd:00 2917894    /soft/eclipse/eclipse2/configuration/org.eclipse.osgi/bundles/271/1/.cp/libswt-pi-gtk-3740.so
07ea9000-07eaa000 rwxp 07ea9000 00:00 0 
07ef5000-07ef8000 --xp 07ef5000 00:00 0 
07ef8000-07f46000 rwxp 07ef8000 00:00 0 
07f74000-07f77000 --xp 07f74000 00:00 0 
07f77000-07fc5000 rwxp 07f77000 00:00 0 
08048000-0804c000 r-xp 00000000 fd:00 2852872    /soft/eclipse/eclipse2/eclipse
0804c000-0804d000 rwxp 00003000 fd:00 2852872    /soft/eclipse/eclipse2/eclipse
08390000-08393000 --xp 08390000 00:00 0 
08393000-083e1000 rwxp 08393000 00:00 0 
086ff000-08702000 --xp 086ff000 00:00 0 
08702000-08750000 rwxp 08702000 00:00 0 
08af9000-0a0ff000 rwxp 08af9000 00:00 0          [heap]
6b720000-6e510000 rwxp 6b720000 00:00 0 
6e510000-73720000 rwxp 6e510000 00:00 0 
73720000-792e2000 rwxp 73720000 00:00 0 
792e2000-83720000 rwxp 792e2000 00:00 0 
83720000-879e0000 rwxp 83720000 00:00 0 
879e0000-87a20000 --xp 879e0000 00:00 0 
87a20000-93720000 rwxp 87a20000 00:00 0 
93720000-93d4b000 r-xs 00001000 fd:00 1313913    /opt/java/jdk1.6.0_38/jre/lib/i386/client/classes.jsa
93d4b000-94120000 rwxp 93d4b000 00:00 0 
94120000-9485b000 rwxp 0062c000 fd:00 1313913    /opt/java/jdk1.6.0_38/jre/lib/i386/client/classes.jsa
9485b000-94d20000 rwxp 9485b000 00:00 0 
94d20000-94e02000 rwxp 00d67000 fd:00 1313913    /opt/java/jdk1.6.0_38/jre/lib/i386/client/classes.jsa
94e02000-95120000 rwxp 94e02000 00:00 0 
95120000-95128000 r-xs 00e49000 fd:00 1313913    /opt/java/jdk1.6.0_38/jre/lib/i386/client/classes.jsa
95128000-95520000 rwxp 95128000 00:00 0 
b1a00000-b1a31000 rwxp b1a00000 00:00 0 
b1a31000-b1b00000 --xp b1a31000 00:00 0 
b1c00000-b1cfc000 rwxp b1c00000 00:00 0 
b1cfc000-b1d00000 --xp b1cfc000 00:00 0 
b1d00000-b1dfc000 rwxp b1d00000 00:00 0 
b1dfc000-b1e00000 --xp b1dfc000 00:00 0 
b1e00000-b1efa000 rwxp b1e00000 00:00 0 
b1efa000-b1f00000 --xp b1efa000 00:00 0 
b1f31000-b1f4d000 r-xs 0011e000 fd:00 2854040    /soft/eclipse/eclipse2/plugins/org.eclipse.cdt.dsf.ui_2.2.1.201202111925.jar
b1f4d000-b20aa000 r-xp 00000000 fd:00 2034203    /usr/share/icons/hicolor/icon-theme.cache
b20aa000-b269b000 r-xp 00000000 fd:00 2135547    /usr/share/icons/gnome/icon-theme.cache
b269b000-b3400000 r-xp 00000000 fd:00 2072709    /usr/share/icons/Bluecurve/icon-theme.cache
b3400000-b34fe000 rwxp b3400000 00:00 0 
b34fe000-b3500000 --xp b34fe000 00:00 0 
b3502000-b3530000 r-xp 00000000 fd:00 2033515    /usr/share/fonts/dejavu-lgc/DejaVuLGCSansMono-Oblique.ttf
b3530000-b353c000 r-xs 00079000 fd:00 2853752    /soft/eclipse/eclipse2/plugins/org.eclipse.cdt.debug.mi.core_7.1.1.201202111925.jar
b353c000-b3545000 r-xs 00042000 fd:00 2854030    /soft/eclipse/eclipse2/plugins/org.eclipse.cdt.dsf_2.2.0.201202111925.jar
b3545000-b355e000 r-xs 00115000 fd:00 2852876    /soft/eclipse/eclipse2/plugins/org.eclipse.cdt.dsf.gdb_4.0.2.201202111925.jar
b355e000-b3597000 r-xp 00000000 fd:00 2033513    /usr/share/fonts/dejavu-lgc/DejaVuLGCSansMono-Bold.ttf
b3597000-b3600000 r-xp 00000000 fd:00 2033504    /usr/share/fonts/dejavu-lgc/DejaVuLGCSans-Bold.ttf
b3600000-b3700000 rwxp b3600000 00:00 0 
b370b000-b3716000 r-xs 0006c000 fd:00 2853893    /soft/eclipse/eclipse2/plugins/org.eclipse.cdt.dsf.gdb.ui_2.2.1.201202111925.jar
b3716000-b3750000 r-xp 00000000 fd:00 2033516    /usr/share/fonts/dejavu-lgc/DejaVuLGCSansMono.ttf
b3750000-b375e000 r-xp 00000000 fd:00 2001805    /usr/share/icons/Clearlooks/icon-theme.cache
b375e000-b3790000 r-xs 00244000 fd:00 2853901    /soft/eclipse/eclipse2/plugins/org.eclipse.debug.ui_3.7.102.v20111129-1423_r372.jar
b3792000-b3799000 r-xs 00047000 fd:00 2853767    /soft/eclipse/eclipse2/plugins/org.tigris.subversion.subclipse.core_1.8.9.jar
b3799000-b3800000 r-xp 00000000 fd:00 2033507    /usr/share/fonts/dejavu-lgc/DejaVuLGCSans-Oblique.ttf
b3800000-b38fc000 rwxp b3800000 00:00 0 
b38fc000-b3900000 --xp b38fc000 00:00 0 
b3903000-b3908000 r-xp 00000000 fd:00 1646618    /usr/share/locale/zh_CN/LC_MESSAGES/glib20.mo
b3908000-b3918000 r-xs 00111000 fd:00 2853897    /soft/eclipse/eclipse2/plugins/org.eclipse.cdt.managedbuilder.core_8.0.2.201202111925.jar
b391a000-b3926000 r-xs 00072000 fd:00 2854122    /soft/eclipse/eclipse2/plugins/org.eclipse.cdt.debug.core_7.1.0.201202111925.jar
b3926000-b3930000 r-xs 00088000 fd:00 2854048    /soft/eclipse/eclipse2/plugins/org.eclipse.update.core_3.2.500.v20110330.jar
b3930000-b3958000 r-xs 001ce000 fd:00 2853944    /soft/eclipse/eclipse2/plugins/org.tigris.subversion.subclipse.ui_1.8.9.jar
b3958000-b3982000 r-xs 0043b000 fd:00 2854123    /soft/eclipse/eclipse2/plugins/org.eclipse.jdt.core_3.7.3.v20120119-1537.jar
b3982000-b398b000 r-xs 0005a000 fd:00 2852879    /soft/eclipse/eclipse2/plugins/org.eclipse.ui.navigator_3.5.101.v20120106-1355.jar
b398c000-b3995000 r-xs 00060000 fd:00 2853866    /soft/eclipse/eclipse2/plugins/org.eclipse.cdt.managedbuilder.ui_8.0.2.201202111925.jar
b3995000-b3999000 r-xs 0001a000 fd:00 2854011    /soft/eclipse/eclipse2/plugins/org.eclipse.ui.navigator.resources_3.4.300.v20110928-1505.jar
b3999000-b3a2e000 r-xs 00929000 fd:00 2853874    /soft/eclipse/eclipse2/plugins/org.eclipse.jdt.ui_3.7.2.v20120109-1427.jar
b3a31000-b3a4a000 r-xs 000ed000 fd:00 2854108    /soft/eclipse/eclipse2/plugins/org.eclipse.cdt.debug.ui_7.1.2.201202111925.jar
b3a4a000-b3a64000 r-xs 0016d000 fd:00 2853938    /soft/eclipse/eclipse2/plugins/org.eclipse.jgit_1.3.0.201202151440-r.jar
b3a64000-b3a6b000 r-xs 00048000 fd:00 2854070    /soft/eclipse/eclipse2/plugins/org.eclipse.ltk.core.refactoring_3.5.201.r372_v20111101-0700.jar
b3a6d000-b3a71000 r-xs 0001e000 fd:00 2853911    /soft/eclipse/eclipse2/plugins/org.eclipse.ui.externaltools_3.2.0.v20111007_r372.jar
b3a71000-b3a75000 r-xs 00018000 fd:00 2854014    /soft/eclipse/eclipse2/plugins/org.eclipse.cdt.codan.ui_2.0.1.201202111925.jar
b3a75000-b3a83000 r-xs 000a6000 fd:00 2853939    /soft/eclipse/eclipse2/plugins/org.eclipse.compare_3.5.202.R37x_v20111109-0800.jar
b3a83000-b3a96000 r-xs 000dd000 fd:00 2853754    /soft/eclipse/eclipse2/plugins/org.eclipse.jface.text_3.7.2.v20111213-1208.jar
b3a96000-b3aed000 r-xs 004b4000 fd:00 2853861    /soft/eclipse/eclipse2/plugins/org.eclipse.cdt.ui_5.3.2.201202111925.jar
b3aed000-b3af7000 r-xs 00069000 fd:00 2853906    /soft/eclipse/eclipse2/plugins/org.eclipse.search_3.7.0.v20110928-1504.jar
b3af7000-b3b01000 r-xs 00085000 fd:00 2854085    /soft/eclipse/eclipse2/plugins/org.eclipse.team.cvs.core_3.3.400.I20110510-0800.jar
b3b01000-b3b0d000 r-xs 00083000 fd:00 2854010    /soft/eclipse/eclipse2/plugins/org.eclipse.ui.workbench.texteditor_3.7.0.v20110928-1504.jar
b3b14000-b3b18000 r-xs 0001b000 fd:00 2853786    /soft/eclipse/eclipse2/plugins/org.tigris.subversion.subclipse.graph_1.1.1.jar
b3b18000-b3b22000 r-xs 00058000 fd:00 2853744    /soft/eclipse/eclipse2/plugins/org.eclipse.mylyn.commons.ui_3.6.1.v20110720-0100.jar
b3b22000-b3b29000 r-xs 00095000 fd:00 1310827    /opt/java/jdk1.6.0_38/jre/lib/jsse.jar
b3b2a000-b3b2f000 r-xs 00038000 fd:00 2854021    /soft/eclipse/eclipse2/plugins/org.eclipse.text_3.5.101.v20110928-1504.jar
b3b2f000-b3b35000 r-xs 00044000 fd:00 2853950    /soft/eclipse/eclipse2/plugins/org.eclipse.ui.forms_3.5.101.v20111011-1919.jar
b3b35000-b3b37000 r-xs 0000b000 fd:00 2853978    /soft/eclipse/eclipse2/plugins/org.eclipse.mylyn.monitor.ui_3.6.0.v20110608-1400.jar
b3b39000-b3b3c000 r-xs 00013000 fd:00 1310837    /opt/java/jdk1.6.0_38/jre/lib/jce.jar
b3b40000-b3b42000 r-xs 00010000 fd:00 2853863    /soft/eclipse/eclipse2/plugins/org.eclipse.core.runtime_3.7.0.v20110110.jar
b3b42000-b3b4b000 r-xs 0005b000 fd:00 2854066    /soft/eclipse/eclipse2/plugins/org.eclipse.mylyn.tasks.core_3.6.1.v20120201-0100.jar
b3b4b000-b3b6c000 r-xs 00178000 fd:00 2852880    /soft/eclipse/eclipse2/plugins/org.eclipse.mylyn.tasks.ui_3.6.5.v20120215-0100.jar
b3b6c000-b3b6f000 rwxs 00000000 00:09 10354706   /SYSV00000000 (deleted)
b3b6f000-b3b78000 r-xs 0005e000 fd:00 2854043    /soft/eclipse/eclipse2/plugins/org.eclipse.cdt.make.core_7.1.2.201202111925.jar
b3b78000-b3b84000 r-xs 00081000 fd:00 2854026    /soft/eclipse/eclipse2/plugins/org.eclipse.ui.editors_3.7.0.v20110928-1504.jar
b3b84000-b3b8b000 r-xs 00038000 fd:00 2854073    /soft/eclipse/eclipse2/plugins/org.eclipse.mylyn.context.ui_3.6.1.v20120112-0100.jar
b3b91000-b3b94000 r-xs 00014000 fd:00 2853972    /soft/eclipse/eclipse2/plugins/org.eclipse.core.jobs_3.5.101.v20120113-1953.jar
b3b94000-b3b98000 r-xs 00033000 fd:00 2853964    /soft/eclipse/eclipse2/plugins/org.eclipse.cdt.launch_7.0.0.201202111925.jar
b3b98000-b3b9b000 r-xs 00014000 fd:00 2853968    /soft/eclipse/eclipse2/plugins/org.eclipse.core.contenttype_3.4.100.v20110423-0524.jar
b3b9b000-b3b9f000 r-xs 00010000 fd:00 2854038    /soft/eclipse/eclipse2/plugins/org.tigris.subversion.subclipse.tools.usage_1.1.0.jar
b3ba4000-b3ba8000 r-xs 00047000 fd:00 2853973    /soft/eclipse/eclipse2/plugins/org.eclipse.jdt.launching_3.6.1.v20111006_r372.jar
b3bab000-b3bb1000 r-xs 00039000 fd:00 2853955    /soft/eclipse/eclipse2/plugins/org.eclipse.epp.mpc.ui_1.1.1.I20110907-0947.jar
b3bb3000-b3bb7000 r-xs 0001b000 fd:00 2854058    /soft/eclipse/eclipse2/plugins/org.eclipse.mylyn.team.ui_3.6.1.v20110825-0100.jar
b3bb7000-b3bd2000 r-xs 00145000 fd:00 2854006    /soft/eclipse/eclipse2/plugins/org.eclipse.team.ui_3.6.101.R37x_v20111109-0800.jar
b3bd3000-b3bf0000 r-xs 0017c000 fd:00 2854092    /soft/eclipse/eclipse2/plugins/org.eclipse.team.cvs.ui_3.3.401.v20120126-1227.jar
b3bf4000-b3bf6000 r-xs 00003000 fd:00 2853991    /soft/eclipse/eclipse2/plugins/org.eclipse.cdt.msw.build_1.0.0.201202111925.jar
b3bf6000-b3bf8000 r-xs 00007000 fd:00 2853772    /soft/eclipse/eclipse2/plugins/org.eclipse.core.variables_3.2.500.v20110928-1503.jar
b3bf8000-b3bfc000 r-xs 00017000 fd:00 2853775    /soft/eclipse/eclipse2/plugins/org.eclipse.core.commands_3.6.0.I20110111-0800.jar
b3bfc000-b3c00000 r-xs 00025000 fd:00 2853914    /soft/eclipse/eclipse2/plugins/org.tigris.subversion.clientadapter.javahl_1.7.4.1.jar
b3c00000-b3cfc000 rwxp b3c00000 00:00 0 
b3cfc000-b3d00000 --xp b3cfc000 00:00 0 
b3d00000-b3d0a000 r-xs 00067000 fd:00 2853904    /soft/eclipse/eclipse2/plugins/org.eclipse.cdt.make.ui_7.1.2.201202111925.jar
b3d0a000-b3d0c000 r-xs 00009000 fd:00 2853896    /soft/eclipse/eclipse2/plugins/org.eclipse.cdt.codan.core.cxx_1.0.0.201202111925.jar
b3d0c000-b3d10000 r-xs 0001d000 fd:00 2854086    /soft/eclipse/eclipse2/plugins/org.eclipse.cdt.codan.core_2.0.0.201202111925.jar
b3d10000-b3d37000 r-xs 001dd000 fd:00 2854041    /soft/eclipse/eclipse2/plugins/org.eclipse.egit.ui_1.3.0.201202151440-r.jar
b3d37000-b3d41000 r-xs 00065000 fd:00 2854118    /soft/eclipse/eclipse2/plugins/org.eclipse.ltk.ui.refactoring_3.6.0.v20110928-1453.jar
b3d42000-b3d47000 r-xs 00021000 fd:00 2853890    /soft/eclipse/eclipse2/plugins/org.eclipse.ui_3.7.0.v20110928-1505.jar
b3d49000-b3d4d000 r-xs 0003b000 fd:00 2853958    /soft/eclipse/eclipse2/plugins/org.eclipse.help_3.5.100.v20110426.jar
b3d4d000-b3d50000 r-xs 00019000 fd:00 2854035    /soft/eclipse/eclipse2/plugins/org.eclipse.linuxtools.cdt.autotools.core_1.0.2.201202152032.jar
b3d50000-b3d52000 r-xs 00003000 fd:00 2853933    /soft/eclipse/eclipse2/plugins/org.tigris.subversion.subclipse.mylyn_3.0.0.jar
b3d52000-b3d55000 r-xs 00012000 fd:00 2854068    /soft/eclipse/eclipse2/plugins/org.tigris.subversion.clientadapter_1.8.2.jar
b3d55000-b3d57000 r-xs 00003000 fd:00 2854032    /soft/eclipse/eclipse2/plugins/org.eclipse.cdt.core.linux.x86_5.2.0.201202111925.jar
b3d57000-b3d58000 r-xs 00002000 fd:00 2853971    /soft/eclipse/eclipse2/plugins/org.eclipse.cdt.core.linux_5.2.0.201202111925.jar
b3d58000-b3da1000 r-xs 0040a000 fd:00 2854117    /soft/eclipse/eclipse2/plugins/org.eclipse.cdt.core_5.3.2.201202111925.jar
b3da3000-b3dac000 r-xs 00058000 fd:00 2853771    /soft/eclipse/eclipse2/plugins/org.eclipse.team.core_3.6.0.I20110525-0800.jar
b3dac000-b3db1000 r-xs 00044000 fd:00 2854053    /soft/eclipse/eclipse2/plugins/org.eclipse.egit.core_1.3.0.201202151440-r.jar
b3db1000-b3db5000 r-xs 00021000 fd:00 2854056    /soft/eclipse/eclipse2/plugins/org.eclipse.cdt.debug.mi.ui_6.1.1.201202111925.jar
b3db5000-b3db8000 r-xs 00019000 fd:00 2854052    /soft/eclipse/eclipse2/plugins/org.eclipse.equinox.preferences_3.4.2.v20120111-2020.jar
b3db8000-b3dba000 r-xs 00004000 fd:00 2853759    /soft/eclipse/eclipse2/plugins/org.eclipse.mylyn.team.cvs_3.6.0.v20110608-1400.jar
b3dba000-b3dbd000 r-xs 00019000 fd:00 2854109    /soft/eclipse/eclipse2/plugins/org.eclipse.mylyn.context.core_3.6.1.v20110720-0100.jar
b3dbd000-b3e2a000 r-xp 00000000 fd:00 2033508    /usr/share/fonts/dejavu-lgc/DejaVuLGCSans.ttf
b3e2a000-b51d4000 r-xp 00000000 fd:00 2073092    /usr/share/fonts/chinese/TrueType/uming.ttf
b51d4000-b51d8000 r-xs 00000000 fd:00 197455     /var/cache/fontconfig/177aa5f8e4784b879645141d1d73ae7a-x86.cache-2
b51d8000-b51da000 r-xs 00000000 fd:00 197167     /var/cache/fontconfig/87f5e051180a7a75f16eb6fe7dbd3749-x86.cache-2
b51da000-b51e0000 r-xs 00000000 fd:00 197169     /var/cache/fontconfig/b79f3aaa7d385a141ab53ec885cc22a8-x86.cache-2
b51e0000-b51e4000 r-xs 00000000 fd:00 197645     /var/cache/fontconfig/a3ef620b97f3ad86e0ccce6d4afaa4cc-x86.cache-2
b51e4000-b51e7000 r-xs 00000000 fd:00 196973     /var/cache/fontconfig/b67b32625a2bb51b023d3814a918f351-x86.cache-2
b51e7000-b51ed000 r-xs 00000000 fd:00 196975     /var/cache/fontconfig/7ddba6133ef499da58de5e8c586d3b75-x86.cache-2
b51ed000-b51ef000 r-xs 00000000 fd:00 196661     /var/cache/fontconfig/e3ead4b767b8819993a6fa3ae306afa9-x86.cache-2
b51ef000-b51f7000 r-xs 00000000 fd:00 196972     /var/cache/fontconfig/e19de935dec46bbf3ed114ee4965548a-x86.cache-2
b51f8000-b5200000 r-xs 0004d000 fd:00 2854037    /soft/eclipse/eclipse2/plugins/org.eclipse.debug.core_3.7.1.v20111129-2031.jar
b5200000-b52f7000 rwxp b5200000 00:00 0 
b52f7000-b5300000 --xp b52f7000 00:00 0 
b5300000-b53fe000 rwxp b5300000 00:00 0 
b53fe000-b5400000 --xp b53fe000 00:00 0 
b5400000-b5405000 r-xs 00000000 fd:00 197170     /var/cache/fontconfig/beeeeb3dfe132a8a0633a017c99ce0c0-x86.cache-2
b5405000-b5406000 r-xs 00007000 fd:00 2853969    /soft/eclipse/eclipse2/plugins/org.eclipse.update.scheduler_3.2.300.v20100512.jar
b5406000-b540e000 r-xs 00115000 fd:00 1310883    /opt/java/jdk1.6.0_38/jre/lib/resources.jar
b540e000-b5411000 r-xs 00013000 fd:00 2853735    /soft/eclipse/eclipse2/plugins/org.eclipse.jdt.core.manipulation_1.4.0.v20110928-1453.jar
b5411000-b5413000 r-xs 00006000 fd:00 2853758    /soft/eclipse/eclipse2/plugins/org.eclipse.cdt.codan.checkers.ui_1.0.0.201202111925.jar
b5413000-b541f000 r-xs 000ba000 fd:00 2854113    /soft/eclipse/eclipse2/plugins/org.eclipse.core.resources_3.7.101.v20120125-1505.jar
b541f000-b5447000 r-xs 00214000 fd:00 2853765    /soft/eclipse/eclipse2/plugins/org.eclipse.ui.ide_3.7.0.v20110928-1505.jar
b5447000-b54a7000 rwxs 00000000 00:09 10321937   /SYSV00000000 (deleted)
b54a9000-b54ab000 r-xs 0000a000 fd:00 2853921    /soft/eclipse/eclipse2/plugins/org.eclipse.epp.usagedata.recording_1.3.1.R201106061540.jar
b54ab000-b54ae000 r-xs 00019000 fd:00 2853981    /soft/eclipse/eclipse2/plugins/org.eclipse.core.filebuffers_3.5.200.v20110928-1504.jar
b54ae000-b54b0000 r-xs 0000e000 fd:00 2854017    /soft/eclipse/eclipse2/plugins/org.eclipse.mylyn.resources.ui_3.6.0.v20110608-1400.jar
b54b0000-b54ec000 r-xs 00629000 fd:00 2854046    /soft/eclipse/eclipse2/plugins/com.ibm.icu_4.4.2.v20110823.jar
b54ec000-b5500000 r-xs 0021f000 fd:00 2854072    /soft/eclipse/eclipse2/plugins/org.eclipse.swt.gtk.linux.x86_3.7.2.v3740f.jar
b5500000-b5600000 rwxp b5500000 00:00 0 
b5601000-b5602000 r-xs 00004000 fd:00 2852878    /soft/eclipse/eclipse2/plugins/org.eclipse.swt_3.7.2.v3740f.jar
b5602000-b5616000 r-xs 000f3000 fd:00 2853782    /soft/eclipse/eclipse2/plugins/org.eclipse.jface_3.7.0.v20110928-1505.jar
b5616000-b5618000 r-xs 00001000 fd:00 2883766    /soft/eclipse/eclipse2/plugins/org.eclipse.ui.workbench.compatibility_3.2.100.I20110413-1600/compatibility.jar
b5618000-b565f000 r-xs 003b3000 fd:00 2853929    /soft/eclipse/eclipse2/plugins/org.eclipse.ui.workbench_3.7.1.v20120104-1859.jar
b565f000-b5661000 r-xs 00001000 fd:00 2853975    /soft/eclipse/eclipse2/plugins/org.eclipse.update.core.linux_3.2.200.v20100512.jar
b5661000-b5663000 r-xs 0000e000 fd:00 2853940    /soft/eclipse/eclipse2/plugins/org.eclipse.compare.core_3.5.200.I20110208-0800.jar
b5663000-b5667000 r-xs 00024000 fd:00 2853942    /soft/eclipse/eclipse2/plugins/org.eclipse.ui.console_3.5.100.v20111007_r372.jar
b5667000-b5669000 r-xs 0000b000 fd:00 2854002    /soft/eclipse/eclipse2/plugins/org.eclipse.core.filesystem_1.3.100.v20110423-0524.jar
b566c000-b566e000 r-xs 00004000 fd:00 2853909    /soft/eclipse/eclipse2/plugins/org.eclipse.cdt.codan.ui.cxx_2.0.0.201202111925.jar
b566e000-b5670000 r-xs 00008000 fd:00 2853932    /soft/eclipse/eclipse2/plugins/org.eclipse.mylyn.commons.core_3.6.0.v20110608-1400.jar
b5670000-b5672000 r-xs 00008000 fd:00 2853967    /soft/eclipse/eclipse2/plugins/org.eclipse.epp.usagedata.gathering_1.3.1.R201106061540.jar
b5672000-b5676000 r-xs 00029000 fd:00 2854083    /soft/eclipse/eclipse2/plugins/org.eclipse.equinox.registry_3.5.101.R37x_v20110810-1611.jar
b5676000-b5678000 r-xs 00011000 fd:00 2853741    /soft/eclipse/eclipse2/plugins/org.eclipse.equinox.util_1.0.300.v20110502.jar
b5678000-b567a000 r-xs 00010000 fd:00 2854100    /soft/eclipse/eclipse2/plugins/org.eclipse.cdt.mylyn.ui_3.6.0.v20110608-1400.jar
b567c000-b567e000 r-xs 00008000 fd:00 2853945    /soft/eclipse/eclipse2/plugins/org.eclipse.core.externaltools_1.0.100.v20111007_r372.jar
b567e000-b567f000 r-xs 00002000 fd:00 2853734    /soft/eclipse/eclipse2/plugins/org.eclipse.core.filesystem.linux.x86_1.4.0.v20110423-0524.jar
b567f000-b5681000 r-xs 00008000 fd:00 2854065    /soft/eclipse/eclipse2/plugins/org.eclipse.mylyn.monitor.core_3.6.0.v20110608-1400.jar
b5681000-b5683000 r-xs 00018000 fd:00 2853776    /soft/eclipse/eclipse2/plugins/org.eclipse.equinox.common_3.6.0.v20110523.jar
b5683000-b5697000 r-xs 0013a000 fd:00 2854111    /soft/eclipse/eclipse2/plugins/org.eclipse.osgi_3.7.2.v20120110-1415.jar
b5697000-b56cb000 rwxp b5697000 00:00 0 
b56cb000-b5863000 r-xs 03083000 fd:00 1313910    /opt/java/jdk1.6.0_38/jre/lib/rt.jar
b5863000-b588c000 rwxp b5863000 00:00 0 
b588c000-b58eb000 rwxp b588c000 00:00 0 
b58eb000-b5919000 rwxp b58eb000 00:00 0 
b5919000-b596c000 rwxp b5919000 00:00 0 
b596c000-b5983000 rwxp b596c000 00:00 0 
b5983000-b59ac000 rwxp b5983000 00:00 0 
b59ac000-b59da000 rwxp b59ac000 00:00 0 
b59da000-b5a2c000 rwxp b59da000 00:00 0 
b5a2c000-b5a4e000 rwxp b5a2c000 00:00 0 
b5a4e000-b5aac000 rwxp b5a4e000 00:00 0 
b5aac000-b5afe000 rwxp b5aac000 00:00 0 
b5afe000-b5b38000 rwxp b5afe000 00:00 0 
b5b38000-b6c98000 rwxp b5b38000 00:00 0 
b6c98000-b7b38000 rwxp b6c98000 00:00 0 
b7b38000-b7b40000 rwxs 00000000 fd:00 4358271    /tmp/hsperfdata_root/414
b7b40000-b7b41000 rwxp b7b40000 00:00 0 
b7b41000-b7b42000 r-xp b7b41000 00:00 0 
b7b42000-b7ba2000 rwxs 00000000 00:09 10289168   /SYSV00000000 (deleted)
b7ba2000-b7c05000 rwxp b7ba2000 00:00 0 
b7c05000-b7c06000 r-xs 00002000 fd:00 2883653    /soft/eclipse/eclipse2/plugins/org.eclipse.core.runtime.compatibility.registry_3.5.0.v20110505/runtime_registry_compatibility.jar
b7c06000-b7c18000 r-xp 00000000 fd:00 1642575    /usr/share/locale/zh_CN/LC_MESSAGES/libc.mo
b7c18000-b7c33000 r-xp 00000000 fd:00 1772757    /usr/share/locale/zh_CN/LC_MESSAGES/gtk20-properties.mo
b7c33000-b7c3a000 r-xs 00000000 fd:00 1737475    /usr/lib/gconv/gconv-modules.cache
b7c3a000-b7c49000 r-xp 00000000 fd:00 1772780    /usr/share/locale/zh_CN/LC_MESSAGES/gtk20.mo
b7c49000-b7c86000 r-xp 00434000 fd:00 1651724    /usr/lib/locale/locale-archive
b7c86000-b7d5e000 r-xp 00299000 fd:00 1651724    /usr/lib/locale/locale-archive
b7d5e000-b7f5e000 r-xp 00000000 fd:00 1651724    /usr/lib/locale/locale-archive
b7f5e000-b7f5f000 rwxp b7f5e000 00:00 0 
b7f5f000-b7f61000 r-xs 0000a000 fd:00 2853766    /soft/eclipse/eclipse2/plugins/org.eclipse.cdt.managedbuilder.gnu.ui_8.0.2.201202111925.jar
b7f61000-b7f64000 r-xs 000cc000 fd:00 1311561    /opt/java/jdk1.6.0_38/jre/lib/ext/localedata.jar
b7f64000-b7f65000 r-xs 0000b000 fd:00 2853854    /soft/eclipse/eclipse2/plugins/org.eclipse.equinox.launcher_1.2.0.v20110502.jar
b7f65000-b7f6c000 rwxp b7f65000 00:00 0 
bf856000-bf859000 --xp bf856000 00:00 0 
bf85a000-bf8a6000 rwxp bffb1000 00:00 0          [stack]
bf8a7000-bf8a7000 rw-p bfffe000 00:00 0 

VM Arguments:
jvm_args: -Dosgi.requiredJavaVersion=1.5 -XX:MaxPermSize=256m -Xms40m -Xmx384m 
java_command: <unknown>
Launcher Type: generic

Environment Variables:
JAVA_HOME=/usr/java/jre1.6.0_24
CLASSPATH=.:/opt/java/jdk1.6.0_38/lib:
PATH=/opt/ant/apache-ant-1.8.4/bin:/opt/java/jdk1.6.0_38/:/usr/kerberos/sbin:/usr/kerberos/bin:/usr/local/sbin:/usr/local/bin:/sbin:/bin:/usr/sbin:/usr/bin:/usr/X11R6/bin:/opt/hadoop/hadoop-1.0.4/bin:/opt/hadoop/zookeeper/zookeeper-3.4.5/bin:/opt/hadoop/zookeeper/zookeeper-3.4.5/conf:/root/bin
LD_LIBRARY_PATH=/opt/java/jdk1.6.0_38/jre/lib/i386/client:/opt/java/jdk1.6.0_38/jre/lib/i386:
SHELL=/bin/bash
DISPLAY=:0.0

Signal Handlers:
SIGSEGV: [libjvm.so+0x46bc30], sa_mask[0]=0x7ffbfeff, sa_flags=0x10000004
SIGBUS: [libjvm.so+0x46bc30], sa_mask[0]=0x7ffbfeff, sa_flags=0x10000004
SIGFPE: [libjvm.so+0x38ccf0], sa_mask[0]=0x7ffbfeff, sa_flags=0x10000004
SIGPIPE: SIG_IGN, sa_mask[0]=0x00001000, sa_flags=0x10000000
SIGXFSZ: [libjvm.so+0x38ccf0], sa_mask[0]=0x7ffbfeff, sa_flags=0x10000004
SIGILL: [libjvm.so+0x38ccf0], sa_mask[0]=0x7ffbfeff, sa_flags=0x10000004
SIGUSR1: SIG_DFL, sa_mask[0]=0x00000000, sa_flags=0x00000000
SIGUSR2: [libjvm.so+0x38ff50], sa_mask[0]=0x00000000, sa_flags=0x10000004
SIGHUP: [libjvm.so+0x38fb30], sa_mask[0]=0x7ffbfeff, sa_flags=0x10000004
SIGINT: [libjvm.so+0x38fb30], sa_mask[0]=0x7ffbfeff, sa_flags=0x10000004
SIGTERM: [libjvm.so+0x38fb30], sa_mask[0]=0x7ffbfeff, sa_flags=0x10000004
SIGQUIT: [libjvm.so+0x38fb30], sa_mask[0]=0x7ffbfeff, sa_flags=0x10000004


---------------  S Y S T E M  ---------------

OS:CentOS release 5.5 (Final)

uname:Linux 2.6.18-194.32.1.el5 #1 SMP Wed Jan 5 17:53:09 EST 2011 i686
libc:glibc 2.5 NPTL 2.5 
rlimit: STACK 10240k, CORE 0k, NPROC 16384, NOFILE 1024, AS infinity
load average:0.25 0.27 0.20

/proc/meminfo:
MemTotal:      1035060 kB
MemFree:         19380 kB
Buffers:         19368 kB
Cached:         259388 kB
SwapCached:      31180 kB
Active:         873512 kB
Inactive:        88924 kB
HighTotal:      131008 kB
HighFree:          260 kB
LowTotal:       904052 kB
LowFree:         19120 kB
SwapTotal:     1048568 kB
SwapFree:       935376 kB
Dirty:             268 kB
Writeback:           0 kB
AnonPages:      681248 kB
Mapped:          94252 kB
Slab:            39000 kB
PageTables:       5588 kB
NFS_Unstable:        0 kB
Bounce:              0 kB
CommitLimit:   1566096 kB
Committed_AS:  1388144 kB
VmallocTotal:   114680 kB
VmallocUsed:      4972 kB
VmallocChunk:   109368 kB
HugePages_Total:     0
HugePages_Free:      0
HugePages_Rsvd:      0
Hugepagesize:     4096 kB


CPU:total 2 (1 cores per cpu, 1 threads per core) family 6 model 23 stepping 10, cmov, cx8, fxsr, mmx, sse, sse2, sse3, ssse3, sse4.1

/proc/cpuinfo:
processor	: 0
vendor_id	: GenuineIntel
cpu family	: 6
model		: 23
model name	: Intel(R) Core(TM)2 Duo CPU     E7500  @ 2.93GHz
stepping	: 10
cpu MHz		: 2933.330
cache size	: 3072 KB
fdiv_bug	: no
hlt_bug		: no
f00f_bug	: no
coma_bug	: no
fpu		: yes
fpu_exception	: yes
cpuid level	: 13
wp		: yes
flags		: fpu vme de pse tsc msr pae mce cx8 apic mtrr pge mca cmov pat pse36 clflush dts acpi mmx fxsr sse sse2 ss nx lm constant_tsc pni ssse3 cx16 sse4_1 lahf_lm
bogomips	: 5866.66

processor	: 1
vendor_id	: GenuineIntel
cpu family	: 6
model		: 23
model name	: Intel(R) Core(TM)2 Duo CPU     E7500  @ 2.93GHz
stepping	: 10
cpu MHz		: 2933.330
cache size	: 3072 KB
fdiv_bug	: no
hlt_bug		: no
f00f_bug	: no
coma_bug	: no
fpu		: yes
fpu_exception	: yes
cpuid level	: 13
wp		: yes
flags		: fpu vme de pse tsc msr pae mce cx8 apic mtrr pge mca cmov pat pse36 clflush dts acpi mmx fxsr sse sse2 ss nx lm constant_tsc pni ssse3 cx16 sse4_1 lahf_lm
bogomips	: 7428.75



Memory: 4k page, physical 1035060k(19380k free), swap 1048568k(935376k free)

vm_info: Java HotSpot(TM) Client VM (20.13-b02) for linux-x86 JRE (1.6.0_38-b05), built on Nov 14 2012 02:13:49 by "java_re" with gcc 3.2.1-7a (J2SE release)

time: Mon Apr 15 08:58:04 2013
elapsed time: 82113 seconds

