
**** Clean-only build of configuration Debug for project kf1304_master ****

make clean 
rm -rf  ./src/GlobalHelper.o ./src/StringHelper.o ./src/TextLogger.o ./src/kf1304_master.o ./src/master.o ./src/slaver.o  ./src/GlobalHelper.d ./src/StringHelper.d ./src/TextLogger.d ./src/kf1304_master.d ./src/master.d ./src/slaver.d  kf1304_master
 

**** Build Finished ****

**** Build of configuration Debug for project kf1304_master ****

make all 
Building file: ../src/GlobalHelper.cpp
Invoking: GCC C++ Compiler
g++ -O0 -g3 -Wall -c -fmessage-length=0 -MMD -MP -MF"src/GlobalHelper.d" -MT"src/GlobalHelper.d" -o "src/GlobalHelper.o" "../src/GlobalHelper.cpp"
Finished building: ../src/GlobalHelper.cpp
 
Building file: ../src/StringHelper.cpp
Invoking: GCC C++ Compiler
g++ -O0 -g3 -Wall -c -fmessage-length=0 -MMD -MP -MF"src/StringHelper.d" -MT"src/StringHelper.d" -o "src/StringHelper.o" "../src/StringHelper.cpp"
Finished building: ../src/StringHelper.cpp
 
Building file: ../src/TextLogger.cpp
Invoking: GCC C++ Compiler
g++ -O0 -g3 -Wall -c -fmessage-length=0 -MMD -MP -MF"src/TextLogger.d" -MT"src/TextLogger.d" -o "src/TextLogger.o" "../src/TextLogger.cpp"
Finished building: ../src/TextLogger.cpp
 
Building file: ../src/kf1304_master.cpp
Invoking: GCC C++ Compiler
g++ -O0 -g3 -Wall -c -fmessage-length=0 -MMD -MP -MF"src/kf1304_master.d" -MT"src/kf1304_master.d" -o "src/kf1304_master.o" "../src/kf1304_master.cpp"
Finished building: ../src/kf1304_master.cpp
 
Building file: ../src/master.cpp
Invoking: GCC C++ Compiler
g++ -O0 -g3 -Wall -c -fmessage-length=0 -MMD -MP -MF"src/master.d" -MT"src/master.d" -o "src/master.o" "../src/master.cpp"
Finished building: ../src/master.cpp
 
Building file: ../src/slaver.cpp
Invoking: GCC C++ Compiler
g++ -O0 -g3 -Wall -c -fmessage-length=0 -MMD -MP -MF"src/slaver.d" -MT"src/slaver.d" -o "src/slaver.o" "../src/slaver.cpp"
Finished building: ../src/slaver.cpp
 
Building target: kf1304_master
Invoking: GCC C++ Linker
g++  -o "kf1304_master"  ./src/GlobalHelper.o ./src/StringHelper.o ./src/TextLogger.o ./src/kf1304_master.o ./src/master.o ./src/slaver.o   
Finished building target: kf1304_master
 

**** Build Finished ****

**** Build of configuration Debug for project kf1304_master ****

make all 
make: Nothing to be done for `all'.

**** Build Finished ****
