0 0.255712 24614
1 0.96402 20402
0 0.219702 36921
1 0.111749 40804
0 0.171083 49228
1 0.52407 61206
0 0.224048 61535
1 0.78675 81608
0 0.270998 73842
1 0.90531 102010
0 0.242185 86149
1 0.45835 122412
0 0.249286 98456
1 0.54717 142814
0 0.229819 110763
1 0.57465 163216
0 0.216543 123070
1 0.67159 183618
0 0.218747 135377
1 0.40672 204020
0 0.210498 147684
1 0.49072 224422
0 0.224617 159991
1 0.44177 244824
0 0.229951 172298
1 0.56528 265226
0 0.268952 184605
1 0.69202 285628
0 0.218531 196912
1 0.50773 306030
0 0.215530 209219
1 0.59622 326432
0 5.154722 12307
