0 0.556438
1 0.257108
2 0.459597
3 0.371429
4 0.288614
5 0.127947
6 0.238603
7 0.214636
8 0.156906
9 0.222011
10 0.176844
11 0.163654
12 0.249177
13 0.211481
14 0.171967
15 0.157499
16 0.212766
17 0.245869
18 0.140614
19 0.277760
20 0.446657
21 0.215812
22 0.348259
23 0.655337
24 0.320367
25 0.315839
26 0.217213
27 0.235498
28 0.243731
29 0.464017
30 0.234124
31 0.201783
32 0.279931
33 0.707933
34 0.173546
35 0.214750
36 0.719216
37 0.218529
38 0.306307
39 0.200016
40 0.208927
41 0.158666
42 0.271984
43 0.166381
44 0.188380
45 0.194385
46 0.189503
47 0.133080
48 0.90196
49 0.181028
0 0.270627
1 0.299838
2 0.485060
3 0.195467
4 0.333820
5 0.181835
6 0.173254
7 0.153786
8 0.141029
9 0.131811
10 0.149557
11 0.145755
12 0.164514
13 0.201978
14 0.163582
15 0.186663
16 0.510699
17 0.354802
18 0.208379
19 0.348947
20 0.176512
21 0.357616
22 0.217194
23 0.150953
24 0.363780
25 0.213971
26 0.217250
27 0.239081
28 0.317087
29 0.192113
30 0.315722
31 0.146363
32 0.271037
33 0.553496
34 0.166814
35 0.230471
36 0.134766
37 0.195432
38 0.332406
39 0.662570
40 0.395432
41 0.260807
42 0.266105
43 0.716726
44 0.316307
45 0.247264
46 0.455340
47 0.543064
48 0.134822
49 0.303398
0 0.335327
1 0.141954
2 0.420638
3 0.303102
4 0.230070
5 0.188056
6 0.472439
7 0.238739
8 0.200705
9 0.299276
10 0.206624
11 0.173412
12 0.122604
13 0.276643
14 0.174384
15 0.224743
16 0.163274
17 0.174299
18 0.202233
19 0.257752
20 0.378421
21 0.210821
22 0.407235
23 0.605739
24 0.182025
25 0.167521
26 0.301779
27 0.286642
28 0.173217
29 0.223814
30 0.113032
31 0.168075
32 0.201022
33 0.215139
34 0.224098
35 0.136547
36 0.198892
37 0.322847
38 0.260952
39 0.253709
40 0.173297
41 0.190548
42 0.266088
43 0.418606
44 0.162563
45 3.491062
46 0.390996
47 0.129060
48 0.203324
49 0.178958
0 0.339233
1 0.124367
2 0.218049
3 0.365285
4 0.204974
5 0.168237
6 0.174911
7 0.256291
8 0.4912
9 0.528123
10 0.4662
11 0.289840
12 0.4573
13 0.371280
14 0.168316
15 0.190257
16 0.4644
17 0.4287
18 0.247826
19 0.207682
20 0.96324
21 0.288533
22 0.4243
23 0.6322
24 0.307881
25 0.324980
26 0.478613
27 0.151812
28 0.187726
29 0.336728
30 0.5135
31 0.5978
32 0.6214
33 0.5492
34 3.842525
35 0.106274
36 0.189544
37 0.323586
38 0.157316
39 0.286967
40 0.271593
41 0.263868
42 0.233319
43 0.164027
44 0.153669
45 0.187461
46 0.227529
47 0.199470
48 0.248268
49 0.299407
0 0.199298
1 0.192720
2 0.315449
3 0.256289
4 0.360514
5 0.185011
6 0.341675
7 0.299952
8 0.131251
9 0.367820
10 0.332166
11 0.175827
12 0.153227
13 0.367979
14 0.454441
15 0.206292
16 0.387995
17 0.475580
18 0.141739
19 0.251361
20 0.268758
21 0.421338
22 0.279566
23 0.231786
24 0.306957
25 0.166279
26 0.226960
27 0.256365
28 0.403361
29 0.246732
30 0.137787
31 0.362292
32 0.156013
33 0.346721
34 0.181470
35 0.371164
36 0.267504
37 0.498779
38 0.994567
39 0.172279
40 0.207106
41 0.267735
42 0.168758
43 0.255494
44 0.126315
45 0.311130
46 0.200963
47 0.237726
48 0.299205
49 0.195594
0 0.234403
1 0.281814
2 0.190319
3 0.346814
4 0.381123
5 0.202193
6 0.334917
7 0.123208
8 0.300471
9 0.284629
10 0.308705
11 0.268690
12 0.153361
13 0.137401
14 0.333897
15 0.327559
16 0.223329
17 0.182969
18 0.286699
19 0.211652
20 0.218702
21 0.153084
22 0.207292
23 0.186300
24 0.212726
25 0.188898
26 0.159806
27 0.170156
28 0.170159
29 0.205369
30 0.331937
31 0.229588
32 0.275835
33 0.195192
34 0.241962
35 0.241038
36 0.171311
37 0.229411
38 0.527457
39 0.891927
40 0.201932
41 0.958653
42 0.333336
43 0.276120
44 0.235795
45 0.329412
46 0.116748
47 0.195592
48 0.347980
49 0.265824
0 0.263397
1 0.276776
2 0.267880
3 0.184932
4 0.202645
5 0.361833
6 0.299944
7 0.194701
8 0.218133
9 0.299133
10 0.157123
11 0.167404
12 0.150344
13 0.175870
14 0.199666
15 0.141988
16 0.535854
17 0.254706
18 0.140376
19 0.194732
20 0.326583
21 0.194798
22 0.197471
23 0.229331
24 0.244137
25 0.217673
26 0.175646
27 0.269768
28 0.352361
29 0.256300
30 0.240475
31 0.370622
32 0.188531
33 0.130710
34 0.189016
35 0.189490
36 0.165025
37 0.238550
38 0.365390
39 0.400383
40 0.156647
41 0.321172
42 0.385835
43 0.220855
44 0.162541
45 0.156854
46 0.589444
47 0.316018
48 0.98323
49 0.335261
0 0.314571
1 0.366270
2 0.334564
3 0.308985
4 0.414053
5 0.300053
6 0.214537
7 0.300483
8 0.482228
9 0.162450
10 0.189315
11 0.210693
12 0.419500
13 0.301022
14 0.199957
15 0.234905
16 0.177265
17 0.220531
18 0.362056
19 0.174650
20 0.362594
21 0.345806
22 0.356407
23 0.189486
24 0.197885
25 0.191344
26 0.162989
27 0.436103
28 0.216516
29 0.303701
30 0.188538
31 0.199213
32 0.265093
33 0.178425
34 0.201803
35 0.228640
36 0.195307
37 0.293854
38 0.244325
39 0.229040
40 0.186705
41 0.400400
42 0.230227
43 0.132059
44 0.629935
45 0.368617
46 0.168711
47 0.186538
48 0.292160
49 0.310310
0 0.304926
1 0.189890
2 0.309304
3 0.219223
4 0.343554
0 0.241616
1 0.135561
2 0.162064
3 0.165213
4 0.292049
0 0.598855
1 0.265629
2 0.257615
3 0.335038
4 0.211381
0 0.175502
1 0.191073
2 0.152937
3 0.110674
4 0.153876
0 0.114934
1 0.427734
2 0.178562
3 0.125206
4 0.392180
0 0.213563
1 0.505145
2 0.123597
3 0.148319
4 0.302953
0 0.172832
1 0.141578
2 0.378126
3 0.498390
4 0.242346
0 0.365228
1 0.109687
2 0.248803
3 0.324342
4 0.144794
0 0.153197
1 0.350415
2 0.206039
3 0.108553
4 0.339069
0 0.127045
1 0.137774
2 0.205765
3 0.285345
4 0.166181
0 0.154353
1 0.136165
2 0.202436
3 0.154613
4 0.137452
0 0.125537
1 0.146453
2 0.144621
3 0.222248
4 0.202129
0 0.191707
1 0.260299
2 0.175636
3 0.281585
4 0.135232
0 0.82081
1 0.271893
2 0.811104
3 0.350367
4 0.407688
0 0.165915
1 0.288643
2 0.264522
3 0.301239
4 0.153463
0 0.203530
1 0.567396
2 0.320672
3 0.215348
4 0.230788
0 0.189813
1 0.289474
2 0.110184
3 0.166176
4 0.236037
0 0.126745
1 0.115421
2 0.379314
3 0.339052
4 0.140965
0 0.185366
1 0.210794
2 0.223245
3 0.207448
4 0.141408
0 0.229935
1 0.152438
2 0.159075
3 0.251343
4 0.207139
0 0.173531
1 0.139719
2 0.94423
3 0.203665
4 0.270083
0 0.220701
1 0.160084
2 0.370776
3 0.184508
4 0.186457
0 0.465949
1 0.964512
2 0.286253
3 0.188337
4 0.153920
0 0.205620
1 0.334410
2 0.462297
3 0.311956
4 0.303708
0 0.119004
1 0.211968
2 0.231840
3 0.174443
4 0.132675
0 0.127082
1 0.131734
2 0.230327
3 0.145027
4 0.137660
0 0.759247
1 0.110363
2 0.199170
3 0.256436
4 0.308270
0 0.114754
1 0.378166
2 0.158246
3 0.182538
4 0.208341
0 0.207449
1 0.223239
2 0.159152
3 0.187919
4 0.149480
0 0.151319
1 0.421048
2 0.255745
3 0.244568
4 0.199609
0 0.270298
1 0.140665
2 0.6789
3 0.129775
4 0.10178
0 0.183042
1 0.164691
2 0.380222
3 0.194917
4 0.5326
0 0.216125
1 0.7507
2 0.101611
3 0.171808
4 0.5809
0 0.4786
1 0.4810
2 0.4563
3 0.6180
4 0.5199
0 0.4972
1 3.671549
2 0.4561
3 0.6618
4 0.5696
0 0.5472
1 0.4754
2 0.4645
3 3.725038
4 0.4795
0 0.6184
1 0.4800
2 0.6063
3 0.6892
4 0.6676
0 3.701553
1 0.5848
2 0.6473
3 0.4720
4 0.4721
0 0.4641
1 0.6003
2 3.577994
3 0.5443
4 0.4458
0 0.4420
1 0.4824
2 0.4759
3 0.4152
4 3.671913
0 0.4819
1 0.7816
2 0.9107
3 0.5112
4 0.5554
0 0.6135
1 3.776746
2 0.4617
3 0.269063
4 0.5999
0 0.149209
1 0.4375
2 0.6184
3 0.4707
4 4.742357
0 0.312145
1 0.644416
2 0.179802
3 0.208461
4 0.518623
0 0.801502
1 0.102194
2 0.170725
3 0.166991
4 0.262146
0 0.234966
1 0.407491
2 0.201169
3 0.174217
4 0.367664
0 0.132659
1 0.386031
2 0.199802
3 0.176676
4 0.226510
0 0.338488
1 0.131523
2 0.93549
3 0.153811
4 0.160686
0 0.206218
1 0.103820
2 0.188783
3 0.287326
4 0.162062
0 0.380433
1 0.340380
2 0.148965
3 0.296041
4 0.197878
0 0.578040
1 0.313462
2 0.210071
3 0.163609
4 0.183363
0 0.400228
1 0.425407
2 0.495408
3 0.305935
4 0.199649
0 0.128057
1 0.301867
2 0.229930
3 0.262297
4 0.140912
0 0.161126
1 0.373520
2 0.508982
3 0.145990
4 0.254147
0 0.218927
1 0.142627
2 0.178975
3 0.155033
4 0.183559
0 0.147583
1 0.94473
2 0.171258
3 0.133340
4 0.213005
0 0.358613
1 0.246398
2 0.226757
3 0.260515
4 0.226197
0 0.437949
1 0.214599
2 0.238868
3 0.342798
4 0.244636
0 0.167619
1 0.222463
2 0.172594
3 0.639952
4 0.216329
0 0.111168
1 0.333289
2 0.371259
3 0.283249
4 0.249652
0 0.222586
1 0.276882
2 0.398797
3 0.182958
4 0.207641
0 0.230175
1 0.160186
2 0.308886
3 0.753152
4 0.218260
0 0.162434
1 0.271947
2 0.313176
3 0.224925
4 0.113050
0 0.108299
1 0.102976
2 0.133127
3 0.193385
4 0.182793
0 0.231050
1 0.323753
2 0.127624
3 0.134240
4 0.270359
0 0.222163
1 0.99544
2 0.160275
3 0.87011
4 0.129406
0 0.705343
1 0.137960
2 0.209887
3 0.173036
4 0.143689
0 0.247851
1 0.251371
2 0.287747
3 0.154649
4 0.185424
0 0.139253
1 0.198391
2 0.156527
3 0.389501
4 0.465725
0 0.181632
1 0.170485
2 0.397830
3 0.408588
4 0.95935
0 0.160437
1 0.322650
2 0.140345
3 0.106572
4 0.208876
0 0.484066
1 0.140897
2 0.127001
3 0.368304
4 0.352799
0 0.153925
1 0.340933
2 0.241915
3 0.86325
4 0.121494
0 0.189343
1 0.99932
2 0.164208
3 0.176820
4 0.357477
0 0.124684
1 0.180826
2 0.277755
3 0.184893
4 0.169683
0 0.146443
1 0.114656
2 0.293164
3 0.121427
4 0.223806
0 0.181625
1 0.353182
2 0.272673
3 0.209319
4 0.432700
0 0.258749
1 0.239191
2 0.197847
3 0.113216
4 0.218648
0 0.173678
1 0.4541
2 0.222605
3 0.4623
4 0.7042
0 0.4603
1 0.4923
2 0.5994
3 0.5896
4 0.4997
0 0.7588
1 0.8150
2 0.5120
3 0.8117
4 3.637029
0 0.6071
1 0.7385
2 0.4513
3 0.4485
4 0.6449
0 0.21959
1 3.928005
2 0.4694
3 0.5601
4 0.7085
0 0.5211
1 0.9612
2 0.6693
3 0.6433
4 3.840011
0 0.309415
1 0.14268
2 0.6335
3 0.4855
4 0.9775
0 0.5368
1 0.4172
2 0.4618
3 5.66146
4 0.217749
0 0.427679
1 0.175159
2 0.168987
3 0.4796
4 0.6555
0 0.6378
1 0.7187
2 0.4751
3 0.6574
4 0.4638
0 0.6881
1 0.13084
2 0.8414
3 0.6239
4 3.694361
0 0.321604
1 0.233765
2 0.144932
3 0.204537
4 0.207798
0 0.232662
1 0.376198
2 0.153974
3 0.219014
4 0.190037
0 0.196874
1 0.135645
2 0.361829
3 0.194467
4 0.232364
0 0.305878
1 0.207812
2 0.218241
3 0.223838
4 0.216256
0 0.129980
1 0.235124
2 0.644631
3 0.415371
4 0.178922
0 0.260339
1 0.256312
2 0.203256
3 0.336107
4 0.378101
0 0.475532
1 0.232444
2 0.311472
3 0.348919
4 0.207076
0 0.141052
1 0.145993
2 0.214311
3 0.159259
4 0.191483
0 0.7910
1 0.120078
2 0.199103
3 0.4752
4 0.170212
0 0.193106
1 0.11130
2 0.256148
3 0.179859
4 0.317851
0 0.360553
1 0.206210
2 0.253857
3 0.345642
4 0.238397
0 0.285263
1 0.176000
2 0.5029
3 0.182276
4 0.5935
0 0.214540
1 0.5940
2 0.357430
3 0.736420
4 0.168177
0 0.145421
1 0.534803
2 0.165164
3 0.233000
4 0.234446
0 0.188863
1 0.241473
2 0.330063
3 0.292837
4 0.169831
0 0.256435
1 0.5295
2 0.141422
3 0.5681
4 0.225154
0 0.297494
1 0.203045
2 0.8643
3 0.5259
4 0.6492
0 0.38616
1 0.11623
2 0.191128
3 0.4594
4 0.5537
0 0.164423
1 0.140359
2 0.4387
3 0.223066
4 0.154728
0 0.5504
1 0.462677
2 0.211798
3 0.5045
4 0.4852
0 0.5048
1 4.119579
2 0.161304
3 0.139191
4 0.376583
0 0.170272
1 0.217227
2 0.241496
3 0.386944
4 0.228401
0 0.357367
1 0.142226
2 0.211936
3 0.469880
4 0.165254
0 0.214730
1 0.125652
2 0.215181
3 0.278283
4 0.490562
0 0.280764
1 0.266013
2 0.278656
3 0.645985
4 0.226156
0 0.313203
1 0.299858
2 0.234076
3 0.124850
4 0.234447
0 0.433675
1 0.133279
2 0.393642
3 0.393095
4 0.148353
0 0.187334
1 0.351066
2 0.234554
3 0.144736
4 0.182844
0 0.178428
1 0.202020
2 0.242809
3 0.193705
4 0.148927
0 0.158008
1 0.159234
2 0.171152
3 0.228859
4 0.323303
0 0.416516
1 0.179894
2 0.394582
3 0.205188
4 0.181162
0 0.161092
1 0.362676
2 0.201129
3 0.161716
4 0.220709
0 0.98031
1 0.212118
2 0.236845
3 0.263317
4 0.201355
0 0.142715
1 0.107367
2 0.271545
3 0.256407
4 0.197105
0 0.211549
1 0.209637
2 0.270776
3 0.6279
4 0.169923
0 2.978504
1 0.7000
2 0.6013
3 0.254732
4 0.15473
0 0.262077
1 0.123175
2 0.214785
3 0.4620
4 0.4551
0 0.229026
1 0.4642
2 0.6161
3 3.685798
4 0.388768
0 0.5559
1 0.4898
2 0.4993
3 0.4500
4 0.5226
0 0.4404
1 0.4559
2 0.5545
3 3.935461
4 0.175884
0 0.118375
1 0.353605
2 0.277413
3 0.5266
4 0.210124
0 0.439148
1 0.355232
2 0.6876
3 0.145191
4 0.8712
0 0.5598
1 0.5370
2 0.4337
3 0.6288
4 0.4631
0 0.6112
1 0.4659
2 0.5010
3 3.899866
4 0.302092
0 0.243358
1 0.288935
2 0.223860
3 0.163081
4 0.133674
0 0.4441
1 0.4835
2 0.7129
3 0.229139
4 0.340991
0 0.137306
1 0.176819
2 0.247430
3 0.231605
4 0.318929
0 0.172363
1 0.5793
2 0.275255
3 0.130800
4 0.293938
0 0.306776
1 0.169935
2 0.155567
3 0.226750
4 0.128973
0 0.194251
1 0.308971
2 0.639220
3 0.144031
4 0.133098
0 0.211787
1 0.286443
2 0.149549
3 0.4440
4 0.238015
0 0.177196
1 0.239738
2 0.208173
3 0.338599
4 0.233992
0 0.142527
1 0.395191
2 0.179010
3 0.213229
4 0.201698
0 0.330030
1 0.279185
2 0.540595
3 0.925063
4 0.175673
0 0.156827
1 0.307593
2 0.159884
3 0.229827
4 0.147696
0 0.336669
1 0.203001
2 0.228631
3 0.425754
4 0.385124
0 0.253509
1 0.307438
2 0.228924
3 0.291934
4 0.370684
0 0.190477
1 0.94986
2 0.119422
3 0.225316
4 0.252372
0 0.255201
1 0.338788
2 0.156507
3 0.140404
4 0.360715
0 0.223240
1 0.196232
2 0.133997
3 0.250079
4 0.158482
0 0.193076
1 0.188465
2 0.249858
3 0.395385
4 0.336359
0 0.132593
1 0.201028
2 0.136626
3 0.175550
4 0.219155
0 0.232912
1 0.204991
2 0.314322
3 0.190443
4 0.237841
0 0.196703
1 0.169199
2 0.207652
3 0.537830
4 0.722043
0 0.220962
1 0.946156
2 0.355219
3 0.295381
4 0.343337
0 0.304597
1 0.126143
2 0.191531
3 0.325109
4 0.312171
0 0.224300
1 0.310155
2 0.197034
3 0.170065
4 0.251108
0 0.320117
1 0.376866
2 0.163660
3 0.259877
4 0.137472
0 0.141303
1 0.216872
2 0.153501
3 0.143541
4 0.247859
0 0.134592
1 0.582351
2 0.220024
3 0.214071
4 0.255757
0 0.445142
1 0.202210
2 0.220062
3 0.189971
4 0.353989
0 0.271903
1 0.229749
2 0.273704
3 0.310493
4 0.181131
0 0.236045
1 0.168102
2 0.195977
3 0.172909
4 0.257749
0 0.187217
1 0.138752
2 0.343628
3 0.273505
4 0.366419
0 0.147481
1 0.222837
2 0.364730
3 0.225169
4 0.215451
0 0.189955
1 0.589467
2 0.327333
3 0.106829
4 0.251548
0 0.240942
1 0.285373
2 0.369837
3 0.335488
4 0.6555
0 0.10048
1 0.263235
2 0.6314
3 0.396095
4 0.224183
0 0.4563
1 0.4801
2 0.4776
3 0.7468
4 0.5352
0 0.5124
1 0.12966
2 0.5590
3 3.646157
4 0.5600
0 0.389073
1 0.370368
2 0.5041
3 0.206041
4 0.181741
0 0.4485
1 0.203646
2 0.5227
3 0.210474
4 0.6522
0 0.150974
1 0.5409
2 0.6012
3 0.9517
4 3.965565
0 0.209183
1 0.5482
2 0.293854
3 0.11267
4 0.9493
0 0.5131
1 0.6715
2 0.5590
3 0.6396
4 0.8705
0 3.942713
1 0.236052
2 0.166720
3 0.164067
4 0.4650
0 0.5141
1 0.5670
2 0.119095
3 0.8069
4 0.4764
0 0.6918
1 0.240966
2 0.17814
3 0.7561
4 0.6595
0 3.984957
1 0.127111
2 0.198249
3 0.402490
4 0.239953
0 0.417264
1 0.148560
2 0.219494
3 0.468739
4 0.142856
0 0.156588
1 0.242702
2 0.7274
3 0.299805
4 0.156724
0 0.196632
1 0.207174
2 0.243749
3 0.252611
4 0.222502
0 0.164762
1 0.5046
2 0.161771
3 0.256129
4 0.140991
0 0.160682
1 0.4489
2 0.281591
3 0.151128
4 0.197183
0 0.285886
1 0.182364
2 0.630215
3 0.127830
4 0.181997
0 0.131393
1 0.127624
2 0.10234
3 0.14058
4 0.166438
0 0.186667
1 0.271617
2 0.177699
3 0.5456
4 0.7574
0 0.8034
1 0.4635
2 0.4475
3 0.4416
4 0.6790
0 0.6005
1 0.4636
2 0.4672
3 3.795126
4 0.204735
0 0.163725
1 0.356000
2 0.198738
3 0.4374
4 0.207708
0 0.18289
1 0.186810
2 0.210999
3 0.303019
4 0.5890
0 0.475017
1 0.169724
2 0.272366
3 0.303372
4 0.144130
0 0.5238
1 0.96195
2 0.264208
3 0.276850
4 0.137244
0 0.14235
1 0.19174
2 0.220639
3 0.329406
4 0.263642
0 0.212678
1 0.261988
2 0.17281
3 0.271652
4 0.398223
0 0.411567
1 0.239669
2 0.437994
3 0.238250
4 0.226730
0 0.351938
1 0.294304
2 0.496739
3 0.239775
4 0.173218
0 0.195438
1 0.136322
2 0.321054
3 0.242804
4 0.341824
0 0.224294
1 0.213578
2 0.146857
3 0.155478
4 0.360421
0 0.130675
1 0.202409
2 0.198252
3 0.175947
4 0.179714
0 0.224414
1 0.169453
2 0.206260
3 0.100926
4 0.266038
0 0.202934
1 0.279757
2 0.140419
3 0.189164
4 0.167442
0 0.166440
1 0.186602
2 0.196523
3 0.232806
4 0.244177
0 0.172180
1 0.230542
2 0.99046
3 0.204427
4 0.319813
0 0.323699
1 0.303298
2 0.280466
3 0.319133
4 0.364495
0 0.162071
1 0.158613
2 0.143579
3 0.157732
4 0.162531
0 0.159013
1 0.265578
2 0.382268
3 0.155511
4 0.240965
0 0.148353
1 0.269667
2 0.291594
3 0.265894
4 0.427641
0 0.282716
1 0.190712
2 0.189934
3 0.166689
4 0.168748
0 0.164589
1 0.200507
2 0.207635
3 0.155971
4 0.6041
0 0.279989
1 0.244637
2 0.268185
3 0.243468
4 0.189922
0 0.159170
1 0.159490
2 0.264401
3 0.253703
4 0.287904
0 0.239890
1 0.200054
2 0.213985
3 0.123115
4 0.183800
0 0.165135
1 0.208084
2 0.146147
3 0.151751
4 0.185632
0 0.167137
1 0.230420
2 0.6316
3 0.5853
4 0.231512
0 0.436745
1 0.376838
2 0.134261
3 0.96655
4 0.5434
0 0.365690
1 0.322926
2 0.345471
3 0.157633
4 0.6816
0 0.4724
1 0.6433
2 0.4579
3 0.4884
4 0.7283
0 0.7226
1 0.8880
2 3.818380
3 0.132173
4 0.4638
0 0.172958
1 0.289227
2 0.6089
3 0.166037
4 0.5605
0 0.4725
1 0.5151
2 0.4791
3 0.4942
4 0.4491
0 0.4940
1 3.982319
2 0.244372
3 1.191287
4 0.4931
0 0.5562
1 0.176611
2 0.209250
3 0.251092
4 0.5838
0 0.197443
1 0.162621
2 0.4705
3 0.181421
4 0.305196
0 0.202718
1 0.6440
2 0.7580
3 0.4832
4 3.810247
0 0.299128
1 0.132569
2 0.315553
3 0.150124
4 0.192107
0 0.4997
1 0.237919
2 0.86521
3 0.4162
4 0.312048
0 0.4456
1 0.103334
2 0.6524
3 0.12413
4 0.22224
0 0.7530
1 3.940657
2 0.183777
3 0.223247
4 0.176348
0 0.110822
1 0.331550
2 0.192739
3 0.208351
4 0.297150
0 0.273125
1 0.255200
2 0.94192
3 0.299251
4 0.284678
0 0.330138
1 0.215560
2 0.152961
3 0.221708
4 0.249575
0 0.208440
1 0.247822
2 0.386579
3 0.125461
4 0.199494
0 0.307232
1 0.214795
2 0.273762
3 0.268565
4 0.5579
0 0.4651
1 0.219872
2 0.6860
3 0.217540
4 0.6499
0 0.153797
1 0.146775
2 0.159998
3 0.5472
4 0.108476
0 0.6250
1 0.101944
2 0.95678
3 0.129870
4 0.5054
0 0.4393
1 4.34899
2 0.547467
3 0.133088
4 0.165399
0 0.284808
1 0.193756
2 0.172299
3 0.102608
4 0.128547
0 0.190920
1 0.228046
2 0.228626
3 0.230710
4 0.215371
0 0.292600
1 0.244955
2 0.8703
3 0.200090
4 0.4616
0 0.167655
1 0.129883
2 0.4443
3 0.5213
4 0.6642
0 0.279522
1 0.275760
2 0.5584
3 0.161476
4 0.7038
0 0.208269
1 0.119637
2 0.8991
3 0.120324
