0 0.325950
1 0.498788
2 0.202763
0 0.414205
1 0.147869
2 0.359280
0 0.306434
1 0.470119
2 0.93715
0 0.258426
1 0.185392
2 1.152349
0 0.176759
1 0.342757
2 0.133651
0 0.117262
1 0.101244
2 0.275918
0 3.132874
1 0.898751
2 0.861628
0 0.113996
1 0.407410
2 0.136947
0 0.178517
0 0.223237
1 1.75658
2 0.111631
0 0.92664
1 0.124377
2 0.100131
0 0.217477
1 0.281379
2 0.172611
0 1.245510
1 1.413043
2 0.133492
0 0.102203
1 0.148451
2 0.87647
0 0.99429
1 0.92022
2 0.115014
0 0.136172
1 0.201741
2 0.123660
0 0.765077
1 0.182692
2 0.239172
0 0.77709
1 0.155206
2 0.355028
