0 0.369537 40010
1 0.117588 56780
2 0.182391 78435
3 0.173091 98341
4 0.237747 131335
5 0.280166 172510
6 0.126034 198638
7 0.319310 229479
8 0.242068 260930
9 0.296863 293324
10 0.410789 358468
11 0.211812 391757
12 0.231339 421884
13 0.317671 459174
14 0.246522 489207
15 0.150630 508194
16 0.236007 538099
17 0.271909 567071
18 0.592089 653678
19 0.231527 675166
20 0.109287 692194
21 0.349363 738057
22 0.293760 765184
23 0.295023 803207
24 0.205050 822605
25 0.331695 854571
26 0.291533 890186
27 0.346550 944011
28 0.225743 966345
29 0.101760 990639
30 0.277990 1032717
31 0.98838 1061441
32 0.235888 1093488
33 0.742761 1191317
34 0.179331 1216177
35 0.168166 1241345
36 0.316665 1270829
37 0.253062 1307088
38 0.215987 1329103
39 0.210662 1348938
40 0.94240 1370641
41 0.100310 1397870
42 0.216199 1432212
43 0.201259 1462149
44 0.84590 1475939
45 0.204241 1509562
46 0.201546 1547327
47 0.170761 1564188
48 0.133923 1587257
49 0.322259 1621572
0 0.206978 19058
1 0.128277 45844
2 0.204880 75491
3 0.132802 95118
4 0.327258 112024
5 0.275911 180997
6 0.120375 198979
7 0.169618 218519
8 0.162664 237732
9 0.416955 282815
10 0.243718 324578
11 0.216922 357251
12 0.207404 387344
13 0.153905 410868
14 0.149665 432967
15 0.148816 452314
16 0.163940 477395
17 0.96265 496412
18 0.219973 532590
19 0.403723 598064
20 0.162149 623412
21 0.374924 672027
22 0.198504 710926
23 0.387351 767608
24 0.111889 781557
25 0.158164 800847
26 0.367680 842225
27 0.134344 861927
28 0.179932 883795
29 0.574813 949122
30 0.404850 1001732
31 0.134214 1022030
32 0.127516 1038695
33 0.358580 1075427
34 0.249856 1115870
35 0.214115 1138108
36 0.305233 1179270
37 0.146181 1201770
38 0.138213 1218895
39 0.167245 1235787
40 0.205257 1265730
41 0.170005 1293924
42 0.158005 1320162
43 0.177373 1344901
44 0.189735 1372935
45 0.119057 1392151
46 0.183785 1419102
47 0.413268 1460956
48 0.217521 1488572
49 0.176096 1507837
0 0.261166 22087
1 0.139419 60248
2 0.220230 89853
3 0.189746 125418
4 0.182333 153068
5 0.252942 181018
6 0.270097 222829
7 0.191820 247434
8 0.220703 278559
9 0.506484 335204
10 0.204321 359908
11 0.108089 393016
12 0.84677 416341
13 0.89480 438083
14 0.213096 473331
15 0.168354 495867
16 0.248509 523220
17 0.164205 541978
18 0.192544 570104
19 0.333552 602981
20 0.176221 632275
21 0.291888 666302
22 0.103867 680235
23 0.182518 707170
24 0.268330 734380
25 0.171271 754920
26 0.280427 787094
27 0.296694 819841
28 0.220882 849881
29 0.188931 874362
30 0.216805 897025
31 0.147137 916602
32 0.239046 939018
33 0.416740 1022904
34 0.178710 1050418
35 0.156734 1069373
36 0.84785 1093334
37 0.159429 1115043
38 0.128023 1134463
39 0.285572 1166649
40 0.238613 1197205
41 0.131886 1214121
42 0.251480 1266024
43 0.185701 1291702
44 0.539555 1349981
45 0.237066 1382700
46 0.298940 1421299
47 0.174190 1445240
48 0.4561 1445240
49 0.174299 1472297
