0 0.158152
1 0.155111
2 0.87540
0 0.86457
1 0.287904
2 1.102459
0 0.836880
1 0.361780
2 0.152771
0 0.187084
1 0.66462
2 0.137385
0 0.266638
1 2.89942
2 0.942536
0 0.209220
1 0.175113
2 0.140874
0 0.154331
1 0.150085
2 0.155645
0 0.164828
1 0.84920
2 0.132371
0 0.117290
1 0.134983
2 0.287252
0 1.162478
1 0.156372
2 0.141444
0 0.159613
1 0.402179
2 0.176809
0 1.310891
1 0.157720
2 0.422177
0 0.67522
1 1.389487
2 0.348749
0 0.97163
1 0.76891
2 0.63100
0 0.157448
1 1.613681
2 0.151759
0 0.121974
1 0.144875
2 0.256513
0 0.530244
1 0.221506
2 0.166634
0 0.281648
1 0.83776
2 0.79815
0 0.143677
1 0.151358
2 0.64238
0 0.87344
1 0.456221
2 0.140389
0 0.140625
1 0.131365
2 0.306683
0 0.135957
1 0.89223
2 0.474556
0 0.789050
1 0.119049
2 0.434197
0 0.127479
1 0.115110
2 0.135859
0 0.128465
1 0.170959
2 1.59920
0 1.43648
1 0.132646
2 0.138245
0 0.141526
1 0.156951
2 0.135495
0 0.315288
1 0.123948
2 0.134009
0 0.81385
1 3.609700
2 0.109818
0 0.152729
1 0.210547
2 0.372029
0 0.100407
1 0.154113
2 0.227791
0 0.397228
1 0.183921
2 0.131801
0 0.132437
1 0.275549
2 0.108259
0 0.202358
1 0.162243
2 1.7788
0 0.142087
1 0.116409
2 0.100207
0 0.164247
1 0.202969
2 0.145899
0 0.86277
1 0.60961
2 0.134296
0 0.120363
1 0.422085
2 0.70092
0 0.161278
1 0.221241
2 0.284227
0 0.129428
1 0.399749
2 0.65803
0 0.64976
1 0.400087
2 0.159383
0 0.167849
1 0.396610
2 0.68685
0 0.181006
1 0.79436
2 0.157849
0 0.165317
1 0.455738
2 0.236544
0 0.212372
1 0.123662
2 0.81187
0 0.429296
1 0.115479
2 0.412994
0 0.90876
1 0.130489
2 0.148169
0 0.141240
1 0.418780
2 0.844556
0 0.151138
1 0.80386
2 0.172892
0 0.140865
1 0.148902
2 0.97544
0 0.52677
1 0.169264
2 0.67630
0 2.703091
1 1.225942
2 0.146562
0 0.90014
1 0.103435
2 0.227853
0 0.169278
1 0.143066
2 0.124491
0 0.378340
1 0.141153
2 0.145367
0 1.73335
1 0.195120
2 0.455925
0 0.321525
1 0.123074
2 0.133592
0 0.92819
1 0.83354
2 0.212314
0 0.114570
1 0.93426
2 0.93856
0 0.56909
1 0.846910
2 0.107832
0 0.857131
1 0.276537
2 0.279569
0 0.87264
1 0.87020
2 0.135654
0 0.84649
1 0.105176
2 0.95243
0 0.71637
1 0.177278
2 0.368227
0 0.416633
1 1.612190
2 1.983493
0 1.526556
1 0.102470
2 1.206157
0 0.65309
1 0.83486
2 1.532666
0 6.749835
1 3.274789
2 4.272211
0 2.990447
1 2.426397
2 3.742226
0 3.438727
1 4.138393
2 2.621426
0 1.497646
1 1.757865
2 2.451491
0 3.274151
1 2.999579
2 2.278843
0 3.497166
1 2.11162
2 1.459233
0 3.25105
1 2.769701
2 5.823071
