
**** Build of configuration Debug for project kf1304_master ****

make all 
Building file: ../src/Cpp2mysql.cpp
Invoking: GCC C++ Compiler
g++ -O0 -g3 -Wall -c -fmessage-length=0 -MMD -MP -MF"src/Cpp2mysql.d" -MT"src/Cpp2mysql.d" -o "src/Cpp2mysql.o" "../src/Cpp2mysql.cpp"
Finished building: ../src/Cpp2mysql.cpp
 
Building file: ../src/GlobalHelper.cpp
Invoking: GCC C++ Compiler
g++ -O0 -g3 -Wall -c -fmessage-length=0 -MMD -MP -MF"src/GlobalHelper.d" -MT"src/GlobalHelper.d" -o "src/GlobalHelper.o" "../src/GlobalHelper.cpp"
Finished building: ../src/GlobalHelper.cpp
 
Building file: ../src/kf1304_master.cpp
Invoking: GCC C++ Compiler
g++ -O0 -g3 -Wall -c -fmessage-length=0 -MMD -MP -MF"src/kf1304_master.d" -MT"src/kf1304_master.d" -o "src/kf1304_master.o" "../src/kf1304_master.cpp"
Finished building: ../src/kf1304_master.cpp
 
Building file: ../src/master.cpp
Invoking: GCC C++ Compiler
g++ -O0 -g3 -Wall -c -fmessage-length=0 -MMD -MP -MF"src/master.d" -MT"src/master.d" -o "src/master.o" "../src/master.cpp"
Finished building: ../src/master.cpp
 
Building file: ../src/slaver.cpp
Invoking: GCC C++ Compiler
g++ -O0 -g3 -Wall -c -fmessage-length=0 -MMD -MP -MF"src/slaver.d" -MT"src/slaver.d" -o "src/slaver.o" "../src/slaver.cpp"
Finished building: ../src/slaver.cpp
 
Building target: kf1304_master
Invoking: GCC C++ Linker
g++  -o "kf1304_master"  ./src/Cpp2mysql.o ./src/GlobalHelper.o ./src/kf1304_master.o ./src/master.o ./src/slaver.o   -lmysqlclient
Finished building target: kf1304_master
 

**** Build Finished ****
