
**** Build of configuration Debug for project kf1304_slave ****

make all 
make: Nothing to be done for `all'.

**** Build Finished ****

**** Build of configuration Debug for project kf1304_slave ****

make all 
make: Nothing to be done for `all'.

**** Build Finished ****

**** Build of configuration Debug for project kf1304_slave ****

make all 
Building file: ../src/kf1304_slave.cpp
Invoking: GCC C++ Compiler
g++ -O0 -g3 -Wall -c -fmessage-length=0 -MMD -MP -MF"src/kf1304_slave.d" -MT"src/kf1304_slave.d" -o "src/kf1304_slave.o" "../src/kf1304_slave.cpp"
Finished building: ../src/kf1304_slave.cpp
 
Building file: ../src/slaver.cpp
Invoking: GCC C++ Compiler
g++ -O0 -g3 -Wall -c -fmessage-length=0 -MMD -MP -MF"src/slaver.d" -MT"src/slaver.d" -o "src/slaver.o" "../src/slaver.cpp"
Finished building: ../src/slaver.cpp
 
Building target: kf1304_slave
Invoking: GCC C++ Linker
g++  -o "kf1304_slave"  ./src/GlobalHelper.o ./src/kf1304_slave.o ./src/slaver.o   
Finished building target: kf1304_slave
 

**** Build Finished ****

**** Build of configuration Debug for project kf1304_slave ****

make all 
Building file: ../src/slaver.cpp
Invoking: GCC C++ Compiler
g++ -O0 -g3 -Wall -c -fmessage-length=0 -MMD -MP -MF"src/slaver.d" -MT"src/slaver.d" -o "src/slaver.o" "../src/slaver.cpp"
../src/slaver.cpp: In member function ‘bool poseidon::slaver::grab_page(poseidon::grabtask)’:
../src/slaver.cpp:173: 错误：‘errno’ 在此作用域中尚未声明
make: *** [src/slaver.o] 错误 1

**** Build Finished ****

**** Build of configuration Debug for project kf1304_slave ****

make all 
Building file: ../src/GlobalHelper.cpp
Invoking: GCC C++ Compiler
g++ -O0 -g3 -Wall -c -fmessage-length=0 -MMD -MP -MF"src/GlobalHelper.d" -MT"src/GlobalHelper.d" -o "src/GlobalHelper.o" "../src/GlobalHelper.cpp"
Finished building: ../src/GlobalHelper.cpp
 
Building file: ../src/kf1304_slave.cpp
Invoking: GCC C++ Compiler
g++ -O0 -g3 -Wall -c -fmessage-length=0 -MMD -MP -MF"src/kf1304_slave.d" -MT"src/kf1304_slave.d" -o "src/kf1304_slave.o" "../src/kf1304_slave.cpp"
Finished building: ../src/kf1304_slave.cpp
 
Building file: ../src/slaver.cpp
Invoking: GCC C++ Compiler
g++ -O0 -g3 -Wall -c -fmessage-length=0 -MMD -MP -MF"src/slaver.d" -MT"src/slaver.d" -o "src/slaver.o" "../src/slaver.cpp"
Finished building: ../src/slaver.cpp
 
Building target: kf1304_slave
Invoking: GCC C++ Linker
g++  -o "kf1304_slave"  ./src/GlobalHelper.o ./src/kf1304_slave.o ./src/slaver.o   
Finished building target: kf1304_slave
 

**** Build Finished ****

**** Build of configuration Debug for project kf1304_slave ****

make all 
Building file: ../src/kf1304_slave.cpp
Invoking: GCC C++ Compiler
g++ -O0 -g3 -Wall -c -fmessage-length=0 -MMD -MP -MF"src/kf1304_slave.d" -MT"src/kf1304_slave.d" -o "src/kf1304_slave.o" "../src/kf1304_slave.cpp"
../src/slaver_test.h: In function ‘void poseidon::slaver_work_test()’:
../src/slaver_test.h:179: 警告：未使用的变量 ‘worker’
Finished building: ../src/kf1304_slave.cpp
 
Building target: kf1304_slave
Invoking: GCC C++ Linker
g++  -o "kf1304_slave"  ./src/GlobalHelper.o ./src/kf1304_slave.o ./src/slaver.o   
Finished building target: kf1304_slave
 

**** Build Finished ****

**** Build of configuration Debug for project kf1304_slave ****

make all 
make: Nothing to be done for `all'.

**** Build Finished ****

**** Build of configuration Debug for project kf1304_slave ****

make all 
Building file: ../src/GlobalHelper.cpp
Invoking: GCC C++ Compiler
g++ -O0 -g3 -Wall -c -fmessage-length=0 -MMD -MP -MF"src/GlobalHelper.d" -MT"src/GlobalHelper.d" -o "src/GlobalHelper.o" "../src/GlobalHelper.cpp"
Finished building: ../src/GlobalHelper.cpp
 
Building file: ../src/kf1304_slave.cpp
Invoking: GCC C++ Compiler
g++ -O0 -g3 -Wall -c -fmessage-length=0 -MMD -MP -MF"src/kf1304_slave.d" -MT"src/kf1304_slave.d" -o "src/kf1304_slave.o" "../src/kf1304_slave.cpp"
Finished building: ../src/kf1304_slave.cpp
 
Building file: ../src/slaver.cpp
Invoking: GCC C++ Compiler
g++ -O0 -g3 -Wall -c -fmessage-length=0 -MMD -MP -MF"src/slaver.d" -MT"src/slaver.d" -o "src/slaver.o" "../src/slaver.cpp"
Finished building: ../src/slaver.cpp
 
Building target: kf1304_slave
Invoking: GCC C++ Linker
g++  -o "kf1304_slave"  ./src/GlobalHelper.o ./src/kf1304_slave.o ./src/slaver.o   
Finished building target: kf1304_slave
 

**** Build Finished ****

**** Build of configuration Debug for project kf1304_slave ****

make all 
Building file: ../src/GlobalHelper.cpp
Invoking: GCC C++ Compiler
g++ -O0 -g3 -Wall -c -fmessage-length=0 -MMD -MP -MF"src/GlobalHelper.d" -MT"src/GlobalHelper.d" -o "src/GlobalHelper.o" "../src/GlobalHelper.cpp"
Finished building: ../src/GlobalHelper.cpp
 
Building file: ../src/kf1304_slave.cpp
Invoking: GCC C++ Compiler
g++ -O0 -g3 -Wall -c -fmessage-length=0 -MMD -MP -MF"src/kf1304_slave.d" -MT"src/kf1304_slave.d" -o "src/kf1304_slave.o" "../src/kf1304_slave.cpp"
Finished building: ../src/kf1304_slave.cpp
 
Building file: ../src/slaver.cpp
Invoking: GCC C++ Compiler
g++ -O0 -g3 -Wall -c -fmessage-length=0 -MMD -MP -MF"src/slaver.d" -MT"src/slaver.d" -o "src/slaver.o" "../src/slaver.cpp"
Finished building: ../src/slaver.cpp
 
Building target: kf1304_slave
Invoking: GCC C++ Linker
g++  -o "kf1304_slave"  ./src/GlobalHelper.o ./src/kf1304_slave.o ./src/slaver.o   
Finished building target: kf1304_slave
 

**** Build Finished ****

**** Build of configuration Debug for project kf1304_slave ****

make all 
Building file: ../src/kf1304_slave.cpp
Invoking: GCC C++ Compiler
g++ -O0 -g3 -Wall -c -fmessage-length=0 -MMD -MP -MF"src/kf1304_slave.d" -MT"src/kf1304_slave.d" -o "src/kf1304_slave.o" "../src/kf1304_slave.cpp"
../src/slaver_test.h: In function ‘void poseidon::slaver_work_test()’:
../src/slaver_test.h:179: 警告：未使用的变量 ‘worker’
Finished building: ../src/kf1304_slave.cpp
 
Building target: kf1304_slave
Invoking: GCC C++ Linker
g++  -o "kf1304_slave"  ./src/GlobalHelper.o ./src/kf1304_slave.o ./src/slaver.o   
Finished building target: kf1304_slave
 

**** Build Finished ****

**** Build of configuration Debug for project kf1304_slave ****

make all 
make: Nothing to be done for `all'.

**** Build Finished ****

**** Build of configuration Debug for project kf1304_slave ****

make all 
make: Nothing to be done for `all'.

**** Build Finished ****

**** Build of configuration Debug for project kf1304_slave ****

make all 
Building file: ../src/kf1304_slave.cpp
Invoking: GCC C++ Compiler
g++ -O0 -g3 -Wall -c -fmessage-length=0 -MMD -MP -MF"src/kf1304_slave.d" -MT"src/kf1304_slave.d" -o "src/kf1304_slave.o" "../src/kf1304_slave.cpp"
../src/slaver_test.h: In function ‘void poseidon::slaver_work_test()’:
../src/slaver_test.h:179: 警告：未使用的变量 ‘worker’
Finished building: ../src/kf1304_slave.cpp
 
Building file: ../src/slaver.cpp
Invoking: GCC C++ Compiler
g++ -O0 -g3 -Wall -c -fmessage-length=0 -MMD -MP -MF"src/slaver.d" -MT"src/slaver.d" -o "src/slaver.o" "../src/slaver.cpp"
Finished building: ../src/slaver.cpp
 
Building target: kf1304_slave
Invoking: GCC C++ Linker
g++  -o "kf1304_slave"  ./src/GlobalHelper.o ./src/kf1304_slave.o ./src/slaver.o   
Finished building target: kf1304_slave
 

**** Build Finished ****

**** Build of configuration Debug for project kf1304_slave ****

make all 
make: Nothing to be done for `all'.

**** Build Finished ****

**** Build of configuration Debug for project kf1304_slave ****

make all 
Building file: ../src/kf1304_slave.cpp
Invoking: GCC C++ Compiler
g++ -O0 -g3 -Wall -c -fmessage-length=0 -MMD -MP -MF"src/kf1304_slave.d" -MT"src/kf1304_slave.d" -o "src/kf1304_slave.o" "../src/kf1304_slave.cpp"
../src/slaver_test.h: In function ‘void poseidon::slaver_work_test()’:
../src/slaver_test.h:179: 警告：未使用的变量 ‘worker’
Finished building: ../src/kf1304_slave.cpp
 
Building file: ../src/slaver.cpp
Invoking: GCC C++ Compiler
g++ -O0 -g3 -Wall -c -fmessage-length=0 -MMD -MP -MF"src/slaver.d" -MT"src/slaver.d" -o "src/slaver.o" "../src/slaver.cpp"
Finished building: ../src/slaver.cpp
 
Building target: kf1304_slave
Invoking: GCC C++ Linker
g++  -o "kf1304_slave"  ./src/GlobalHelper.o ./src/kf1304_slave.o ./src/slaver.o   
Finished building target: kf1304_slave
 

**** Build Finished ****

**** Build of configuration Debug for project kf1304_slave ****

make all 
Building file: ../src/kf1304_slave.cpp
Invoking: GCC C++ Compiler
g++ -O0 -g3 -Wall -c -fmessage-length=0 -MMD -MP -MF"src/kf1304_slave.d" -MT"src/kf1304_slave.d" -o "src/kf1304_slave.o" "../src/kf1304_slave.cpp"
Finished building: ../src/kf1304_slave.cpp
 
Building file: ../src/slaver.cpp
Invoking: GCC C++ Compiler
g++ -O0 -g3 -Wall -c -fmessage-length=0 -MMD -MP -MF"src/slaver.d" -MT"src/slaver.d" -o "src/slaver.o" "../src/slaver.cpp"
../src/slaver.cpp: In member function ‘bool poseidon::slaver::requestTask(poseidon::task*, std::string&)’:
../src/slaver.cpp:49: 错误：对 ‘(const std::string) (int, __socket_type, int)’ 的调用没有匹配
../src/slaver.cpp: In member function ‘bool poseidon::slaver::grab_page(poseidon::grabtask)’:
../src/slaver.cpp:157: 错误：对 ‘(const std::string) (int, __socket_type, int)’ 的调用没有匹配
../src/slaver.cpp: In member function ‘bool poseidon::slaver::remoteStorePage(poseidon::storetask, std::string, std::string)’:
../src/slaver.cpp:238: 错误：对 ‘(const std::string) (int, __socket_type, int)’ 的调用没有匹配
make: *** [src/slaver.o] 错误 1

**** Build Finished ****

**** Build of configuration Debug for project kf1304_slave ****

make all 
Building file: ../src/kf1304_slave.cpp
Invoking: GCC C++ Compiler
g++ -O0 -g3 -Wall -c -fmessage-length=0 -MMD -MP -MF"src/kf1304_slave.d" -MT"src/kf1304_slave.d" -o "src/kf1304_slave.o" "../src/kf1304_slave.cpp"
Finished building: ../src/kf1304_slave.cpp
 
Building file: ../src/slaver.cpp
Invoking: GCC C++ Compiler
g++ -O0 -g3 -Wall -c -fmessage-length=0 -MMD -MP -MF"src/slaver.d" -MT"src/slaver.d" -o "src/slaver.o" "../src/slaver.cpp"
../src/slaver.cpp: In member function ‘bool poseidon::slaver::requestTask(poseidon::task*, std::string&)’:
../src/slaver.cpp:49: 错误：对 ‘(const std::string) (int, __socket_type, int)’ 的调用没有匹配
../src/slaver.cpp: In member function ‘bool poseidon::slaver::grab_page(poseidon::grabtask)’:
../src/slaver.cpp:157: 错误：对 ‘(const std::string) (int, __socket_type, int)’ 的调用没有匹配
../src/slaver.cpp: In member function ‘bool poseidon::slaver::remoteStorePage(poseidon::storetask, std::string, std::string)’:
../src/slaver.cpp:238: 错误：对 ‘(const std::string) (int, __socket_type, int)’ 的调用没有匹配
make: *** [src/slaver.o] 错误 1

**** Build Finished ****

**** Build of configuration Debug for project kf1304_slave ****

make all 
Building file: ../src/kf1304_slave.cpp
Invoking: GCC C++ Compiler
g++ -O0 -g3 -Wall -c -fmessage-length=0 -MMD -MP -MF"src/kf1304_slave.d" -MT"src/kf1304_slave.d" -o "src/kf1304_slave.o" "../src/kf1304_slave.cpp"
Finished building: ../src/kf1304_slave.cpp
 
Building file: ../src/slaver.cpp
Invoking: GCC C++ Compiler
g++ -O0 -g3 -Wall -c -fmessage-length=0 -MMD -MP -MF"src/slaver.d" -MT"src/slaver.d" -o "src/slaver.o" "../src/slaver.cpp"
Finished building: ../src/slaver.cpp
 
Building target: kf1304_slave
Invoking: GCC C++ Linker
g++  -o "kf1304_slave"  ./src/GlobalHelper.o ./src/kf1304_slave.o ./src/slaver.o   
Finished building target: kf1304_slave
 

**** Build Finished ****

**** Build of configuration Debug for project kf1304_slave ****

make all 
Building file: ../src/kf1304_slave.cpp
Invoking: GCC C++ Compiler
g++ -O0 -g3 -Wall -c -fmessage-length=0 -MMD -MP -MF"src/kf1304_slave.d" -MT"src/kf1304_slave.d" -o "src/kf1304_slave.o" "../src/kf1304_slave.cpp"
Finished building: ../src/kf1304_slave.cpp
 
Building file: ../src/slaver.cpp
Invoking: GCC C++ Compiler
g++ -O0 -g3 -Wall -c -fmessage-length=0 -MMD -MP -MF"src/slaver.d" -MT"src/slaver.d" -o "src/slaver.o" "../src/slaver.cpp"
Finished building: ../src/slaver.cpp
 
Building target: kf1304_slave
Invoking: GCC C++ Linker
g++  -o "kf1304_slave"  ./src/GlobalHelper.o ./src/kf1304_slave.o ./src/slaver.o   
Finished building target: kf1304_slave
 

**** Build Finished ****

**** Build of configuration Debug for project kf1304_slave ****

make all 
Building file: ../src/kf1304_slave.cpp
Invoking: GCC C++ Compiler
g++ -O0 -g3 -Wall -c -fmessage-length=0 -MMD -MP -MF"src/kf1304_slave.d" -MT"src/kf1304_slave.d" -o "src/kf1304_slave.o" "../src/kf1304_slave.cpp"
Finished building: ../src/kf1304_slave.cpp
 
Building file: ../src/slaver.cpp
Invoking: GCC C++ Compiler
g++ -O0 -g3 -Wall -c -fmessage-length=0 -MMD -MP -MF"src/slaver.d" -MT"src/slaver.d" -o "src/slaver.o" "../src/slaver.cpp"
Finished building: ../src/slaver.cpp
 
Building target: kf1304_slave
Invoking: GCC C++ Linker
g++  -o "kf1304_slave"  ./src/GlobalHelper.o ./src/kf1304_slave.o ./src/slaver.o   
Finished building target: kf1304_slave
 

**** Build Finished ****

**** Build of configuration Debug for project kf1304_slave ****

make all 
Building file: ../src/slaver.cpp
Invoking: GCC C++ Compiler
g++ -O0 -g3 -Wall -c -fmessage-length=0 -MMD -MP -MF"src/slaver.d" -MT"src/slaver.d" -o "src/slaver.o" "../src/slaver.cpp"
../src/slaver.cpp: In member function ‘bool poseidon::slaver::request_task(poseidon::task*, std::string&)’:
../src/slaver.cpp:51: 错误：操作数类型 ‘const char [25]’ 和 ‘char*’ 对双目 ‘operator+’ 而言无效
../src/slaver.cpp:64: 错误：操作数类型 ‘const char [25]’ 和 ‘char*’ 对双目 ‘operator+’ 而言无效
../src/slaver.cpp:77: 错误：操作数类型 ‘const char [24]’ 和 ‘char*’ 对双目 ‘operator+’ 而言无效
make: *** [src/slaver.o] 错误 1

**** Build Finished ****

**** Build of configuration Debug for project kf1304_slave ****

make all 
Building file: ../src/slaver.cpp
Invoking: GCC C++ Compiler
g++ -O0 -g3 -Wall -c -fmessage-length=0 -MMD -MP -MF"src/slaver.d" -MT"src/slaver.d" -o "src/slaver.o" "../src/slaver.cpp"
../src/slaver.cpp: In member function ‘bool poseidon::slaver::request_task(poseidon::task*, std::string&)’:
../src/slaver.cpp:52: 错误：操作数类型 ‘const char [25]’ 和 ‘char*’ 对双目 ‘operator+’ 而言无效
../src/slaver.cpp:66: 错误：操作数类型 ‘const char [25]’ 和 ‘char*’ 对双目 ‘operator+’ 而言无效
../src/slaver.cpp:80: 错误：操作数类型 ‘const char [24]’ 和 ‘char*’ 对双目 ‘operator+’ 而言无效
make: *** [src/slaver.o] 错误 1

**** Build Finished ****

**** Build of configuration Debug for project kf1304_slave ****

make all 
Building file: ../src/slaver.cpp
Invoking: GCC C++ Compiler
g++ -O0 -g3 -Wall -c -fmessage-length=0 -MMD -MP -MF"src/slaver.d" -MT"src/slaver.d" -o "src/slaver.o" "../src/slaver.cpp"
../src/slaver.cpp: In member function ‘bool poseidon::slaver::request_task(poseidon::task*, std::string&)’:
../src/slaver.cpp:53: 错误：操作数类型 ‘const char [25]’ 和 ‘char*’ 对双目 ‘operator+’ 而言无效
../src/slaver.cpp:67: 错误：操作数类型 ‘const char [25]’ 和 ‘char*’ 对双目 ‘operator+’ 而言无效
../src/slaver.cpp:81: 错误：操作数类型 ‘const char [24]’ 和 ‘char*’ 对双目 ‘operator+’ 而言无效
make: *** [src/slaver.o] 错误 1

**** Build Finished ****

**** Build of configuration Debug for project kf1304_slave ****

make all 
Building file: ../src/slaver.cpp
Invoking: GCC C++ Compiler
g++ -O0 -g3 -Wall -c -fmessage-length=0 -MMD -MP -MF"src/slaver.d" -MT"src/slaver.d" -o "src/slaver.o" "../src/slaver.cpp"
../src/slaver.cpp: In member function ‘bool poseidon::slaver::request_task(poseidon::task*, std::string&)’:
../src/slaver.cpp:53: 错误：操作数类型 ‘std::string*’ 和 ‘char*’ 对双目 ‘operator+’ 而言无效
../src/slaver.cpp:67: 错误：操作数类型 ‘const char [25]’ 和 ‘char*’ 对双目 ‘operator+’ 而言无效
../src/slaver.cpp:81: 错误：操作数类型 ‘const char [24]’ 和 ‘char*’ 对双目 ‘operator+’ 而言无效
make: *** [src/slaver.o] 错误 1

**** Build Finished ****

**** Build of configuration Debug for project kf1304_slave ****

make all 
Building file: ../src/slaver.cpp
Invoking: GCC C++ Compiler
g++ -O0 -g3 -Wall -c -fmessage-length=0 -MMD -MP -MF"src/slaver.d" -MT"src/slaver.d" -o "src/slaver.o" "../src/slaver.cpp"
../src/slaver.cpp: In member function ‘bool poseidon::slaver::request_task(poseidon::task*, std::string&)’:
../src/slaver.cpp:54: 错误：expected `;' before ‘)’ token
../src/slaver.cpp:68: 错误：操作数类型 ‘const char [25]’ 和 ‘char*’ 对双目 ‘operator+’ 而言无效
../src/slaver.cpp:82: 错误：操作数类型 ‘const char [24]’ 和 ‘char*’ 对双目 ‘operator+’ 而言无效
make: *** [src/slaver.o] 错误 1

**** Build Finished ****

**** Build of configuration Debug for project kf1304_slave ****

make all 
Building file: ../src/slaver.cpp
Invoking: GCC C++ Compiler
g++ -O0 -g3 -Wall -c -fmessage-length=0 -MMD -MP -MF"src/slaver.d" -MT"src/slaver.d" -o "src/slaver.o" "../src/slaver.cpp"
../src/slaver.cpp: In member function ‘bool poseidon::slaver::request_task(poseidon::task*, std::string&)’:
../src/slaver.cpp:55: 错误：expected `;' before ‘gh’
../src/slaver.cpp:68: 错误：操作数类型 ‘const char [25]’ 和 ‘char*’ 对双目 ‘operator+’ 而言无效
../src/slaver.cpp:82: 错误：操作数类型 ‘const char [24]’ 和 ‘char*’ 对双目 ‘operator+’ 而言无效
make: *** [src/slaver.o] 错误 1

**** Build Finished ****

**** Build of configuration Debug for project kf1304_slave ****

make all 
Building file: ../src/slaver.cpp
Invoking: GCC C++ Compiler
g++ -O0 -g3 -Wall -c -fmessage-length=0 -MMD -MP -MF"src/slaver.d" -MT"src/slaver.d" -o "src/slaver.o" "../src/slaver.cpp"
../src/slaver.cpp: In member function ‘bool poseidon::slaver::request_task(poseidon::task*, std::string&)’:
../src/slaver.cpp:67: 错误：操作数类型 ‘const char [25]’ 和 ‘char*’ 对双目 ‘operator+’ 而言无效
../src/slaver.cpp:81: 错误：操作数类型 ‘const char [24]’ 和 ‘char*’ 对双目 ‘operator+’ 而言无效
make: *** [src/slaver.o] 错误 1

**** Build Finished ****

**** Build of configuration Debug for project kf1304_slave ****

make all 
Building file: ../src/slaver.cpp
Invoking: GCC C++ Compiler
g++ -O0 -g3 -Wall -c -fmessage-length=0 -MMD -MP -MF"src/slaver.d" -MT"src/slaver.d" -o "src/slaver.o" "../src/slaver.cpp"
../src/slaver.cpp: In member function ‘bool poseidon::slaver::request_task(poseidon::task*, std::string&)’:
../src/slaver.cpp:82: 错误：操作数类型 ‘const char [24]’ 和 ‘char*’ 对双目 ‘operator+’ 而言无效
make: *** [src/slaver.o] 错误 1

**** Build Finished ****

**** Build of configuration Debug for project kf1304_slave ****

make all 
Building file: ../src/slaver.cpp
Invoking: GCC C++ Compiler
g++ -O0 -g3 -Wall -c -fmessage-length=0 -MMD -MP -MF"src/slaver.d" -MT"src/slaver.d" -o "src/slaver.o" "../src/slaver.cpp"
Finished building: ../src/slaver.cpp
 
Building target: kf1304_slave
Invoking: GCC C++ Linker
g++  -o "kf1304_slave"  ./src/GlobalHelper.o ./src/kf1304_slave.o ./src/slaver.o   
Finished building target: kf1304_slave
 

**** Build Finished ****

**** Build of configuration Debug for project kf1304_slave ****

make all 
Building file: ../src/kf1304_slave.cpp
Invoking: GCC C++ Compiler
g++ -O0 -g3 -Wall -c -fmessage-length=0 -MMD -MP -MF"src/kf1304_slave.d" -MT"src/kf1304_slave.d" -o "src/kf1304_slave.o" "../src/kf1304_slave.cpp"
Finished building: ../src/kf1304_slave.cpp
 
Building file: ../src/slaver.cpp
Invoking: GCC C++ Compiler
g++ -O0 -g3 -Wall -c -fmessage-length=0 -MMD -MP -MF"src/slaver.d" -MT"src/slaver.d" -o "src/slaver.o" "../src/slaver.cpp"
Finished building: ../src/slaver.cpp
 
Building target: kf1304_slave
Invoking: GCC C++ Linker
g++  -o "kf1304_slave"  ./src/GlobalHelper.o ./src/kf1304_slave.o ./src/slaver.o   
Finished building target: kf1304_slave
 

**** Build Finished ****

**** Build of configuration Debug for project kf1304_slave ****

make all 
Building file: ../src/kf1304_slave.cpp
Invoking: GCC C++ Compiler
g++ -O0 -g3 -Wall -c -fmessage-length=0 -MMD -MP -MF"src/kf1304_slave.d" -MT"src/kf1304_slave.d" -o "src/kf1304_slave.o" "../src/kf1304_slave.cpp"
Finished building: ../src/kf1304_slave.cpp
 
Building file: ../src/slaver.cpp
Invoking: GCC C++ Compiler
g++ -O0 -g3 -Wall -c -fmessage-length=0 -MMD -MP -MF"src/slaver.d" -MT"src/slaver.d" -o "src/slaver.o" "../src/slaver.cpp"
../src/slaver.cpp: In member function ‘bool poseidon::slaver::grab_page(poseidon::grabtask)’:
../src/slaver.cpp:154: 错误：no match 为 ‘operator+’ 在 ‘std::operator+(const std::basic_string<_CharT, _Traits, _Alloc>&, const _CharT*) [with _CharT = char, _Traits = std::char_traits<char>, _Alloc = std::allocator<char>](((const char*)":")) + request_port’ 中
/usr/lib/gcc/i386-redhat-linux/4.1.2/../../../../include/c++/4.1.2/bits/stl_bvector.h:267: 附注：备选为： std::_Bit_iterator std::operator+(ptrdiff_t, const std::_Bit_iterator&)
/usr/lib/gcc/i386-redhat-linux/4.1.2/../../../../include/c++/4.1.2/bits/stl_bvector.h:353: 附注：         std::_Bit_const_iterator std::operator+(ptrdiff_t, const std::_Bit_const_iterator&)
../src/slaver.cpp:195: 警告：未使用的变量 ‘total’
../src/slaver.cpp:223: 错误：‘sockfd’ 在此作用域中尚未声明
make: *** [src/slaver.o] 错误 1

**** Build Finished ****

**** Build of configuration Debug for project kf1304_slave ****

make all 
Building file: ../src/slaver.cpp
Invoking: GCC C++ Compiler
g++ -O0 -g3 -Wall -c -fmessage-length=0 -MMD -MP -MF"src/slaver.d" -MT"src/slaver.d" -o "src/slaver.o" "../src/slaver.cpp"
../src/slaver.cpp: In member function ‘bool poseidon::slaver::grab_page(poseidon::grabtask)’:
../src/slaver.cpp:154: 错误：no match 为 ‘operator+’ 在 ‘std::operator+(const std::basic_string<_CharT, _Traits, _Alloc>&, const _CharT*) [with _CharT = char, _Traits = std::char_traits<char>, _Alloc = std::allocator<char>](((const char*)":")) + request_port’ 中
/usr/lib/gcc/i386-redhat-linux/4.1.2/../../../../include/c++/4.1.2/bits/stl_bvector.h:267: 附注：备选为： std::_Bit_iterator std::operator+(ptrdiff_t, const std::_Bit_iterator&)
/usr/lib/gcc/i386-redhat-linux/4.1.2/../../../../include/c++/4.1.2/bits/stl_bvector.h:353: 附注：         std::_Bit_const_iterator std::operator+(ptrdiff_t, const std::_Bit_const_iterator&)
../src/slaver.cpp:224: 错误：‘sockfd’ 在此作用域中尚未声明
make: *** [src/slaver.o] 错误 1

**** Build Finished ****

**** Build of configuration Debug for project kf1304_slave ****

make all 
Building file: ../src/slaver.cpp
Invoking: GCC C++ Compiler
g++ -O0 -g3 -Wall -c -fmessage-length=0 -MMD -MP -MF"src/slaver.d" -MT"src/slaver.d" -o "src/slaver.o" "../src/slaver.cpp"
../src/slaver.cpp: In member function ‘bool poseidon::slaver::grab_page(poseidon::grabtask)’:
../src/slaver.cpp:154: 错误：no match 为 ‘operator+’ 在 ‘std::operator+(const std::basic_string<_CharT, _Traits, _Alloc>&, const _CharT*) [with _CharT = char, _Traits = std::char_traits<char>, _Alloc = std::allocator<char>](((const char*)":")) + request_port’ 中
/usr/lib/gcc/i386-redhat-linux/4.1.2/../../../../include/c++/4.1.2/bits/stl_bvector.h:267: 附注：备选为： std::_Bit_iterator std::operator+(ptrdiff_t, const std::_Bit_iterator&)
/usr/lib/gcc/i386-redhat-linux/4.1.2/../../../../include/c++/4.1.2/bits/stl_bvector.h:353: 附注：         std::_Bit_const_iterator std::operator+(ptrdiff_t, const std::_Bit_const_iterator&)
make: *** [src/slaver.o] 错误 1

**** Build Finished ****

**** Build of configuration Debug for project kf1304_slave ****

make all 
Building file: ../src/slaver.cpp
Invoking: GCC C++ Compiler
g++ -O0 -g3 -Wall -c -fmessage-length=0 -MMD -MP -MF"src/slaver.d" -MT"src/slaver.d" -o "src/slaver.o" "../src/slaver.cpp"
../src/slaver.cpp: In member function ‘bool poseidon::slaver::grab_page(poseidon::grabtask)’:
../src/slaver.cpp:154: 错误：操作数类型 ‘const char*’ 和 ‘const char [2]’ 对双目 ‘operator+’ 而言无效
make: *** [src/slaver.o] 错误 1

**** Build Finished ****

**** Build of configuration Debug for project kf1304_slave ****

make all 
Building file: ../src/slaver.cpp
Invoking: GCC C++ Compiler
g++ -O0 -g3 -Wall -c -fmessage-length=0 -MMD -MP -MF"src/slaver.d" -MT"src/slaver.d" -o "src/slaver.o" "../src/slaver.cpp"
../src/slaver.cpp: In member function ‘bool poseidon::slaver::grab_page(poseidon::grabtask)’:
../src/slaver.cpp:154: 错误：从类型 ‘int’ 到类型 ‘const char*’ 的转换无效
../src/slaver.cpp:154: 错误：  初始化实参 1，属于 ‘std::basic_string<_CharT, _Traits, _Alloc>& std::basic_string<_CharT, _Traits, _Alloc>::append(const _CharT*) [with _CharT = char, _Traits = std::char_traits<char>, _Alloc = std::allocator<char>]’
make: *** [src/slaver.o] 错误 1

**** Build Finished ****

**** Build of configuration Debug for project kf1304_slave ****

make all 
Building file: ../src/slaver.cpp
Invoking: GCC C++ Compiler
g++ -O0 -g3 -Wall -c -fmessage-length=0 -MMD -MP -MF"src/slaver.d" -MT"src/slaver.d" -o "src/slaver.o" "../src/slaver.cpp"
../src/slaver.cpp: In member function ‘bool poseidon::slaver::grab_page(poseidon::grabtask)’:
../src/slaver.cpp:154: 错误：no match 为 ‘operator+’ 在 ‘std::operator+(const std::basic_string<_CharT, _Traits, _Alloc>&, const _CharT*) [with _CharT = char, _Traits = std::char_traits<char>, _Alloc = std::allocator<char>](((const char*)":")) + request_port’ 中
/usr/lib/gcc/i386-redhat-linux/4.1.2/../../../../include/c++/4.1.2/bits/stl_bvector.h:267: 附注：备选为： std::_Bit_iterator std::operator+(ptrdiff_t, const std::_Bit_iterator&)
/usr/lib/gcc/i386-redhat-linux/4.1.2/../../../../include/c++/4.1.2/bits/stl_bvector.h:353: 附注：         std::_Bit_const_iterator std::operator+(ptrdiff_t, const std::_Bit_const_iterator&)
make: *** [src/slaver.o] 错误 1

**** Build Finished ****

**** Build of configuration Debug for project kf1304_slave ****

make all 
Building file: ../src/slaver.cpp
Invoking: GCC C++ Compiler
g++ -O0 -g3 -Wall -c -fmessage-length=0 -MMD -MP -MF"src/slaver.d" -MT"src/slaver.d" -o "src/slaver.o" "../src/slaver.cpp"
Finished building: ../src/slaver.cpp
 
Building target: kf1304_slave
Invoking: GCC C++ Linker
g++  -o "kf1304_slave"  ./src/GlobalHelper.o ./src/kf1304_slave.o ./src/slaver.o   
Finished building target: kf1304_slave
 

**** Build Finished ****

**** Build of configuration Debug for project kf1304_slave ****

make all 
Building file: ../src/slaver.cpp
Invoking: GCC C++ Compiler
g++ -O0 -g3 -Wall -c -fmessage-length=0 -MMD -MP -MF"src/slaver.d" -MT"src/slaver.d" -o "src/slaver.o" "../src/slaver.cpp"
Finished building: ../src/slaver.cpp
 
Building target: kf1304_slave
Invoking: GCC C++ Linker
g++  -o "kf1304_slave"  ./src/GlobalHelper.o ./src/kf1304_slave.o ./src/slaver.o   
Finished building target: kf1304_slave
 

**** Build Finished ****

**** Build of configuration Debug for project kf1304_slave ****

make all 
Building file: ../src/kf1304_slave.cpp
Invoking: GCC C++ Compiler
g++ -O0 -g3 -Wall -c -fmessage-length=0 -MMD -MP -MF"src/kf1304_slave.d" -MT"src/kf1304_slave.d" -o "src/kf1304_slave.o" "../src/kf1304_slave.cpp"
Finished building: ../src/kf1304_slave.cpp
 
Building target: kf1304_slave
Invoking: GCC C++ Linker
g++  -o "kf1304_slave"  ./src/GlobalHelper.o ./src/kf1304_slave.o ./src/slaver.o   
Finished building target: kf1304_slave
 

**** Build Finished ****

**** Build of configuration Debug for project kf1304_slave ****

make all 
make: Nothing to be done for `all'.

**** Build Finished ****

**** Build of configuration Debug for project kf1304_slave ****

make all 
Building file: ../src/slaver.cpp
Invoking: GCC C++ Compiler
g++ -O0 -g3 -Wall -c -fmessage-length=0 -MMD -MP -MF"src/slaver.d" -MT"src/slaver.d" -o "src/slaver.o" "../src/slaver.cpp"
Finished building: ../src/slaver.cpp
 
Building target: kf1304_slave
Invoking: GCC C++ Linker
g++  -o "kf1304_slave"  ./src/GlobalHelper.o ./src/kf1304_slave.o ./src/slaver.o   
Finished building target: kf1304_slave
 

**** Build Finished ****

**** Build of configuration Debug for project kf1304_slave ****

make all 
make: Nothing to be done for `all'.

**** Build Finished ****

**** Build of configuration Debug for project kf1304_slave ****

make all 
make: Nothing to be done for `all'.

**** Build Finished ****

**** Build of configuration Debug for project kf1304_slave ****

make all 
Building file: ../src/slaver.cpp
Invoking: GCC C++ Compiler
g++ -O0 -g3 -Wall -c -fmessage-length=0 -MMD -MP -MF"src/slaver.d" -MT"src/slaver.d" -o "src/slaver.o" "../src/slaver.cpp"
Finished building: ../src/slaver.cpp
 
Building target: kf1304_slave
Invoking: GCC C++ Linker
g++  -o "kf1304_slave"  ./src/GlobalHelper.o ./src/kf1304_slave.o ./src/slaver.o   
Finished building target: kf1304_slave
 

**** Build Finished ****

**** Build of configuration Debug for project kf1304_slave ****

make all 
Building file: ../src/GlobalHelper.cpp
Invoking: GCC C++ Compiler
g++ -O0 -g3 -Wall -c -fmessage-length=0 -MMD -MP -MF"src/GlobalHelper.d" -MT"src/GlobalHelper.d" -o "src/GlobalHelper.o" "../src/GlobalHelper.cpp"
Finished building: ../src/GlobalHelper.cpp
 
Building file: ../src/kf1304_slave.cpp
Invoking: GCC C++ Compiler
g++ -O0 -g3 -Wall -c -fmessage-length=0 -MMD -MP -MF"src/kf1304_slave.d" -MT"src/kf1304_slave.d" -o "src/kf1304_slave.o" "../src/kf1304_slave.cpp"
../src/slaver.h: In member function ‘void poseidon::slaver::str2task(std::string, poseidon::task&)’:
../src/slaver.h:387: 错误：不能将 ‘std::basic_string<char, std::char_traits<char>, std::allocator<char> >’ 转换为 ‘int’，在 assignment 中
make: *** [src/kf1304_slave.o] 错误 1

**** Build Finished ****

**** Build of configuration Debug for project kf1304_slave ****

make all 
Building file: ../src/kf1304_slave.cpp
Invoking: GCC C++ Compiler
g++ -O0 -g3 -Wall -c -fmessage-length=0 -MMD -MP -MF"src/kf1304_slave.d" -MT"src/kf1304_slave.d" -o "src/kf1304_slave.o" "../src/kf1304_slave.cpp"
Finished building: ../src/kf1304_slave.cpp
 
Building file: ../src/slaver.cpp
Invoking: GCC C++ Compiler
g++ -O0 -g3 -Wall -c -fmessage-length=0 -MMD -MP -MF"src/slaver.d" -MT"src/slaver.d" -o "src/slaver.o" "../src/slaver.cpp"
Finished building: ../src/slaver.cpp
 
Building target: kf1304_slave
Invoking: GCC C++ Linker
g++  -o "kf1304_slave"  ./src/GlobalHelper.o ./src/kf1304_slave.o ./src/slaver.o   
Finished building target: kf1304_slave
 

**** Build Finished ****

**** Build of configuration Debug for project kf1304_slave ****

make all 
Building file: ../src/kf1304_slave.cpp
Invoking: GCC C++ Compiler
g++ -O0 -g3 -Wall -c -fmessage-length=0 -MMD -MP -MF"src/kf1304_slave.d" -MT"src/kf1304_slave.d" -o "src/kf1304_slave.o" "../src/kf1304_slave.cpp"
Finished building: ../src/kf1304_slave.cpp
 
Building file: ../src/slaver.cpp
Invoking: GCC C++ Compiler
g++ -O0 -g3 -Wall -c -fmessage-length=0 -MMD -MP -MF"src/slaver.d" -MT"src/slaver.d" -o "src/slaver.o" "../src/slaver.cpp"
Finished building: ../src/slaver.cpp
 
Building target: kf1304_slave
Invoking: GCC C++ Linker
g++  -o "kf1304_slave"  ./src/GlobalHelper.o ./src/kf1304_slave.o ./src/slaver.o   
Finished building target: kf1304_slave
 

**** Build Finished ****

**** Build of configuration Debug for project kf1304_slave ****

make all 
Building file: ../src/kf1304_slave.cpp
Invoking: GCC C++ Compiler
g++ -O0 -g3 -Wall -c -fmessage-length=0 -MMD -MP -MF"src/kf1304_slave.d" -MT"src/kf1304_slave.d" -o "src/kf1304_slave.o" "../src/kf1304_slave.cpp"
Finished building: ../src/kf1304_slave.cpp
 
Building target: kf1304_slave
Invoking: GCC C++ Linker
g++  -o "kf1304_slave"  ./src/GlobalHelper.o ./src/kf1304_slave.o ./src/slaver.o   
Finished building target: kf1304_slave
 

**** Build Finished ****

**** Build of configuration Debug for project kf1304_slave ****

make all 
make: Nothing to be done for `all'.

**** Build Finished ****

**** Build of configuration Debug for project kf1304_slave ****

make all 
make: Nothing to be done for `all'.

**** Build Finished ****

**** Build of configuration Debug for project kf1304_slave ****

make all 
Building file: ../src/kf1304_slave.cpp
Invoking: GCC C++ Compiler
g++ -O0 -g3 -Wall -c -fmessage-length=0 -MMD -MP -MF"src/kf1304_slave.d" -MT"src/kf1304_slave.d" -o "src/kf1304_slave.o" "../src/kf1304_slave.cpp"
Finished building: ../src/kf1304_slave.cpp
 
Building file: ../src/slaver.cpp
Invoking: GCC C++ Compiler
g++ -O0 -g3 -Wall -c -fmessage-length=0 -MMD -MP -MF"src/slaver.d" -MT"src/slaver.d" -o "src/slaver.o" "../src/slaver.cpp"
Finished building: ../src/slaver.cpp
 
Building target: kf1304_slave
Invoking: GCC C++ Linker
g++  -o "kf1304_slave"  ./src/GlobalHelper.o ./src/kf1304_slave.o ./src/slaver.o   
Finished building target: kf1304_slave
 

**** Build Finished ****

**** Build of configuration Debug for project kf1304_slave ****

make all 
make: Nothing to be done for `all'.

**** Build Finished ****

**** Build of configuration Debug for project kf1304_slave ****

make all 
Building file: ../src/kf1304_slave.cpp
Invoking: GCC C++ Compiler
g++ -O0 -g3 -Wall -c -fmessage-length=0 -MMD -MP -MF"src/kf1304_slave.d" -MT"src/kf1304_slave.d" -o "src/kf1304_slave.o" "../src/kf1304_slave.cpp"
../src/slaver.h: In member function ‘void poseidon::slaver::store_page(poseidon::storetask)’:
../src/slaver.h:253: 错误：对 ‘poseidon::GlobalHelper::log2(const char [22], poseidon::storetask&)’ 的调用没有匹配的函数
../src/GlobalHelper.h:450: 附注：备选为： void poseidon::GlobalHelper::log2(std::string, std::string)
../src/slaver_test.h: In function ‘void poseidon::store_page_test()’:
../src/slaver_test.h:378: 错误：no match 为 ‘operator=’ 在 ‘s_task.poseidon::storetask::request_ip = worker->poseidon::slaver::store_ip’ 中
/usr/lib/gcc/i386-redhat-linux/4.1.2/../../../../include/c++/4.1.2/bits/basic_string.h:485: 附注：备选为： std::basic_string<_CharT, _Traits, _Alloc>& std::basic_string<_CharT, _Traits, _Alloc>::operator=(const std::basic_string<_CharT, _Traits, _Alloc>&) [with _CharT = char, _Traits = std::char_traits<char>, _Alloc = std::allocator<char>]
/usr/lib/gcc/i386-redhat-linux/4.1.2/../../../../include/c++/4.1.2/bits/basic_string.h:493: 附注：         std::basic_string<_CharT, _Traits, _Alloc>& std::basic_string<_CharT, _Traits, _Alloc>::operator=(const _CharT*) [with _CharT = char, _Traits = std::char_traits<char>, _Alloc = std::allocator<char>]
/usr/lib/gcc/i386-redhat-linux/4.1.2/../../../../include/c++/4.1.2/bits/basic_string.h:504: 附注：         std::basic_string<_CharT, _Traits, _Alloc>& std::basic_string<_CharT, _Traits, _Alloc>::operator=(_CharT) [with _CharT = char, _Traits = std::char_traits<char>, _Alloc = std::allocator<char>]
make: *** [src/kf1304_slave.o] 错误 1

**** Build Finished ****

**** Build of configuration Debug for project kf1304_slave ****

make all 
Building file: ../src/kf1304_slave.cpp
Invoking: GCC C++ Compiler
g++ -O0 -g3 -Wall -c -fmessage-length=0 -MMD -MP -MF"src/kf1304_slave.d" -MT"src/kf1304_slave.d" -o "src/kf1304_slave.o" "../src/kf1304_slave.cpp"
Finished building: ../src/kf1304_slave.cpp
 
Building file: ../src/slaver.cpp
Invoking: GCC C++ Compiler
g++ -O0 -g3 -Wall -c -fmessage-length=0 -MMD -MP -MF"src/slaver.d" -MT"src/slaver.d" -o "src/slaver.o" "../src/slaver.cpp"
Finished building: ../src/slaver.cpp
 
Building target: kf1304_slave
Invoking: GCC C++ Linker
g++  -o "kf1304_slave"  ./src/GlobalHelper.o ./src/kf1304_slave.o ./src/slaver.o   
Finished building target: kf1304_slave
 

**** Build Finished ****

**** Build of configuration Debug for project kf1304_slave ****

make all 
make: Nothing to be done for `all'.

**** Build Finished ****

**** Build of configuration Debug for project kf1304_slave ****

make all 
make: Nothing to be done for `all'.

**** Build Finished ****

**** Build of configuration Debug for project kf1304_slave ****

make all 
make: Nothing to be done for `all'.

**** Build Finished ****

**** Build of configuration Debug for project kf1304_slave ****

make all 
Building file: ../src/kf1304_slave.cpp
Invoking: GCC C++ Compiler
g++ -O0 -g3 -Wall -c -fmessage-length=0 -MMD -MP -MF"src/kf1304_slave.d" -MT"src/kf1304_slave.d" -o "src/kf1304_slave.o" "../src/kf1304_slave.cpp"
Finished building: ../src/kf1304_slave.cpp
 
Building file: ../src/slaver.cpp
Invoking: GCC C++ Compiler
g++ -O0 -g3 -Wall -c -fmessage-length=0 -MMD -MP -MF"src/slaver.d" -MT"src/slaver.d" -o "src/slaver.o" "../src/slaver.cpp"
../src/slaver.cpp: In member function ‘bool poseidon::slaver::grab_page(poseidon::grabtask)’:
../src/slaver.cpp:179: 错误：expected `;' before ‘break’
make: *** [src/slaver.o] 错误 1

**** Build Finished ****

**** Build of configuration Debug for project kf1304_slave ****

make all 
Building file: ../src/slaver.cpp
Invoking: GCC C++ Compiler
g++ -O0 -g3 -Wall -c -fmessage-length=0 -MMD -MP -MF"src/slaver.d" -MT"src/slaver.d" -o "src/slaver.o" "../src/slaver.cpp"
Finished building: ../src/slaver.cpp
 
Building target: kf1304_slave
Invoking: GCC C++ Linker
g++  -o "kf1304_slave"  ./src/GlobalHelper.o ./src/kf1304_slave.o ./src/slaver.o   
Finished building target: kf1304_slave
 

**** Build Finished ****

**** Build of configuration Debug for project kf1304_slave ****

make all 
Building file: ../src/kf1304_slave.cpp
Invoking: GCC C++ Compiler
g++ -O0 -g3 -Wall -c -fmessage-length=0 -MMD -MP -MF"src/kf1304_slave.d" -MT"src/kf1304_slave.d" -o "src/kf1304_slave.o" "../src/kf1304_slave.cpp"
Finished building: ../src/kf1304_slave.cpp
 
Building file: ../src/slaver.cpp
Invoking: GCC C++ Compiler
g++ -O0 -g3 -Wall -c -fmessage-length=0 -MMD -MP -MF"src/slaver.d" -MT"src/slaver.d" -o "src/slaver.o" "../src/slaver.cpp"
Finished building: ../src/slaver.cpp
 
Building target: kf1304_slave
Invoking: GCC C++ Linker
g++  -o "kf1304_slave"  ./src/GlobalHelper.o ./src/kf1304_slave.o ./src/slaver.o   
Finished building target: kf1304_slave
 

**** Build Finished ****

**** Build of configuration Debug for project kf1304_slave ****

make all 
Building file: ../src/kf1304_slave.cpp
Invoking: GCC C++ Compiler
g++ -O0 -g3 -Wall -c -fmessage-length=0 -MMD -MP -MF"src/kf1304_slave.d" -MT"src/kf1304_slave.d" -o "src/kf1304_slave.o" "../src/kf1304_slave.cpp"
Finished building: ../src/kf1304_slave.cpp
 
Building file: ../src/slaver.cpp
Invoking: GCC C++ Compiler
g++ -O0 -g3 -Wall -c -fmessage-length=0 -MMD -MP -MF"src/slaver.d" -MT"src/slaver.d" -o "src/slaver.o" "../src/slaver.cpp"
Finished building: ../src/slaver.cpp
 
Building target: kf1304_slave
Invoking: GCC C++ Linker
g++  -o "kf1304_slave"  ./src/GlobalHelper.o ./src/kf1304_slave.o ./src/slaver.o   
Finished building target: kf1304_slave
 

**** Build Finished ****

**** Build of configuration Debug for project kf1304_slave ****

make all 
Building file: ../src/GlobalHelper.cpp
Invoking: GCC C++ Compiler
g++ -O0 -g3 -Wall -c -fmessage-length=0 -MMD -MP -MF"src/GlobalHelper.d" -MT"src/GlobalHelper.d" -o "src/GlobalHelper.o" "../src/GlobalHelper.cpp"
Finished building: ../src/GlobalHelper.cpp
 
Building file: ../src/kf1304_slave.cpp
Invoking: GCC C++ Compiler
g++ -O0 -g3 -Wall -c -fmessage-length=0 -MMD -MP -MF"src/kf1304_slave.d" -MT"src/kf1304_slave.d" -o "src/kf1304_slave.o" "../src/kf1304_slave.cpp"
Finished building: ../src/kf1304_slave.cpp
 
Building file: ../src/slaver.cpp
Invoking: GCC C++ Compiler
g++ -O0 -g3 -Wall -c -fmessage-length=0 -MMD -MP -MF"src/slaver.d" -MT"src/slaver.d" -o "src/slaver.o" "../src/slaver.cpp"
Finished building: ../src/slaver.cpp
 
Building target: kf1304_slave
Invoking: GCC C++ Linker
g++  -o "kf1304_slave"  ./src/GlobalHelper.o ./src/kf1304_slave.o ./src/slaver.o   
Finished building target: kf1304_slave
 

**** Build Finished ****

**** Build of configuration Debug for project kf1304_slave ****

make all 
Building file: ../src/kf1304_slave.cpp
Invoking: GCC C++ Compiler
g++ -O0 -g3 -Wall -c -fmessage-length=0 -MMD -MP -MF"src/kf1304_slave.d" -MT"src/kf1304_slave.d" -o "src/kf1304_slave.o" "../src/kf1304_slave.cpp"
Finished building: ../src/kf1304_slave.cpp
 
Building file: ../src/slaver.cpp
Invoking: GCC C++ Compiler
g++ -O0 -g3 -Wall -c -fmessage-length=0 -MMD -MP -MF"src/slaver.d" -MT"src/slaver.d" -o "src/slaver.o" "../src/slaver.cpp"
Finished building: ../src/slaver.cpp
 
Building target: kf1304_slave
Invoking: GCC C++ Linker
g++  -o "kf1304_slave"  ./src/GlobalHelper.o ./src/kf1304_slave.o ./src/slaver.o   
Finished building target: kf1304_slave
 

**** Build Finished ****

**** Build of configuration Debug for project kf1304_slave ****

make all 
Building file: ../src/kf1304_slave.cpp
Invoking: GCC C++ Compiler
g++ -O0 -g3 -Wall -c -fmessage-length=0 -MMD -MP -MF"src/kf1304_slave.d" -MT"src/kf1304_slave.d" -o "src/kf1304_slave.o" "../src/kf1304_slave.cpp"
Finished building: ../src/kf1304_slave.cpp
 
Building file: ../src/slaver.cpp
Invoking: GCC C++ Compiler
g++ -O0 -g3 -Wall -c -fmessage-length=0 -MMD -MP -MF"src/slaver.d" -MT"src/slaver.d" -o "src/slaver.o" "../src/slaver.cpp"
Finished building: ../src/slaver.cpp
 
Building target: kf1304_slave
Invoking: GCC C++ Linker
g++  -o "kf1304_slave"  ./src/GlobalHelper.o ./src/kf1304_slave.o ./src/slaver.o   
Finished building target: kf1304_slave
 

**** Build Finished ****

**** Build of configuration Debug for project kf1304_slave ****

make all 
Building file: ../src/kf1304_slave.cpp
Invoking: GCC C++ Compiler
g++ -O0 -g3 -Wall -c -fmessage-length=0 -MMD -MP -MF"src/kf1304_slave.d" -MT"src/kf1304_slave.d" -o "src/kf1304_slave.o" "../src/kf1304_slave.cpp"
Finished building: ../src/kf1304_slave.cpp
 
Building file: ../src/slaver.cpp
Invoking: GCC C++ Compiler
g++ -O0 -g3 -Wall -c -fmessage-length=0 -MMD -MP -MF"src/slaver.d" -MT"src/slaver.d" -o "src/slaver.o" "../src/slaver.cpp"
Finished building: ../src/slaver.cpp
 
Building target: kf1304_slave
Invoking: GCC C++ Linker
g++  -o "kf1304_slave"  ./src/GlobalHelper.o ./src/kf1304_slave.o ./src/slaver.o   
Finished building target: kf1304_slave
 

**** Build Finished ****

**** Build of configuration Debug for project kf1304_slave ****

make all 
Building file: ../src/kf1304_slave.cpp
Invoking: GCC C++ Compiler
g++ -O0 -g3 -Wall -c -fmessage-length=0 -MMD -MP -MF"src/kf1304_slave.d" -MT"src/kf1304_slave.d" -o "src/kf1304_slave.o" "../src/kf1304_slave.cpp"
Finished building: ../src/kf1304_slave.cpp
 
Building file: ../src/slaver.cpp
Invoking: GCC C++ Compiler
g++ -O0 -g3 -Wall -c -fmessage-length=0 -MMD -MP -MF"src/slaver.d" -MT"src/slaver.d" -o "src/slaver.o" "../src/slaver.cpp"
Finished building: ../src/slaver.cpp
 
Building target: kf1304_slave
Invoking: GCC C++ Linker
g++  -o "kf1304_slave"  ./src/GlobalHelper.o ./src/kf1304_slave.o ./src/slaver.o   
Finished building target: kf1304_slave
 

**** Build Finished ****

**** Build of configuration Debug for project kf1304_slave ****

make all 
Building file: ../src/kf1304_slave.cpp
Invoking: GCC C++ Compiler
g++ -O0 -g3 -Wall -c -fmessage-length=0 -MMD -MP -MF"src/kf1304_slave.d" -MT"src/kf1304_slave.d" -o "src/kf1304_slave.o" "../src/kf1304_slave.cpp"
Finished building: ../src/kf1304_slave.cpp
 
Building file: ../src/slaver.cpp
Invoking: GCC C++ Compiler
g++ -O0 -g3 -Wall -c -fmessage-length=0 -MMD -MP -MF"src/slaver.d" -MT"src/slaver.d" -o "src/slaver.o" "../src/slaver.cpp"
Finished building: ../src/slaver.cpp
 
Building target: kf1304_slave
Invoking: GCC C++ Linker
g++  -o "kf1304_slave"  ./src/GlobalHelper.o ./src/kf1304_slave.o ./src/slaver.o   
Finished building target: kf1304_slave
 

**** Build Finished ****

**** Build of configuration Debug for project kf1304_slave ****

make all 
make: Nothing to be done for `all'.

**** Build Finished ****

**** Build of configuration Debug for project kf1304_slave ****

make all 
Building file: ../src/slaver.cpp
Invoking: GCC C++ Compiler
g++ -O0 -g3 -Wall -c -fmessage-length=0 -MMD -MP -MF"src/slaver.d" -MT"src/slaver.d" -o "src/slaver.o" "../src/slaver.cpp"
../src/slaver.cpp: In member function ‘bool poseidon::slaver::remoteStorePage(poseidon::storetask, std::string, std::string)’:
../src/slaver.cpp:247: 错误：操作数类型 ‘const char [25]’ 和 ‘char*’ 对双目 ‘operator+’ 而言无效
../src/slaver.cpp:258: 错误：操作数类型 ‘const char [26]’ 和 ‘char*’ 对双目 ‘operator+’ 而言无效
../src/slaver.cpp:279: 错误：操作数类型 ‘const char [24]’ 和 ‘char*’ 对双目 ‘operator+’ 而言无效
../src/slaver.cpp:310: 错误：操作数类型 ‘const char [24]’ 和 ‘char*’ 对双目 ‘operator+’ 而言无效
make: *** [src/slaver.o] 错误 1

**** Build Finished ****

**** Build of configuration Debug for project kf1304_slave ****

make all 
Building file: ../src/slaver.cpp
Invoking: GCC C++ Compiler
g++ -O0 -g3 -Wall -c -fmessage-length=0 -MMD -MP -MF"src/slaver.d" -MT"src/slaver.d" -o "src/slaver.o" "../src/slaver.cpp"
../src/slaver.cpp: In member function ‘bool poseidon::slaver::remoteStorePage(poseidon::storetask, std::string, std::string)’:
../src/slaver.cpp:258: 错误：操作数类型 ‘const char [26]’ 和 ‘char*’ 对双目 ‘operator+’ 而言无效
../src/slaver.cpp:279: 错误：操作数类型 ‘const char [24]’ 和 ‘char*’ 对双目 ‘operator+’ 而言无效
../src/slaver.cpp:310: 错误：操作数类型 ‘const char [24]’ 和 ‘char*’ 对双目 ‘operator+’ 而言无效
make: *** [src/slaver.o] 错误 1

**** Build Finished ****

**** Build of configuration Debug for project kf1304_slave ****

make all 
Building file: ../src/slaver.cpp
Invoking: GCC C++ Compiler
g++ -O0 -g3 -Wall -c -fmessage-length=0 -MMD -MP -MF"src/slaver.d" -MT"src/slaver.d" -o "src/slaver.o" "../src/slaver.cpp"
../src/slaver.cpp: In member function ‘bool poseidon::slaver::remoteStorePage(poseidon::storetask, std::string, std::string)’:
../src/slaver.cpp:310: 错误：操作数类型 ‘const char [24]’ 和 ‘char*’ 对双目 ‘operator+’ 而言无效
make: *** [src/slaver.o] 错误 1

**** Build Finished ****

**** Build of configuration Debug for project kf1304_slave ****

make all 
Building file: ../src/slaver.cpp
Invoking: GCC C++ Compiler
g++ -O0 -g3 -Wall -c -fmessage-length=0 -MMD -MP -MF"src/slaver.d" -MT"src/slaver.d" -o "src/slaver.o" "../src/slaver.cpp"
Finished building: ../src/slaver.cpp
 
Building target: kf1304_slave
Invoking: GCC C++ Linker
g++  -o "kf1304_slave"  ./src/GlobalHelper.o ./src/kf1304_slave.o ./src/slaver.o   
Finished building target: kf1304_slave
 

**** Build Finished ****

**** Build of configuration Debug for project kf1304_slave ****

make all 
make: Nothing to be done for `all'.

**** Build Finished ****

**** Build of configuration Debug for project kf1304_slave ****

make all 
make: Nothing to be done for `all'.

**** Build Finished ****

**** Build of configuration Debug for project kf1304_slave ****

make all 
make: Nothing to be done for `all'.

**** Build Finished ****

**** Build of configuration Debug for project kf1304_slave ****

make all 
Building file: ../src/slaver.cpp
Invoking: GCC C++ Compiler
g++ -O0 -g3 -Wall -c -fmessage-length=0 -MMD -MP -MF"src/slaver.d" -MT"src/slaver.d" -o "src/slaver.o" "../src/slaver.cpp"
Finished building: ../src/slaver.cpp
 
Building target: kf1304_slave
Invoking: GCC C++ Linker
g++  -o "kf1304_slave"  ./src/GlobalHelper.o ./src/kf1304_slave.o ./src/slaver.o   
Finished building target: kf1304_slave
 

**** Build Finished ****

**** Build of configuration Debug for project kf1304_slave ****

make all 
Building file: ../src/slaver.cpp
Invoking: GCC C++ Compiler
g++ -O0 -g3 -Wall -c -fmessage-length=0 -MMD -MP -MF"src/slaver.d" -MT"src/slaver.d" -o "src/slaver.o" "../src/slaver.cpp"
../src/slaver.cpp: In member function ‘bool poseidon::slaver::remoteStorePage(poseidon::storetask, std::string, std::string)’:
../src/slaver.cpp:243: 警告：未使用的变量 ‘page_buff’
Finished building: ../src/slaver.cpp
 
Building target: kf1304_slave
Invoking: GCC C++ Linker
g++  -o "kf1304_slave"  ./src/GlobalHelper.o ./src/kf1304_slave.o ./src/slaver.o   
Finished building target: kf1304_slave
 

**** Build Finished ****

**** Build of configuration Debug for project kf1304_slave ****

make all 
Building file: ../src/slaver.cpp
Invoking: GCC C++ Compiler
g++ -O0 -g3 -Wall -c -fmessage-length=0 -MMD -MP -MF"src/slaver.d" -MT"src/slaver.d" -o "src/slaver.o" "../src/slaver.cpp"
Finished building: ../src/slaver.cpp
 
Building target: kf1304_slave
Invoking: GCC C++ Linker
g++  -o "kf1304_slave"  ./src/GlobalHelper.o ./src/kf1304_slave.o ./src/slaver.o   
Finished building target: kf1304_slave
 

**** Build Finished ****

**** Build of configuration Debug for project kf1304_slave ****

make all 
make: Nothing to be done for `all'.

**** Build Finished ****

**** Build of configuration Debug for project kf1304_slave ****

make all 
make: Nothing to be done for `all'.

**** Build Finished ****

**** Build of configuration Debug for project kf1304_slave ****

make all 
Building file: ../src/GlobalHelper.cpp
Invoking: GCC C++ Compiler
g++ -O0 -g3 -Wall -c -fmessage-length=0 -MMD -MP -MF"src/GlobalHelper.d" -MT"src/GlobalHelper.d" -o "src/GlobalHelper.o" "../src/GlobalHelper.cpp"
Finished building: ../src/GlobalHelper.cpp
 
Building file: ../src/kf1304_slave.cpp
Invoking: GCC C++ Compiler
g++ -O0 -g3 -Wall -c -fmessage-length=0 -MMD -MP -MF"src/kf1304_slave.d" -MT"src/kf1304_slave.d" -o "src/kf1304_slave.o" "../src/kf1304_slave.cpp"
Finished building: ../src/kf1304_slave.cpp
 
Building file: ../src/slaver.cpp
Invoking: GCC C++ Compiler
g++ -O0 -g3 -Wall -c -fmessage-length=0 -MMD -MP -MF"src/slaver.d" -MT"src/slaver.d" -o "src/slaver.o" "../src/slaver.cpp"
Finished building: ../src/slaver.cpp
 
Building target: kf1304_slave
Invoking: GCC C++ Linker
g++  -o "kf1304_slave"  ./src/GlobalHelper.o ./src/kf1304_slave.o ./src/slaver.o   
Finished building target: kf1304_slave
 

**** Build Finished ****

**** Build of configuration Debug for project kf1304_slave ****

make all 
Building file: ../src/GlobalHelper.cpp
Invoking: GCC C++ Compiler
g++ -O0 -g3 -Wall -c -fmessage-length=0 -MMD -MP -MF"src/GlobalHelper.d" -MT"src/GlobalHelper.d" -o "src/GlobalHelper.o" "../src/GlobalHelper.cpp"
Finished building: ../src/GlobalHelper.cpp
 
Building file: ../src/kf1304_slave.cpp
Invoking: GCC C++ Compiler
g++ -O0 -g3 -Wall -c -fmessage-length=0 -MMD -MP -MF"src/kf1304_slave.d" -MT"src/kf1304_slave.d" -o "src/kf1304_slave.o" "../src/kf1304_slave.cpp"
Finished building: ../src/kf1304_slave.cpp
 
Building file: ../src/slaver.cpp
Invoking: GCC C++ Compiler
g++ -O0 -g3 -Wall -c -fmessage-length=0 -MMD -MP -MF"src/slaver.d" -MT"src/slaver.d" -o "src/slaver.o" "../src/slaver.cpp"
Finished building: ../src/slaver.cpp
 
Building target: kf1304_slave
Invoking: GCC C++ Linker
g++  -o "kf1304_slave"  ./src/GlobalHelper.o ./src/kf1304_slave.o ./src/slaver.o   
Finished building target: kf1304_slave
 

**** Build Finished ****

**** Build of configuration Debug for project kf1304_slave ****

make all 
Building file: ../src/GlobalHelper.cpp
Invoking: GCC C++ Compiler
g++ -O0 -g3 -Wall -c -fmessage-length=0 -MMD -MP -MF"src/GlobalHelper.d" -MT"src/GlobalHelper.d" -o "src/GlobalHelper.o" "../src/GlobalHelper.cpp"
Finished building: ../src/GlobalHelper.cpp
 
Building file: ../src/kf1304_slave.cpp
Invoking: GCC C++ Compiler
g++ -O0 -g3 -Wall -c -fmessage-length=0 -MMD -MP -MF"src/kf1304_slave.d" -MT"src/kf1304_slave.d" -o "src/kf1304_slave.o" "../src/kf1304_slave.cpp"
Finished building: ../src/kf1304_slave.cpp
 
Building file: ../src/slaver.cpp
Invoking: GCC C++ Compiler
g++ -O0 -g3 -Wall -c -fmessage-length=0 -MMD -MP -MF"src/slaver.d" -MT"src/slaver.d" -o "src/slaver.o" "../src/slaver.cpp"
Finished building: ../src/slaver.cpp
 
Building target: kf1304_slave
Invoking: GCC C++ Linker
g++  -o "kf1304_slave"  ./src/GlobalHelper.o ./src/kf1304_slave.o ./src/slaver.o   
Finished building target: kf1304_slave
 

**** Build Finished ****

**** Build of configuration Debug for project kf1304_slave ****

make all 
Building file: ../src/GlobalHelper.cpp
Invoking: GCC C++ Compiler
g++ -O0 -g3 -Wall -c -fmessage-length=0 -MMD -MP -MF"src/GlobalHelper.d" -MT"src/GlobalHelper.d" -o "src/GlobalHelper.o" "../src/GlobalHelper.cpp"
Finished building: ../src/GlobalHelper.cpp
 
Building file: ../src/kf1304_slave.cpp
Invoking: GCC C++ Compiler
g++ -O0 -g3 -Wall -c -fmessage-length=0 -MMD -MP -MF"src/kf1304_slave.d" -MT"src/kf1304_slave.d" -o "src/kf1304_slave.o" "../src/kf1304_slave.cpp"
Finished building: ../src/kf1304_slave.cpp
 
Building file: ../src/slaver.cpp
Invoking: GCC C++ Compiler
g++ -O0 -g3 -Wall -c -fmessage-length=0 -MMD -MP -MF"src/slaver.d" -MT"src/slaver.d" -o "src/slaver.o" "../src/slaver.cpp"
Finished building: ../src/slaver.cpp
 
Building target: kf1304_slave
Invoking: GCC C++ Linker
g++  -o "kf1304_slave"  ./src/GlobalHelper.o ./src/kf1304_slave.o ./src/slaver.o   
Finished building target: kf1304_slave
 

**** Build Finished ****

**** Build of configuration Debug for project kf1304_slave ****

make all 
Building file: ../src/GlobalHelper.cpp
Invoking: GCC C++ Compiler
g++ -O0 -g3 -Wall -c -fmessage-length=0 -MMD -MP -MF"src/GlobalHelper.d" -MT"src/GlobalHelper.d" -o "src/GlobalHelper.o" "../src/GlobalHelper.cpp"
Finished building: ../src/GlobalHelper.cpp
 
Building file: ../src/kf1304_slave.cpp
Invoking: GCC C++ Compiler
g++ -O0 -g3 -Wall -c -fmessage-length=0 -MMD -MP -MF"src/kf1304_slave.d" -MT"src/kf1304_slave.d" -o "src/kf1304_slave.o" "../src/kf1304_slave.cpp"
../src/slaver.h: In member function ‘bool poseidon::slaver::hand_task(poseidon::task&)’:
../src/slaver.h:206: 错误：跳转至 case 标号
../src/slaver.h:199: 错误：  跳过 ‘std::string log_str’ 的初始化
make: *** [src/kf1304_slave.o] 错误 1

**** Build Finished ****

**** Build of configuration Debug for project kf1304_slave ****

make all 
Building file: ../src/kf1304_slave.cpp
Invoking: GCC C++ Compiler
g++ -O0 -g3 -Wall -c -fmessage-length=0 -MMD -MP -MF"src/kf1304_slave.d" -MT"src/kf1304_slave.d" -o "src/kf1304_slave.o" "../src/kf1304_slave.cpp"
../src/slaver.h: In member function ‘bool poseidon::slaver::hand_task(poseidon::task&)’:
../src/slaver.h:216: 警告：在有返回值的函数中，控制流程到达函数尾
Finished building: ../src/kf1304_slave.cpp
 
Building file: ../src/slaver.cpp
Invoking: GCC C++ Compiler
g++ -O0 -g3 -Wall -c -fmessage-length=0 -MMD -MP -MF"src/slaver.d" -MT"src/slaver.d" -o "src/slaver.o" "../src/slaver.cpp"
Finished building: ../src/slaver.cpp
 
Building target: kf1304_slave
Invoking: GCC C++ Linker
g++  -o "kf1304_slave"  ./src/GlobalHelper.o ./src/kf1304_slave.o ./src/slaver.o   
Finished building target: kf1304_slave
 

**** Build Finished ****

**** Build of configuration Debug for project kf1304_slave ****

make all 
Building file: ../src/kf1304_slave.cpp
Invoking: GCC C++ Compiler
g++ -O0 -g3 -Wall -c -fmessage-length=0 -MMD -MP -MF"src/kf1304_slave.d" -MT"src/kf1304_slave.d" -o "src/kf1304_slave.o" "../src/kf1304_slave.cpp"
Finished building: ../src/kf1304_slave.cpp
 
Building file: ../src/slaver.cpp
Invoking: GCC C++ Compiler
g++ -O0 -g3 -Wall -c -fmessage-length=0 -MMD -MP -MF"src/slaver.d" -MT"src/slaver.d" -o "src/slaver.o" "../src/slaver.cpp"
Finished building: ../src/slaver.cpp
 
Building target: kf1304_slave
Invoking: GCC C++ Linker
g++  -o "kf1304_slave"  ./src/GlobalHelper.o ./src/kf1304_slave.o ./src/slaver.o   
Finished building target: kf1304_slave
 

**** Build Finished ****

**** Build of configuration Debug for project kf1304_slave ****

make all 
Building file: ../src/GlobalHelper.cpp
Invoking: GCC C++ Compiler
g++ -O0 -g3 -Wall -c -fmessage-length=0 -MMD -MP -MF"src/GlobalHelper.d" -MT"src/GlobalHelper.d" -o "src/GlobalHelper.o" "../src/GlobalHelper.cpp"
Finished building: ../src/GlobalHelper.cpp
 
Building file: ../src/kf1304_slave.cpp
Invoking: GCC C++ Compiler
g++ -O0 -g3 -Wall -c -fmessage-length=0 -MMD -MP -MF"src/kf1304_slave.d" -MT"src/kf1304_slave.d" -o "src/kf1304_slave.o" "../src/kf1304_slave.cpp"
../src/slaver.h: In member function ‘bool poseidon::slaver::hand_task(poseidon::task&)’:
../src/slaver.h:207: 错误：跳转至 case 标号
../src/slaver.h:199: 错误：  跳过 ‘std::string log_str’ 的初始化
make: *** [src/kf1304_slave.o] 错误 1

**** Build Finished ****

**** Build of configuration Debug for project kf1304_slave ****

make all 
Building file: ../src/GlobalHelper.cpp
Invoking: GCC C++ Compiler
g++ -O0 -g3 -Wall -c -fmessage-length=0 -MMD -MP -MF"src/GlobalHelper.d" -MT"src/GlobalHelper.d" -o "src/GlobalHelper.o" "../src/GlobalHelper.cpp"
Finished building: ../src/GlobalHelper.cpp
 
Building file: ../src/kf1304_slave.cpp
Invoking: GCC C++ Compiler
g++ -O0 -g3 -Wall -c -fmessage-length=0 -MMD -MP -MF"src/kf1304_slave.d" -MT"src/kf1304_slave.d" -o "src/kf1304_slave.o" "../src/kf1304_slave.cpp"
Finished building: ../src/kf1304_slave.cpp
 
Building file: ../src/slaver.cpp
Invoking: GCC C++ Compiler
g++ -O0 -g3 -Wall -c -fmessage-length=0 -MMD -MP -MF"src/slaver.d" -MT"src/slaver.d" -o "src/slaver.o" "../src/slaver.cpp"
Finished building: ../src/slaver.cpp
 
Building target: kf1304_slave
Invoking: GCC C++ Linker
g++  -o "kf1304_slave"  ./src/GlobalHelper.o ./src/kf1304_slave.o ./src/slaver.o   
Finished building target: kf1304_slave
 

**** Build Finished ****

**** Build of configuration Debug for project kf1304_slave ****

make all 
Building file: ../src/GlobalHelper.cpp
Invoking: GCC C++ Compiler
g++ -O0 -g3 -Wall -c -fmessage-length=0 -MMD -MP -MF"src/GlobalHelper.d" -MT"src/GlobalHelper.d" -o "src/GlobalHelper.o" "../src/GlobalHelper.cpp"
Finished building: ../src/GlobalHelper.cpp
 
Building file: ../src/kf1304_slave.cpp
Invoking: GCC C++ Compiler
g++ -O0 -g3 -Wall -c -fmessage-length=0 -MMD -MP -MF"src/kf1304_slave.d" -MT"src/kf1304_slave.d" -o "src/kf1304_slave.o" "../src/kf1304_slave.cpp"
Finished building: ../src/kf1304_slave.cpp
 
Building file: ../src/slaver.cpp
Invoking: GCC C++ Compiler
g++ -O0 -g3 -Wall -c -fmessage-length=0 -MMD -MP -MF"src/slaver.d" -MT"src/slaver.d" -o "src/slaver.o" "../src/slaver.cpp"
Finished building: ../src/slaver.cpp
 
Building target: kf1304_slave
Invoking: GCC C++ Linker
g++  -o "kf1304_slave"  ./src/GlobalHelper.o ./src/kf1304_slave.o ./src/slaver.o   
Finished building target: kf1304_slave
 

**** Build Finished ****

**** Build of configuration Debug for project kf1304_slave ****

make all 
Building file: ../src/GlobalHelper.cpp
Invoking: GCC C++ Compiler
g++ -O0 -g3 -Wall -c -fmessage-length=0 -MMD -MP -MF"src/GlobalHelper.d" -MT"src/GlobalHelper.d" -o "src/GlobalHelper.o" "../src/GlobalHelper.cpp"
Finished building: ../src/GlobalHelper.cpp
 
Building file: ../src/kf1304_slave.cpp
Invoking: GCC C++ Compiler
g++ -O0 -g3 -Wall -c -fmessage-length=0 -MMD -MP -MF"src/kf1304_slave.d" -MT"src/kf1304_slave.d" -o "src/kf1304_slave.o" "../src/kf1304_slave.cpp"
Finished building: ../src/kf1304_slave.cpp
 
Building file: ../src/slaver.cpp
Invoking: GCC C++ Compiler
g++ -O0 -g3 -Wall -c -fmessage-length=0 -MMD -MP -MF"src/slaver.d" -MT"src/slaver.d" -o "src/slaver.o" "../src/slaver.cpp"
Finished building: ../src/slaver.cpp
 
Building target: kf1304_slave
Invoking: GCC C++ Linker
g++  -o "kf1304_slave"  ./src/GlobalHelper.o ./src/kf1304_slave.o ./src/slaver.o   
Finished building target: kf1304_slave
 

**** Build Finished ****

**** Build of configuration Debug for project kf1304_slave ****

make all 
Building file: ../src/kf1304_slave.cpp
Invoking: GCC C++ Compiler
g++ -O0 -g3 -Wall -c -fmessage-length=0 -MMD -MP -MF"src/kf1304_slave.d" -MT"src/kf1304_slave.d" -o "src/kf1304_slave.o" "../src/kf1304_slave.cpp"
Finished building: ../src/kf1304_slave.cpp
 
Building file: ../src/slaver.cpp
Invoking: GCC C++ Compiler
g++ -O0 -g3 -Wall -c -fmessage-length=0 -MMD -MP -MF"src/slaver.d" -MT"src/slaver.d" -o "src/slaver.o" "../src/slaver.cpp"
Finished building: ../src/slaver.cpp
 
Building target: kf1304_slave
Invoking: GCC C++ Linker
g++  -o "kf1304_slave"  ./src/GlobalHelper.o ./src/kf1304_slave.o ./src/slaver.o   
Finished building target: kf1304_slave
 

**** Build Finished ****

**** Build of configuration Debug for project kf1304_slave ****

make all 
Building file: ../src/kf1304_slave.cpp
Invoking: GCC C++ Compiler
g++ -O0 -g3 -Wall -c -fmessage-length=0 -MMD -MP -MF"src/kf1304_slave.d" -MT"src/kf1304_slave.d" -o "src/kf1304_slave.o" "../src/kf1304_slave.cpp"
Finished building: ../src/kf1304_slave.cpp
 
Building file: ../src/slaver.cpp
Invoking: GCC C++ Compiler
g++ -O0 -g3 -Wall -c -fmessage-length=0 -MMD -MP -MF"src/slaver.d" -MT"src/slaver.d" -o "src/slaver.o" "../src/slaver.cpp"
Finished building: ../src/slaver.cpp
 
Building target: kf1304_slave
Invoking: GCC C++ Linker
g++  -o "kf1304_slave"  ./src/GlobalHelper.o ./src/kf1304_slave.o ./src/slaver.o   
Finished building target: kf1304_slave
 

**** Build Finished ****

**** Build of configuration Debug for project kf1304_slave ****

make all 
make: Nothing to be done for `all'.

**** Build Finished ****

**** Build of configuration Debug for project kf1304_slave ****

make all 
make: Nothing to be done for `all'.

**** Build Finished ****

**** Build of configuration Debug for project kf1304_slave ****

make all 
make: Nothing to be done for `all'.

**** Build Finished ****

**** Build of configuration Debug for project kf1304_slave ****

make all 
make: Nothing to be done for `all'.

**** Build Finished ****

**** Build of configuration Debug for project kf1304_slave ****

make all 
Building file: ../src/kf1304_slave.cpp
Invoking: GCC C++ Compiler
g++ -O0 -g3 -Wall -c -fmessage-length=0 -MMD -MP -MF"src/kf1304_slave.d" -MT"src/kf1304_slave.d" -o "src/kf1304_slave.o" "../src/kf1304_slave.cpp"
Finished building: ../src/kf1304_slave.cpp
 
Building target: kf1304_slave
Invoking: GCC C++ Linker
g++  -o "kf1304_slave"  ./src/GlobalHelper.o ./src/kf1304_slave.o ./src/slaver.o   
Finished building target: kf1304_slave
 

**** Build Finished ****

**** Build of configuration Debug for project kf1304_slave ****

make all 
Building file: ../src/kf1304_slave.cpp
Invoking: GCC C++ Compiler
g++ -O0 -g3 -Wall -c -fmessage-length=0 -MMD -MP -MF"src/kf1304_slave.d" -MT"src/kf1304_slave.d" -o "src/kf1304_slave.o" "../src/kf1304_slave.cpp"
Finished building: ../src/kf1304_slave.cpp
 
Building target: kf1304_slave
Invoking: GCC C++ Linker
g++  -o "kf1304_slave"  ./src/GlobalHelper.o ./src/kf1304_slave.o ./src/slaver.o   
Finished building target: kf1304_slave
 

**** Build Finished ****

**** Build of configuration Debug for project kf1304_slave ****

make all 
Building file: ../src/slaver.cpp
Invoking: GCC C++ Compiler
g++ -O0 -g3 -Wall -c -fmessage-length=0 -MMD -MP -MF"src/slaver.d" -MT"src/slaver.d" -o "src/slaver.o" "../src/slaver.cpp"
Finished building: ../src/slaver.cpp
 
Building target: kf1304_slave
Invoking: GCC C++ Linker
g++  -o "kf1304_slave"  ./src/GlobalHelper.o ./src/kf1304_slave.o ./src/slaver.o   
Finished building target: kf1304_slave
 

**** Build Finished ****

**** Build of configuration Debug for project kf1304_slave ****

make all 
Building file: ../src/GlobalHelper.cpp
Invoking: GCC C++ Compiler
g++ -O0 -g3 -Wall -c -fmessage-length=0 -MMD -MP -MF"src/GlobalHelper.d" -MT"src/GlobalHelper.d" -o "src/GlobalHelper.o" "../src/GlobalHelper.cpp"
Finished building: ../src/GlobalHelper.cpp
 
Building file: ../src/kf1304_slave.cpp
Invoking: GCC C++ Compiler
g++ -O0 -g3 -Wall -c -fmessage-length=0 -MMD -MP -MF"src/kf1304_slave.d" -MT"src/kf1304_slave.d" -o "src/kf1304_slave.o" "../src/kf1304_slave.cpp"
Finished building: ../src/kf1304_slave.cpp
 
Building file: ../src/slaver.cpp
Invoking: GCC C++ Compiler
g++ -O0 -g3 -Wall -c -fmessage-length=0 -MMD -MP -MF"src/slaver.d" -MT"src/slaver.d" -o "src/slaver.o" "../src/slaver.cpp"
Finished building: ../src/slaver.cpp
 
Building target: kf1304_slave
Invoking: GCC C++ Linker
g++  -o "kf1304_slave"  ./src/GlobalHelper.o ./src/kf1304_slave.o ./src/slaver.o   
Finished building target: kf1304_slave
 

**** Build Finished ****

**** Build of configuration Debug for project kf1304_slave ****

make all 
Building file: ../src/GlobalHelper.cpp
Invoking: GCC C++ Compiler
g++ -O0 -g3 -Wall -c -fmessage-length=0 -MMD -MP -MF"src/GlobalHelper.d" -MT"src/GlobalHelper.d" -o "src/GlobalHelper.o" "../src/GlobalHelper.cpp"
Finished building: ../src/GlobalHelper.cpp
 
Building file: ../src/kf1304_slave.cpp
Invoking: GCC C++ Compiler
g++ -O0 -g3 -Wall -c -fmessage-length=0 -MMD -MP -MF"src/kf1304_slave.d" -MT"src/kf1304_slave.d" -o "src/kf1304_slave.o" "../src/kf1304_slave.cpp"
Finished building: ../src/kf1304_slave.cpp
 
Building file: ../src/slaver.cpp
Invoking: GCC C++ Compiler
g++ -O0 -g3 -Wall -c -fmessage-length=0 -MMD -MP -MF"src/slaver.d" -MT"src/slaver.d" -o "src/slaver.o" "../src/slaver.cpp"
Finished building: ../src/slaver.cpp
 
Building target: kf1304_slave
Invoking: GCC C++ Linker
g++  -o "kf1304_slave"  ./src/GlobalHelper.o ./src/kf1304_slave.o ./src/slaver.o   
Finished building target: kf1304_slave
 

**** Build Finished ****

**** Build of configuration Debug for project kf1304_slave ****

make all 
Building file: ../src/GlobalHelper.cpp
Invoking: GCC C++ Compiler
g++ -O0 -g3 -Wall -c -fmessage-length=0 -MMD -MP -MF"src/GlobalHelper.d" -MT"src/GlobalHelper.d" -o "src/GlobalHelper.o" "../src/GlobalHelper.cpp"
Finished building: ../src/GlobalHelper.cpp
 
Building file: ../src/kf1304_slave.cpp
Invoking: GCC C++ Compiler
g++ -O0 -g3 -Wall -c -fmessage-length=0 -MMD -MP -MF"src/kf1304_slave.d" -MT"src/kf1304_slave.d" -o "src/kf1304_slave.o" "../src/kf1304_slave.cpp"
../src/kf1304_slave.cpp: In function ‘int main()’:
../src/kf1304_slave.cpp:54: 错误：‘delete_self_test’ 在此作用域中尚未声明
make: *** [src/kf1304_slave.o] 错误 1

**** Build Finished ****

**** Build of configuration Debug for project kf1304_slave ****

make all 
Building file: ../src/kf1304_slave.cpp
Invoking: GCC C++ Compiler
g++ -O0 -g3 -Wall -c -fmessage-length=0 -MMD -MP -MF"src/kf1304_slave.d" -MT"src/kf1304_slave.d" -o "src/kf1304_slave.o" "../src/kf1304_slave.cpp"
Finished building: ../src/kf1304_slave.cpp
 
Building file: ../src/slaver.cpp
Invoking: GCC C++ Compiler
g++ -O0 -g3 -Wall -c -fmessage-length=0 -MMD -MP -MF"src/slaver.d" -MT"src/slaver.d" -o "src/slaver.o" "../src/slaver.cpp"
Finished building: ../src/slaver.cpp
 
Building target: kf1304_slave
Invoking: GCC C++ Linker
g++  -o "kf1304_slave"  ./src/GlobalHelper.o ./src/kf1304_slave.o ./src/slaver.o   
Finished building target: kf1304_slave
 

**** Build Finished ****

**** Build of configuration Debug for project kf1304_slave ****

make all 
Building file: ../src/GlobalHelper.cpp
Invoking: GCC C++ Compiler
g++ -O0 -g3 -Wall -c -fmessage-length=0 -MMD -MP -MF"src/GlobalHelper.d" -MT"src/GlobalHelper.d" -o "src/GlobalHelper.o" "../src/GlobalHelper.cpp"
Finished building: ../src/GlobalHelper.cpp
 
Building file: ../src/kf1304_slave.cpp
Invoking: GCC C++ Compiler
g++ -O0 -g3 -Wall -c -fmessage-length=0 -MMD -MP -MF"src/kf1304_slave.d" -MT"src/kf1304_slave.d" -o "src/kf1304_slave.o" "../src/kf1304_slave.cpp"
Finished building: ../src/kf1304_slave.cpp
 
Building file: ../src/slaver.cpp
Invoking: GCC C++ Compiler
g++ -O0 -g3 -Wall -c -fmessage-length=0 -MMD -MP -MF"src/slaver.d" -MT"src/slaver.d" -o "src/slaver.o" "../src/slaver.cpp"
Finished building: ../src/slaver.cpp
 
Building target: kf1304_slave
Invoking: GCC C++ Linker
g++  -o "kf1304_slave"  ./src/GlobalHelper.o ./src/kf1304_slave.o ./src/slaver.o   
Finished building target: kf1304_slave
 

**** Build Finished ****

**** Build of configuration Debug for project kf1304_slave ****

make all 
Building file: ../src/kf1304_slave.cpp
Invoking: GCC C++ Compiler
g++ -O0 -g3 -Wall -c -fmessage-length=0 -MMD -MP -MF"src/kf1304_slave.d" -MT"src/kf1304_slave.d" -o "src/kf1304_slave.o" "../src/kf1304_slave.cpp"
Finished building: ../src/kf1304_slave.cpp
 
Building target: kf1304_slave
Invoking: GCC C++ Linker
g++  -o "kf1304_slave"  ./src/GlobalHelper.o ./src/kf1304_slave.o ./src/slaver.o   
Finished building target: kf1304_slave
 

**** Build Finished ****

**** Build of configuration Debug for project kf1304_slave ****

make all 
Building file: ../src/kf1304_slave.cpp
Invoking: GCC C++ Compiler
g++ -O0 -g3 -Wall -c -fmessage-length=0 -MMD -MP -MF"src/kf1304_slave.d" -MT"src/kf1304_slave.d" -o "src/kf1304_slave.o" "../src/kf1304_slave.cpp"
Finished building: ../src/kf1304_slave.cpp
 
Building target: kf1304_slave
Invoking: GCC C++ Linker
g++  -o "kf1304_slave"  ./src/GlobalHelper.o ./src/kf1304_slave.o ./src/slaver.o   
Finished building target: kf1304_slave
 

**** Build Finished ****

**** Build of configuration Debug for project kf1304_slave ****

make all 
make: Nothing to be done for `all'.

**** Build Finished ****

**** Build of configuration Debug for project kf1304_slave ****

make all 
make: Nothing to be done for `all'.

**** Build Finished ****

**** Build of configuration Debug for project kf1304_slave ****

make all 
Building file: ../src/GlobalHelper.cpp
Invoking: GCC C++ Compiler
g++ -O0 -g3 -Wall -c -fmessage-length=0 -MMD -MP -MF"src/GlobalHelper.d" -MT"src/GlobalHelper.d" -o "src/GlobalHelper.o" "../src/GlobalHelper.cpp"
Finished building: ../src/GlobalHelper.cpp
 
Building file: ../src/kf1304_slave.cpp
Invoking: GCC C++ Compiler
g++ -O0 -g3 -Wall -c -fmessage-length=0 -MMD -MP -MF"src/kf1304_slave.d" -MT"src/kf1304_slave.d" -o "src/kf1304_slave.o" "../src/kf1304_slave.cpp"
Finished building: ../src/kf1304_slave.cpp
 
Building file: ../src/slaver.cpp
Invoking: GCC C++ Compiler
g++ -O0 -g3 -Wall -c -fmessage-length=0 -MMD -MP -MF"src/slaver.d" -MT"src/slaver.d" -o "src/slaver.o" "../src/slaver.cpp"
Finished building: ../src/slaver.cpp
 
Building target: kf1304_slave
Invoking: GCC C++ Linker
g++  -o "kf1304_slave"  ./src/GlobalHelper.o ./src/kf1304_slave.o ./src/slaver.o   
Finished building target: kf1304_slave
 

**** Build Finished ****

**** Build of configuration Debug for project kf1304_slave ****

make all 
make: Nothing to be done for `all'.

**** Build Finished ****

**** Clean-only build of configuration Debug for project testConstructFrame ****

make clean 
rm -rf  ./src/Cpp2mysql.o ./src/StringHelper.o ./src/TextLogger.o ./src/testConstructFrame.o ./src/testReadPcap.o  ./src/Cpp2mysql.d ./src/StringHelper.d ./src/TextLogger.d ./src/testConstructFrame.d ./src/testReadPcap.d  testConstructFrame
 

**** Build Finished ****

**** Build of configuration Debug for project testConstructFrame ****

make all 
Building file: ../src/Cpp2mysql.cpp
Invoking: GCC C++ Compiler
g++ -O0 -g3 -Wall -c -fmessage-length=0 -MMD -MP -MF"src/Cpp2mysql.d" -MT"src/Cpp2mysql.d" -o "src/Cpp2mysql.o" "../src/Cpp2mysql.cpp"
Finished building: ../src/Cpp2mysql.cpp
 
Building file: ../src/StringHelper.cpp
Invoking: GCC C++ Compiler
g++ -O0 -g3 -Wall -c -fmessage-length=0 -MMD -MP -MF"src/StringHelper.d" -MT"src/StringHelper.d" -o "src/StringHelper.o" "../src/StringHelper.cpp"
Finished building: ../src/StringHelper.cpp
 
Building file: ../src/TextLogger.cpp
Invoking: GCC C++ Compiler
g++ -O0 -g3 -Wall -c -fmessage-length=0 -MMD -MP -MF"src/TextLogger.d" -MT"src/TextLogger.d" -o "src/TextLogger.o" "../src/TextLogger.cpp"
Finished building: ../src/TextLogger.cpp
 
Building file: ../src/testConstructFrame.cpp
Invoking: GCC C++ Compiler
g++ -O0 -g3 -Wall -c -fmessage-length=0 -MMD -MP -MF"src/testConstructFrame.d" -MT"src/testConstructFrame.d" -o "src/testConstructFrame.o" "../src/testConstructFrame.cpp"
Finished building: ../src/testConstructFrame.cpp
 
Building file: ../src/testReadPcap.cpp
Invoking: GCC C++ Compiler
g++ -O0 -g3 -Wall -c -fmessage-length=0 -MMD -MP -MF"src/testReadPcap.d" -MT"src/testReadPcap.d" -o "src/testReadPcap.o" "../src/testReadPcap.cpp"
Finished building: ../src/testReadPcap.cpp
 
Building target: testConstructFrame
Invoking: GCC C++ Linker
g++  -o "testConstructFrame"  ./src/Cpp2mysql.o ./src/StringHelper.o ./src/TextLogger.o ./src/testConstructFrame.o ./src/testReadPcap.o   -lpcap -lmysqlclient
Finished building target: testConstructFrame
 

**** Build Finished ****

**** Build of configuration Debug for project kf1304_slave ****

make all 
Building file: ../src/kf1304_slave.cpp
Invoking: GCC C++ Compiler
g++ -O0 -g3 -Wall -c -fmessage-length=0 -MMD -MP -MF"src/kf1304_slave.d" -MT"src/kf1304_slave.d" -o "src/kf1304_slave.o" "../src/kf1304_slave.cpp"
Finished building: ../src/kf1304_slave.cpp
 
Building file: ../src/slaver.cpp
Invoking: GCC C++ Compiler
g++ -O0 -g3 -Wall -c -fmessage-length=0 -MMD -MP -MF"src/slaver.d" -MT"src/slaver.d" -o "src/slaver.o" "../src/slaver.cpp"
Finished building: ../src/slaver.cpp
 
Building target: kf1304_slave
Invoking: GCC C++ Linker
g++  -o "kf1304_slave"  ./src/GlobalHelper.o ./src/kf1304_slave.o ./src/slaver.o   
Finished building target: kf1304_slave
 

**** Build Finished ****

**** Build of configuration Debug for project kf1304_slave ****

make all 
Building file: ../src/GlobalHelper.cpp
Invoking: GCC C++ Compiler
g++ -O0 -g3 -Wall -c -fmessage-length=0 -MMD -MP -MF"src/GlobalHelper.d" -MT"src/GlobalHelper.d" -o "src/GlobalHelper.o" "../src/GlobalHelper.cpp"
Finished building: ../src/GlobalHelper.cpp
 
Building file: ../src/kf1304_slave.cpp
Invoking: GCC C++ Compiler
g++ -O0 -g3 -Wall -c -fmessage-length=0 -MMD -MP -MF"src/kf1304_slave.d" -MT"src/kf1304_slave.d" -o "src/kf1304_slave.o" "../src/kf1304_slave.cpp"
Finished building: ../src/kf1304_slave.cpp
 
Building file: ../src/slaver.cpp
Invoking: GCC C++ Compiler
g++ -O0 -g3 -Wall -c -fmessage-length=0 -MMD -MP -MF"src/slaver.d" -MT"src/slaver.d" -o "src/slaver.o" "../src/slaver.cpp"
Finished building: ../src/slaver.cpp
 
Building target: kf1304_slave
Invoking: GCC C++ Linker
g++  -o "kf1304_slave"  ./src/GlobalHelper.o ./src/kf1304_slave.o ./src/slaver.o   
Finished building target: kf1304_slave
 

**** Build Finished ****

**** Build of configuration Debug for project kf1304_slave ****

make all 
Building file: ../src/kf1304_slave.cpp
Invoking: GCC C++ Compiler
g++ -O0 -g3 -Wall -c -fmessage-length=0 -MMD -MP -MF"src/kf1304_slave.d" -MT"src/kf1304_slave.d" -o "src/kf1304_slave.o" "../src/kf1304_slave.cpp"
Finished building: ../src/kf1304_slave.cpp
 
Building file: ../src/slaver.cpp
Invoking: GCC C++ Compiler
g++ -O0 -g3 -Wall -c -fmessage-length=0 -MMD -MP -MF"src/slaver.d" -MT"src/slaver.d" -o "src/slaver.o" "../src/slaver.cpp"
Finished building: ../src/slaver.cpp
 
Building target: kf1304_slave
Invoking: GCC C++ Linker
g++  -o "kf1304_slave"  ./src/GlobalHelper.o ./src/kf1304_slave.o ./src/slaver.o   
Finished building target: kf1304_slave
 

**** Build Finished ****

**** Build of configuration Debug for project kf1304_slave ****

make all 
Building file: ../src/kf1304_slave.cpp
Invoking: GCC C++ Compiler
g++ -O0 -g3 -Wall -c -fmessage-length=0 -MMD -MP -MF"src/kf1304_slave.d" -MT"src/kf1304_slave.d" -o "src/kf1304_slave.o" "../src/kf1304_slave.cpp"
Finished building: ../src/kf1304_slave.cpp
 
Building file: ../src/slaver.cpp
Invoking: GCC C++ Compiler
g++ -O0 -g3 -Wall -c -fmessage-length=0 -MMD -MP -MF"src/slaver.d" -MT"src/slaver.d" -o "src/slaver.o" "../src/slaver.cpp"
Finished building: ../src/slaver.cpp
 
Building target: kf1304_slave
Invoking: GCC C++ Linker
g++  -o "kf1304_slave"  ./src/GlobalHelper.o ./src/kf1304_slave.o ./src/slaver.o   
Finished building target: kf1304_slave
 

**** Build Finished ****

**** Build of configuration Debug for project kf1304_slave ****

make all 
Building file: ../src/kf1304_slave.cpp
Invoking: GCC C++ Compiler
g++ -O0 -g3 -Wall -c -fmessage-length=0 -MMD -MP -MF"src/kf1304_slave.d" -MT"src/kf1304_slave.d" -o "src/kf1304_slave.o" "../src/kf1304_slave.cpp"
Finished building: ../src/kf1304_slave.cpp
 
Building file: ../src/slaver.cpp
Invoking: GCC C++ Compiler
g++ -O0 -g3 -Wall -c -fmessage-length=0 -MMD -MP -MF"src/slaver.d" -MT"src/slaver.d" -o "src/slaver.o" "../src/slaver.cpp"
Finished building: ../src/slaver.cpp
 
Building target: kf1304_slave
Invoking: GCC C++ Linker
g++  -o "kf1304_slave"  ./src/GlobalHelper.o ./src/kf1304_slave.o ./src/slaver.o   
Finished building target: kf1304_slave
 

**** Build Finished ****

**** Build of configuration Debug for project kf1304_slave ****

make all 
make: Nothing to be done for `all'.

**** Build Finished ****

**** Build of configuration Debug for project kf1304_slave ****

make all 
Building file: ../src/kf1304_slave.cpp
Invoking: GCC C++ Compiler
g++ -O0 -g3 -Wall -c -fmessage-length=0 -MMD -MP -MF"src/kf1304_slave.d" -MT"src/kf1304_slave.d" -o "src/kf1304_slave.o" "../src/kf1304_slave.cpp"
Finished building: ../src/kf1304_slave.cpp
 
Building file: ../src/slaver.cpp
Invoking: GCC C++ Compiler
g++ -O0 -g3 -Wall -c -fmessage-length=0 -MMD -MP -MF"src/slaver.d" -MT"src/slaver.d" -o "src/slaver.o" "../src/slaver.cpp"
Finished building: ../src/slaver.cpp
 
Building target: kf1304_slave
Invoking: GCC C++ Linker
g++  -o "kf1304_slave"  ./src/GlobalHelper.o ./src/kf1304_slave.o ./src/slaver.o   
Finished building target: kf1304_slave
 

**** Build Finished ****
